<?xml version="1.0" encoding="UTF-8"?>
<testsuite xmlns:xsi="http://www.w3.org/2001/XMLSchema-instance" xsi:noNamespaceSchemaLocation="https://maven.apache.org/surefire/maven-surefire-plugin/xsd/surefire-test-report-3.0.xsd" version="3.0" name="com.pdcgame.Panels.ProductInfoPanelTest" time="2.477" tests="8" errors="0" skipped="0" failures="0">
  <properties>
    <property name="java.specification.version" value="21"/>
    <property name="sun.cpu.isalist" value="amd64"/>
    <property name="sun.jnu.encoding" value="Cp1252"/>
    <property name="java.class.path" value="C:\Users\prish\Documents\SupermarketSimulatorGUI\SupermarketSimulatorGUI\target\test-classes;C:\Users\prish\Documents\SupermarketSimulatorGUI\SupermarketSimulatorGUI\target\classes;C:\Users\prish\.m2\repository\org\hibernate\orm\hibernate-core\6.5.0.Final\hibernate-core-6.5.0.Final.jar;C:\Users\prish\.m2\repository\jakarta\persistence\jakarta.persistence-api\3.1.0\jakarta.persistence-api-3.1.0.jar;C:\Users\prish\.m2\repository\jakarta\transaction\jakarta.transaction-api\2.0.1\jakarta.transaction-api-2.0.1.jar;C:\Users\prish\.m2\repository\org\jboss\logging\jboss-logging\3.5.0.Final\jboss-logging-3.5.0.Final.jar;C:\Users\prish\.m2\repository\org\hibernate\common\hibernate-commons-annotations\6.0.6.Final\hibernate-commons-annotations-6.0.6.Final.jar;C:\Users\prish\.m2\repository\io\smallrye\jandex\3.1.2\jandex-3.1.2.jar;C:\Users\prish\.m2\repository\com\fasterxml\classmate\1.5.1\classmate-1.5.1.jar;C:\Users\prish\.m2\repository\net\bytebuddy\byte-buddy\1.14.12\byte-buddy-1.14.12.jar;C:\Users\prish\.m2\repository\jakarta\xml\bind\jakarta.xml.bind-api\4.0.0\jakarta.xml.bind-api-4.0.0.jar;C:\Users\prish\.m2\repository\jakarta\activation\jakarta.activation-api\2.1.0\jakarta.activation-api-2.1.0.jar;C:\Users\prish\.m2\repository\org\glassfish\jaxb\jaxb-runtime\4.0.2\jaxb-runtime-4.0.2.jar;C:\Users\prish\.m2\repository\org\glassfish\jaxb\jaxb-core\4.0.2\jaxb-core-4.0.2.jar;C:\Users\prish\.m2\repository\org\eclipse\angus\angus-activation\2.0.0\angus-activation-2.0.0.jar;C:\Users\prish\.m2\repository\org\glassfish\jaxb\txw2\4.0.2\txw2-4.0.2.jar;C:\Users\prish\.m2\repository\com\sun\istack\istack-commons-runtime\4.1.1\istack-commons-runtime-4.1.1.jar;C:\Users\prish\.m2\repository\jakarta\inject\jakarta.inject-api\2.0.1\jakarta.inject-api-2.0.1.jar;C:\Users\prish\.m2\repository\org\antlr\antlr4-runtime\4.13.0\antlr4-runtime-4.13.0.jar;C:\Users\prish\.m2\repository\org\apache\derby\derby\10.17.1.0\derby-10.17.1.0.jar;C:\Users\prish\.m2\repository\org\apache\derby\derbyshared\10.17.1.0\derbyshared-10.17.1.0.jar;C:\Users\prish\.m2\repository\org\apache\derby\derbyclient\10.17.1.0\derbyclient-10.17.1.0.jar;C:\Users\prish\.m2\repository\org\apache\derby\derbytools\10.17.1.0\derbytools-10.17.1.0.jar;C:\Users\prish\.m2\repository\org\slf4j\slf4j-api\2.0.13\slf4j-api-2.0.13.jar;C:\Users\prish\.m2\repository\ch\qos\logback\logback-classic\1.5.6\logback-classic-1.5.6.jar;C:\Users\prish\.m2\repository\ch\qos\logback\logback-core\1.5.6\logback-core-1.5.6.jar;C:\Users\prish\.m2\repository\junit\junit\4.13.2\junit-4.13.2.jar;C:\Users\prish\.m2\repository\org\hamcrest\hamcrest-core\1.3\hamcrest-core-1.3.jar;"/>
    <property name="java.vm.vendor" value="Oracle Corporation"/>
    <property name="sun.arch.data.model" value="64"/>
    <property name="user.variant" value=""/>
    <property name="java.vendor.url" value="https://java.oracle.com/"/>
    <property name="user.timezone" value="Pacific/Auckland"/>
    <property name="os.name" value="Windows 11"/>
    <property name="java.vm.specification.version" value="21"/>
    <property name="user.country" value="AU"/>
    <property name="sun.java.launcher" value="SUN_STANDARD"/>
    <property name="sun.boot.library.path" value="C:\Program Files\Java\jdk-21\bin"/>
    <property name="sun.java.command" value="C:\Users\prish\AppData\Local\Temp\surefire15678458209395325855\surefirebooter-20250616123227660_3.jar C:\Users\prish\AppData\Local\Temp\surefire15678458209395325855 2025-06-16T12-32-27_554-jvmRun1 surefire-20250616123227660_1tmp surefire_0-20250616123227660_2tmp"/>
    <property name="jdk.debug" value="release"/>
    <property name="surefire.test.class.path" value="C:\Users\prish\Documents\SupermarketSimulatorGUI\SupermarketSimulatorGUI\target\test-classes;C:\Users\prish\Documents\SupermarketSimulatorGUI\SupermarketSimulatorGUI\target\classes;C:\Users\prish\.m2\repository\org\hibernate\orm\hibernate-core\6.5.0.Final\hibernate-core-6.5.0.Final.jar;C:\Users\prish\.m2\repository\jakarta\persistence\jakarta.persistence-api\3.1.0\jakarta.persistence-api-3.1.0.jar;C:\Users\prish\.m2\repository\jakarta\transaction\jakarta.transaction-api\2.0.1\jakarta.transaction-api-2.0.1.jar;C:\Users\prish\.m2\repository\org\jboss\logging\jboss-logging\3.5.0.Final\jboss-logging-3.5.0.Final.jar;C:\Users\prish\.m2\repository\org\hibernate\common\hibernate-commons-annotations\6.0.6.Final\hibernate-commons-annotations-6.0.6.Final.jar;C:\Users\prish\.m2\repository\io\smallrye\jandex\3.1.2\jandex-3.1.2.jar;C:\Users\prish\.m2\repository\com\fasterxml\classmate\1.5.1\classmate-1.5.1.jar;C:\Users\prish\.m2\repository\net\bytebuddy\byte-buddy\1.14.12\byte-buddy-1.14.12.jar;C:\Users\prish\.m2\repository\jakarta\xml\bind\jakarta.xml.bind-api\4.0.0\jakarta.xml.bind-api-4.0.0.jar;C:\Users\prish\.m2\repository\jakarta\activation\jakarta.activation-api\2.1.0\jakarta.activation-api-2.1.0.jar;C:\Users\prish\.m2\repository\org\glassfish\jaxb\jaxb-runtime\4.0.2\jaxb-runtime-4.0.2.jar;C:\Users\prish\.m2\repository\org\glassfish\jaxb\jaxb-core\4.0.2\jaxb-core-4.0.2.jar;C:\Users\prish\.m2\repository\org\eclipse\angus\angus-activation\2.0.0\angus-activation-2.0.0.jar;C:\Users\prish\.m2\repository\org\glassfish\jaxb\txw2\4.0.2\txw2-4.0.2.jar;C:\Users\prish\.m2\repository\com\sun\istack\istack-commons-runtime\4.1.1\istack-commons-runtime-4.1.1.jar;C:\Users\prish\.m2\repository\jakarta\inject\jakarta.inject-api\2.0.1\jakarta.inject-api-2.0.1.jar;C:\Users\prish\.m2\repository\org\antlr\antlr4-runtime\4.13.0\antlr4-runtime-4.13.0.jar;C:\Users\prish\.m2\repository\org\apache\derby\derby\10.17.1.0\derby-10.17.1.0.jar;C:\Users\prish\.m2\repository\org\apache\derby\derbyshared\10.17.1.0\derbyshared-10.17.1.0.jar;C:\Users\prish\.m2\repository\org\apache\derby\derbyclient\10.17.1.0\derbyclient-10.17.1.0.jar;C:\Users\prish\.m2\repository\org\apache\derby\derbytools\10.17.1.0\derbytools-10.17.1.0.jar;C:\Users\prish\.m2\repository\org\slf4j\slf4j-api\2.0.13\slf4j-api-2.0.13.jar;C:\Users\prish\.m2\repository\ch\qos\logback\logback-classic\1.5.6\logback-classic-1.5.6.jar;C:\Users\prish\.m2\repository\ch\qos\logback\logback-core\1.5.6\logback-core-1.5.6.jar;C:\Users\prish\.m2\repository\junit\junit\4.13.2\junit-4.13.2.jar;C:\Users\prish\.m2\repository\org\hamcrest\hamcrest-core\1.3\hamcrest-core-1.3.jar;"/>
    <property name="sun.cpu.endian" value="little"/>
    <property name="user.home" value="C:\Users\prish"/>
    <property name="user.language" value="en"/>
    <property name="java.specification.vendor" value="Oracle Corporation"/>
    <property name="java.version.date" value="2024-10-15"/>
    <property name="java.home" value="C:\Program Files\Java\jdk-21"/>
    <property name="file.separator" value="\"/>
    <property name="basedir" value="C:\Users\prish\Documents\SupermarketSimulatorGUI\SupermarketSimulatorGUI"/>
    <property name="java.vm.compressedOopsMode" value="Zero based"/>
    <property name="line.separator" value="&#10;"/>
    <property name="java.vm.specification.vendor" value="Oracle Corporation"/>
    <property name="java.specification.name" value="Java Platform API Specification"/>
    <property name="surefire.real.class.path" value="C:\Users\prish\AppData\Local\Temp\surefire15678458209395325855\surefirebooter-20250616123227660_3.jar"/>
    <property name="user.script" value=""/>
    <property name="sun.management.compiler" value="HotSpot 64-Bit Tiered Compilers"/>
    <property name="java.runtime.version" value="21.0.5+9-LTS-239"/>
    <property name="user.name" value="prish"/>
    <property name="stdout.encoding" value="Cp1252"/>
    <property name="path.separator" value=";"/>
    <property name="os.version" value="10.0"/>
    <property name="java.runtime.name" value="Java(TM) SE Runtime Environment"/>
    <property name="file.encoding" value="UTF-8"/>
    <property name="java.vm.name" value="Java HotSpot(TM) 64-Bit Server VM"/>
    <property name="maven.ext.class.path" value="C:\Program Files\NetBeans-23\netbeans\java\maven-nblib\netbeans-eventspy.jar"/>
    <property name="localRepository" value="C:\Users\prish\.m2\repository"/>
    <property name="java.vendor.url.bug" value="https://bugreport.java.com/bugreport/"/>
    <property name="java.io.tmpdir" value="C:\Users\prish\AppData\Local\Temp\"/>
    <property name="java.version" value="21.0.5"/>
    <property name="user.dir" value="C:\Users\prish\Documents\SupermarketSimulatorGUI\SupermarketSimulatorGUI"/>
    <property name="os.arch" value="amd64"/>
    <property name="java.vm.specification.name" value="Java Virtual Machine Specification"/>
    <property name="sun.os.patch.level" value=""/>
    <property name="native.encoding" value="Cp1252"/>
    <property name="java.library.path" value="C:\Program Files\Java\jdk-21\bin;C:\WINDOWS\Sun\Java\bin;C:\WINDOWS\system32;C:\WINDOWS;C:\Program Files\Common Files\Oracle\Java\javapath;C:\WINDOWS\system32;C:\WINDOWS;C:\WINDOWS\System32\Wbem;C:\WINDOWS\System32\WindowsPowerShell\v1.0\;C:\WINDOWS\System32\OpenSSH\;C:\Program Files (x86)\NVIDIA Corporation\PhysX\Common;C:\Program Files\NVIDIA Corporation\NVIDIA app\NvDLISR;C:\Program Files\Git\cmd;C:\Users\prish\AppData\Local\Microsoft\WindowsApps;C:\Users\prish\AppData\Local\Programs\Microsoft VS Code\bin;C:\Users\prish\AppData\Local\JetBrains\Toolbox\scripts;C:\Users\prish\AppData\Local\GitHubDesktop\bin;."/>
    <property name="java.vm.info" value="mixed mode, sharing"/>
    <property name="stderr.encoding" value="Cp1252"/>
    <property name="java.vendor" value="Oracle Corporation"/>
    <property name="java.vm.version" value="21.0.5+9-LTS-239"/>
    <property name="sun.io.unicode.encoding" value="UnicodeLittle"/>
    <property name="java.class.version" value="65.0"/>
  </properties>
  <testcase name="testAddSameProductTwice" classname="com.pdcgame.Panels.ProductInfoPanelTest" time="0.388">
    <system-out><![CDATA[showing product info for: TestProduct
Adding to cart: TestProduct
Adding to cart: TestProduct
]]></system-out>
  </testcase>
  <testcase name="testAddToCartIncreasesQuantity" classname="com.pdcgame.Panels.ProductInfoPanelTest" time="0.09">
    <system-out><![CDATA[showing product info for: TestProduct
Adding to cart: TestProduct
]]></system-out>
  </testcase>
  <testcase name="testShowProductInfoDisplaysPrice" classname="com.pdcgame.Panels.ProductInfoPanelTest" time="0.017">
    <system-out><![CDATA[showing product info for: Milk
]]></system-out>
  </testcase>
  <testcase name="testShowProductInfoDisplaysQuantity" classname="com.pdcgame.Panels.ProductInfoPanelTest" time="0.009">
    <system-out><![CDATA[showing product info for: Bread
]]></system-out>
  </testcase>
  <testcase name="testShowProductInfoDisplaysCorrectName" classname="com.pdcgame.Panels.ProductInfoPanelTest" time="0.01">
    <system-out><![CDATA[showing product info for: Apple
]]></system-out>
  </testcase>
  <testcase name="testSuccessfulCheckoutClearsCart" classname="com.pdcgame.Panels.ProductInfoPanelTest" time="1.941">
    <system-out><![CDATA[showing product info for: TestProduct
12:32:28.574 [main] DEBUG org.jboss.logging -- Logging Provider: org.jboss.logging.Slf4jLoggerProvider
12:32:28.579 [main] DEBUG org.hibernate.integrator.internal.IntegratorServiceImpl -- Adding Integrator [org.hibernate.boot.beanvalidation.BeanValidationIntegrator].
12:32:28.581 [main] DEBUG org.hibernate.integrator.internal.IntegratorServiceImpl -- Adding Integrator [org.hibernate.cache.internal.CollectionCacheInvalidator].
12:32:28.604 [main] INFO org.hibernate.Version -- HHH000412: Hibernate ORM core version 6.5.0.Final
12:32:28.605 [main] DEBUG org.hibernate.cfg.Environment -- HHH000206: 'hibernate.properties' not found
12:32:28.627 [main] DEBUG org.hibernate.boot.jaxb.internal.stax.LocalXmlResourceResolver -- Checking public/system identifiers `-//Hibernate/Hibernate Configuration DTD 3.0//EN`/`http://hibernate.sourceforge.net/hibernate-configuration-3.0.dtd` as DTD references
12:32:28.628 [main] WARN org.hibernate.orm.deprecation -- HHH90000012: Recognized obsolete hibernate namespace http://hibernate.sourceforge.net/hibernate-configuration. Use namespace http://www.hibernate.org/dtd/hibernate-configuration instead.  Support for obsolete DTD/XSD namespaces may be removed at any time.
12:32:28.632 [main] DEBUG org.hibernate.boot.cfgxml.internal.JaxbCfgProcessor -- cfg.xml document did not define namespaces; wrapping in custom event reader to introduce namespace information
12:32:28.735 [main] DEBUG org.hibernate.cfg.Configuration -- Building session factory using internal StandardServiceRegistryBuilder
12:32:28.738 [main] DEBUG org.hibernate.cfg.Configuration -- Building session factory using provided StandardServiceRegistry
12:32:28.743 [main] DEBUG org.hibernate.orm.idgen.factory -- Ignoring CDI for resolving IdentifierGenerator instances as extended or delayed CDI support was enabled
12:32:28.745 [main] DEBUG org.hibernate.orm.idgen.factory -- Registering IdentifierGenerator strategy [uuid2] -> [org.hibernate.id.UUIDGenerator]
12:32:28.745 [main] DEBUG org.hibernate.orm.idgen.factory -- Registering IdentifierGenerator strategy [guid] -> [org.hibernate.id.GUIDGenerator]
12:32:28.745 [main] DEBUG org.hibernate.orm.idgen.factory -- Registering IdentifierGenerator strategy [uuid] -> [org.hibernate.id.UUIDHexGenerator]
12:32:28.745 [main] DEBUG org.hibernate.orm.idgen.factory -- Registering IdentifierGenerator strategy [uuid.hex] -> [org.hibernate.id.UUIDHexGenerator]
12:32:28.745 [main] DEBUG org.hibernate.orm.idgen.factory -- Registering IdentifierGenerator strategy [assigned] -> [org.hibernate.id.Assigned]
12:32:28.746 [main] DEBUG org.hibernate.orm.idgen.factory -- Registering IdentifierGenerator strategy [identity] -> [org.hibernate.id.IdentityGenerator]
12:32:28.746 [main] DEBUG org.hibernate.orm.idgen.factory -- Registering IdentifierGenerator strategy [select] -> [org.hibernate.id.SelectGenerator]
12:32:28.747 [main] DEBUG org.hibernate.orm.idgen.factory -- Registering IdentifierGenerator strategy [sequence] -> [org.hibernate.id.enhanced.SequenceStyleGenerator]
12:32:28.747 [main] DEBUG org.hibernate.orm.idgen.factory -- Registering IdentifierGenerator strategy [increment] -> [org.hibernate.id.IncrementGenerator]
12:32:28.747 [main] DEBUG org.hibernate.orm.idgen.factory -- Registering IdentifierGenerator strategy [foreign] -> [org.hibernate.id.ForeignGenerator]
12:32:28.747 [main] DEBUG org.hibernate.orm.idgen.factory -- Registering IdentifierGenerator strategy [enhanced-sequence] -> [org.hibernate.id.enhanced.SequenceStyleGenerator]
12:32:28.748 [main] DEBUG org.hibernate.orm.idgen.factory -- Registering IdentifierGenerator strategy [enhanced-table] -> [org.hibernate.id.enhanced.TableGenerator]
12:32:28.752 [main] DEBUG org.hibernate.cache.internal.RegionFactoryInitiator -- Cannot default RegionFactory based on registered strategies as `[]` RegionFactory strategies were registered
12:32:28.752 [main] INFO org.hibernate.cache.internal.RegionFactoryInitiator -- HHH000026: Second-level cache disabled
12:32:28.818 [main] DEBUG org.hibernate.type.BasicTypeRegistry -- Adding type registration boolean -> org.hibernate.type.BasicTypeReference@5e4fa1da
12:32:28.818 [main] DEBUG org.hibernate.type.BasicTypeRegistry -- Adding type registration boolean -> org.hibernate.type.BasicTypeReference@5e4fa1da
12:32:28.818 [main] DEBUG org.hibernate.type.BasicTypeRegistry -- Adding type registration java.lang.Boolean -> org.hibernate.type.BasicTypeReference@5e4fa1da
12:32:28.819 [main] DEBUG org.hibernate.type.BasicTypeRegistry -- Adding type registration numeric_boolean -> org.hibernate.type.BasicTypeReference@588cd519
12:32:28.819 [main] DEBUG org.hibernate.type.BasicTypeRegistry -- Adding type registration org.hibernate.type.NumericBooleanConverter -> org.hibernate.type.BasicTypeReference@588cd519
12:32:28.819 [main] DEBUG org.hibernate.type.BasicTypeRegistry -- Adding type registration true_false -> org.hibernate.type.BasicTypeReference@3f92c349
12:32:28.819 [main] DEBUG org.hibernate.type.BasicTypeRegistry -- Adding type registration org.hibernate.type.TrueFalseConverter -> org.hibernate.type.BasicTypeReference@3f92c349
12:32:28.819 [main] DEBUG org.hibernate.type.BasicTypeRegistry -- Adding type registration yes_no -> org.hibernate.type.BasicTypeReference@769a58e5
12:32:28.819 [main] DEBUG org.hibernate.type.BasicTypeRegistry -- Adding type registration org.hibernate.type.YesNoConverter -> org.hibernate.type.BasicTypeReference@769a58e5
12:32:28.819 [main] DEBUG org.hibernate.type.BasicTypeRegistry -- Adding type registration byte -> org.hibernate.type.BasicTypeReference@55f8669d
12:32:28.819 [main] DEBUG org.hibernate.type.BasicTypeRegistry -- Adding type registration byte -> org.hibernate.type.BasicTypeReference@55f8669d
12:32:28.819 [main] DEBUG org.hibernate.type.BasicTypeRegistry -- Adding type registration java.lang.Byte -> org.hibernate.type.BasicTypeReference@55f8669d
12:32:28.819 [main] DEBUG org.hibernate.type.BasicTypeRegistry -- Adding type registration binary -> org.hibernate.type.BasicTypeReference@6be25526
12:32:28.819 [main] DEBUG org.hibernate.type.BasicTypeRegistry -- Adding type registration byte[] -> org.hibernate.type.BasicTypeReference@6be25526
12:32:28.819 [main] DEBUG org.hibernate.type.BasicTypeRegistry -- Adding type registration [B -> org.hibernate.type.BasicTypeReference@6be25526
12:32:28.819 [main] DEBUG org.hibernate.type.BasicTypeRegistry -- Adding type registration binary_wrapper -> org.hibernate.type.BasicTypeReference@42435b98
12:32:28.819 [main] DEBUG org.hibernate.type.BasicTypeRegistry -- Adding type registration wrapper-binary -> org.hibernate.type.BasicTypeReference@42435b98
12:32:28.819 [main] DEBUG org.hibernate.type.BasicTypeRegistry -- Adding type registration image -> org.hibernate.type.BasicTypeReference@66ba7e45
12:32:28.819 [main] DEBUG org.hibernate.type.BasicTypeRegistry -- Adding type registration blob -> org.hibernate.type.BasicTypeReference@70e02081
12:32:28.819 [main] DEBUG org.hibernate.type.BasicTypeRegistry -- Adding type registration java.sql.Blob -> org.hibernate.type.BasicTypeReference@70e02081
12:32:28.819 [main] DEBUG org.hibernate.type.BasicTypeRegistry -- Adding type registration materialized_blob -> org.hibernate.type.BasicTypeReference@9d200de
12:32:28.819 [main] DEBUG org.hibernate.type.BasicTypeRegistry -- Adding type registration materialized_blob_wrapper -> org.hibernate.type.BasicTypeReference@511505e7
12:32:28.819 [main] DEBUG org.hibernate.type.BasicTypeRegistry -- Adding type registration short -> org.hibernate.type.BasicTypeReference@646811d6
12:32:28.820 [main] DEBUG org.hibernate.type.BasicTypeRegistry -- Adding type registration short -> org.hibernate.type.BasicTypeReference@646811d6
12:32:28.820 [main] DEBUG org.hibernate.type.BasicTypeRegistry -- Adding type registration java.lang.Short -> org.hibernate.type.BasicTypeReference@646811d6
12:32:28.820 [main] DEBUG org.hibernate.type.BasicTypeRegistry -- Adding type registration integer -> org.hibernate.type.BasicTypeReference@15fdd1f2
12:32:28.820 [main] DEBUG org.hibernate.type.BasicTypeRegistry -- Adding type registration int -> org.hibernate.type.BasicTypeReference@15fdd1f2
12:32:28.820 [main] DEBUG org.hibernate.type.BasicTypeRegistry -- Adding type registration java.lang.Integer -> org.hibernate.type.BasicTypeReference@15fdd1f2
12:32:28.820 [main] DEBUG org.hibernate.type.BasicTypeRegistry -- Adding type registration long -> org.hibernate.type.BasicTypeReference@cb0f763
12:32:28.820 [main] DEBUG org.hibernate.type.BasicTypeRegistry -- Adding type registration long -> org.hibernate.type.BasicTypeReference@cb0f763
12:32:28.820 [main] DEBUG org.hibernate.type.BasicTypeRegistry -- Adding type registration java.lang.Long -> org.hibernate.type.BasicTypeReference@cb0f763
12:32:28.820 [main] DEBUG org.hibernate.type.BasicTypeRegistry -- Adding type registration float -> org.hibernate.type.BasicTypeReference@7573e12f
12:32:28.820 [main] DEBUG org.hibernate.type.BasicTypeRegistry -- Adding type registration float -> org.hibernate.type.BasicTypeReference@7573e12f
12:32:28.820 [main] DEBUG org.hibernate.type.BasicTypeRegistry -- Adding type registration java.lang.Float -> org.hibernate.type.BasicTypeReference@7573e12f
12:32:28.820 [main] DEBUG org.hibernate.type.BasicTypeRegistry -- Adding type registration double -> org.hibernate.type.BasicTypeReference@51b1a8f6
12:32:28.820 [main] DEBUG org.hibernate.type.BasicTypeRegistry -- Adding type registration double -> org.hibernate.type.BasicTypeReference@51b1a8f6
12:32:28.820 [main] DEBUG org.hibernate.type.BasicTypeRegistry -- Adding type registration java.lang.Double -> org.hibernate.type.BasicTypeReference@51b1a8f6
12:32:28.820 [main] DEBUG org.hibernate.type.BasicTypeRegistry -- Adding type registration big_integer -> org.hibernate.type.BasicTypeReference@2a389173
12:32:28.820 [main] DEBUG org.hibernate.type.BasicTypeRegistry -- Adding type registration java.math.BigInteger -> org.hibernate.type.BasicTypeReference@2a389173
12:32:28.820 [main] DEBUG org.hibernate.type.BasicTypeRegistry -- Adding type registration big_decimal -> org.hibernate.type.BasicTypeReference@213860b8
12:32:28.820 [main] DEBUG org.hibernate.type.BasicTypeRegistry -- Adding type registration java.math.BigDecimal -> org.hibernate.type.BasicTypeReference@213860b8
12:32:28.820 [main] DEBUG org.hibernate.type.BasicTypeRegistry -- Adding type registration character -> org.hibernate.type.BasicTypeReference@4ba89729
12:32:28.820 [main] DEBUG org.hibernate.type.BasicTypeRegistry -- Adding type registration char -> org.hibernate.type.BasicTypeReference@4ba89729
12:32:28.820 [main] DEBUG org.hibernate.type.BasicTypeRegistry -- Adding type registration java.lang.Character -> org.hibernate.type.BasicTypeReference@4ba89729
12:32:28.820 [main] DEBUG org.hibernate.type.BasicTypeRegistry -- Adding type registration character_nchar -> org.hibernate.type.BasicTypeReference@178270b2
12:32:28.820 [main] DEBUG org.hibernate.type.BasicTypeRegistry -- Adding type registration string -> org.hibernate.type.BasicTypeReference@795fd838
12:32:28.820 [main] DEBUG org.hibernate.type.BasicTypeRegistry -- Adding type registration java.lang.String -> org.hibernate.type.BasicTypeReference@795fd838
12:32:28.820 [main] DEBUG org.hibernate.type.BasicTypeRegistry -- Adding type registration nstring -> org.hibernate.type.BasicTypeReference@1b005a0b
12:32:28.820 [main] DEBUG org.hibernate.type.BasicTypeRegistry -- Adding type registration characters -> org.hibernate.type.BasicTypeReference@141e879d
12:32:28.820 [main] DEBUG org.hibernate.type.BasicTypeRegistry -- Adding type registration char[] -> org.hibernate.type.BasicTypeReference@141e879d
12:32:28.820 [main] DEBUG org.hibernate.type.BasicTypeRegistry -- Adding type registration [C -> org.hibernate.type.BasicTypeReference@141e879d
12:32:28.820 [main] DEBUG org.hibernate.type.BasicTypeRegistry -- Adding type registration wrapper-characters -> org.hibernate.type.BasicTypeReference@109d724c
12:32:28.821 [main] DEBUG org.hibernate.type.BasicTypeRegistry -- Adding type registration text -> org.hibernate.type.BasicTypeReference@1704f67f
12:32:28.821 [main] DEBUG org.hibernate.type.BasicTypeRegistry -- Adding type registration ntext -> org.hibernate.type.BasicTypeReference@e4d2696
12:32:28.821 [main] DEBUG org.hibernate.type.BasicTypeRegistry -- Adding type registration clob -> org.hibernate.type.BasicTypeReference@6e0f7aad
12:32:28.821 [main] DEBUG org.hibernate.type.BasicTypeRegistry -- Adding type registration java.sql.Clob -> org.hibernate.type.BasicTypeReference@6e0f7aad
12:32:28.821 [main] DEBUG org.hibernate.type.BasicTypeRegistry -- Adding type registration nclob -> org.hibernate.type.BasicTypeReference@15fb7a32
12:32:28.821 [main] DEBUG org.hibernate.type.BasicTypeRegistry -- Adding type registration java.sql.NClob -> org.hibernate.type.BasicTypeReference@15fb7a32
12:32:28.821 [main] DEBUG org.hibernate.type.BasicTypeRegistry -- Adding type registration materialized_clob -> org.hibernate.type.BasicTypeReference@257cc1fc
12:32:28.821 [main] DEBUG org.hibernate.type.BasicTypeRegistry -- Adding type registration materialized_clob_char_array -> org.hibernate.type.BasicTypeReference@42e22a53
12:32:28.821 [main] DEBUG org.hibernate.type.BasicTypeRegistry -- Adding type registration materialized_clob_character_array -> org.hibernate.type.BasicTypeReference@57adfab0
12:32:28.821 [main] DEBUG org.hibernate.type.BasicTypeRegistry -- Adding type registration materialized_nclob -> org.hibernate.type.BasicTypeReference@1949309d
12:32:28.821 [main] DEBUG org.hibernate.type.BasicTypeRegistry -- Adding type registration materialized_nclob_character_array -> org.hibernate.type.BasicTypeReference@5af97169
12:32:28.821 [main] DEBUG org.hibernate.type.BasicTypeRegistry -- Adding type registration materialized_nclob_char_array -> org.hibernate.type.BasicTypeReference@99a78d7
12:32:28.821 [main] DEBUG org.hibernate.type.BasicTypeRegistry -- Adding type registration Duration -> org.hibernate.type.BasicTypeReference@31da6b2e
12:32:28.821 [main] DEBUG org.hibernate.type.BasicTypeRegistry -- Adding type registration java.time.Duration -> org.hibernate.type.BasicTypeReference@31da6b2e
12:32:28.821 [main] DEBUG org.hibernate.type.BasicTypeRegistry -- Adding type registration LocalDateTime -> org.hibernate.type.BasicTypeReference@61c76850
12:32:28.821 [main] DEBUG org.hibernate.type.BasicTypeRegistry -- Adding type registration java.time.LocalDateTime -> org.hibernate.type.BasicTypeReference@61c76850
12:32:28.821 [main] DEBUG org.hibernate.type.BasicTypeRegistry -- Adding type registration LocalDate -> org.hibernate.type.BasicTypeReference@70242f38
12:32:28.821 [main] DEBUG org.hibernate.type.BasicTypeRegistry -- Adding type registration java.time.LocalDate -> org.hibernate.type.BasicTypeReference@70242f38
12:32:28.821 [main] DEBUG org.hibernate.type.BasicTypeRegistry -- Adding type registration LocalTime -> org.hibernate.type.BasicTypeReference@2a22ad2b
12:32:28.821 [main] DEBUG org.hibernate.type.BasicTypeRegistry -- Adding type registration java.time.LocalTime -> org.hibernate.type.BasicTypeReference@2a22ad2b
12:32:28.821 [main] DEBUG org.hibernate.type.BasicTypeRegistry -- Adding type registration OffsetDateTime -> org.hibernate.type.BasicTypeReference@48c3205a
12:32:28.821 [main] DEBUG org.hibernate.type.BasicTypeRegistry -- Adding type registration java.time.OffsetDateTime -> org.hibernate.type.BasicTypeReference@48c3205a
12:32:28.821 [main] DEBUG org.hibernate.type.BasicTypeRegistry -- Adding type registration OffsetDateTimeWithTimezone -> org.hibernate.type.BasicTypeReference@121c54fa
12:32:28.821 [main] DEBUG org.hibernate.type.BasicTypeRegistry -- Adding type registration OffsetDateTimeWithoutTimezone -> org.hibernate.type.BasicTypeReference@4390f46e
12:32:28.821 [main] DEBUG org.hibernate.type.BasicTypeRegistry -- Adding type registration OffsetTime -> org.hibernate.type.BasicTypeReference@7c6442c2
12:32:28.821 [main] DEBUG org.hibernate.type.BasicTypeRegistry -- Adding type registration java.time.OffsetTime -> org.hibernate.type.BasicTypeReference@7c6442c2
12:32:28.821 [main] DEBUG org.hibernate.type.BasicTypeRegistry -- Adding type registration OffsetTimeUtc -> org.hibernate.type.BasicTypeReference@2d746ce4
12:32:28.821 [main] DEBUG org.hibernate.type.BasicTypeRegistry -- Adding type registration OffsetTimeWithTimezone -> org.hibernate.type.BasicTypeReference@5dbf5634
12:32:28.821 [main] DEBUG org.hibernate.type.BasicTypeRegistry -- Adding type registration OffsetTimeWithoutTimezone -> org.hibernate.type.BasicTypeReference@1948ea69
12:32:28.822 [main] DEBUG org.hibernate.type.BasicTypeRegistry -- Adding type registration ZonedDateTime -> org.hibernate.type.BasicTypeReference@47e4d9d0
12:32:28.822 [main] DEBUG org.hibernate.type.BasicTypeRegistry -- Adding type registration java.time.ZonedDateTime -> org.hibernate.type.BasicTypeReference@47e4d9d0
12:32:28.822 [main] DEBUG org.hibernate.type.BasicTypeRegistry -- Adding type registration ZonedDateTimeWithTimezone -> org.hibernate.type.BasicTypeReference@49798e84
12:32:28.822 [main] DEBUG org.hibernate.type.BasicTypeRegistry -- Adding type registration ZonedDateTimeWithoutTimezone -> org.hibernate.type.BasicTypeReference@6ed06f69
12:32:28.822 [main] DEBUG org.hibernate.type.BasicTypeRegistry -- Adding type registration date -> org.hibernate.type.BasicTypeReference@3015db78
12:32:28.822 [main] DEBUG org.hibernate.type.BasicTypeRegistry -- Adding type registration java.sql.Date -> org.hibernate.type.BasicTypeReference@3015db78
12:32:28.822 [main] DEBUG org.hibernate.type.BasicTypeRegistry -- Adding type registration time -> org.hibernate.type.BasicTypeReference@515ebef3
12:32:28.822 [main] DEBUG org.hibernate.type.BasicTypeRegistry -- Adding type registration java.sql.Time -> org.hibernate.type.BasicTypeReference@515ebef3
12:32:28.822 [main] DEBUG org.hibernate.type.BasicTypeRegistry -- Adding type registration timestamp -> org.hibernate.type.BasicTypeReference@545607f2
12:32:28.822 [main] DEBUG org.hibernate.type.BasicTypeRegistry -- Adding type registration java.sql.Timestamp -> org.hibernate.type.BasicTypeReference@545607f2
12:32:28.822 [main] DEBUG org.hibernate.type.BasicTypeRegistry -- Adding type registration java.util.Date -> org.hibernate.type.BasicTypeReference@545607f2
12:32:28.822 [main] DEBUG org.hibernate.type.BasicTypeRegistry -- Adding type registration calendar -> org.hibernate.type.BasicTypeReference@39109136
12:32:28.822 [main] DEBUG org.hibernate.type.BasicTypeRegistry -- Adding type registration java.util.Calendar -> org.hibernate.type.BasicTypeReference@39109136
12:32:28.822 [main] DEBUG org.hibernate.type.BasicTypeRegistry -- Adding type registration java.util.GregorianCalendar -> org.hibernate.type.BasicTypeReference@39109136
12:32:28.822 [main] DEBUG org.hibernate.type.BasicTypeRegistry -- Adding type registration calendar_date -> org.hibernate.type.BasicTypeReference@27c04377
12:32:28.822 [main] DEBUG org.hibernate.type.BasicTypeRegistry -- Adding type registration calendar_time -> org.hibernate.type.BasicTypeReference@34dc85a
12:32:28.822 [main] DEBUG org.hibernate.type.BasicTypeRegistry -- Adding type registration instant -> org.hibernate.type.BasicTypeReference@67403656
12:32:28.822 [main] DEBUG org.hibernate.type.BasicTypeRegistry -- Adding type registration java.time.Instant -> org.hibernate.type.BasicTypeReference@67403656
12:32:28.822 [main] DEBUG org.hibernate.type.BasicTypeRegistry -- Adding type registration uuid -> org.hibernate.type.BasicTypeReference@5a6482a9
12:32:28.823 [main] DEBUG org.hibernate.type.BasicTypeRegistry -- Adding type registration java.util.UUID -> org.hibernate.type.BasicTypeReference@5a6482a9
12:32:28.823 [main] DEBUG org.hibernate.type.BasicTypeRegistry -- Adding type registration pg-uuid -> org.hibernate.type.BasicTypeReference@5a6482a9
12:32:28.823 [main] DEBUG org.hibernate.type.BasicTypeRegistry -- Adding type registration uuid-binary -> org.hibernate.type.BasicTypeReference@7f9ab969
12:32:28.823 [main] DEBUG org.hibernate.type.BasicTypeRegistry -- Adding type registration uuid-char -> org.hibernate.type.BasicTypeReference@746cd757
12:32:28.823 [main] DEBUG org.hibernate.type.BasicTypeRegistry -- Adding type registration class -> org.hibernate.type.BasicTypeReference@ae372b9
12:32:28.823 [main] DEBUG org.hibernate.type.BasicTypeRegistry -- Adding type registration java.lang.Class -> org.hibernate.type.BasicTypeReference@ae372b9
12:32:28.823 [main] DEBUG org.hibernate.type.BasicTypeRegistry -- Adding type registration currency -> org.hibernate.type.BasicTypeReference@2098d37d
12:32:28.823 [main] DEBUG org.hibernate.type.BasicTypeRegistry -- Adding type registration Currency -> org.hibernate.type.BasicTypeReference@2098d37d
12:32:28.823 [main] DEBUG org.hibernate.type.BasicTypeRegistry -- Adding type registration java.util.Currency -> org.hibernate.type.BasicTypeReference@2098d37d
12:32:28.823 [main] DEBUG org.hibernate.type.BasicTypeRegistry -- Adding type registration locale -> org.hibernate.type.BasicTypeReference@77b9d0c7
12:32:28.823 [main] DEBUG org.hibernate.type.BasicTypeRegistry -- Adding type registration java.util.Locale -> org.hibernate.type.BasicTypeReference@77b9d0c7
12:32:28.823 [main] DEBUG org.hibernate.type.BasicTypeRegistry -- Adding type registration serializable -> org.hibernate.type.BasicTypeReference@65fd6708
12:32:28.824 [main] DEBUG org.hibernate.type.BasicTypeRegistry -- Adding type registration java.io.Serializable -> org.hibernate.type.BasicTypeReference@65fd6708
12:32:28.824 [main] DEBUG org.hibernate.type.BasicTypeRegistry -- Adding type registration timezone -> org.hibernate.type.BasicTypeReference@749ab7b4
12:32:28.824 [main] DEBUG org.hibernate.type.BasicTypeRegistry -- Adding type registration java.util.TimeZone -> org.hibernate.type.BasicTypeReference@749ab7b4
12:32:28.824 [main] DEBUG org.hibernate.type.BasicTypeRegistry -- Adding type registration ZoneOffset -> org.hibernate.type.BasicTypeReference@127f9161
12:32:28.824 [main] DEBUG org.hibernate.type.BasicTypeRegistry -- Adding type registration java.time.ZoneOffset -> org.hibernate.type.BasicTypeReference@127f9161
12:32:28.824 [main] DEBUG org.hibernate.type.BasicTypeRegistry -- Adding type registration url -> org.hibernate.type.BasicTypeReference@2bf94401
12:32:28.824 [main] DEBUG org.hibernate.type.BasicTypeRegistry -- Adding type registration java.net.URL -> org.hibernate.type.BasicTypeReference@2bf94401
12:32:28.824 [main] DEBUG org.hibernate.type.BasicTypeRegistry -- Adding type registration vector -> org.hibernate.type.BasicTypeReference@2532b351
12:32:28.824 [main] DEBUG org.hibernate.type.BasicTypeRegistry -- Adding type registration row_version -> org.hibernate.type.BasicTypeReference@4349754
12:32:28.827 [main] DEBUG org.hibernate.type.BasicTypeRegistry -- Adding type registration object -> org.hibernate.type.JavaObjectType@6fd1660
12:32:28.827 [main] DEBUG org.hibernate.type.BasicTypeRegistry -- Adding type registration java.lang.Object -> org.hibernate.type.JavaObjectType@6fd1660
12:32:28.828 [main] DEBUG org.hibernate.type.BasicTypeRegistry -- Adding type registration null -> org.hibernate.type.NullType@f339eae
12:32:28.828 [main] DEBUG org.hibernate.type.BasicTypeRegistry -- Adding type registration imm_date -> org.hibernate.type.BasicTypeReference@2822c6ff
12:32:28.828 [main] DEBUG org.hibernate.type.BasicTypeRegistry -- Adding type registration imm_time -> org.hibernate.type.BasicTypeReference@4dafba3e
12:32:28.828 [main] DEBUG org.hibernate.type.BasicTypeRegistry -- Adding type registration imm_timestamp -> org.hibernate.type.BasicTypeReference@53e3a87a
12:32:28.828 [main] DEBUG org.hibernate.type.BasicTypeRegistry -- Adding type registration imm_calendar -> org.hibernate.type.BasicTypeReference@40368a46
12:32:28.828 [main] DEBUG org.hibernate.type.BasicTypeRegistry -- Adding type registration imm_calendar_date -> org.hibernate.type.BasicTypeReference@7e9da981
12:32:28.828 [main] DEBUG org.hibernate.type.BasicTypeRegistry -- Adding type registration imm_calendar_time -> org.hibernate.type.BasicTypeReference@4ed38226
12:32:28.828 [main] DEBUG org.hibernate.type.BasicTypeRegistry -- Adding type registration imm_binary -> org.hibernate.type.BasicTypeReference@3d43fe
12:32:28.828 [main] DEBUG org.hibernate.type.BasicTypeRegistry -- Adding type registration imm_serializable -> org.hibernate.type.BasicTypeReference@74ad8d05
12:32:28.842 [main] WARN org.hibernate.orm.connections.pooling -- HHH10001002: Using built-in connection pool (not intended for production use)
12:32:28.947 [main] INFO org.hibernate.orm.connections.pooling -- HHH10001005: Loaded JDBC driver class: org.apache.derby.jdbc.EmbeddedDriver
12:32:28.947 [main] INFO org.hibernate.orm.connections.pooling -- HHH10001012: Connecting with JDBC URL [jdbc:derby:database/SupermarketDB;create=true]
12:32:28.947 [main] INFO org.hibernate.orm.connections.pooling -- HHH10001001: Connection properties: {password=, user=}
12:32:28.947 [main] INFO org.hibernate.orm.connections.pooling -- HHH10001003: Autocommit mode: false
12:32:28.949 [main] DEBUG org.hibernate.orm.connections.pooling -- Initializing Connection pool with 1 Connections
12:32:28.949 [main] INFO org.hibernate.orm.connections.pooling -- HHH10001115: Connection pool size: 20 (min=1)
12:32:29.084 [main] DEBUG org.hibernate.engine.jdbc.env.internal.JdbcEnvironmentInitiator -- Database ->
	   name : Apache Derby
	version : 10.17.1.0 - (1913217)
	  major : 10
	  minor : 17
12:32:29.084 [main] DEBUG org.hibernate.engine.jdbc.env.internal.JdbcEnvironmentInitiator -- Driver ->
	   name : Apache Derby Embedded JDBC Driver
	version : 10.17.1.0 - (1913217)
	  major : 10
	  minor : 17
12:32:29.084 [main] DEBUG org.hibernate.engine.jdbc.env.internal.JdbcEnvironmentInitiator -- JDBC version : 4.2
12:32:29.095 [main] WARN org.hibernate.orm.deprecation -- HHH90000025: DerbyDialect does not need to be specified explicitly using 'hibernate.dialect' (remove the property setting and it will be selected by default)
12:32:29.096 [main] DEBUG org.hibernate.orm.dialect -- HHH035001: Using dialect: org.hibernate.dialect.DerbyDialect, version: 10.17.1
12:32:29.109 [main] DEBUG org.hibernate.orm.jdbc.lob -- HHH10010006: Disabling contextual NCLOB creation as createNClob() method threw error : java.sql.SQLFeatureNotSupportedException: Feature not implemented: No details.
12:32:29.114 [main] DEBUG org.hibernate.type.descriptor.sql.spi.DdlTypeRegistry -- addDescriptor(-3, org.hibernate.type.descriptor.sql.internal.CapacityDependentDdlType@7ee8130e) replaced previous registration(org.hibernate.type.descriptor.sql.internal.CapacityDependentDdlType@6296474f)
12:32:29.114 [main] DEBUG org.hibernate.type.descriptor.sql.spi.DdlTypeRegistry -- addDescriptor(12, org.hibernate.type.descriptor.sql.internal.CapacityDependentDdlType@4288d98e) replaced previous registration(org.hibernate.type.descriptor.sql.internal.CapacityDependentDdlType@169268a7)
12:32:29.114 [main] DEBUG org.hibernate.type.descriptor.sql.spi.DdlTypeRegistry -- addDescriptor(-9, org.hibernate.type.descriptor.sql.internal.CapacityDependentDdlType@285c6918) replaced previous registration(org.hibernate.type.descriptor.sql.internal.CapacityDependentDdlType@78a0ff63)
12:32:29.114 [main] DEBUG org.hibernate.type.descriptor.sql.spi.DdlTypeRegistry -- addDescriptor(-2, org.hibernate.type.descriptor.sql.internal.CapacityDependentDdlType@7c601d50) replaced previous registration(org.hibernate.type.descriptor.sql.internal.DdlTypeImpl@79b2852b)
12:32:29.114 [main] DEBUG org.hibernate.type.descriptor.sql.spi.DdlTypeRegistry -- addDescriptor(1, org.hibernate.type.descriptor.sql.internal.CapacityDependentDdlType@326d27ac) replaced previous registration(org.hibernate.type.descriptor.sql.internal.DdlTypeImpl@4d499d65)
12:32:29.115 [main] DEBUG org.hibernate.type.descriptor.sql.spi.DdlTypeRegistry -- addDescriptor(-15, org.hibernate.type.descriptor.sql.internal.CapacityDependentDdlType@313f8301) replaced previous registration(org.hibernate.type.descriptor.sql.internal.DdlTypeImpl@5cc9d3d0)
12:32:29.115 [main] DEBUG org.hibernate.type.descriptor.jdbc.spi.JdbcTypeRegistry -- addDescriptor(2005, ClobTypeDescriptor(STREAM_BINDING)) replaced previous registration(ClobTypeDescriptor(DEFAULT))
12:32:29.119 [main] DEBUG org.hibernate.type.descriptor.jdbc.spi.JdbcTypeRegistry -- addDescriptor(2, DecimalTypeDescriptor) replaced previous registration(NumericTypeDescriptor)
12:32:29.119 [main] DEBUG org.hibernate.type.descriptor.jdbc.spi.JdbcTypeRegistry -- addDescriptor(2014, TimestampTypeDescriptor) replaced previous registration(TimestampWithTimeZoneDescriptor)
12:32:29.120 [main] DEBUG org.hibernate.type.BasicTypeRegistry -- BasicTypeRegistry registration overwritten (2000 + org.hibernate.type.descriptor.java.ObjectJavaType@6892cc6f); previous =`org.hibernate.type.NullType@f339eae`
12:32:29.120 [main] DEBUG org.hibernate.type.BasicTypeRegistry -- Adding type registration JAVA_OBJECT -> org.hibernate.type.JavaObjectType@37c41ec0
12:32:29.120 [main] DEBUG org.hibernate.type.BasicTypeRegistry -- Adding type registration java.lang.Object -> org.hibernate.type.JavaObjectType@37c41ec0
12:32:29.120 [main] DEBUG org.hibernate.type.BasicTypeRegistry -- Type registration key [java.lang.Object] overrode previous entry : `org.hibernate.type.JavaObjectType@6fd1660`
12:32:29.124 [main] DEBUG org.hibernate.type.BasicTypeRegistry -- Adding type registration org.hibernate.type.DurationType -> basicType@1(java.time.Duration,3015)
12:32:29.124 [main] DEBUG org.hibernate.type.BasicTypeRegistry -- Adding type registration Duration -> basicType@1(java.time.Duration,3015)
12:32:29.124 [main] DEBUG org.hibernate.type.BasicTypeRegistry -- Adding type registration java.time.Duration -> basicType@1(java.time.Duration,3015)
12:32:29.127 [main] DEBUG org.hibernate.type.BasicTypeRegistry -- Adding type registration org.hibernate.type.OffsetDateTimeType -> basicType@2(java.time.OffsetDateTime,3003)
12:32:29.127 [main] DEBUG org.hibernate.type.BasicTypeRegistry -- Adding type registration OffsetDateTime -> basicType@2(java.time.OffsetDateTime,3003)
12:32:29.127 [main] DEBUG org.hibernate.type.BasicTypeRegistry -- Adding type registration java.time.OffsetDateTime -> basicType@2(java.time.OffsetDateTime,3003)
12:32:29.127 [main] DEBUG org.hibernate.type.BasicTypeRegistry -- Adding type registration org.hibernate.type.ZonedDateTimeType -> basicType@3(java.time.ZonedDateTime,3003)
12:32:29.127 [main] DEBUG org.hibernate.type.BasicTypeRegistry -- Adding type registration ZonedDateTime -> basicType@3(java.time.ZonedDateTime,3003)
12:32:29.127 [main] DEBUG org.hibernate.type.BasicTypeRegistry -- Adding type registration java.time.ZonedDateTime -> basicType@3(java.time.ZonedDateTime,3003)
12:32:29.128 [main] DEBUG org.hibernate.type.BasicTypeRegistry -- Adding type registration org.hibernate.type.OffsetTimeType -> basicType@4(java.time.OffsetTime,3007)
12:32:29.128 [main] DEBUG org.hibernate.type.BasicTypeRegistry -- Adding type registration OffsetTime -> basicType@4(java.time.OffsetTime,3007)
12:32:29.128 [main] DEBUG org.hibernate.type.BasicTypeRegistry -- Adding type registration java.time.OffsetTime -> basicType@4(java.time.OffsetTime,3007)
12:32:29.129 [main] DEBUG org.hibernate.type.spi.TypeConfiguration$Scope -- Scoping TypeConfiguration [org.hibernate.type.spi.TypeConfiguration@672a1c62] to MetadataBuildingContext [org.hibernate.boot.internal.MetadataBuildingContextRootImpl@459b6c53]
12:32:29.150 [main] DEBUG org.hibernate.boot.model.relational.Namespace -- Created database namespace [logicalName=Name{catalog=null, schema=null}, physicalName=Name{catalog=null, schema=null}]
12:32:29.169 [main] DEBUG org.hibernate.boot.model.internal.EntityBinder -- Binding entity from annotated class: com.pdcgame.Models.GameSave
12:32:29.172 [main] DEBUG org.hibernate.boot.model.internal.EntityBinder -- Import with entity name GameSave
12:32:29.176 [main] DEBUG org.hibernate.boot.model.internal.EntityBinder -- Bind entity com.pdcgame.Models.GameSave on table game_save
12:32:29.181 [main] DEBUG org.hibernate.boot.model.internal.AnnotatedColumn -- Binding column: AnnotatedDiscriminatorColumn(column='DTYPE')
12:32:29.190 [main] DEBUG org.hibernate.boot.model.internal.AnnotatedColumn -- Binding column: AnnotatedColumn()
12:32:29.191 [main] DEBUG org.hibernate.boot.internal.ClassLoaderAccessImpl -- Not known whether passed class name [com.pdcgame.Models.GameSave] is safe
12:32:29.192 [main] DEBUG org.hibernate.boot.internal.ClassLoaderAccessImpl -- No temp ClassLoader provided; using live ClassLoader for loading potentially unsafe class : com.pdcgame.Models.GameSave
12:32:29.193 [main] DEBUG org.hibernate.boot.model.internal.PropertyBinder -- MetadataSourceProcessor property id with lazy=false
12:32:29.195 [main] DEBUG org.hibernate.boot.model.internal.AbstractPropertyHolder -- Attempting to locate auto-apply AttributeConverter for property [com.pdcgame.Models.GameSave:id]
12:32:29.197 [main] DEBUG org.hibernate.boot.model.internal.BasicValueBinder -- building BasicValue for id
12:32:29.199 [main] DEBUG org.hibernate.mapping.BasicValue -- Skipping column re-registration: game_save.id
12:32:29.199 [main] DEBUG org.hibernate.boot.model.internal.PropertyBinder -- Building property id
12:32:29.200 [main] DEBUG org.hibernate.boot.model.internal.BinderHelper -- #makeIdGenerator(BasicValue([Column(id)]), id, assigned, , ...)
12:32:29.201 [main] DEBUG org.hibernate.boot.model.internal.AnnotatedColumn -- Binding column: AnnotatedColumn()
12:32:29.201 [main] DEBUG org.hibernate.boot.model.internal.PropertyBinder -- MetadataSourceProcessor property actions with lazy=false
12:32:29.201 [main] DEBUG org.hibernate.boot.model.internal.AbstractPropertyHolder -- Attempting to locate auto-apply AttributeConverter for property [com.pdcgame.Models.GameSave:actions]
12:32:29.201 [main] DEBUG org.hibernate.boot.model.internal.BasicValueBinder -- building BasicValue for actions
12:32:29.201 [main] DEBUG org.hibernate.mapping.BasicValue -- Skipping column re-registration: game_save.actions
12:32:29.201 [main] DEBUG org.hibernate.boot.model.internal.PropertyBinder -- Building property actions
12:32:29.201 [main] DEBUG org.hibernate.boot.model.internal.AnnotatedColumn -- Binding column: AnnotatedColumn()
12:32:29.201 [main] DEBUG org.hibernate.boot.model.internal.PropertyBinder -- MetadataSourceProcessor property balance with lazy=false
12:32:29.201 [main] DEBUG org.hibernate.boot.model.internal.AbstractPropertyHolder -- Attempting to locate auto-apply AttributeConverter for property [com.pdcgame.Models.GameSave:balance]
12:32:29.201 [main] DEBUG org.hibernate.boot.model.internal.BasicValueBinder -- building BasicValue for balance
12:32:29.201 [main] DEBUG org.hibernate.mapping.BasicValue -- Skipping column re-registration: game_save.balance
12:32:29.201 [main] DEBUG org.hibernate.boot.model.internal.PropertyBinder -- Building property balance
12:32:29.202 [main] DEBUG org.hibernate.boot.model.internal.AnnotatedColumn -- Binding column: AnnotatedColumn()
12:32:29.202 [main] DEBUG org.hibernate.boot.model.internal.PropertyBinder -- MetadataSourceProcessor property day with lazy=false
12:32:29.202 [main] DEBUG org.hibernate.boot.model.internal.AbstractPropertyHolder -- Attempting to locate auto-apply AttributeConverter for property [com.pdcgame.Models.GameSave:day]
12:32:29.202 [main] DEBUG org.hibernate.boot.model.internal.BasicValueBinder -- building BasicValue for day
12:32:29.202 [main] DEBUG org.hibernate.mapping.BasicValue -- Skipping column re-registration: game_save.day
12:32:29.202 [main] DEBUG org.hibernate.boot.model.internal.PropertyBinder -- Building property day
12:32:29.202 [main] DEBUG org.hibernate.boot.model.internal.AnnotatedColumn -- Binding column: AnnotatedColumn()
12:32:29.202 [main] DEBUG org.hibernate.boot.model.internal.PropertyBinder -- MetadataSourceProcessor property difficulty with lazy=false
12:32:29.202 [main] DEBUG org.hibernate.boot.model.internal.AbstractPropertyHolder -- Attempting to locate auto-apply AttributeConverter for property [com.pdcgame.Models.GameSave:difficulty]
12:32:29.202 [main] DEBUG org.hibernate.boot.model.internal.BasicValueBinder -- building BasicValue for difficulty
12:32:29.202 [main] DEBUG org.hibernate.mapping.BasicValue -- Skipping column re-registration: game_save.difficulty
12:32:29.202 [main] DEBUG org.hibernate.boot.model.internal.PropertyBinder -- Building property difficulty
12:32:29.203 [main] DEBUG org.hibernate.boot.model.internal.AnnotatedColumn -- Binding column: AnnotatedColumn()
12:32:29.203 [main] DEBUG org.hibernate.boot.model.internal.PropertyBinder -- MetadataSourceProcessor property gameSeed with lazy=false
12:32:29.203 [main] DEBUG org.hibernate.boot.model.internal.AbstractPropertyHolder -- Attempting to locate auto-apply AttributeConverter for property [com.pdcgame.Models.GameSave:gameSeed]
12:32:29.203 [main] DEBUG org.hibernate.boot.model.internal.BasicValueBinder -- building BasicValue for gameSeed
12:32:29.203 [main] DEBUG org.hibernate.mapping.BasicValue -- Skipping column re-registration: game_save.gameSeed
12:32:29.203 [main] DEBUG org.hibernate.boot.model.internal.PropertyBinder -- Building property gameSeed
12:32:29.203 [main] DEBUG org.hibernate.boot.model.internal.AnnotatedColumn -- Binding column: AnnotatedColumn()
12:32:29.203 [main] DEBUG org.hibernate.boot.model.internal.PropertyBinder -- MetadataSourceProcessor property rating with lazy=false
12:32:29.203 [main] DEBUG org.hibernate.boot.model.internal.AbstractPropertyHolder -- Attempting to locate auto-apply AttributeConverter for property [com.pdcgame.Models.GameSave:rating]
12:32:29.203 [main] DEBUG org.hibernate.boot.model.internal.BasicValueBinder -- building BasicValue for rating
12:32:29.203 [main] DEBUG org.hibernate.mapping.BasicValue -- Skipping column re-registration: game_save.rating
12:32:29.203 [main] DEBUG org.hibernate.boot.model.internal.PropertyBinder -- Building property rating
12:32:29.203 [main] DEBUG org.hibernate.boot.model.internal.AnnotatedColumn -- Binding column: AnnotatedColumn()
12:32:29.203 [main] DEBUG org.hibernate.boot.model.internal.PropertyBinder -- MetadataSourceProcessor property totalActions with lazy=false
12:32:29.203 [main] DEBUG org.hibernate.boot.model.internal.AbstractPropertyHolder -- Attempting to locate auto-apply AttributeConverter for property [com.pdcgame.Models.GameSave:totalActions]
12:32:29.203 [main] DEBUG org.hibernate.boot.model.internal.BasicValueBinder -- building BasicValue for totalActions
12:32:29.203 [main] DEBUG org.hibernate.mapping.BasicValue -- Skipping column re-registration: game_save.totalActions
12:32:29.204 [main] DEBUG org.hibernate.boot.model.internal.PropertyBinder -- Building property totalActions
12:32:29.204 [main] DEBUG org.hibernate.boot.registry.classloading.internal.ClassLoaderServiceImpl -- HHH000194: Package not found or no package-info.java: com.pdcgame.Models
12:32:29.207 [main] DEBUG org.hibernate.boot.model.internal.EntityBinder -- Binding entity from annotated class: com.pdcgame.Models.InventorySave
12:32:29.207 [main] DEBUG org.hibernate.boot.model.internal.EntityBinder -- Import with entity name InventorySave
12:32:29.207 [main] DEBUG org.hibernate.boot.model.internal.EntityBinder -- Bind entity com.pdcgame.Models.InventorySave on table inventory_save
12:32:29.208 [main] DEBUG org.hibernate.boot.model.internal.AnnotatedColumn -- Binding column: AnnotatedDiscriminatorColumn(column='DTYPE')
12:32:29.209 [main] DEBUG org.hibernate.boot.model.internal.AnnotatedColumn -- Binding column: AnnotatedColumn(column='product_name')
12:32:29.209 [main] DEBUG org.hibernate.boot.internal.ClassLoaderAccessImpl -- Not known whether passed class name [com.pdcgame.Models.InventorySave] is safe
12:32:29.209 [main] DEBUG org.hibernate.boot.internal.ClassLoaderAccessImpl -- No temp ClassLoader provided; using live ClassLoader for loading potentially unsafe class : com.pdcgame.Models.InventorySave
12:32:29.209 [main] DEBUG org.hibernate.boot.model.internal.PropertyBinder -- MetadataSourceProcessor property productName with lazy=false
12:32:29.209 [main] DEBUG org.hibernate.boot.model.internal.AbstractPropertyHolder -- Attempting to locate auto-apply AttributeConverter for property [com.pdcgame.Models.InventorySave:productName]
12:32:29.209 [main] DEBUG org.hibernate.boot.model.internal.BasicValueBinder -- building BasicValue for productName
12:32:29.210 [main] DEBUG org.hibernate.mapping.BasicValue -- Skipping column re-registration: inventory_save.product_name
12:32:29.210 [main] DEBUG org.hibernate.boot.model.internal.PropertyBinder -- Building property productName
12:32:29.210 [main] DEBUG org.hibernate.boot.model.internal.BinderHelper -- #makeIdGenerator(BasicValue([Column(product_name)]), productName, assigned, , ...)
12:32:29.210 [main] DEBUG org.hibernate.boot.model.internal.AnnotatedColumn -- Binding column: AnnotatedColumn(column='quantity')
12:32:29.210 [main] DEBUG org.hibernate.boot.model.internal.PropertyBinder -- MetadataSourceProcessor property quantity with lazy=false
12:32:29.210 [main] DEBUG org.hibernate.boot.model.internal.AbstractPropertyHolder -- Attempting to locate auto-apply AttributeConverter for property [com.pdcgame.Models.InventorySave:quantity]
12:32:29.210 [main] DEBUG org.hibernate.boot.model.internal.BasicValueBinder -- building BasicValue for quantity
12:32:29.210 [main] DEBUG org.hibernate.mapping.BasicValue -- Skipping column re-registration: inventory_save.quantity
12:32:29.210 [main] DEBUG org.hibernate.boot.model.internal.PropertyBinder -- Building property quantity
12:32:29.210 [main] DEBUG org.hibernate.boot.model.internal.AnnotatedColumn -- Binding column: AnnotatedColumn(column='sell_price')
12:32:29.210 [main] DEBUG org.hibernate.boot.model.internal.PropertyBinder -- MetadataSourceProcessor property sellPrice with lazy=false
12:32:29.210 [main] DEBUG org.hibernate.boot.model.internal.AbstractPropertyHolder -- Attempting to locate auto-apply AttributeConverter for property [com.pdcgame.Models.InventorySave:sellPrice]
12:32:29.210 [main] DEBUG org.hibernate.boot.model.internal.BasicValueBinder -- building BasicValue for sellPrice
12:32:29.210 [main] DEBUG org.hibernate.mapping.BasicValue -- Skipping column re-registration: inventory_save.sell_price
12:32:29.210 [main] DEBUG org.hibernate.boot.model.internal.PropertyBinder -- Building property sellPrice
12:32:29.211 [main] DEBUG org.hibernate.boot.registry.classloading.internal.ClassLoaderServiceImpl -- HHH000194: Package not found or no package-info.java: com.pdcgame.Models
12:32:29.211 [main] DEBUG org.hibernate.boot.model.internal.EntityBinder -- Binding entity from annotated class: com.pdcgame.Models.BoardSave
12:32:29.211 [main] DEBUG org.hibernate.boot.model.internal.EntityBinder -- Import with entity name BoardSave
12:32:29.211 [main] DEBUG org.hibernate.boot.model.internal.EntityBinder -- Bind entity com.pdcgame.Models.BoardSave on table board_save
12:32:29.211 [main] DEBUG org.hibernate.boot.model.internal.AnnotatedColumn -- Binding column: AnnotatedDiscriminatorColumn(column='DTYPE')
12:32:29.211 [main] DEBUG org.hibernate.boot.model.internal.AnnotatedColumn -- Binding column: AnnotatedColumn()
12:32:29.211 [main] DEBUG org.hibernate.boot.internal.ClassLoaderAccessImpl -- Not known whether passed class name [com.pdcgame.Models.BoardSave] is safe
12:32:29.211 [main] DEBUG org.hibernate.boot.internal.ClassLoaderAccessImpl -- No temp ClassLoader provided; using live ClassLoader for loading potentially unsafe class : com.pdcgame.Models.BoardSave
12:32:29.211 [main] DEBUG org.hibernate.boot.model.internal.PropertyBinder -- MetadataSourceProcessor property coordinateID with lazy=false
12:32:29.211 [main] DEBUG org.hibernate.boot.model.internal.AbstractPropertyHolder -- Attempting to locate auto-apply AttributeConverter for property [com.pdcgame.Models.BoardSave:coordinateID]
12:32:29.211 [main] DEBUG org.hibernate.boot.model.internal.BasicValueBinder -- building BasicValue for coordinateID
12:32:29.212 [main] DEBUG org.hibernate.mapping.BasicValue -- Skipping column re-registration: board_save.coordinateID
12:32:29.212 [main] DEBUG org.hibernate.boot.model.internal.PropertyBinder -- Building property coordinateID
12:32:29.212 [main] DEBUG org.hibernate.boot.model.internal.BinderHelper -- #makeIdGenerator(BasicValue([Column(coordinateID)]), coordinateID, assigned, , ...)
12:32:29.212 [main] DEBUG org.hibernate.boot.model.internal.AnnotatedColumn -- Binding column: AnnotatedColumn()
12:32:29.212 [main] DEBUG org.hibernate.boot.model.internal.PropertyBinder -- MetadataSourceProcessor property boardCell with lazy=false
12:32:29.212 [main] DEBUG org.hibernate.boot.model.internal.AbstractPropertyHolder -- Attempting to locate auto-apply AttributeConverter for property [com.pdcgame.Models.BoardSave:boardCell]
12:32:29.212 [main] DEBUG org.hibernate.boot.model.internal.BasicValueBinder -- building BasicValue for boardCell
12:32:29.212 [main] DEBUG org.hibernate.mapping.BasicValue -- Skipping column re-registration: board_save.boardCell
12:32:29.212 [main] DEBUG org.hibernate.boot.model.internal.PropertyBinder -- Building property boardCell
12:32:29.212 [main] DEBUG org.hibernate.boot.registry.classloading.internal.ClassLoaderServiceImpl -- HHH000194: Package not found or no package-info.java: com.pdcgame.Models
12:32:29.212 [main] DEBUG org.hibernate.boot.model.internal.EntityBinder -- Binding entity from annotated class: com.pdcgame.Models.StorageItemSave
12:32:29.212 [main] DEBUG org.hibernate.boot.model.internal.EntityBinder -- Import with entity name StorageItemSave
12:32:29.212 [main] DEBUG org.hibernate.boot.model.internal.EntityBinder -- Bind entity com.pdcgame.Models.StorageItemSave on table storage_save
12:32:29.213 [main] DEBUG org.hibernate.boot.model.internal.AnnotatedColumn -- Binding column: AnnotatedDiscriminatorColumn(column='DTYPE')
12:32:29.214 [main] DEBUG org.hibernate.boot.model.internal.AnnotatedColumn -- Binding column: AnnotatedColumn()
12:32:29.214 [main] DEBUG org.hibernate.boot.internal.ClassLoaderAccessImpl -- Not known whether passed class name [com.pdcgame.Models.StorageItemSave] is safe
12:32:29.214 [main] DEBUG org.hibernate.boot.internal.ClassLoaderAccessImpl -- No temp ClassLoader provided; using live ClassLoader for loading potentially unsafe class : com.pdcgame.Models.StorageItemSave
12:32:29.215 [main] DEBUG org.hibernate.boot.model.internal.PropertyBinder -- MetadataSourceProcessor property id with lazy=false
12:32:29.215 [main] DEBUG org.hibernate.boot.model.internal.AbstractPropertyHolder -- Attempting to locate auto-apply AttributeConverter for property [com.pdcgame.Models.StorageItemSave:id]
12:32:29.215 [main] DEBUG org.hibernate.boot.model.internal.BasicValueBinder -- building BasicValue for id
12:32:29.215 [main] DEBUG org.hibernate.mapping.BasicValue -- Skipping column re-registration: storage_save.id
12:32:29.215 [main] DEBUG org.hibernate.boot.model.internal.PropertyBinder -- Building property id
12:32:29.216 [main] DEBUG org.hibernate.boot.model.internal.BinderHelper -- #makeIdGenerator(BasicValue([Column(id)]), id, identity, , ...)
12:32:29.216 [main] DEBUG org.hibernate.boot.model.internal.AnnotatedColumn -- Binding column: AnnotatedColumn(column='coordinate_id')
12:32:29.216 [main] DEBUG org.hibernate.boot.model.internal.PropertyBinder -- MetadataSourceProcessor property coordinateID with lazy=false
12:32:29.216 [main] DEBUG org.hibernate.boot.model.internal.AbstractPropertyHolder -- Attempting to locate auto-apply AttributeConverter for property [com.pdcgame.Models.StorageItemSave:coordinateID]
12:32:29.216 [main] DEBUG org.hibernate.boot.model.internal.BasicValueBinder -- building BasicValue for coordinateID
12:32:29.216 [main] DEBUG org.hibernate.mapping.BasicValue -- Skipping column re-registration: storage_save.coordinate_id
12:32:29.216 [main] DEBUG org.hibernate.boot.model.internal.PropertyBinder -- Building property coordinateID
12:32:29.216 [main] DEBUG org.hibernate.boot.model.internal.AnnotatedColumn -- Binding column: AnnotatedColumn(column='product_name')
12:32:29.216 [main] DEBUG org.hibernate.boot.model.internal.PropertyBinder -- MetadataSourceProcessor property productName with lazy=false
12:32:29.217 [main] DEBUG org.hibernate.boot.model.internal.AbstractPropertyHolder -- Attempting to locate auto-apply AttributeConverter for property [com.pdcgame.Models.StorageItemSave:productName]
12:32:29.217 [main] DEBUG org.hibernate.boot.model.internal.BasicValueBinder -- building BasicValue for productName
12:32:29.217 [main] DEBUG org.hibernate.mapping.BasicValue -- Skipping column re-registration: storage_save.product_name
12:32:29.217 [main] DEBUG org.hibernate.boot.model.internal.PropertyBinder -- Building property productName
12:32:29.217 [main] DEBUG org.hibernate.boot.model.internal.AnnotatedColumn -- Binding column: AnnotatedColumn(column='quantity')
12:32:29.217 [main] DEBUG org.hibernate.boot.model.internal.PropertyBinder -- MetadataSourceProcessor property quantity with lazy=false
12:32:29.217 [main] DEBUG org.hibernate.boot.model.internal.AbstractPropertyHolder -- Attempting to locate auto-apply AttributeConverter for property [com.pdcgame.Models.StorageItemSave:quantity]
12:32:29.217 [main] DEBUG org.hibernate.boot.model.internal.BasicValueBinder -- building BasicValue for quantity
12:32:29.217 [main] DEBUG org.hibernate.mapping.BasicValue -- Skipping column re-registration: storage_save.quantity
12:32:29.217 [main] DEBUG org.hibernate.boot.model.internal.PropertyBinder -- Building property quantity
12:32:29.217 [main] DEBUG org.hibernate.boot.registry.classloading.internal.ClassLoaderServiceImpl -- HHH000194: Package not found or no package-info.java: com.pdcgame.Models
12:32:29.218 [main] DEBUG org.hibernate.boot.model.internal.BasicValueBinder -- Starting `BasicValueBinder#fillSimpleValue` for id
12:32:29.218 [main] DEBUG org.hibernate.boot.model.internal.BasicValueBinder -- Starting `BasicValueBinder#fillSimpleValue` for actions
12:32:29.218 [main] DEBUG org.hibernate.boot.model.internal.BasicValueBinder -- Starting `BasicValueBinder#fillSimpleValue` for balance
12:32:29.218 [main] DEBUG org.hibernate.boot.model.internal.BasicValueBinder -- Starting `BasicValueBinder#fillSimpleValue` for day
12:32:29.218 [main] DEBUG org.hibernate.boot.model.internal.BasicValueBinder -- Starting `BasicValueBinder#fillSimpleValue` for difficulty
12:32:29.219 [main] DEBUG org.hibernate.boot.model.internal.BasicValueBinder -- Starting `BasicValueBinder#fillSimpleValue` for gameSeed
12:32:29.219 [main] DEBUG org.hibernate.boot.model.internal.BasicValueBinder -- Starting `BasicValueBinder#fillSimpleValue` for rating
12:32:29.220 [main] DEBUG org.hibernate.boot.model.internal.BasicValueBinder -- Starting `BasicValueBinder#fillSimpleValue` for totalActions
12:32:29.220 [main] DEBUG org.hibernate.boot.model.internal.BasicValueBinder -- Starting `BasicValueBinder#fillSimpleValue` for productName
12:32:29.220 [main] DEBUG org.hibernate.boot.model.internal.BasicValueBinder -- Starting `BasicValueBinder#fillSimpleValue` for quantity
12:32:29.220 [main] DEBUG org.hibernate.boot.model.internal.BasicValueBinder -- Starting `BasicValueBinder#fillSimpleValue` for sellPrice
12:32:29.220 [main] DEBUG org.hibernate.boot.model.internal.BasicValueBinder -- Starting `BasicValueBinder#fillSimpleValue` for coordinateID
12:32:29.220 [main] DEBUG org.hibernate.boot.model.internal.BasicValueBinder -- Starting `BasicValueBinder#fillSimpleValue` for boardCell
12:32:29.220 [main] DEBUG org.hibernate.boot.model.internal.BasicValueBinder -- Starting `BasicValueBinder#fillSimpleValue` for id
12:32:29.221 [main] DEBUG org.hibernate.boot.model.internal.BasicValueBinder -- Starting `BasicValueBinder#fillSimpleValue` for coordinateID
12:32:29.221 [main] DEBUG org.hibernate.boot.model.internal.BasicValueBinder -- Starting `BasicValueBinder#fillSimpleValue` for productName
12:32:29.221 [main] DEBUG org.hibernate.boot.model.internal.BasicValueBinder -- Starting `BasicValueBinder#fillSimpleValue` for quantity
12:32:29.223 [main] DEBUG org.hibernate.mapping.PrimaryKey -- Forcing column [id] to be non-null as it is part of the primary key for table [game_save]
12:32:29.224 [main] DEBUG org.hibernate.mapping.PrimaryKey -- Forcing column [product_name] to be non-null as it is part of the primary key for table [inventory_save]
12:32:29.224 [main] DEBUG org.hibernate.mapping.PrimaryKey -- Forcing column [coordinateid] to be non-null as it is part of the primary key for table [board_save]
12:32:29.224 [main] DEBUG org.hibernate.mapping.PrimaryKey -- Forcing column [id] to be non-null as it is part of the primary key for table [storage_save]
12:32:29.340 [main] DEBUG org.hibernate.internal.SessionFactoryImpl -- Building session factory
12:32:29.362 [main] DEBUG org.hibernate.service.internal.SessionFactoryServiceRegistryImpl -- EventListenerRegistry access via ServiceRegistry is deprecated.  Use `sessionFactory.getEventEngine().getListenerRegistry()` instead
12:32:29.362 [main] DEBUG org.hibernate.internal.SessionFactoryImpl -- Instantiating SessionFactory with settings: {hibernate.format_sql=false, java.specification.version=21, sun.cpu.isalist=amd64, sun.jnu.encoding=Cp1252, hibernate.dialect=org.hibernate.dialect.DerbyDialect, java.class.path=C:\Users\prish\Documents\SupermarketSimulatorGUI\SupermarketSimulatorGUI\target\test-classes;C:\Users\prish\Documents\SupermarketSimulatorGUI\SupermarketSimulatorGUI\target\classes;C:\Users\prish\.m2\repository\org\hibernate\orm\hibernate-core\6.5.0.Final\hibernate-core-6.5.0.Final.jar;C:\Users\prish\.m2\repository\jakarta\persistence\jakarta.persistence-api\3.1.0\jakarta.persistence-api-3.1.0.jar;C:\Users\prish\.m2\repository\jakarta\transaction\jakarta.transaction-api\2.0.1\jakarta.transaction-api-2.0.1.jar;C:\Users\prish\.m2\repository\org\jboss\logging\jboss-logging\3.5.0.Final\jboss-logging-3.5.0.Final.jar;C:\Users\prish\.m2\repository\org\hibernate\common\hibernate-commons-annotations\6.0.6.Final\hibernate-commons-annotations-6.0.6.Final.jar;C:\Users\prish\.m2\repository\io\smallrye\jandex\3.1.2\jandex-3.1.2.jar;C:\Users\prish\.m2\repository\com\fasterxml\classmate\1.5.1\classmate-1.5.1.jar;C:\Users\prish\.m2\repository\net\bytebuddy\byte-buddy\1.14.12\byte-buddy-1.14.12.jar;C:\Users\prish\.m2\repository\jakarta\xml\bind\jakarta.xml.bind-api\4.0.0\jakarta.xml.bind-api-4.0.0.jar;C:\Users\prish\.m2\repository\jakarta\activation\jakarta.activation-api\2.1.0\jakarta.activation-api-2.1.0.jar;C:\Users\prish\.m2\repository\org\glassfish\jaxb\jaxb-runtime\4.0.2\jaxb-runtime-4.0.2.jar;C:\Users\prish\.m2\repository\org\glassfish\jaxb\jaxb-core\4.0.2\jaxb-core-4.0.2.jar;C:\Users\prish\.m2\repository\org\eclipse\angus\angus-activation\2.0.0\angus-activation-2.0.0.jar;C:\Users\prish\.m2\repository\org\glassfish\jaxb\txw2\4.0.2\txw2-4.0.2.jar;C:\Users\prish\.m2\repository\com\sun\istack\istack-commons-runtime\4.1.1\istack-commons-runtime-4.1.1.jar;C:\Users\prish\.m2\repository\jakarta\inject\jakarta.inject-api\2.0.1\jakarta.inject-api-2.0.1.jar;C:\Users\prish\.m2\repository\org\antlr\antlr4-runtime\4.13.0\antlr4-runtime-4.13.0.jar;C:\Users\prish\.m2\repository\org\apache\derby\derby\10.17.1.0\derby-10.17.1.0.jar;C:\Users\prish\.m2\repository\org\apache\derby\derbyshared\10.17.1.0\derbyshared-10.17.1.0.jar;C:\Users\prish\.m2\repository\org\apache\derby\derbyclient\10.17.1.0\derbyclient-10.17.1.0.jar;C:\Users\prish\.m2\repository\org\apache\derby\derbytools\10.17.1.0\derbytools-10.17.1.0.jar;C:\Users\prish\.m2\repository\org\slf4j\slf4j-api\2.0.13\slf4j-api-2.0.13.jar;C:\Users\prish\.m2\repository\ch\qos\logback\logback-classic\1.5.6\logback-classic-1.5.6.jar;C:\Users\prish\.m2\repository\ch\qos\logback\logback-core\1.5.6\logback-core-1.5.6.jar;C:\Users\prish\.m2\repository\junit\junit\4.13.2\junit-4.13.2.jar;C:\Users\prish\.m2\repository\org\hamcrest\hamcrest-core\1.3\hamcrest-core-1.3.jar;, sun.awt.enableExtraMouseButtons=true, java.vm.vendor=Oracle Corporation, sun.arch.data.model=64, user.variant=, java.vendor.url=https://java.oracle.com/, user.timezone=Pacific/Auckland, java.vm.specification.version=21, os.name=Windows 11, sun.java.launcher=SUN_STANDARD, user.country=AU, sun.boot.library.path=C:\Program Files\Java\jdk-21\bin, sun.java.command=C:\Users\prish\AppData\Local\Temp\surefire15678458209395325855\surefirebooter-20250616123227660_3.jar C:\Users\prish\AppData\Local\Temp\surefire15678458209395325855 2025-06-16T12-32-27_554-jvmRun1 surefire-20250616123227660_1tmp surefire_0-20250616123227660_2tmp, jdk.debug=release, surefire.test.class.path=C:\Users\prish\Documents\SupermarketSimulatorGUI\SupermarketSimulatorGUI\target\test-classes;C:\Users\prish\Documents\SupermarketSimulatorGUI\SupermarketSimulatorGUI\target\classes;C:\Users\prish\.m2\repository\org\hibernate\orm\hibernate-core\6.5.0.Final\hibernate-core-6.5.0.Final.jar;C:\Users\prish\.m2\repository\jakarta\persistence\jakarta.persistence-api\3.1.0\jakarta.persistence-api-3.1.0.jar;C:\Users\prish\.m2\repository\jakarta\transaction\jakarta.transaction-api\2.0.1\jakarta.transaction-api-2.0.1.jar;C:\Users\prish\.m2\repository\org\jboss\logging\jboss-logging\3.5.0.Final\jboss-logging-3.5.0.Final.jar;C:\Users\prish\.m2\repository\org\hibernate\common\hibernate-commons-annotations\6.0.6.Final\hibernate-commons-annotations-6.0.6.Final.jar;C:\Users\prish\.m2\repository\io\smallrye\jandex\3.1.2\jandex-3.1.2.jar;C:\Users\prish\.m2\repository\com\fasterxml\classmate\1.5.1\classmate-1.5.1.jar;C:\Users\prish\.m2\repository\net\bytebuddy\byte-buddy\1.14.12\byte-buddy-1.14.12.jar;C:\Users\prish\.m2\repository\jakarta\xml\bind\jakarta.xml.bind-api\4.0.0\jakarta.xml.bind-api-4.0.0.jar;C:\Users\prish\.m2\repository\jakarta\activation\jakarta.activation-api\2.1.0\jakarta.activation-api-2.1.0.jar;C:\Users\prish\.m2\repository\org\glassfish\jaxb\jaxb-runtime\4.0.2\jaxb-runtime-4.0.2.jar;C:\Users\prish\.m2\repository\org\glassfish\jaxb\jaxb-core\4.0.2\jaxb-core-4.0.2.jar;C:\Users\prish\.m2\repository\org\eclipse\angus\angus-activation\2.0.0\angus-activation-2.0.0.jar;C:\Users\prish\.m2\repository\org\glassfish\jaxb\txw2\4.0.2\txw2-4.0.2.jar;C:\Users\prish\.m2\repository\com\sun\istack\istack-commons-runtime\4.1.1\istack-commons-runtime-4.1.1.jar;C:\Users\prish\.m2\repository\jakarta\inject\jakarta.inject-api\2.0.1\jakarta.inject-api-2.0.1.jar;C:\Users\prish\.m2\repository\org\antlr\antlr4-runtime\4.13.0\antlr4-runtime-4.13.0.jar;C:\Users\prish\.m2\repository\org\apache\derby\derby\10.17.1.0\derby-10.17.1.0.jar;C:\Users\prish\.m2\repository\org\apache\derby\derbyshared\10.17.1.0\derbyshared-10.17.1.0.jar;C:\Users\prish\.m2\repository\org\apache\derby\derbyclient\10.17.1.0\derbyclient-10.17.1.0.jar;C:\Users\prish\.m2\repository\org\apache\derby\derbytools\10.17.1.0\derbytools-10.17.1.0.jar;C:\Users\prish\.m2\repository\org\slf4j\slf4j-api\2.0.13\slf4j-api-2.0.13.jar;C:\Users\prish\.m2\repository\ch\qos\logback\logback-classic\1.5.6\logback-classic-1.5.6.jar;C:\Users\prish\.m2\repository\ch\qos\logback\logback-core\1.5.6\logback-core-1.5.6.jar;C:\Users\prish\.m2\repository\junit\junit\4.13.2\junit-4.13.2.jar;C:\Users\prish\.m2\repository\org\hamcrest\hamcrest-core\1.3\hamcrest-core-1.3.jar;, sun.cpu.endian=little, user.home=C:\Users\prish, user.language=en, java.specification.vendor=Oracle Corporation, java.version.date=2024-10-15, java.home=C:\Program Files\Java\jdk-21, file.separator=\, basedir=C:\Users\prish\Documents\SupermarketSimulatorGUI\SupermarketSimulatorGUI, java.vm.compressedOopsMode=Zero based, line.separator=
, java.vm.specification.vendor=Oracle Corporation, java.specification.name=Java Platform API Specification, surefire.real.class.path=C:\Users\prish\AppData\Local\Temp\surefire15678458209395325855\surefirebooter-20250616123227660_3.jar, hibernate.hbm2ddl.auto=update, user.script=, sun.management.compiler=HotSpot 64-Bit Tiered Compilers, java.runtime.version=21.0.5+9-LTS-239, user.name=prish, stdout.encoding=Cp1252, path.separator=;, hibernate.connection.username=****, os.version=10.0, java.runtime.name=Java(TM) SE Runtime Environment, hibernate.connection.url=jdbc:derby:database/SupermarketDB;create=true, file.encoding=UTF-8, java.vm.name=Java HotSpot(TM) 64-Bit Server VM, hibernate.show_sql=false, maven.ext.class.path=C:\Program Files\NetBeans-23\netbeans\java\maven-nblib\netbeans-eventspy.jar, localRepository=C:\Users\prish\.m2\repository, hibernate.connection.driver_class=org.apache.derby.jdbc.EmbeddedDriver, java.vendor.url.bug=https://bugreport.java.com/bugreport/, java.io.tmpdir=C:\Users\prish\AppData\Local\Temp\, java.version=21.0.5, user.dir=C:\Users\prish\Documents\SupermarketSimulatorGUI\SupermarketSimulatorGUI, os.arch=amd64, java.vm.specification.name=Java Virtual Machine Specification, hibernate.connection.password=****, sun.os.patch.level=, hibernate.boot.CfgXmlAccessService.key=org.hibernate.boot.cfgxml.spi.LoadedConfig@1ac730cd, native.encoding=Cp1252, java.library.path=C:\Program Files\Java\jdk-21\bin;C:\WINDOWS\Sun\Java\bin;C:\WINDOWS\system32;C:\WINDOWS;C:\Program Files\Common Files\Oracle\Java\javapath;C:\WINDOWS\system32;C:\WINDOWS;C:\WINDOWS\System32\Wbem;C:\WINDOWS\System32\WindowsPowerShell\v1.0\;C:\WINDOWS\System32\OpenSSH\;C:\Program Files (x86)\NVIDIA Corporation\PhysX\Common;C:\Program Files\NVIDIA Corporation\NVIDIA app\NvDLISR;C:\Program Files\Git\cmd;C:\Users\prish\AppData\Local\Microsoft\WindowsApps;C:\Users\prish\AppData\Local\Programs\Microsoft VS Code\bin;C:\Users\prish\AppData\Local\JetBrains\Toolbox\scripts;C:\Users\prish\AppData\Local\GitHubDesktop\bin;., stderr.encoding=Cp1252, java.vendor=Oracle Corporation, java.vm.info=mixed mode, sharing, java.vm.version=21.0.5+9-LTS-239, sun.io.unicode.encoding=UnicodeLittle, java.class.version=65.0}
12:32:29.364 [main] DEBUG org.hibernate.internal.SessionFactoryImpl -- Session factory constructed with filter configurations : {}
12:32:29.389 [main] DEBUG org.hibernate.query.sqm.function.SqmFunctionRegistry -- Registered SqmFunctionTemplate [NamedSqmFunctionTemplate(max)] under max; prior registration was null
12:32:29.389 [main] DEBUG org.hibernate.query.sqm.function.SqmFunctionRegistry -- Registered SqmFunctionTemplate [NamedSqmFunctionTemplate(min)] under min; prior registration was null
12:32:29.389 [main] DEBUG org.hibernate.query.sqm.function.SqmFunctionRegistry -- Registered SqmFunctionTemplate [NamedSqmFunctionTemplate(sum)] under sum; prior registration was null
12:32:29.390 [main] DEBUG org.hibernate.query.sqm.function.SqmFunctionRegistry -- Registered SqmFunctionTemplate [NamedSqmFunctionTemplate(avg)] under avg; prior registration was null
12:32:29.390 [main] DEBUG org.hibernate.query.sqm.function.SqmFunctionRegistry -- Registered SqmFunctionTemplate [org.hibernate.dialect.function.CountFunction@2df65a56] under count; prior registration was null
12:32:29.393 [main] DEBUG org.hibernate.query.sqm.function.SqmFunctionRegistry -- Registered SqmFunctionTemplate [org.hibernate.dialect.function.EveryAnyEmulation@3f857e08] under every; prior registration was null
12:32:29.393 [main] DEBUG org.hibernate.query.sqm.function.SqmFunctionRegistry -- Registered SqmFunctionTemplate [org.hibernate.dialect.function.EveryAnyEmulation@6070775e] under any; prior registration was null
12:32:29.393 [main] DEBUG org.hibernate.query.sqm.function.SqmFunctionRegistry -- Registered SqmFunctionTemplate [NamedSqmFunctionTemplate(floor)] under floor; prior registration was null
12:32:29.393 [main] DEBUG org.hibernate.query.sqm.function.SqmFunctionRegistry -- Registered SqmFunctionTemplate [NamedSqmFunctionTemplate(ceiling)] under ceiling; prior registration was null
12:32:29.393 [main] DEBUG org.hibernate.query.sqm.function.SqmFunctionRegistry -- Registered SqmFunctionTemplate [NamedSqmFunctionTemplate(mod)] under mod; prior registration was null
12:32:29.393 [main] DEBUG org.hibernate.query.sqm.function.SqmFunctionRegistry -- Registered SqmFunctionTemplate [NamedSqmFunctionTemplate(abs)] under abs; prior registration was null
12:32:29.393 [main] DEBUG org.hibernate.query.sqm.function.SqmFunctionRegistry -- Registered SqmFunctionTemplate [NamedSqmFunctionTemplate(sign)] under sign; prior registration was null
12:32:29.393 [main] DEBUG org.hibernate.query.sqm.function.SqmFunctionRegistry -- Registered SqmFunctionTemplate [NamedSqmFunctionTemplate(sqrt)] under sqrt; prior registration was null
12:32:29.393 [main] DEBUG org.hibernate.query.sqm.function.SqmFunctionRegistry -- Registered SqmFunctionTemplate [NamedSqmFunctionTemplate(ln)] under ln; prior registration was null
12:32:29.393 [main] DEBUG org.hibernate.query.sqm.function.SqmFunctionRegistry -- Registered SqmFunctionTemplate [NamedSqmFunctionTemplate(exp)] under exp; prior registration was null
12:32:29.393 [main] DEBUG org.hibernate.query.sqm.function.SqmFunctionRegistry -- Registered SqmFunctionTemplate [NamedSqmFunctionTemplate(power)] under power; prior registration was null
12:32:29.393 [main] DEBUG org.hibernate.query.sqm.function.SqmFunctionRegistry -- Registered SqmFunctionTemplate [NamedSqmFunctionTemplate(round)] under round; prior registration was null
12:32:29.393 [main] DEBUG org.hibernate.query.sqm.function.SqmFunctionRegistry -- Registered SqmFunctionTemplate [NamedSqmFunctionTemplate(sin)] under sin; prior registration was null
12:32:29.393 [main] DEBUG org.hibernate.query.sqm.function.SqmFunctionRegistry -- Registered SqmFunctionTemplate [NamedSqmFunctionTemplate(cos)] under cos; prior registration was null
12:32:29.393 [main] DEBUG org.hibernate.query.sqm.function.SqmFunctionRegistry -- Registered SqmFunctionTemplate [NamedSqmFunctionTemplate(tan)] under tan; prior registration was null
12:32:29.394 [main] DEBUG org.hibernate.query.sqm.function.SqmFunctionRegistry -- Registered SqmFunctionTemplate [NamedSqmFunctionTemplate(asin)] under asin; prior registration was null
12:32:29.394 [main] DEBUG org.hibernate.query.sqm.function.SqmFunctionRegistry -- Registered SqmFunctionTemplate [NamedSqmFunctionTemplate(acos)] under acos; prior registration was null
12:32:29.394 [main] DEBUG org.hibernate.query.sqm.function.SqmFunctionRegistry -- Registered SqmFunctionTemplate [NamedSqmFunctionTemplate(atan)] under atan; prior registration was null
12:32:29.394 [main] DEBUG org.hibernate.query.sqm.function.SqmFunctionRegistry -- Registered SqmFunctionTemplate [NamedSqmFunctionTemplate(atan2)] under atan2; prior registration was null
12:32:29.395 [main] DEBUG org.hibernate.query.sqm.function.SqmFunctionRegistry -- Registered SqmFunctionTemplate [org.hibernate.query.sqm.function.PatternBasedSqmFunctionDescriptor@35bd8bc9] under sinh; prior registration was null
12:32:29.395 [main] DEBUG org.hibernate.query.sqm.function.SqmFunctionRegistry -- Registered SqmFunctionTemplate [org.hibernate.query.sqm.function.PatternBasedSqmFunctionDescriptor@6de004f1] under cosh; prior registration was null
12:32:29.395 [main] DEBUG org.hibernate.query.sqm.function.SqmFunctionRegistry -- Registered SqmFunctionTemplate [org.hibernate.query.sqm.function.PatternBasedSqmFunctionDescriptor@45d56062] under tanh; prior registration was null
12:32:29.395 [main] DEBUG org.hibernate.query.sqm.function.SqmFunctionRegistry -- Registered SqmFunctionTemplate [org.hibernate.query.sqm.function.PatternBasedSqmFunctionDescriptor@4026461d] under pi; prior registration was null
12:32:29.395 [main] DEBUG org.hibernate.query.sqm.function.SqmFunctionRegistry -- Registered SqmFunctionTemplate [org.hibernate.query.sqm.function.PatternBasedSqmFunctionDescriptor@191c6e13] under log; prior registration was null
12:32:29.395 [main] DEBUG org.hibernate.query.sqm.function.SqmFunctionRegistry -- Registered SqmFunctionTemplate [NamedSqmFunctionTemplate(coalesce)] under coalesce; prior registration was null
12:32:29.395 [main] DEBUG org.hibernate.query.sqm.function.SqmFunctionRegistry -- Registered SqmFunctionTemplate [NamedSqmFunctionTemplate(nullif)] under nullif; prior registration was null
12:32:29.395 [main] DEBUG org.hibernate.query.sqm.function.SqmFunctionRegistry -- Registered SqmFunctionTemplate [NamedSqmFunctionTemplate(left)] under left; prior registration was null
12:32:29.395 [main] DEBUG org.hibernate.query.sqm.function.SqmFunctionRegistry -- Registered SqmFunctionTemplate [NamedSqmFunctionTemplate(right)] under right; prior registration was null
12:32:29.395 [main] DEBUG org.hibernate.query.sqm.function.SqmFunctionRegistry -- Registered SqmFunctionTemplate [NamedSqmFunctionTemplate(replace)] under replace; prior registration was null
12:32:29.396 [main] DEBUG org.hibernate.query.sqm.function.SqmFunctionRegistry -- Registered SqmFunctionTemplate [NamedSqmFunctionTemplate(concat)] under concat; prior registration was null
12:32:29.396 [main] DEBUG org.hibernate.query.sqm.function.SqmFunctionRegistry -- Registered SqmFunctionTemplate [NamedSqmFunctionTemplate(lower)] under lower; prior registration was null
12:32:29.396 [main] DEBUG org.hibernate.query.sqm.function.SqmFunctionRegistry -- Registered SqmFunctionTemplate [NamedSqmFunctionTemplate(upper)] under upper; prior registration was null
12:32:29.396 [main] DEBUG org.hibernate.query.sqm.function.SqmFunctionRegistry -- Registered SqmFunctionTemplate [NamedSqmFunctionTemplate(substring)] under substring; prior registration was null
12:32:29.396 [main] DEBUG org.hibernate.query.sqm.function.SqmFunctionRegistry -- Registered SqmFunctionTemplate [NamedSqmFunctionTemplate(locate)] under locate; prior registration was null
12:32:29.396 [main] DEBUG org.hibernate.query.sqm.function.SqmFunctionRegistry -- Registered SqmFunctionTemplate [NamedSqmFunctionTemplate(character_length)] under character_length; prior registration was null
12:32:29.396 [main] DEBUG org.hibernate.query.sqm.function.SqmFunctionRegistry -- Registering alternate key : length -> character_length
12:32:29.396 [main] DEBUG org.hibernate.query.sqm.function.SqmFunctionRegistry -- Registered SqmFunctionTemplate [org.hibernate.dialect.function.LocatePositionEmulation@28a6e171] under position; prior registration was null
12:32:29.397 [main] DEBUG org.hibernate.query.sqm.function.SqmFunctionRegistry -- Registered SqmFunctionTemplate [org.hibernate.dialect.function.InsertSubstringOverlayEmulation@474749b8] under overlay; prior registration was null
12:32:29.397 [main] DEBUG org.hibernate.query.sqm.function.SqmFunctionRegistry -- Registered SqmFunctionTemplate [org.hibernate.dialect.function.TrimFunction@5b2b8d86] under trim; prior registration was null
12:32:29.397 [main] DEBUG org.hibernate.query.sqm.function.SqmFunctionRegistry -- Registered SqmFunctionTemplate [org.hibernate.dialect.function.CastFunction@14b528b6] under cast; prior registration was null
12:32:29.397 [main] DEBUG org.hibernate.query.sqm.function.SqmFunctionRegistry -- Registered SqmFunctionTemplate [org.hibernate.query.sqm.function.PatternBasedSqmFunctionDescriptor@c412556] under collate; prior registration was null
12:32:29.399 [main] DEBUG org.hibernate.query.sqm.function.SqmFunctionRegistry -- Registered SqmFunctionTemplate [org.hibernate.dialect.function.ExtractFunction@7d2c9361] under extract; prior registration was null
12:32:29.399 [main] DEBUG org.hibernate.query.sqm.function.SqmFunctionRegistry -- Registered SqmFunctionTemplate [NamedSqmFunctionTemplate(least)] under least; prior registration was null
12:32:29.399 [main] DEBUG org.hibernate.query.sqm.function.SqmFunctionRegistry -- Registered SqmFunctionTemplate [NamedSqmFunctionTemplate(greatest)] under greatest; prior registration was null
12:32:29.399 [main] DEBUG org.hibernate.query.sqm.function.SqmFunctionRegistry -- Registered SqmFunctionTemplate [org.hibernate.dialect.function.CoalesceIfnullEmulation@7d2c345d] under ifnull; prior registration was null
12:32:29.399 [main] DEBUG org.hibernate.query.sqm.function.SqmFunctionRegistry -- Registered SqmFunctionTemplate [NamedSqmFunctionTemplate(lpad)] under lpad; prior registration was null
12:32:29.399 [main] DEBUG org.hibernate.query.sqm.function.SqmFunctionRegistry -- Registered SqmFunctionTemplate [NamedSqmFunctionTemplate(rpad)] under rpad; prior registration was null
12:32:29.399 [main] DEBUG org.hibernate.query.sqm.function.SqmFunctionRegistry -- Registered SqmFunctionTemplate [org.hibernate.dialect.function.LpadRpadPadEmulation@357c9bd9] under pad; prior registration was null
12:32:29.399 [main] DEBUG org.hibernate.query.sqm.function.SqmFunctionRegistry -- Registered SqmFunctionTemplate [org.hibernate.dialect.function.CastStrEmulation@632383b9] under str; prior registration was null
12:32:29.400 [main] DEBUG org.hibernate.query.sqm.function.SqmFunctionRegistry -- Registered SqmFunctionTemplate [org.hibernate.dialect.function.FormatFunction@3e28d779] under format; prior registration was null
12:32:29.400 [main] DEBUG org.hibernate.query.sqm.function.SqmFunctionRegistry -- Registered SqmFunctionTemplate [org.hibernate.dialect.function.TimestampaddFunction@426131d7] under timestampadd; prior registration was null
12:32:29.401 [main] DEBUG org.hibernate.query.sqm.function.SqmFunctionRegistry -- Registered SqmFunctionTemplate [org.hibernate.dialect.function.TimestampdiffFunction@49580ca8] under timestampdiff; prior registration was null
12:32:29.401 [main] DEBUG org.hibernate.query.sqm.function.SqmFunctionRegistry -- Registering alternate key : dateadd -> timestampadd
12:32:29.401 [main] DEBUG org.hibernate.query.sqm.function.SqmFunctionRegistry -- Registering alternate key : datediff -> timestampdiff
12:32:29.401 [main] DEBUG org.hibernate.query.sqm.function.SqmFunctionRegistry -- Registered SqmFunctionTemplate [org.hibernate.dialect.function.CurrentFunction@29962b2f] under current_date; prior registration was null
12:32:29.401 [main] DEBUG org.hibernate.query.sqm.function.SqmFunctionRegistry -- Registered SqmFunctionTemplate [org.hibernate.dialect.function.CurrentFunction@491f8831] under current_time; prior registration was null
12:32:29.401 [main] DEBUG org.hibernate.query.sqm.function.SqmFunctionRegistry -- Registered SqmFunctionTemplate [org.hibernate.dialect.function.CurrentFunction@691541bc] under current_timestamp; prior registration was null
12:32:29.401 [main] DEBUG org.hibernate.query.sqm.function.SqmFunctionRegistry -- Registering alternate key : current date -> current_date
12:32:29.401 [main] DEBUG org.hibernate.query.sqm.function.SqmFunctionRegistry -- Registering alternate key : current time -> current_time
12:32:29.401 [main] DEBUG org.hibernate.query.sqm.function.SqmFunctionRegistry -- Registering alternate key : current timestamp -> current_timestamp
12:32:29.401 [main] DEBUG org.hibernate.query.sqm.function.SqmFunctionRegistry -- Registered SqmFunctionTemplate [org.hibernate.dialect.function.CurrentFunction@5b733ef7] under local_date; prior registration was null
12:32:29.401 [main] DEBUG org.hibernate.query.sqm.function.SqmFunctionRegistry -- Registered SqmFunctionTemplate [org.hibernate.dialect.function.CurrentFunction@43a4a9e5] under local_time; prior registration was null
12:32:29.401 [main] DEBUG org.hibernate.query.sqm.function.SqmFunctionRegistry -- Registered SqmFunctionTemplate [org.hibernate.dialect.function.CurrentFunction@764fffa0] under local_datetime; prior registration was null
12:32:29.401 [main] DEBUG org.hibernate.query.sqm.function.SqmFunctionRegistry -- Registered SqmFunctionTemplate [org.hibernate.dialect.function.CurrentFunction@35145874] under offset_datetime; prior registration was null
12:32:29.401 [main] DEBUG org.hibernate.query.sqm.function.SqmFunctionRegistry -- Registering alternate key : local date -> local_date
12:32:29.401 [main] DEBUG org.hibernate.query.sqm.function.SqmFunctionRegistry -- Registering alternate key : local time -> local_time
12:32:29.401 [main] DEBUG org.hibernate.query.sqm.function.SqmFunctionRegistry -- Registering alternate key : local datetime -> local_datetime
12:32:29.401 [main] DEBUG org.hibernate.query.sqm.function.SqmFunctionRegistry -- Registering alternate key : offset datetime -> offset_datetime
12:32:29.401 [main] DEBUG org.hibernate.query.sqm.function.SqmFunctionRegistry -- Registered SqmFunctionTemplate [org.hibernate.dialect.function.CurrentFunction@77524ca7] under instant; prior registration was null
12:32:29.401 [main] DEBUG org.hibernate.query.sqm.function.SqmFunctionRegistry -- Registering alternate key : current_instant -> instant
12:32:29.401 [main] DEBUG org.hibernate.query.sqm.function.SqmFunctionRegistry -- Registered SqmFunctionTemplate [org.hibernate.dialect.function.SqlFunction@6af609ea] under sql; prior registration was null
12:32:29.401 [main] DEBUG org.hibernate.query.sqm.function.SqmFunctionRegistry -- Registered SqmFunctionTemplate [NamedSqmFunctionTemplate(max)] under max; prior registration was NamedSqmFunctionTemplate(max)
12:32:29.401 [main] DEBUG org.hibernate.query.sqm.function.SqmFunctionRegistry -- Registered SqmFunctionTemplate [NamedSqmFunctionTemplate(min)] under min; prior registration was NamedSqmFunctionTemplate(min)
12:32:29.401 [main] DEBUG org.hibernate.query.sqm.function.SqmFunctionRegistry -- Registered SqmFunctionTemplate [NamedSqmFunctionTemplate(sum)] under sum; prior registration was NamedSqmFunctionTemplate(sum)
12:32:29.401 [main] DEBUG org.hibernate.query.sqm.function.SqmFunctionRegistry -- Registered SqmFunctionTemplate [NamedSqmFunctionTemplate(avg)] under avg; prior registration was NamedSqmFunctionTemplate(avg)
12:32:29.401 [main] DEBUG org.hibernate.query.sqm.function.SqmFunctionRegistry -- Registered SqmFunctionTemplate [org.hibernate.dialect.function.CountFunction@280fafd] under count; prior registration was org.hibernate.dialect.function.CountFunction@2df65a56
12:32:29.402 [main] DEBUG org.hibernate.query.sqm.function.SqmFunctionRegistry -- Registered SqmFunctionTemplate [org.hibernate.dialect.function.CountFunction@39e53bef] under count; prior registration was org.hibernate.dialect.function.CountFunction@280fafd
12:32:29.402 [main] DEBUG org.hibernate.query.sqm.function.SqmFunctionRegistry -- Registered SqmFunctionTemplate [org.hibernate.dialect.function.AvgFunction@5b29ab61] under avg; prior registration was NamedSqmFunctionTemplate(avg)
12:32:29.402 [main] DEBUG org.hibernate.query.sqm.function.SqmFunctionRegistry -- Registered SqmFunctionTemplate [org.hibernate.dialect.function.ChrLiteralEmulation@437c4b25] under chr; prior registration was null
12:32:29.402 [main] DEBUG org.hibernate.query.sqm.function.SqmFunctionRegistry -- Registered SqmFunctionTemplate [org.hibernate.query.sqm.function.PatternBasedSqmFunctionDescriptor@5ec6fede] under concat; prior registration was NamedSqmFunctionTemplate(concat)
12:32:29.402 [main] DEBUG org.hibernate.query.sqm.function.SqmFunctionRegistry -- Registered SqmFunctionTemplate [NamedSqmFunctionTemplate(cot)] under cot; prior registration was null
12:32:29.402 [main] DEBUG org.hibernate.query.sqm.function.SqmFunctionRegistry -- Registered SqmFunctionTemplate [NamedSqmFunctionTemplate(degrees)] under degrees; prior registration was null
12:32:29.402 [main] DEBUG org.hibernate.query.sqm.function.SqmFunctionRegistry -- Registered SqmFunctionTemplate [NamedSqmFunctionTemplate(radians)] under radians; prior registration was null
12:32:29.402 [main] DEBUG org.hibernate.query.sqm.function.SqmFunctionRegistry -- Registered SqmFunctionTemplate [NamedSqmFunctionTemplate(log10)] under log10; prior registration was null
12:32:29.402 [main] DEBUG org.hibernate.query.sqm.function.SqmFunctionRegistry -- Registered SqmFunctionTemplate [NamedSqmFunctionTemplate(sinh)] under sinh; prior registration was org.hibernate.query.sqm.function.PatternBasedSqmFunctionDescriptor@35bd8bc9
12:32:29.402 [main] DEBUG org.hibernate.query.sqm.function.SqmFunctionRegistry -- Registered SqmFunctionTemplate [NamedSqmFunctionTemplate(cosh)] under cosh; prior registration was org.hibernate.query.sqm.function.PatternBasedSqmFunctionDescriptor@6de004f1
12:32:29.402 [main] DEBUG org.hibernate.query.sqm.function.SqmFunctionRegistry -- Registered SqmFunctionTemplate [NamedSqmFunctionTemplate(tanh)] under tanh; prior registration was org.hibernate.query.sqm.function.PatternBasedSqmFunctionDescriptor@45d56062
12:32:29.402 [main] DEBUG org.hibernate.query.sqm.function.SqmFunctionRegistry -- Registered SqmFunctionTemplate [NamedSqmFunctionTemplate(pi)] under pi; prior registration was org.hibernate.query.sqm.function.PatternBasedSqmFunctionDescriptor@4026461d
12:32:29.402 [main] DEBUG org.hibernate.query.sqm.function.SqmFunctionRegistry -- Registered SqmFunctionTemplate [NamedSqmFunctionTemplate(rand)] under rand; prior registration was null
12:32:29.402 [main] DEBUG org.hibernate.query.sqm.function.SqmFunctionRegistry -- Registered SqmFunctionTemplate [NamedSqmFunctionTemplate(ltrim)] under ltrim; prior registration was null
12:32:29.402 [main] DEBUG org.hibernate.query.sqm.function.SqmFunctionRegistry -- Registered SqmFunctionTemplate [NamedSqmFunctionTemplate(rtrim)] under rtrim; prior registration was null
12:32:29.402 [main] DEBUG org.hibernate.query.sqm.function.SqmFunctionRegistry -- Registered SqmFunctionTemplate [NamedSqmFunctionTemplate(hour)] under hour; prior registration was null
12:32:29.402 [main] DEBUG org.hibernate.query.sqm.function.SqmFunctionRegistry -- Registered SqmFunctionTemplate [NamedSqmFunctionTemplate(minute)] under minute; prior registration was null
12:32:29.402 [main] DEBUG org.hibernate.query.sqm.function.SqmFunctionRegistry -- Registered SqmFunctionTemplate [NamedSqmFunctionTemplate(second)] under second; prior registration was null
12:32:29.402 [main] DEBUG org.hibernate.query.sqm.function.SqmFunctionRegistry -- Registered SqmFunctionTemplate [NamedSqmFunctionTemplate(microsecond)] under microsecond; prior registration was null
12:32:29.402 [main] DEBUG org.hibernate.query.sqm.function.SqmFunctionRegistry -- Registered SqmFunctionTemplate [NamedSqmFunctionTemplate(day)] under day; prior registration was null
12:32:29.402 [main] DEBUG org.hibernate.query.sqm.function.SqmFunctionRegistry -- Registered SqmFunctionTemplate [NamedSqmFunctionTemplate(month)] under month; prior registration was null
12:32:29.402 [main] DEBUG org.hibernate.query.sqm.function.SqmFunctionRegistry -- Registered SqmFunctionTemplate [NamedSqmFunctionTemplate(year)] under year; prior registration was null
12:32:29.402 [main] DEBUG org.hibernate.query.sqm.function.SqmFunctionRegistry -- Registered SqmFunctionTemplate [NamedSqmFunctionTemplate(var_pop)] under var_pop; prior registration was null
12:32:29.402 [main] DEBUG org.hibernate.query.sqm.function.SqmFunctionRegistry -- Registered SqmFunctionTemplate [NamedSqmFunctionTemplate(var_samp)] under var_samp; prior registration was null
12:32:29.402 [main] DEBUG org.hibernate.query.sqm.function.SqmFunctionRegistry -- Registered SqmFunctionTemplate [NamedSqmFunctionTemplate(stddev_pop)] under stddev_pop; prior registration was null
12:32:29.402 [main] DEBUG org.hibernate.query.sqm.function.SqmFunctionRegistry -- Registered SqmFunctionTemplate [NamedSqmFunctionTemplate(stddev_samp)] under stddev_samp; prior registration was null
12:32:29.402 [main] DEBUG org.hibernate.query.sqm.function.SqmFunctionRegistry -- Registered SqmFunctionTemplate [NamedSqmFunctionTemplate(substr)] under substring; prior registration was NamedSqmFunctionTemplate(substring)
12:32:29.402 [main] DEBUG org.hibernate.query.sqm.function.SqmFunctionRegistry -- Registered SqmFunctionTemplate [org.hibernate.query.sqm.function.PatternBasedSqmFunctionDescriptor@580902cd] under left; prior registration was NamedSqmFunctionTemplate(left)
12:32:29.402 [main] DEBUG org.hibernate.query.sqm.function.SqmFunctionRegistry -- Registered SqmFunctionTemplate [org.hibernate.query.sqm.function.PatternBasedSqmFunctionDescriptor@3757e8e2] under right; prior registration was NamedSqmFunctionTemplate(right)
12:32:29.402 [main] DEBUG org.hibernate.query.sqm.function.SqmFunctionRegistry -- Registered SqmFunctionTemplate [NamedSqmFunctionTemplate(length)] under length; prior registration was null
12:32:29.402 [main] DEBUG org.hibernate.query.sqm.function.SqmFunctionRegistry -- Registering alternate key : character_length -> length
12:32:29.402 [main] DEBUG org.hibernate.query.sqm.function.SqmFunctionRegistry -- Registered SqmFunctionTemplate [org.hibernate.query.sqm.function.PatternBasedSqmFunctionDescriptor@1653b84e] under power; prior registration was NamedSqmFunctionTemplate(power)
12:32:29.403 [main] DEBUG org.hibernate.query.sqm.function.SqmFunctionRegistry -- Registered SqmFunctionTemplate [org.hibernate.query.sqm.function.MultipatternSqmFunctionDescriptor@6c075e9d] under round; prior registration was NamedSqmFunctionTemplate(round)
12:32:29.403 [main] DEBUG org.hibernate.query.sqm.function.SqmFunctionRegistry -- Registered SqmFunctionTemplate [org.hibernate.dialect.function.TruncFunction@33d7765a] under trunc; prior registration was null
12:32:29.403 [main] DEBUG org.hibernate.query.sqm.function.SqmFunctionRegistry -- Registering alternate key : truncate -> trunc
12:32:29.403 [main] DEBUG org.hibernate.query.sqm.function.SqmFunctionRegistry -- Registered SqmFunctionTemplate [org.hibernate.query.sqm.function.PatternBasedSqmFunctionDescriptor@69ed5ea2] under octet_length; prior registration was null
12:32:29.403 [main] DEBUG org.hibernate.query.sqm.function.SqmFunctionRegistry -- Registered SqmFunctionTemplate [org.hibernate.query.sqm.function.PatternBasedSqmFunctionDescriptor@56a4abd0] under bit_length; prior registration was null
12:32:29.404 [main] DEBUG org.hibernate.query.sqm.function.SqmFunctionRegistry -- Registered SqmFunctionTemplate [org.hibernate.dialect.function.CastingConcatFunction@269222ae] under concat; prior registration was org.hibernate.query.sqm.function.PatternBasedSqmFunctionDescriptor@5ec6fede
12:32:29.404 [main] DEBUG org.hibernate.query.sqm.function.SqmFunctionRegistry -- Registered SqmFunctionTemplate [org.hibernate.dialect.function.DerbyLpadEmulation@7d3691e1] under lpad; prior registration was NamedSqmFunctionTemplate(lpad)
12:32:29.404 [main] DEBUG org.hibernate.query.sqm.function.SqmFunctionRegistry -- Registered SqmFunctionTemplate [org.hibernate.dialect.function.DerbyRpadEmulation@7558c24b] under rpad; prior registration was NamedSqmFunctionTemplate(rpad)
12:32:29.404 [main] DEBUG org.hibernate.query.sqm.function.SqmFunctionRegistry -- Registered SqmFunctionTemplate [org.hibernate.dialect.function.CaseLeastGreatestEmulation@57151b3a] under least; prior registration was NamedSqmFunctionTemplate(least)
12:32:29.404 [main] DEBUG org.hibernate.query.sqm.function.SqmFunctionRegistry -- Registered SqmFunctionTemplate [org.hibernate.dialect.function.CaseLeastGreatestEmulation@26457986] under greatest; prior registration was NamedSqmFunctionTemplate(greatest)
12:32:29.404 [main] DEBUG org.hibernate.query.sqm.function.SqmFunctionRegistry -- Registered SqmFunctionTemplate [org.hibernate.dialect.function.InsertSubstringOverlayEmulation@2dff7085] under overlay; prior registration was org.hibernate.dialect.function.InsertSubstringOverlayEmulation@474749b8
12:32:29.405 [main] DEBUG org.hibernate.HQL_FUNCTIONS -- abs(NUMERIC arg)
12:32:29.405 [main] DEBUG org.hibernate.HQL_FUNCTIONS -- Double acos(NUMERIC arg)
12:32:29.405 [main] DEBUG org.hibernate.HQL_FUNCTIONS -- Boolean any(BOOLEAN arg)
12:32:29.405 [main] DEBUG org.hibernate.HQL_FUNCTIONS -- Double asin(NUMERIC arg)
12:32:29.405 [main] DEBUG org.hibernate.HQL_FUNCTIONS -- Double atan(NUMERIC arg)
12:32:29.405 [main] DEBUG org.hibernate.HQL_FUNCTIONS -- Double atan2(NUMERIC arg0, NUMERIC arg1)
12:32:29.405 [main] DEBUG org.hibernate.HQL_FUNCTIONS -- avg(NUMERIC arg)
12:32:29.405 [main] DEBUG org.hibernate.HQL_FUNCTIONS -- Integer bit_length(STRING_OR_CLOB arg)
12:32:29.405 [main] DEBUG org.hibernate.HQL_FUNCTIONS -- cast(arg as Type)
12:32:29.405 [main] DEBUG org.hibernate.HQL_FUNCTIONS -- ceiling(NUMERIC arg)
12:32:29.405 [main] DEBUG org.hibernate.HQL_FUNCTIONS -- Integer character_length(STRING_OR_CLOB arg)
12:32:29.405 [main] DEBUG org.hibernate.HQL_FUNCTIONS -- Character chr( ... )
12:32:29.405 [main] DEBUG org.hibernate.HQL_FUNCTIONS -- coalesce(arg0[, arg1[, ...]])
12:32:29.405 [main] DEBUG org.hibernate.HQL_FUNCTIONS -- String collate(STRING string as COLLATION collation)
12:32:29.405 [main] DEBUG org.hibernate.HQL_FUNCTIONS -- String concat(arg0[, arg1[, ...]])
12:32:29.405 [main] DEBUG org.hibernate.HQL_FUNCTIONS -- Double cos(NUMERIC arg)
12:32:29.405 [main] DEBUG org.hibernate.HQL_FUNCTIONS -- Double cosh(NUMERIC arg)
12:32:29.405 [main] DEBUG org.hibernate.HQL_FUNCTIONS -- Double cot(NUMERIC arg)
12:32:29.405 [main] DEBUG org.hibernate.HQL_FUNCTIONS -- Long count([distinct ]{arg|*})
12:32:29.405 [main] DEBUG org.hibernate.HQL_FUNCTIONS -- Date current date
12:32:29.405 [main] DEBUG org.hibernate.HQL_FUNCTIONS -- Time current time
12:32:29.405 [main] DEBUG org.hibernate.HQL_FUNCTIONS -- Timestamp current timestamp
12:32:29.405 [main] DEBUG org.hibernate.HQL_FUNCTIONS -- Date current_date
12:32:29.405 [main] DEBUG org.hibernate.HQL_FUNCTIONS -- Instant current_instant
12:32:29.405 [main] DEBUG org.hibernate.HQL_FUNCTIONS -- Time current_time
12:32:29.405 [main] DEBUG org.hibernate.HQL_FUNCTIONS -- Timestamp current_timestamp
12:32:29.405 [main] DEBUG org.hibernate.HQL_FUNCTIONS -- dateadd(TEMPORAL_UNIT field, INTEGER magnitude, TEMPORAL datetime)
12:32:29.405 [main] DEBUG org.hibernate.HQL_FUNCTIONS -- Long|Double datediff(TEMPORAL_UNIT field, TEMPORAL start, TEMPORAL end)
12:32:29.405 [main] DEBUG org.hibernate.HQL_FUNCTIONS -- Integer day(DATE arg)
12:32:29.405 [main] DEBUG org.hibernate.HQL_FUNCTIONS -- Double degrees(NUMERIC arg)
12:32:29.405 [main] DEBUG org.hibernate.HQL_FUNCTIONS -- Boolean every(BOOLEAN arg)
12:32:29.405 [main] DEBUG org.hibernate.HQL_FUNCTIONS -- Double exp(NUMERIC arg)
12:32:29.405 [main] DEBUG org.hibernate.HQL_FUNCTIONS -- extract(TEMPORAL_UNIT field from TEMPORAL arg)
12:32:29.405 [main] DEBUG org.hibernate.HQL_FUNCTIONS -- floor(NUMERIC arg)
12:32:29.405 [main] DEBUG org.hibernate.HQL_FUNCTIONS -- String format(TEMPORAL datetime as STRING pattern)
12:32:29.405 [main] DEBUG org.hibernate.HQL_FUNCTIONS -- greatest(COMPARABLE arg0[, COMPARABLE arg1[, ...]])
12:32:29.405 [main] DEBUG org.hibernate.HQL_FUNCTIONS -- Integer hour(TIME arg)
12:32:29.405 [main] DEBUG org.hibernate.HQL_FUNCTIONS -- ifnull(arg0, arg1)
12:32:29.406 [main] DEBUG org.hibernate.HQL_FUNCTIONS -- Instant instant
12:32:29.406 [main] DEBUG org.hibernate.HQL_FUNCTIONS -- least(COMPARABLE arg0[, COMPARABLE arg1[, ...]])
12:32:29.406 [main] DEBUG org.hibernate.HQL_FUNCTIONS -- String left(STRING string, INTEGER length)
12:32:29.406 [main] DEBUG org.hibernate.HQL_FUNCTIONS -- Integer length(STRING_OR_CLOB arg)
12:32:29.406 [main] DEBUG org.hibernate.HQL_FUNCTIONS -- Double ln(NUMERIC arg)
12:32:29.406 [main] DEBUG org.hibernate.HQL_FUNCTIONS -- LocalDate local date
12:32:29.406 [main] DEBUG org.hibernate.HQL_FUNCTIONS -- LocalDateTime local datetime
12:32:29.406 [main] DEBUG org.hibernate.HQL_FUNCTIONS -- LocalTime local time
12:32:29.406 [main] DEBUG org.hibernate.HQL_FUNCTIONS -- LocalDate local_date
12:32:29.406 [main] DEBUG org.hibernate.HQL_FUNCTIONS -- LocalDateTime local_datetime
12:32:29.406 [main] DEBUG org.hibernate.HQL_FUNCTIONS -- LocalTime local_time
12:32:29.406 [main] DEBUG org.hibernate.HQL_FUNCTIONS -- Integer locate(STRING pattern, STRING string[, INTEGER start])
12:32:29.406 [main] DEBUG org.hibernate.HQL_FUNCTIONS -- Double log(NUMERIC base, NUMERIC arg)
12:32:29.406 [main] DEBUG org.hibernate.HQL_FUNCTIONS -- Double log10(NUMERIC arg)
12:32:29.406 [main] DEBUG org.hibernate.HQL_FUNCTIONS -- String lower(STRING string)
12:32:29.406 [main] DEBUG org.hibernate.HQL_FUNCTIONS -- String lpad(STRNG string, INTEGER length)
12:32:29.406 [main] DEBUG org.hibernate.HQL_FUNCTIONS -- String ltrim(STRING string)
12:32:29.406 [main] DEBUG org.hibernate.HQL_FUNCTIONS -- max(COMPARABLE arg)
12:32:29.406 [main] DEBUG org.hibernate.HQL_FUNCTIONS -- Integer microsecond(TIME arg)
12:32:29.406 [main] DEBUG org.hibernate.HQL_FUNCTIONS -- min(COMPARABLE arg)
12:32:29.406 [main] DEBUG org.hibernate.HQL_FUNCTIONS -- Integer minute(TIME arg)
12:32:29.406 [main] DEBUG org.hibernate.HQL_FUNCTIONS -- Integer mod(INTEGER arg0, INTEGER arg1)
12:32:29.406 [main] DEBUG org.hibernate.HQL_FUNCTIONS -- Integer month(DATE arg)
12:32:29.406 [main] DEBUG org.hibernate.HQL_FUNCTIONS -- nullif(arg0, arg1)
12:32:29.406 [main] DEBUG org.hibernate.HQL_FUNCTIONS -- Integer octet_length(STRING_OR_CLOB arg)
12:32:29.406 [main] DEBUG org.hibernate.HQL_FUNCTIONS -- OffsetDateTime offset datetime
12:32:29.406 [main] DEBUG org.hibernate.HQL_FUNCTIONS -- OffsetDateTime offset_datetime
12:32:29.406 [main] DEBUG org.hibernate.HQL_FUNCTIONS -- String overlay(STRING string placing STRING replacement from INTEGER start[ for INTEGER length])
12:32:29.406 [main] DEBUG org.hibernate.HQL_FUNCTIONS -- String pad(STRING string with INTEGER length {leading|trailing}[ STRING character])
12:32:29.406 [main] DEBUG org.hibernate.HQL_FUNCTIONS -- Double pi
12:32:29.406 [main] DEBUG org.hibernate.HQL_FUNCTIONS -- Integer position(STRING pattern in STRING string)
12:32:29.406 [main] DEBUG org.hibernate.HQL_FUNCTIONS -- Double power(NUMERIC arg0, NUMERIC arg1)
12:32:29.406 [main] DEBUG org.hibernate.HQL_FUNCTIONS -- Double radians(NUMERIC arg)
12:32:29.406 [main] DEBUG org.hibernate.HQL_FUNCTIONS -- Double rand([INTEGER seed])
12:32:29.406 [main] DEBUG org.hibernate.HQL_FUNCTIONS -- String replace(STRING string, STRING pattern, STRING replacement)
12:32:29.406 [main] DEBUG org.hibernate.HQL_FUNCTIONS -- String right(STRING string, INTEGER length)
12:32:29.406 [main] DEBUG org.hibernate.HQL_FUNCTIONS -- round(NUMERIC number[, INTEGER places])
12:32:29.406 [main] DEBUG org.hibernate.HQL_FUNCTIONS -- String rpad(STRING string, INTEGER length)
12:32:29.406 [main] DEBUG org.hibernate.HQL_FUNCTIONS -- String rtrim(STRING string)
12:32:29.406 [main] DEBUG org.hibernate.HQL_FUNCTIONS -- Integer second(TIME arg)
12:32:29.406 [main] DEBUG org.hibernate.HQL_FUNCTIONS -- Integer sign(NUMERIC arg)
12:32:29.406 [main] DEBUG org.hibernate.HQL_FUNCTIONS -- Double sin(NUMERIC arg)
12:32:29.406 [main] DEBUG org.hibernate.HQL_FUNCTIONS -- Double sinh(NUMERIC arg)
12:32:29.406 [main] DEBUG org.hibernate.HQL_FUNCTIONS -- Object sql
12:32:29.406 [main] DEBUG org.hibernate.HQL_FUNCTIONS -- Double sqrt(NUMERIC arg)
12:32:29.406 [main] DEBUG org.hibernate.HQL_FUNCTIONS -- Double stddev_pop(NUMERIC arg)
12:32:29.406 [main] DEBUG org.hibernate.HQL_FUNCTIONS -- Double stddev_samp(NUMERIC arg)
12:32:29.406 [main] DEBUG org.hibernate.HQL_FUNCTIONS -- String str(arg)
12:32:29.406 [main] DEBUG org.hibernate.HQL_FUNCTIONS -- String substring(STRING string{ from|,} INTEGER start[{ for|,} INTEGER length])
12:32:29.406 [main] DEBUG org.hibernate.HQL_FUNCTIONS -- sum(arg)
12:32:29.406 [main] DEBUG org.hibernate.HQL_FUNCTIONS -- Double tan(NUMERIC arg)
12:32:29.406 [main] DEBUG org.hibernate.HQL_FUNCTIONS -- Double tanh(NUMERIC arg)
12:32:29.406 [main] DEBUG org.hibernate.HQL_FUNCTIONS -- timestampadd(TEMPORAL_UNIT field, INTEGER magnitude, TEMPORAL datetime)
12:32:29.406 [main] DEBUG org.hibernate.HQL_FUNCTIONS -- Long|Double timestampdiff(TEMPORAL_UNIT field, TEMPORAL start, TEMPORAL end)
12:32:29.406 [main] DEBUG org.hibernate.HQL_FUNCTIONS -- String trim([[{leading|trailing|both} ][STRING arg0 ]from] STRING arg1)
12:32:29.406 [main] DEBUG org.hibernate.HQL_FUNCTIONS -- trunc( ... )
12:32:29.406 [main] DEBUG org.hibernate.HQL_FUNCTIONS -- truncate( ... )
12:32:29.406 [main] DEBUG org.hibernate.HQL_FUNCTIONS -- String upper(STRING string)
12:32:29.406 [main] DEBUG org.hibernate.HQL_FUNCTIONS -- Double var_pop(NUMERIC arg)
12:32:29.406 [main] DEBUG org.hibernate.HQL_FUNCTIONS -- Double var_samp(NUMERIC arg)
12:32:29.406 [main] DEBUG org.hibernate.HQL_FUNCTIONS -- Integer year(DATE arg)
12:32:29.408 [main] DEBUG org.hibernate.orm.query.plan.cache -- Starting QueryInterpretationCache(2048)
12:32:29.443 [main] DEBUG org.hibernate.service.internal.SessionFactoryServiceRegistryImpl -- EventListenerRegistry access via ServiceRegistry is deprecated.  Use `sessionFactory.getEventEngine().getListenerRegistry()` instead
12:32:29.444 [main] DEBUG org.hibernate.event.internal.EntityCopyObserverFactoryInitiator -- Configured EntityCopyObserver strategy: disallow
12:32:29.481 [main] DEBUG org.hibernate.boot.internal.ClassLoaderAccessImpl -- Not known whether passed class name [com.pdcgame.Models.InventorySave] is safe
12:32:29.481 [main] DEBUG org.hibernate.boot.internal.ClassLoaderAccessImpl -- No temp ClassLoader provided; using live ClassLoader for loading potentially unsafe class : com.pdcgame.Models.InventorySave
12:32:29.591 [main] DEBUG org.hibernate.bytecode.internal.bytebuddy.BytecodeProviderImpl -- HHH000513: Unable to create the ReflectionOptimizer for [com.pdcgame.Models.InventorySave]: private accessor [quantity]
12:32:29.605 [main] DEBUG org.hibernate.boot.internal.ClassLoaderAccessImpl -- Not known whether passed class name [com.pdcgame.Models.GameSave] is safe
12:32:29.605 [main] DEBUG org.hibernate.boot.internal.ClassLoaderAccessImpl -- No temp ClassLoader provided; using live ClassLoader for loading potentially unsafe class : com.pdcgame.Models.GameSave
12:32:29.615 [main] DEBUG org.hibernate.bytecode.internal.bytebuddy.BytecodeProviderImpl -- HHH000513: Unable to create the ReflectionOptimizer for [com.pdcgame.Models.GameSave]: private accessor [actions]
12:32:29.616 [main] DEBUG org.hibernate.boot.internal.ClassLoaderAccessImpl -- Not known whether passed class name [com.pdcgame.Models.BoardSave] is safe
12:32:29.616 [main] DEBUG org.hibernate.boot.internal.ClassLoaderAccessImpl -- No temp ClassLoader provided; using live ClassLoader for loading potentially unsafe class : com.pdcgame.Models.BoardSave
12:32:29.620 [main] DEBUG org.hibernate.bytecode.internal.bytebuddy.BytecodeProviderImpl -- HHH000513: Unable to create the ReflectionOptimizer for [com.pdcgame.Models.BoardSave]: private accessor [boardCell]
12:32:29.621 [main] DEBUG org.hibernate.boot.internal.ClassLoaderAccessImpl -- Not known whether passed class name [com.pdcgame.Models.StorageItemSave] is safe
12:32:29.621 [main] DEBUG org.hibernate.boot.internal.ClassLoaderAccessImpl -- No temp ClassLoader provided; using live ClassLoader for loading potentially unsafe class : com.pdcgame.Models.StorageItemSave
12:32:29.626 [main] DEBUG org.hibernate.bytecode.internal.bytebuddy.BytecodeProviderImpl -- HHH000513: Unable to create the ReflectionOptimizer for [com.pdcgame.Models.StorageItemSave]: private accessor [coordinateID]
12:32:29.641 [main] DEBUG org.hibernate.orm.model.mapping.creation -- Starting post-init callbacks
12:32:29.641 [main] DEBUG org.hibernate.orm.model.mapping.creation -- Starting PostInitCallbackEntry : Entity(com.pdcgame.Models.InventorySave) `staticFetchableList` generator
12:32:29.641 [main] DEBUG org.hibernate.orm.model.mapping.creation -- Starting PostInitCallbackEntry : Entity(com.pdcgame.Models.GameSave) `staticFetchableList` generator
12:32:29.641 [main] DEBUG org.hibernate.orm.model.mapping.creation -- Starting PostInitCallbackEntry : Entity(com.pdcgame.Models.BoardSave) `staticFetchableList` generator
12:32:29.641 [main] DEBUG org.hibernate.orm.model.mapping.creation -- Starting PostInitCallbackEntry : Entity(com.pdcgame.Models.StorageItemSave) `staticFetchableList` generator
12:32:29.684 [main] DEBUG org.hibernate.orm.sql.ast.create -- Created new SQL alias : is1_0
12:32:29.685 [main] DEBUG org.hibernate.orm.sql.ast.create -- Registration of TableGroup [StandardTableGroup(com.pdcgame.Models.InventorySave)] with identifierForTableGroup [com.pdcgame.Models.InventorySave] for NavigablePath [com.pdcgame.Models.InventorySave] 
12:32:29.692 [main] DEBUG org.hibernate.orm.results.graph.AST -- DomainResult Graph:
 \-EntityResultImpl [com.pdcgame.Models.InventorySave]
 |  +-BasicFetch [com.pdcgame.Models.InventorySave.quantity]
 |  \-BasicFetch [com.pdcgame.Models.InventorySave.sellPrice]

12:32:29.693 [main] DEBUG org.hibernate.orm.sql.ast.tree -- SQL AST Tree:
    SelectStatement {
      FromClause {
        StandardTableGroup (is1 : com.pdcgame.Models.InventorySave) {
          primaryTableReference : inventory_save as is1_0
        }
      }
    }

12:32:29.697 [main] DEBUG org.hibernate.persister.entity.AbstractEntityPersister -- Static SQL for entity: com.pdcgame.Models.InventorySave
12:32:29.697 [main] DEBUG org.hibernate.persister.entity.AbstractEntityPersister --  Version select: select product_name from inventory_save where product_name=?
12:32:29.697 [main] DEBUG org.hibernate.persister.entity.AbstractEntityPersister --  Insert (0): insert into inventory_save (quantity,sell_price,product_name) values (?,?,?)
12:32:29.697 [main] DEBUG org.hibernate.persister.entity.AbstractEntityPersister --  Update (0): update inventory_save set quantity=?,sell_price=? where product_name=?
12:32:29.697 [main] DEBUG org.hibernate.persister.entity.AbstractEntityPersister --  Delete (0): delete from inventory_save where product_name=?
12:32:29.697 [main] DEBUG org.hibernate.orm.sql.ast.create -- Created new SQL alias : gs1_0
12:32:29.697 [main] DEBUG org.hibernate.orm.sql.ast.create -- Registration of TableGroup [StandardTableGroup(com.pdcgame.Models.GameSave)] with identifierForTableGroup [com.pdcgame.Models.GameSave] for NavigablePath [com.pdcgame.Models.GameSave] 
12:32:29.697 [main] DEBUG org.hibernate.orm.results.graph.AST -- DomainResult Graph:
 \-EntityResultImpl [com.pdcgame.Models.GameSave]
 |  +-BasicFetch [com.pdcgame.Models.GameSave.actions]
 |  +-BasicFetch [com.pdcgame.Models.GameSave.balance]
 |  +-BasicFetch [com.pdcgame.Models.GameSave.day]
 |  +-BasicFetch [com.pdcgame.Models.GameSave.difficulty]
 |  +-BasicFetch [com.pdcgame.Models.GameSave.gameSeed]
 |  +-BasicFetch [com.pdcgame.Models.GameSave.rating]
 |  \-BasicFetch [com.pdcgame.Models.GameSave.totalActions]

12:32:29.697 [main] DEBUG org.hibernate.orm.sql.ast.tree -- SQL AST Tree:
    SelectStatement {
      FromClause {
        StandardTableGroup (gs1 : com.pdcgame.Models.GameSave) {
          primaryTableReference : game_save as gs1_0
        }
      }
    }

12:32:29.697 [main] DEBUG org.hibernate.persister.entity.AbstractEntityPersister -- Static SQL for entity: com.pdcgame.Models.GameSave
12:32:29.697 [main] DEBUG org.hibernate.persister.entity.AbstractEntityPersister --  Version select: select id from game_save where id=?
12:32:29.697 [main] DEBUG org.hibernate.persister.entity.AbstractEntityPersister --  Insert (0): insert into game_save (actions,balance,day,difficulty,gameSeed,rating,totalActions,id) values (?,?,?,?,?,?,?,?)
12:32:29.697 [main] DEBUG org.hibernate.persister.entity.AbstractEntityPersister --  Update (0): update game_save set actions=?,balance=?,day=?,difficulty=?,gameSeed=?,rating=?,totalActions=? where id=?
12:32:29.697 [main] DEBUG org.hibernate.persister.entity.AbstractEntityPersister --  Delete (0): delete from game_save where id=?
12:32:29.697 [main] DEBUG org.hibernate.orm.sql.ast.create -- Created new SQL alias : bs1_0
12:32:29.697 [main] DEBUG org.hibernate.orm.sql.ast.create -- Registration of TableGroup [StandardTableGroup(com.pdcgame.Models.BoardSave)] with identifierForTableGroup [com.pdcgame.Models.BoardSave] for NavigablePath [com.pdcgame.Models.BoardSave] 
12:32:29.697 [main] DEBUG org.hibernate.orm.results.graph.AST -- DomainResult Graph:
 \-EntityResultImpl [com.pdcgame.Models.BoardSave]
 |  \-BasicFetch [com.pdcgame.Models.BoardSave.boardCell]

12:32:29.697 [main] DEBUG org.hibernate.orm.sql.ast.tree -- SQL AST Tree:
    SelectStatement {
      FromClause {
        StandardTableGroup (bs1 : com.pdcgame.Models.BoardSave) {
          primaryTableReference : board_save as bs1_0
        }
      }
    }

12:32:29.697 [main] DEBUG org.hibernate.persister.entity.AbstractEntityPersister -- Static SQL for entity: com.pdcgame.Models.BoardSave
12:32:29.697 [main] DEBUG org.hibernate.persister.entity.AbstractEntityPersister --  Version select: select coordinateID from board_save where coordinateID=?
12:32:29.698 [main] DEBUG org.hibernate.persister.entity.AbstractEntityPersister --  Insert (0): insert into board_save (boardCell,coordinateID) values (?,?)
12:32:29.698 [main] DEBUG org.hibernate.persister.entity.AbstractEntityPersister --  Update (0): update board_save set boardCell=? where coordinateID=?
12:32:29.698 [main] DEBUG org.hibernate.persister.entity.AbstractEntityPersister --  Delete (0): delete from board_save where coordinateID=?
12:32:29.698 [main] DEBUG org.hibernate.orm.sql.ast.create -- Created new SQL alias : sis1_0
12:32:29.698 [main] DEBUG org.hibernate.orm.sql.ast.create -- Registration of TableGroup [StandardTableGroup(com.pdcgame.Models.StorageItemSave)] with identifierForTableGroup [com.pdcgame.Models.StorageItemSave] for NavigablePath [com.pdcgame.Models.StorageItemSave] 
12:32:29.698 [main] DEBUG org.hibernate.orm.results.graph.AST -- DomainResult Graph:
 \-EntityResultImpl [com.pdcgame.Models.StorageItemSave]
 |  +-BasicFetch [com.pdcgame.Models.StorageItemSave.coordinateID]
 |  +-BasicFetch [com.pdcgame.Models.StorageItemSave.productName]
 |  \-BasicFetch [com.pdcgame.Models.StorageItemSave.quantity]

12:32:29.698 [main] DEBUG org.hibernate.orm.sql.ast.tree -- SQL AST Tree:
    SelectStatement {
      FromClause {
        StandardTableGroup (sis1 : com.pdcgame.Models.StorageItemSave) {
          primaryTableReference : storage_save as sis1_0
        }
      }
    }

12:32:29.698 [main] DEBUG org.hibernate.persister.entity.AbstractEntityPersister -- Static SQL for entity: com.pdcgame.Models.StorageItemSave
12:32:29.698 [main] DEBUG org.hibernate.persister.entity.AbstractEntityPersister --  Version select: select id from storage_save where id=?
12:32:29.698 [main] DEBUG org.hibernate.persister.entity.AbstractEntityPersister --  Insert (0): insert into storage_save (coordinate_id,product_name,quantity,id) values (?,?,?,default)
12:32:29.698 [main] DEBUG org.hibernate.persister.entity.AbstractEntityPersister --  Update (0): update storage_save set coordinate_id=?,product_name=?,quantity=? where id=?
12:32:29.698 [main] DEBUG org.hibernate.persister.entity.AbstractEntityPersister --  Delete (0): delete from storage_save where id=?
12:32:29.711 [main] DEBUG org.hibernate.engine.transaction.jta.platform.internal.JtaPlatformInitiator -- No JtaPlatform was specified, checking resolver
12:32:29.711 [main] DEBUG org.hibernate.engine.transaction.jta.platform.internal.JtaPlatformResolverInitiator -- No JtaPlatformResolver was specified, using default [org.hibernate.engine.transaction.jta.platform.internal.StandardJtaPlatformResolver]
12:32:29.713 [main] DEBUG org.hibernate.engine.transaction.jta.platform.internal.StandardJtaPlatformResolver -- Could not resolve JtaPlatform, using default [org.hibernate.engine.transaction.jta.platform.internal.NoJtaPlatform]
12:32:29.713 [main] INFO org.hibernate.engine.transaction.jta.platform.internal.JtaPlatformInitiator -- HHH000489: No JTA platform available (set 'hibernate.transaction.jta.platform' to enable JTA platform integration)
12:32:29.713 [main] DEBUG org.hibernate.type.spi.TypeConfiguration$Scope -- Scoping TypeConfiguration [org.hibernate.type.spi.TypeConfiguration@672a1c62] to SessionFactoryImplementor [org.hibernate.internal.SessionFactoryImpl@485c84d7]
12:32:29.713 [main] DEBUG org.hibernate.query.named.NamedObjectRepository -- Checking 0 named HQL queries
12:32:29.713 [main] DEBUG org.hibernate.query.named.NamedObjectRepository -- Checking 0 named SQL queries
12:32:29.724 [main] INFO org.hibernate.orm.connections.access -- HHH10001501: Connection obtained from JdbcConnectionAccess [org.hibernate.engine.jdbc.env.internal.JdbcEnvironmentInitiator$ConnectionProviderJdbcConnectionAccess@2487e20] for (non-JTA) DDL execution was not in auto-commit mode; the Connection 'local transaction' will be committed and the Connection will be set into auto-commit mode.
12:32:29.848 [main] DEBUG org.hibernate.mapping.Table -- No alter strings for table : board_save
12:32:29.848 [main] DEBUG org.hibernate.mapping.Table -- No alter strings for table : game_save
12:32:29.848 [main] DEBUG org.hibernate.mapping.Table -- No alter strings for table : inventory_save
12:32:29.848 [main] DEBUG org.hibernate.mapping.Table -- No alter strings for table : storage_save
12:32:29.849 [main] DEBUG org.hibernate.internal.SessionFactoryRegistry -- Initializing SessionFactoryRegistry : org.hibernate.internal.SessionFactoryRegistry@5c41b8d8
12:32:29.849 [main] DEBUG org.hibernate.internal.SessionFactoryRegistry -- Registering SessionFactory: cc4f5ad5-9a8e-4171-a0bf-26ac2d3386bd (<unnamed>)
12:32:29.849 [main] DEBUG org.hibernate.internal.SessionFactoryRegistry -- Not binding SessionFactory to JNDI, no JNDI name configured
12:32:29.849 [main] DEBUG org.hibernate.internal.SessionFactoryImpl -- Instantiated SessionFactory
12:32:29.850 [main] DEBUG org.hibernate.integrator.internal.IntegratorServiceImpl -- Adding Integrator [org.hibernate.boot.beanvalidation.BeanValidationIntegrator].
12:32:29.850 [main] DEBUG org.hibernate.integrator.internal.IntegratorServiceImpl -- Adding Integrator [org.hibernate.cache.internal.CollectionCacheInvalidator].
12:32:29.852 [main] DEBUG org.hibernate.boot.jaxb.internal.stax.LocalXmlResourceResolver -- Checking public/system identifiers `-//Hibernate/Hibernate Configuration DTD 3.0//EN`/`http://hibernate.sourceforge.net/hibernate-configuration-3.0.dtd` as DTD references
12:32:29.852 [main] WARN org.hibernate.orm.deprecation -- HHH90000012: Recognized obsolete hibernate namespace http://hibernate.sourceforge.net/hibernate-configuration. Use namespace http://www.hibernate.org/dtd/hibernate-configuration instead.  Support for obsolete DTD/XSD namespaces may be removed at any time.
12:32:29.852 [main] DEBUG org.hibernate.boot.cfgxml.internal.JaxbCfgProcessor -- cfg.xml document did not define namespaces; wrapping in custom event reader to introduce namespace information
12:32:29.860 [main] DEBUG org.hibernate.cfg.Configuration -- Building session factory using internal StandardServiceRegistryBuilder
12:32:29.860 [main] DEBUG org.hibernate.cfg.Configuration -- Building session factory using provided StandardServiceRegistry
12:32:29.861 [main] DEBUG org.hibernate.orm.idgen.factory -- Ignoring CDI for resolving IdentifierGenerator instances as extended or delayed CDI support was enabled
12:32:29.861 [main] DEBUG org.hibernate.orm.idgen.factory -- Registering IdentifierGenerator strategy [uuid2] -> [org.hibernate.id.UUIDGenerator]
12:32:29.861 [main] DEBUG org.hibernate.orm.idgen.factory -- Registering IdentifierGenerator strategy [guid] -> [org.hibernate.id.GUIDGenerator]
12:32:29.861 [main] DEBUG org.hibernate.orm.idgen.factory -- Registering IdentifierGenerator strategy [uuid] -> [org.hibernate.id.UUIDHexGenerator]
12:32:29.861 [main] DEBUG org.hibernate.orm.idgen.factory -- Registering IdentifierGenerator strategy [uuid.hex] -> [org.hibernate.id.UUIDHexGenerator]
12:32:29.861 [main] DEBUG org.hibernate.orm.idgen.factory -- Registering IdentifierGenerator strategy [assigned] -> [org.hibernate.id.Assigned]
12:32:29.861 [main] DEBUG org.hibernate.orm.idgen.factory -- Registering IdentifierGenerator strategy [identity] -> [org.hibernate.id.IdentityGenerator]
12:32:29.861 [main] DEBUG org.hibernate.orm.idgen.factory -- Registering IdentifierGenerator strategy [select] -> [org.hibernate.id.SelectGenerator]
12:32:29.861 [main] DEBUG org.hibernate.orm.idgen.factory -- Registering IdentifierGenerator strategy [sequence] -> [org.hibernate.id.enhanced.SequenceStyleGenerator]
12:32:29.861 [main] DEBUG org.hibernate.orm.idgen.factory -- Registering IdentifierGenerator strategy [increment] -> [org.hibernate.id.IncrementGenerator]
12:32:29.861 [main] DEBUG org.hibernate.orm.idgen.factory -- Registering IdentifierGenerator strategy [foreign] -> [org.hibernate.id.ForeignGenerator]
12:32:29.861 [main] DEBUG org.hibernate.orm.idgen.factory -- Registering IdentifierGenerator strategy [enhanced-sequence] -> [org.hibernate.id.enhanced.SequenceStyleGenerator]
12:32:29.861 [main] DEBUG org.hibernate.orm.idgen.factory -- Registering IdentifierGenerator strategy [enhanced-table] -> [org.hibernate.id.enhanced.TableGenerator]
12:32:29.861 [main] DEBUG org.hibernate.cache.internal.RegionFactoryInitiator -- Cannot default RegionFactory based on registered strategies as `[]` RegionFactory strategies were registered
12:32:29.861 [main] INFO org.hibernate.cache.internal.RegionFactoryInitiator -- HHH000026: Second-level cache disabled
12:32:29.861 [main] DEBUG org.hibernate.type.BasicTypeRegistry -- Adding type registration boolean -> org.hibernate.type.BasicTypeReference@5e4fa1da
12:32:29.861 [main] DEBUG org.hibernate.type.BasicTypeRegistry -- Adding type registration boolean -> org.hibernate.type.BasicTypeReference@5e4fa1da
12:32:29.861 [main] DEBUG org.hibernate.type.BasicTypeRegistry -- Adding type registration java.lang.Boolean -> org.hibernate.type.BasicTypeReference@5e4fa1da
12:32:29.861 [main] DEBUG org.hibernate.type.BasicTypeRegistry -- Adding type registration numeric_boolean -> org.hibernate.type.BasicTypeReference@588cd519
12:32:29.861 [main] DEBUG org.hibernate.type.BasicTypeRegistry -- Adding type registration org.hibernate.type.NumericBooleanConverter -> org.hibernate.type.BasicTypeReference@588cd519
12:32:29.861 [main] DEBUG org.hibernate.type.BasicTypeRegistry -- Adding type registration true_false -> org.hibernate.type.BasicTypeReference@3f92c349
12:32:29.861 [main] DEBUG org.hibernate.type.BasicTypeRegistry -- Adding type registration org.hibernate.type.TrueFalseConverter -> org.hibernate.type.BasicTypeReference@3f92c349
12:32:29.861 [main] DEBUG org.hibernate.type.BasicTypeRegistry -- Adding type registration yes_no -> org.hibernate.type.BasicTypeReference@769a58e5
12:32:29.861 [main] DEBUG org.hibernate.type.BasicTypeRegistry -- Adding type registration org.hibernate.type.YesNoConverter -> org.hibernate.type.BasicTypeReference@769a58e5
12:32:29.861 [main] DEBUG org.hibernate.type.BasicTypeRegistry -- Adding type registration byte -> org.hibernate.type.BasicTypeReference@55f8669d
12:32:29.861 [main] DEBUG org.hibernate.type.BasicTypeRegistry -- Adding type registration byte -> org.hibernate.type.BasicTypeReference@55f8669d
12:32:29.861 [main] DEBUG org.hibernate.type.BasicTypeRegistry -- Adding type registration java.lang.Byte -> org.hibernate.type.BasicTypeReference@55f8669d
12:32:29.861 [main] DEBUG org.hibernate.type.BasicTypeRegistry -- Adding type registration binary -> org.hibernate.type.BasicTypeReference@6be25526
12:32:29.861 [main] DEBUG org.hibernate.type.BasicTypeRegistry -- Adding type registration byte[] -> org.hibernate.type.BasicTypeReference@6be25526
12:32:29.861 [main] DEBUG org.hibernate.type.BasicTypeRegistry -- Adding type registration [B -> org.hibernate.type.BasicTypeReference@6be25526
12:32:29.861 [main] DEBUG org.hibernate.type.BasicTypeRegistry -- Adding type registration binary_wrapper -> org.hibernate.type.BasicTypeReference@42435b98
12:32:29.861 [main] DEBUG org.hibernate.type.BasicTypeRegistry -- Adding type registration wrapper-binary -> org.hibernate.type.BasicTypeReference@42435b98
12:32:29.861 [main] DEBUG org.hibernate.type.BasicTypeRegistry -- Adding type registration image -> org.hibernate.type.BasicTypeReference@66ba7e45
12:32:29.861 [main] DEBUG org.hibernate.type.BasicTypeRegistry -- Adding type registration blob -> org.hibernate.type.BasicTypeReference@70e02081
12:32:29.861 [main] DEBUG org.hibernate.type.BasicTypeRegistry -- Adding type registration java.sql.Blob -> org.hibernate.type.BasicTypeReference@70e02081
12:32:29.861 [main] DEBUG org.hibernate.type.BasicTypeRegistry -- Adding type registration materialized_blob -> org.hibernate.type.BasicTypeReference@9d200de
12:32:29.861 [main] DEBUG org.hibernate.type.BasicTypeRegistry -- Adding type registration materialized_blob_wrapper -> org.hibernate.type.BasicTypeReference@511505e7
12:32:29.861 [main] DEBUG org.hibernate.type.BasicTypeRegistry -- Adding type registration short -> org.hibernate.type.BasicTypeReference@646811d6
12:32:29.861 [main] DEBUG org.hibernate.type.BasicTypeRegistry -- Adding type registration short -> org.hibernate.type.BasicTypeReference@646811d6
12:32:29.861 [main] DEBUG org.hibernate.type.BasicTypeRegistry -- Adding type registration java.lang.Short -> org.hibernate.type.BasicTypeReference@646811d6
12:32:29.861 [main] DEBUG org.hibernate.type.BasicTypeRegistry -- Adding type registration integer -> org.hibernate.type.BasicTypeReference@15fdd1f2
12:32:29.861 [main] DEBUG org.hibernate.type.BasicTypeRegistry -- Adding type registration int -> org.hibernate.type.BasicTypeReference@15fdd1f2
12:32:29.861 [main] DEBUG org.hibernate.type.BasicTypeRegistry -- Adding type registration java.lang.Integer -> org.hibernate.type.BasicTypeReference@15fdd1f2
12:32:29.861 [main] DEBUG org.hibernate.type.BasicTypeRegistry -- Adding type registration long -> org.hibernate.type.BasicTypeReference@cb0f763
12:32:29.861 [main] DEBUG org.hibernate.type.BasicTypeRegistry -- Adding type registration long -> org.hibernate.type.BasicTypeReference@cb0f763
12:32:29.861 [main] DEBUG org.hibernate.type.BasicTypeRegistry -- Adding type registration java.lang.Long -> org.hibernate.type.BasicTypeReference@cb0f763
12:32:29.861 [main] DEBUG org.hibernate.type.BasicTypeRegistry -- Adding type registration float -> org.hibernate.type.BasicTypeReference@7573e12f
12:32:29.861 [main] DEBUG org.hibernate.type.BasicTypeRegistry -- Adding type registration float -> org.hibernate.type.BasicTypeReference@7573e12f
12:32:29.861 [main] DEBUG org.hibernate.type.BasicTypeRegistry -- Adding type registration java.lang.Float -> org.hibernate.type.BasicTypeReference@7573e12f
12:32:29.861 [main] DEBUG org.hibernate.type.BasicTypeRegistry -- Adding type registration double -> org.hibernate.type.BasicTypeReference@51b1a8f6
12:32:29.861 [main] DEBUG org.hibernate.type.BasicTypeRegistry -- Adding type registration double -> org.hibernate.type.BasicTypeReference@51b1a8f6
12:32:29.861 [main] DEBUG org.hibernate.type.BasicTypeRegistry -- Adding type registration java.lang.Double -> org.hibernate.type.BasicTypeReference@51b1a8f6
12:32:29.861 [main] DEBUG org.hibernate.type.BasicTypeRegistry -- Adding type registration big_integer -> org.hibernate.type.BasicTypeReference@2a389173
12:32:29.861 [main] DEBUG org.hibernate.type.BasicTypeRegistry -- Adding type registration java.math.BigInteger -> org.hibernate.type.BasicTypeReference@2a389173
12:32:29.861 [main] DEBUG org.hibernate.type.BasicTypeRegistry -- Adding type registration big_decimal -> org.hibernate.type.BasicTypeReference@213860b8
12:32:29.861 [main] DEBUG org.hibernate.type.BasicTypeRegistry -- Adding type registration java.math.BigDecimal -> org.hibernate.type.BasicTypeReference@213860b8
12:32:29.861 [main] DEBUG org.hibernate.type.BasicTypeRegistry -- Adding type registration character -> org.hibernate.type.BasicTypeReference@4ba89729
12:32:29.861 [main] DEBUG org.hibernate.type.BasicTypeRegistry -- Adding type registration char -> org.hibernate.type.BasicTypeReference@4ba89729
12:32:29.861 [main] DEBUG org.hibernate.type.BasicTypeRegistry -- Adding type registration java.lang.Character -> org.hibernate.type.BasicTypeReference@4ba89729
12:32:29.861 [main] DEBUG org.hibernate.type.BasicTypeRegistry -- Adding type registration character_nchar -> org.hibernate.type.BasicTypeReference@178270b2
12:32:29.861 [main] DEBUG org.hibernate.type.BasicTypeRegistry -- Adding type registration string -> org.hibernate.type.BasicTypeReference@795fd838
12:32:29.861 [main] DEBUG org.hibernate.type.BasicTypeRegistry -- Adding type registration java.lang.String -> org.hibernate.type.BasicTypeReference@795fd838
12:32:29.861 [main] DEBUG org.hibernate.type.BasicTypeRegistry -- Adding type registration nstring -> org.hibernate.type.BasicTypeReference@1b005a0b
12:32:29.861 [main] DEBUG org.hibernate.type.BasicTypeRegistry -- Adding type registration characters -> org.hibernate.type.BasicTypeReference@141e879d
12:32:29.861 [main] DEBUG org.hibernate.type.BasicTypeRegistry -- Adding type registration char[] -> org.hibernate.type.BasicTypeReference@141e879d
12:32:29.861 [main] DEBUG org.hibernate.type.BasicTypeRegistry -- Adding type registration [C -> org.hibernate.type.BasicTypeReference@141e879d
12:32:29.861 [main] DEBUG org.hibernate.type.BasicTypeRegistry -- Adding type registration wrapper-characters -> org.hibernate.type.BasicTypeReference@109d724c
12:32:29.861 [main] DEBUG org.hibernate.type.BasicTypeRegistry -- Adding type registration text -> org.hibernate.type.BasicTypeReference@1704f67f
12:32:29.861 [main] DEBUG org.hibernate.type.BasicTypeRegistry -- Adding type registration ntext -> org.hibernate.type.BasicTypeReference@e4d2696
12:32:29.861 [main] DEBUG org.hibernate.type.BasicTypeRegistry -- Adding type registration clob -> org.hibernate.type.BasicTypeReference@6e0f7aad
12:32:29.861 [main] DEBUG org.hibernate.type.BasicTypeRegistry -- Adding type registration java.sql.Clob -> org.hibernate.type.BasicTypeReference@6e0f7aad
12:32:29.861 [main] DEBUG org.hibernate.type.BasicTypeRegistry -- Adding type registration nclob -> org.hibernate.type.BasicTypeReference@15fb7a32
12:32:29.861 [main] DEBUG org.hibernate.type.BasicTypeRegistry -- Adding type registration java.sql.NClob -> org.hibernate.type.BasicTypeReference@15fb7a32
12:32:29.861 [main] DEBUG org.hibernate.type.BasicTypeRegistry -- Adding type registration materialized_clob -> org.hibernate.type.BasicTypeReference@257cc1fc
12:32:29.861 [main] DEBUG org.hibernate.type.BasicTypeRegistry -- Adding type registration materialized_clob_char_array -> org.hibernate.type.BasicTypeReference@42e22a53
12:32:29.861 [main] DEBUG org.hibernate.type.BasicTypeRegistry -- Adding type registration materialized_clob_character_array -> org.hibernate.type.BasicTypeReference@57adfab0
12:32:29.861 [main] DEBUG org.hibernate.type.BasicTypeRegistry -- Adding type registration materialized_nclob -> org.hibernate.type.BasicTypeReference@1949309d
12:32:29.861 [main] DEBUG org.hibernate.type.BasicTypeRegistry -- Adding type registration materialized_nclob_character_array -> org.hibernate.type.BasicTypeReference@5af97169
12:32:29.861 [main] DEBUG org.hibernate.type.BasicTypeRegistry -- Adding type registration materialized_nclob_char_array -> org.hibernate.type.BasicTypeReference@99a78d7
12:32:29.861 [main] DEBUG org.hibernate.type.BasicTypeRegistry -- Adding type registration Duration -> org.hibernate.type.BasicTypeReference@31da6b2e
12:32:29.861 [main] DEBUG org.hibernate.type.BasicTypeRegistry -- Adding type registration java.time.Duration -> org.hibernate.type.BasicTypeReference@31da6b2e
12:32:29.861 [main] DEBUG org.hibernate.type.BasicTypeRegistry -- Adding type registration LocalDateTime -> org.hibernate.type.BasicTypeReference@61c76850
12:32:29.861 [main] DEBUG org.hibernate.type.BasicTypeRegistry -- Adding type registration java.time.LocalDateTime -> org.hibernate.type.BasicTypeReference@61c76850
12:32:29.861 [main] DEBUG org.hibernate.type.BasicTypeRegistry -- Adding type registration LocalDate -> org.hibernate.type.BasicTypeReference@70242f38
12:32:29.861 [main] DEBUG org.hibernate.type.BasicTypeRegistry -- Adding type registration java.time.LocalDate -> org.hibernate.type.BasicTypeReference@70242f38
12:32:29.861 [main] DEBUG org.hibernate.type.BasicTypeRegistry -- Adding type registration LocalTime -> org.hibernate.type.BasicTypeReference@2a22ad2b
12:32:29.861 [main] DEBUG org.hibernate.type.BasicTypeRegistry -- Adding type registration java.time.LocalTime -> org.hibernate.type.BasicTypeReference@2a22ad2b
12:32:29.861 [main] DEBUG org.hibernate.type.BasicTypeRegistry -- Adding type registration OffsetDateTime -> org.hibernate.type.BasicTypeReference@48c3205a
12:32:29.861 [main] DEBUG org.hibernate.type.BasicTypeRegistry -- Adding type registration java.time.OffsetDateTime -> org.hibernate.type.BasicTypeReference@48c3205a
12:32:29.861 [main] DEBUG org.hibernate.type.BasicTypeRegistry -- Adding type registration OffsetDateTimeWithTimezone -> org.hibernate.type.BasicTypeReference@121c54fa
12:32:29.861 [main] DEBUG org.hibernate.type.BasicTypeRegistry -- Adding type registration OffsetDateTimeWithoutTimezone -> org.hibernate.type.BasicTypeReference@4390f46e
12:32:29.861 [main] DEBUG org.hibernate.type.BasicTypeRegistry -- Adding type registration OffsetTime -> org.hibernate.type.BasicTypeReference@7c6442c2
12:32:29.861 [main] DEBUG org.hibernate.type.BasicTypeRegistry -- Adding type registration java.time.OffsetTime -> org.hibernate.type.BasicTypeReference@7c6442c2
12:32:29.861 [main] DEBUG org.hibernate.type.BasicTypeRegistry -- Adding type registration OffsetTimeUtc -> org.hibernate.type.BasicTypeReference@2d746ce4
12:32:29.861 [main] DEBUG org.hibernate.type.BasicTypeRegistry -- Adding type registration OffsetTimeWithTimezone -> org.hibernate.type.BasicTypeReference@5dbf5634
12:32:29.861 [main] DEBUG org.hibernate.type.BasicTypeRegistry -- Adding type registration OffsetTimeWithoutTimezone -> org.hibernate.type.BasicTypeReference@1948ea69
12:32:29.861 [main] DEBUG org.hibernate.type.BasicTypeRegistry -- Adding type registration ZonedDateTime -> org.hibernate.type.BasicTypeReference@47e4d9d0
12:32:29.861 [main] DEBUG org.hibernate.type.BasicTypeRegistry -- Adding type registration java.time.ZonedDateTime -> org.hibernate.type.BasicTypeReference@47e4d9d0
12:32:29.861 [main] DEBUG org.hibernate.type.BasicTypeRegistry -- Adding type registration ZonedDateTimeWithTimezone -> org.hibernate.type.BasicTypeReference@49798e84
12:32:29.861 [main] DEBUG org.hibernate.type.BasicTypeRegistry -- Adding type registration ZonedDateTimeWithoutTimezone -> org.hibernate.type.BasicTypeReference@6ed06f69
12:32:29.861 [main] DEBUG org.hibernate.type.BasicTypeRegistry -- Adding type registration date -> org.hibernate.type.BasicTypeReference@3015db78
12:32:29.861 [main] DEBUG org.hibernate.type.BasicTypeRegistry -- Adding type registration java.sql.Date -> org.hibernate.type.BasicTypeReference@3015db78
12:32:29.861 [main] DEBUG org.hibernate.type.BasicTypeRegistry -- Adding type registration time -> org.hibernate.type.BasicTypeReference@515ebef3
12:32:29.861 [main] DEBUG org.hibernate.type.BasicTypeRegistry -- Adding type registration java.sql.Time -> org.hibernate.type.BasicTypeReference@515ebef3
12:32:29.861 [main] DEBUG org.hibernate.type.BasicTypeRegistry -- Adding type registration timestamp -> org.hibernate.type.BasicTypeReference@545607f2
12:32:29.862 [main] DEBUG org.hibernate.type.BasicTypeRegistry -- Adding type registration java.sql.Timestamp -> org.hibernate.type.BasicTypeReference@545607f2
12:32:29.862 [main] DEBUG org.hibernate.type.BasicTypeRegistry -- Adding type registration java.util.Date -> org.hibernate.type.BasicTypeReference@545607f2
12:32:29.862 [main] DEBUG org.hibernate.type.BasicTypeRegistry -- Adding type registration calendar -> org.hibernate.type.BasicTypeReference@39109136
12:32:29.862 [main] DEBUG org.hibernate.type.BasicTypeRegistry -- Adding type registration java.util.Calendar -> org.hibernate.type.BasicTypeReference@39109136
12:32:29.862 [main] DEBUG org.hibernate.type.BasicTypeRegistry -- Adding type registration java.util.GregorianCalendar -> org.hibernate.type.BasicTypeReference@39109136
12:32:29.862 [main] DEBUG org.hibernate.type.BasicTypeRegistry -- Adding type registration calendar_date -> org.hibernate.type.BasicTypeReference@27c04377
12:32:29.862 [main] DEBUG org.hibernate.type.BasicTypeRegistry -- Adding type registration calendar_time -> org.hibernate.type.BasicTypeReference@34dc85a
12:32:29.862 [main] DEBUG org.hibernate.type.BasicTypeRegistry -- Adding type registration instant -> org.hibernate.type.BasicTypeReference@67403656
12:32:29.862 [main] DEBUG org.hibernate.type.BasicTypeRegistry -- Adding type registration java.time.Instant -> org.hibernate.type.BasicTypeReference@67403656
12:32:29.862 [main] DEBUG org.hibernate.type.BasicTypeRegistry -- Adding type registration uuid -> org.hibernate.type.BasicTypeReference@5a6482a9
12:32:29.862 [main] DEBUG org.hibernate.type.BasicTypeRegistry -- Adding type registration java.util.UUID -> org.hibernate.type.BasicTypeReference@5a6482a9
12:32:29.862 [main] DEBUG org.hibernate.type.BasicTypeRegistry -- Adding type registration pg-uuid -> org.hibernate.type.BasicTypeReference@5a6482a9
12:32:29.862 [main] DEBUG org.hibernate.type.BasicTypeRegistry -- Adding type registration uuid-binary -> org.hibernate.type.BasicTypeReference@7f9ab969
12:32:29.862 [main] DEBUG org.hibernate.type.BasicTypeRegistry -- Adding type registration uuid-char -> org.hibernate.type.BasicTypeReference@746cd757
12:32:29.862 [main] DEBUG org.hibernate.type.BasicTypeRegistry -- Adding type registration class -> org.hibernate.type.BasicTypeReference@ae372b9
12:32:29.862 [main] DEBUG org.hibernate.type.BasicTypeRegistry -- Adding type registration java.lang.Class -> org.hibernate.type.BasicTypeReference@ae372b9
12:32:29.862 [main] DEBUG org.hibernate.type.BasicTypeRegistry -- Adding type registration currency -> org.hibernate.type.BasicTypeReference@2098d37d
12:32:29.862 [main] DEBUG org.hibernate.type.BasicTypeRegistry -- Adding type registration Currency -> org.hibernate.type.BasicTypeReference@2098d37d
12:32:29.862 [main] DEBUG org.hibernate.type.BasicTypeRegistry -- Adding type registration java.util.Currency -> org.hibernate.type.BasicTypeReference@2098d37d
12:32:29.862 [main] DEBUG org.hibernate.type.BasicTypeRegistry -- Adding type registration locale -> org.hibernate.type.BasicTypeReference@77b9d0c7
12:32:29.862 [main] DEBUG org.hibernate.type.BasicTypeRegistry -- Adding type registration java.util.Locale -> org.hibernate.type.BasicTypeReference@77b9d0c7
12:32:29.862 [main] DEBUG org.hibernate.type.BasicTypeRegistry -- Adding type registration serializable -> org.hibernate.type.BasicTypeReference@65fd6708
12:32:29.862 [main] DEBUG org.hibernate.type.BasicTypeRegistry -- Adding type registration java.io.Serializable -> org.hibernate.type.BasicTypeReference@65fd6708
12:32:29.862 [main] DEBUG org.hibernate.type.BasicTypeRegistry -- Adding type registration timezone -> org.hibernate.type.BasicTypeReference@749ab7b4
12:32:29.862 [main] DEBUG org.hibernate.type.BasicTypeRegistry -- Adding type registration java.util.TimeZone -> org.hibernate.type.BasicTypeReference@749ab7b4
12:32:29.862 [main] DEBUG org.hibernate.type.BasicTypeRegistry -- Adding type registration ZoneOffset -> org.hibernate.type.BasicTypeReference@127f9161
12:32:29.862 [main] DEBUG org.hibernate.type.BasicTypeRegistry -- Adding type registration java.time.ZoneOffset -> org.hibernate.type.BasicTypeReference@127f9161
12:32:29.862 [main] DEBUG org.hibernate.type.BasicTypeRegistry -- Adding type registration url -> org.hibernate.type.BasicTypeReference@2bf94401
12:32:29.862 [main] DEBUG org.hibernate.type.BasicTypeRegistry -- Adding type registration java.net.URL -> org.hibernate.type.BasicTypeReference@2bf94401
12:32:29.862 [main] DEBUG org.hibernate.type.BasicTypeRegistry -- Adding type registration vector -> org.hibernate.type.BasicTypeReference@2532b351
12:32:29.862 [main] DEBUG org.hibernate.type.BasicTypeRegistry -- Adding type registration row_version -> org.hibernate.type.BasicTypeReference@4349754
12:32:29.862 [main] DEBUG org.hibernate.type.BasicTypeRegistry -- Adding type registration object -> org.hibernate.type.JavaObjectType@6fd1660
12:32:29.862 [main] DEBUG org.hibernate.type.BasicTypeRegistry -- Adding type registration java.lang.Object -> org.hibernate.type.JavaObjectType@6fd1660
12:32:29.862 [main] DEBUG org.hibernate.type.BasicTypeRegistry -- Adding type registration null -> org.hibernate.type.NullType@f339eae
12:32:29.862 [main] DEBUG org.hibernate.type.BasicTypeRegistry -- Adding type registration imm_date -> org.hibernate.type.BasicTypeReference@c190cfc
12:32:29.862 [main] DEBUG org.hibernate.type.BasicTypeRegistry -- Adding type registration imm_time -> org.hibernate.type.BasicTypeReference@77ce8bc5
12:32:29.862 [main] DEBUG org.hibernate.type.BasicTypeRegistry -- Adding type registration imm_timestamp -> org.hibernate.type.BasicTypeReference@2fcc5f49
12:32:29.862 [main] DEBUG org.hibernate.type.BasicTypeRegistry -- Adding type registration imm_calendar -> org.hibernate.type.BasicTypeReference@28e48b65
12:32:29.862 [main] DEBUG org.hibernate.type.BasicTypeRegistry -- Adding type registration imm_calendar_date -> org.hibernate.type.BasicTypeReference@6cde0c69
12:32:29.862 [main] DEBUG org.hibernate.type.BasicTypeRegistry -- Adding type registration imm_calendar_time -> org.hibernate.type.BasicTypeReference@6f4d2294
12:32:29.862 [main] DEBUG org.hibernate.type.BasicTypeRegistry -- Adding type registration imm_binary -> org.hibernate.type.BasicTypeReference@22361e23
12:32:29.862 [main] DEBUG org.hibernate.type.BasicTypeRegistry -- Adding type registration imm_serializable -> org.hibernate.type.BasicTypeReference@2e0516a3
12:32:29.863 [main] WARN org.hibernate.orm.connections.pooling -- HHH10001002: Using built-in connection pool (not intended for production use)
12:32:29.863 [main] INFO org.hibernate.orm.connections.pooling -- HHH10001005: Loaded JDBC driver class: org.apache.derby.jdbc.EmbeddedDriver
12:32:29.863 [main] INFO org.hibernate.orm.connections.pooling -- HHH10001012: Connecting with JDBC URL [jdbc:derby:database/SupermarketDB;create=true]
12:32:29.863 [main] INFO org.hibernate.orm.connections.pooling -- HHH10001001: Connection properties: {password=, user=}
12:32:29.863 [main] INFO org.hibernate.orm.connections.pooling -- HHH10001003: Autocommit mode: false
12:32:29.863 [main] DEBUG org.hibernate.orm.connections.pooling -- Initializing Connection pool with 1 Connections
12:32:29.863 [main] INFO org.hibernate.orm.connections.pooling -- HHH10001115: Connection pool size: 20 (min=1)
12:32:29.864 [main] DEBUG org.hibernate.engine.jdbc.env.internal.JdbcEnvironmentInitiator -- Database ->
	   name : Apache Derby
	version : 10.17.1.0 - (1913217)
	  major : 10
	  minor : 17
12:32:29.864 [main] DEBUG org.hibernate.engine.jdbc.env.internal.JdbcEnvironmentInitiator -- Driver ->
	   name : Apache Derby Embedded JDBC Driver
	version : 10.17.1.0 - (1913217)
	  major : 10
	  minor : 17
12:32:29.864 [main] DEBUG org.hibernate.engine.jdbc.env.internal.JdbcEnvironmentInitiator -- JDBC version : 4.2
12:32:29.864 [main] WARN org.hibernate.orm.deprecation -- HHH90000025: DerbyDialect does not need to be specified explicitly using 'hibernate.dialect' (remove the property setting and it will be selected by default)
12:32:29.864 [main] DEBUG org.hibernate.orm.dialect -- HHH035001: Using dialect: org.hibernate.dialect.DerbyDialect, version: 10.17.1
12:32:29.865 [main] DEBUG org.hibernate.orm.jdbc.lob -- HHH10010006: Disabling contextual NCLOB creation as createNClob() method threw error : java.sql.SQLFeatureNotSupportedException: Feature not implemented: No details.
12:32:29.865 [main] DEBUG org.hibernate.type.descriptor.sql.spi.DdlTypeRegistry -- addDescriptor(-3, org.hibernate.type.descriptor.sql.internal.CapacityDependentDdlType@6b0325d0) replaced previous registration(org.hibernate.type.descriptor.sql.internal.CapacityDependentDdlType@70439c3)
12:32:29.865 [main] DEBUG org.hibernate.type.descriptor.sql.spi.DdlTypeRegistry -- addDescriptor(12, org.hibernate.type.descriptor.sql.internal.CapacityDependentDdlType@72a33316) replaced previous registration(org.hibernate.type.descriptor.sql.internal.CapacityDependentDdlType@57fce8b)
12:32:29.865 [main] DEBUG org.hibernate.type.descriptor.sql.spi.DdlTypeRegistry -- addDescriptor(-9, org.hibernate.type.descriptor.sql.internal.CapacityDependentDdlType@77204651) replaced previous registration(org.hibernate.type.descriptor.sql.internal.CapacityDependentDdlType@51cca357)
12:32:29.865 [main] DEBUG org.hibernate.type.descriptor.sql.spi.DdlTypeRegistry -- addDescriptor(-2, org.hibernate.type.descriptor.sql.internal.CapacityDependentDdlType@3a9c11fb) replaced previous registration(org.hibernate.type.descriptor.sql.internal.DdlTypeImpl@416c8bb5)
12:32:29.865 [main] DEBUG org.hibernate.type.descriptor.sql.spi.DdlTypeRegistry -- addDescriptor(1, org.hibernate.type.descriptor.sql.internal.CapacityDependentDdlType@340b4f07) replaced previous registration(org.hibernate.type.descriptor.sql.internal.DdlTypeImpl@e994ca)
12:32:29.865 [main] DEBUG org.hibernate.type.descriptor.sql.spi.DdlTypeRegistry -- addDescriptor(-15, org.hibernate.type.descriptor.sql.internal.CapacityDependentDdlType@5a205ee5) replaced previous registration(org.hibernate.type.descriptor.sql.internal.DdlTypeImpl@7fb44737)
12:32:29.865 [main] DEBUG org.hibernate.type.descriptor.jdbc.spi.JdbcTypeRegistry -- addDescriptor(2005, ClobTypeDescriptor(STREAM_BINDING)) replaced previous registration(ClobTypeDescriptor(DEFAULT))
12:32:29.865 [main] DEBUG org.hibernate.type.descriptor.jdbc.spi.JdbcTypeRegistry -- addDescriptor(2, DecimalTypeDescriptor) replaced previous registration(NumericTypeDescriptor)
12:32:29.865 [main] DEBUG org.hibernate.type.descriptor.jdbc.spi.JdbcTypeRegistry -- addDescriptor(2014, TimestampTypeDescriptor) replaced previous registration(TimestampWithTimeZoneDescriptor)
12:32:29.865 [main] DEBUG org.hibernate.type.BasicTypeRegistry -- BasicTypeRegistry registration overwritten (2000 + org.hibernate.type.descriptor.java.ObjectJavaType@6892cc6f); previous =`org.hibernate.type.NullType@f339eae`
12:32:29.865 [main] DEBUG org.hibernate.type.BasicTypeRegistry -- Adding type registration JAVA_OBJECT -> org.hibernate.type.JavaObjectType@11295cb1
12:32:29.865 [main] DEBUG org.hibernate.type.BasicTypeRegistry -- Adding type registration java.lang.Object -> org.hibernate.type.JavaObjectType@11295cb1
12:32:29.865 [main] DEBUG org.hibernate.type.BasicTypeRegistry -- Type registration key [java.lang.Object] overrode previous entry : `org.hibernate.type.JavaObjectType@6fd1660`
12:32:29.865 [main] DEBUG org.hibernate.type.BasicTypeRegistry -- Adding type registration org.hibernate.type.DurationType -> basicType@22(java.time.Duration,3015)
12:32:29.865 [main] DEBUG org.hibernate.type.BasicTypeRegistry -- Adding type registration Duration -> basicType@22(java.time.Duration,3015)
12:32:29.865 [main] DEBUG org.hibernate.type.BasicTypeRegistry -- Adding type registration java.time.Duration -> basicType@22(java.time.Duration,3015)
12:32:29.865 [main] DEBUG org.hibernate.type.BasicTypeRegistry -- Adding type registration org.hibernate.type.OffsetDateTimeType -> basicType@23(java.time.OffsetDateTime,3003)
12:32:29.865 [main] DEBUG org.hibernate.type.BasicTypeRegistry -- Adding type registration OffsetDateTime -> basicType@23(java.time.OffsetDateTime,3003)
12:32:29.865 [main] DEBUG org.hibernate.type.BasicTypeRegistry -- Adding type registration java.time.OffsetDateTime -> basicType@23(java.time.OffsetDateTime,3003)
12:32:29.865 [main] DEBUG org.hibernate.type.BasicTypeRegistry -- Adding type registration org.hibernate.type.ZonedDateTimeType -> basicType@24(java.time.ZonedDateTime,3003)
12:32:29.865 [main] DEBUG org.hibernate.type.BasicTypeRegistry -- Adding type registration ZonedDateTime -> basicType@24(java.time.ZonedDateTime,3003)
12:32:29.865 [main] DEBUG org.hibernate.type.BasicTypeRegistry -- Adding type registration java.time.ZonedDateTime -> basicType@24(java.time.ZonedDateTime,3003)
12:32:29.865 [main] DEBUG org.hibernate.type.BasicTypeRegistry -- Adding type registration org.hibernate.type.OffsetTimeType -> basicType@25(java.time.OffsetTime,3007)
12:32:29.865 [main] DEBUG org.hibernate.type.BasicTypeRegistry -- Adding type registration OffsetTime -> basicType@25(java.time.OffsetTime,3007)
12:32:29.865 [main] DEBUG org.hibernate.type.BasicTypeRegistry -- Adding type registration java.time.OffsetTime -> basicType@25(java.time.OffsetTime,3007)
12:32:29.865 [main] DEBUG org.hibernate.type.spi.TypeConfiguration$Scope -- Scoping TypeConfiguration [org.hibernate.type.spi.TypeConfiguration@5daad59a] to MetadataBuildingContext [org.hibernate.boot.internal.MetadataBuildingContextRootImpl@5256fbc]
12:32:29.866 [main] DEBUG org.hibernate.boot.model.relational.Namespace -- Created database namespace [logicalName=Name{catalog=null, schema=null}, physicalName=Name{catalog=null, schema=null}]
12:32:29.866 [main] DEBUG org.hibernate.boot.model.internal.EntityBinder -- Binding entity from annotated class: com.pdcgame.Models.GameSave
12:32:29.866 [main] DEBUG org.hibernate.boot.model.internal.EntityBinder -- Import with entity name GameSave
12:32:29.866 [main] DEBUG org.hibernate.boot.model.internal.EntityBinder -- Bind entity com.pdcgame.Models.GameSave on table game_save
12:32:29.866 [main] DEBUG org.hibernate.boot.model.internal.AnnotatedColumn -- Binding column: AnnotatedDiscriminatorColumn(column='DTYPE')
12:32:29.866 [main] DEBUG org.hibernate.boot.model.internal.AnnotatedColumn -- Binding column: AnnotatedColumn()
12:32:29.866 [main] DEBUG org.hibernate.boot.internal.ClassLoaderAccessImpl -- Not known whether passed class name [com.pdcgame.Models.GameSave] is safe
12:32:29.866 [main] DEBUG org.hibernate.boot.internal.ClassLoaderAccessImpl -- No temp ClassLoader provided; using live ClassLoader for loading potentially unsafe class : com.pdcgame.Models.GameSave
12:32:29.866 [main] DEBUG org.hibernate.boot.model.internal.PropertyBinder -- MetadataSourceProcessor property id with lazy=false
12:32:29.866 [main] DEBUG org.hibernate.boot.model.internal.AbstractPropertyHolder -- Attempting to locate auto-apply AttributeConverter for property [com.pdcgame.Models.GameSave:id]
12:32:29.866 [main] DEBUG org.hibernate.boot.model.internal.BasicValueBinder -- building BasicValue for id
12:32:29.866 [main] DEBUG org.hibernate.mapping.BasicValue -- Skipping column re-registration: game_save.id
12:32:29.866 [main] DEBUG org.hibernate.boot.model.internal.PropertyBinder -- Building property id
12:32:29.866 [main] DEBUG org.hibernate.boot.model.internal.BinderHelper -- #makeIdGenerator(BasicValue([Column(id)]), id, assigned, , ...)
12:32:29.866 [main] DEBUG org.hibernate.boot.model.internal.AnnotatedColumn -- Binding column: AnnotatedColumn()
12:32:29.866 [main] DEBUG org.hibernate.boot.model.internal.PropertyBinder -- MetadataSourceProcessor property actions with lazy=false
12:32:29.866 [main] DEBUG org.hibernate.boot.model.internal.AbstractPropertyHolder -- Attempting to locate auto-apply AttributeConverter for property [com.pdcgame.Models.GameSave:actions]
12:32:29.866 [main] DEBUG org.hibernate.boot.model.internal.BasicValueBinder -- building BasicValue for actions
12:32:29.866 [main] DEBUG org.hibernate.mapping.BasicValue -- Skipping column re-registration: game_save.actions
12:32:29.866 [main] DEBUG org.hibernate.boot.model.internal.PropertyBinder -- Building property actions
12:32:29.866 [main] DEBUG org.hibernate.boot.model.internal.AnnotatedColumn -- Binding column: AnnotatedColumn()
12:32:29.866 [main] DEBUG org.hibernate.boot.model.internal.PropertyBinder -- MetadataSourceProcessor property balance with lazy=false
12:32:29.866 [main] DEBUG org.hibernate.boot.model.internal.AbstractPropertyHolder -- Attempting to locate auto-apply AttributeConverter for property [com.pdcgame.Models.GameSave:balance]
12:32:29.866 [main] DEBUG org.hibernate.boot.model.internal.BasicValueBinder -- building BasicValue for balance
12:32:29.867 [main] DEBUG org.hibernate.mapping.BasicValue -- Skipping column re-registration: game_save.balance
12:32:29.867 [main] DEBUG org.hibernate.boot.model.internal.PropertyBinder -- Building property balance
12:32:29.867 [main] DEBUG org.hibernate.boot.model.internal.AnnotatedColumn -- Binding column: AnnotatedColumn()
12:32:29.867 [main] DEBUG org.hibernate.boot.model.internal.PropertyBinder -- MetadataSourceProcessor property day with lazy=false
12:32:29.867 [main] DEBUG org.hibernate.boot.model.internal.AbstractPropertyHolder -- Attempting to locate auto-apply AttributeConverter for property [com.pdcgame.Models.GameSave:day]
12:32:29.867 [main] DEBUG org.hibernate.boot.model.internal.BasicValueBinder -- building BasicValue for day
12:32:29.867 [main] DEBUG org.hibernate.mapping.BasicValue -- Skipping column re-registration: game_save.day
12:32:29.867 [main] DEBUG org.hibernate.boot.model.internal.PropertyBinder -- Building property day
12:32:29.867 [main] DEBUG org.hibernate.boot.model.internal.AnnotatedColumn -- Binding column: AnnotatedColumn()
12:32:29.867 [main] DEBUG org.hibernate.boot.model.internal.PropertyBinder -- MetadataSourceProcessor property difficulty with lazy=false
12:32:29.867 [main] DEBUG org.hibernate.boot.model.internal.AbstractPropertyHolder -- Attempting to locate auto-apply AttributeConverter for property [com.pdcgame.Models.GameSave:difficulty]
12:32:29.867 [main] DEBUG org.hibernate.boot.model.internal.BasicValueBinder -- building BasicValue for difficulty
12:32:29.867 [main] DEBUG org.hibernate.mapping.BasicValue -- Skipping column re-registration: game_save.difficulty
12:32:29.867 [main] DEBUG org.hibernate.boot.model.internal.PropertyBinder -- Building property difficulty
12:32:29.867 [main] DEBUG org.hibernate.boot.model.internal.AnnotatedColumn -- Binding column: AnnotatedColumn()
12:32:29.867 [main] DEBUG org.hibernate.boot.model.internal.PropertyBinder -- MetadataSourceProcessor property gameSeed with lazy=false
12:32:29.867 [main] DEBUG org.hibernate.boot.model.internal.AbstractPropertyHolder -- Attempting to locate auto-apply AttributeConverter for property [com.pdcgame.Models.GameSave:gameSeed]
12:32:29.867 [main] DEBUG org.hibernate.boot.model.internal.BasicValueBinder -- building BasicValue for gameSeed
12:32:29.867 [main] DEBUG org.hibernate.mapping.BasicValue -- Skipping column re-registration: game_save.gameSeed
12:32:29.867 [main] DEBUG org.hibernate.boot.model.internal.PropertyBinder -- Building property gameSeed
12:32:29.867 [main] DEBUG org.hibernate.boot.model.internal.AnnotatedColumn -- Binding column: AnnotatedColumn()
12:32:29.867 [main] DEBUG org.hibernate.boot.model.internal.PropertyBinder -- MetadataSourceProcessor property rating with lazy=false
12:32:29.867 [main] DEBUG org.hibernate.boot.model.internal.AbstractPropertyHolder -- Attempting to locate auto-apply AttributeConverter for property [com.pdcgame.Models.GameSave:rating]
12:32:29.867 [main] DEBUG org.hibernate.boot.model.internal.BasicValueBinder -- building BasicValue for rating
12:32:29.867 [main] DEBUG org.hibernate.mapping.BasicValue -- Skipping column re-registration: game_save.rating
12:32:29.867 [main] DEBUG org.hibernate.boot.model.internal.PropertyBinder -- Building property rating
12:32:29.867 [main] DEBUG org.hibernate.boot.model.internal.AnnotatedColumn -- Binding column: AnnotatedColumn()
12:32:29.867 [main] DEBUG org.hibernate.boot.model.internal.PropertyBinder -- MetadataSourceProcessor property totalActions with lazy=false
12:32:29.867 [main] DEBUG org.hibernate.boot.model.internal.AbstractPropertyHolder -- Attempting to locate auto-apply AttributeConverter for property [com.pdcgame.Models.GameSave:totalActions]
12:32:29.867 [main] DEBUG org.hibernate.boot.model.internal.BasicValueBinder -- building BasicValue for totalActions
12:32:29.867 [main] DEBUG org.hibernate.mapping.BasicValue -- Skipping column re-registration: game_save.totalActions
12:32:29.867 [main] DEBUG org.hibernate.boot.model.internal.PropertyBinder -- Building property totalActions
12:32:29.867 [main] DEBUG org.hibernate.boot.registry.classloading.internal.ClassLoaderServiceImpl -- HHH000194: Package not found or no package-info.java: com.pdcgame.Models
12:32:29.867 [main] DEBUG org.hibernate.boot.model.internal.EntityBinder -- Binding entity from annotated class: com.pdcgame.Models.InventorySave
12:32:29.867 [main] DEBUG org.hibernate.boot.model.internal.EntityBinder -- Import with entity name InventorySave
12:32:29.867 [main] DEBUG org.hibernate.boot.model.internal.EntityBinder -- Bind entity com.pdcgame.Models.InventorySave on table inventory_save
12:32:29.867 [main] DEBUG org.hibernate.boot.model.internal.AnnotatedColumn -- Binding column: AnnotatedDiscriminatorColumn(column='DTYPE')
12:32:29.868 [main] DEBUG org.hibernate.boot.model.internal.AnnotatedColumn -- Binding column: AnnotatedColumn(column='product_name')
12:32:29.868 [main] DEBUG org.hibernate.boot.internal.ClassLoaderAccessImpl -- Not known whether passed class name [com.pdcgame.Models.InventorySave] is safe
12:32:29.868 [main] DEBUG org.hibernate.boot.internal.ClassLoaderAccessImpl -- No temp ClassLoader provided; using live ClassLoader for loading potentially unsafe class : com.pdcgame.Models.InventorySave
12:32:29.868 [main] DEBUG org.hibernate.boot.model.internal.PropertyBinder -- MetadataSourceProcessor property productName with lazy=false
12:32:29.868 [main] DEBUG org.hibernate.boot.model.internal.AbstractPropertyHolder -- Attempting to locate auto-apply AttributeConverter for property [com.pdcgame.Models.InventorySave:productName]
12:32:29.868 [main] DEBUG org.hibernate.boot.model.internal.BasicValueBinder -- building BasicValue for productName
12:32:29.868 [main] DEBUG org.hibernate.mapping.BasicValue -- Skipping column re-registration: inventory_save.product_name
12:32:29.868 [main] DEBUG org.hibernate.boot.model.internal.PropertyBinder -- Building property productName
12:32:29.868 [main] DEBUG org.hibernate.boot.model.internal.BinderHelper -- #makeIdGenerator(BasicValue([Column(product_name)]), productName, assigned, , ...)
12:32:29.868 [main] DEBUG org.hibernate.boot.model.internal.AnnotatedColumn -- Binding column: AnnotatedColumn(column='quantity')
12:32:29.868 [main] DEBUG org.hibernate.boot.model.internal.PropertyBinder -- MetadataSourceProcessor property quantity with lazy=false
12:32:29.868 [main] DEBUG org.hibernate.boot.model.internal.AbstractPropertyHolder -- Attempting to locate auto-apply AttributeConverter for property [com.pdcgame.Models.InventorySave:quantity]
12:32:29.868 [main] DEBUG org.hibernate.boot.model.internal.BasicValueBinder -- building BasicValue for quantity
12:32:29.868 [main] DEBUG org.hibernate.mapping.BasicValue -- Skipping column re-registration: inventory_save.quantity
12:32:29.868 [main] DEBUG org.hibernate.boot.model.internal.PropertyBinder -- Building property quantity
12:32:29.868 [main] DEBUG org.hibernate.boot.model.internal.AnnotatedColumn -- Binding column: AnnotatedColumn(column='sell_price')
12:32:29.868 [main] DEBUG org.hibernate.boot.model.internal.PropertyBinder -- MetadataSourceProcessor property sellPrice with lazy=false
12:32:29.868 [main] DEBUG org.hibernate.boot.model.internal.AbstractPropertyHolder -- Attempting to locate auto-apply AttributeConverter for property [com.pdcgame.Models.InventorySave:sellPrice]
12:32:29.868 [main] DEBUG org.hibernate.boot.model.internal.BasicValueBinder -- building BasicValue for sellPrice
12:32:29.868 [main] DEBUG org.hibernate.mapping.BasicValue -- Skipping column re-registration: inventory_save.sell_price
12:32:29.868 [main] DEBUG org.hibernate.boot.model.internal.PropertyBinder -- Building property sellPrice
12:32:29.868 [main] DEBUG org.hibernate.boot.registry.classloading.internal.ClassLoaderServiceImpl -- HHH000194: Package not found or no package-info.java: com.pdcgame.Models
12:32:29.868 [main] DEBUG org.hibernate.boot.model.internal.EntityBinder -- Binding entity from annotated class: com.pdcgame.Models.BoardSave
12:32:29.868 [main] DEBUG org.hibernate.boot.model.internal.EntityBinder -- Import with entity name BoardSave
12:32:29.868 [main] DEBUG org.hibernate.boot.model.internal.EntityBinder -- Bind entity com.pdcgame.Models.BoardSave on table board_save
12:32:29.868 [main] DEBUG org.hibernate.boot.model.internal.AnnotatedColumn -- Binding column: AnnotatedDiscriminatorColumn(column='DTYPE')
12:32:29.868 [main] DEBUG org.hibernate.boot.model.internal.AnnotatedColumn -- Binding column: AnnotatedColumn()
12:32:29.868 [main] DEBUG org.hibernate.boot.internal.ClassLoaderAccessImpl -- Not known whether passed class name [com.pdcgame.Models.BoardSave] is safe
12:32:29.868 [main] DEBUG org.hibernate.boot.internal.ClassLoaderAccessImpl -- No temp ClassLoader provided; using live ClassLoader for loading potentially unsafe class : com.pdcgame.Models.BoardSave
12:32:29.868 [main] DEBUG org.hibernate.boot.model.internal.PropertyBinder -- MetadataSourceProcessor property coordinateID with lazy=false
12:32:29.868 [main] DEBUG org.hibernate.boot.model.internal.AbstractPropertyHolder -- Attempting to locate auto-apply AttributeConverter for property [com.pdcgame.Models.BoardSave:coordinateID]
12:32:29.868 [main] DEBUG org.hibernate.boot.model.internal.BasicValueBinder -- building BasicValue for coordinateID
12:32:29.868 [main] DEBUG org.hibernate.mapping.BasicValue -- Skipping column re-registration: board_save.coordinateID
12:32:29.868 [main] DEBUG org.hibernate.boot.model.internal.PropertyBinder -- Building property coordinateID
12:32:29.869 [main] DEBUG org.hibernate.boot.model.internal.BinderHelper -- #makeIdGenerator(BasicValue([Column(coordinateID)]), coordinateID, assigned, , ...)
12:32:29.869 [main] DEBUG org.hibernate.boot.model.internal.AnnotatedColumn -- Binding column: AnnotatedColumn()
12:32:29.869 [main] DEBUG org.hibernate.boot.model.internal.PropertyBinder -- MetadataSourceProcessor property boardCell with lazy=false
12:32:29.869 [main] DEBUG org.hibernate.boot.model.internal.AbstractPropertyHolder -- Attempting to locate auto-apply AttributeConverter for property [com.pdcgame.Models.BoardSave:boardCell]
12:32:29.869 [main] DEBUG org.hibernate.boot.model.internal.BasicValueBinder -- building BasicValue for boardCell
12:32:29.869 [main] DEBUG org.hibernate.mapping.BasicValue -- Skipping column re-registration: board_save.boardCell
12:32:29.869 [main] DEBUG org.hibernate.boot.model.internal.PropertyBinder -- Building property boardCell
12:32:29.869 [main] DEBUG org.hibernate.boot.registry.classloading.internal.ClassLoaderServiceImpl -- HHH000194: Package not found or no package-info.java: com.pdcgame.Models
12:32:29.869 [main] DEBUG org.hibernate.boot.model.internal.EntityBinder -- Binding entity from annotated class: com.pdcgame.Models.StorageItemSave
12:32:29.869 [main] DEBUG org.hibernate.boot.model.internal.EntityBinder -- Import with entity name StorageItemSave
12:32:29.869 [main] DEBUG org.hibernate.boot.model.internal.EntityBinder -- Bind entity com.pdcgame.Models.StorageItemSave on table storage_save
12:32:29.869 [main] DEBUG org.hibernate.boot.model.internal.AnnotatedColumn -- Binding column: AnnotatedDiscriminatorColumn(column='DTYPE')
12:32:29.870 [main] DEBUG org.hibernate.boot.model.internal.AnnotatedColumn -- Binding column: AnnotatedColumn()
12:32:29.870 [main] DEBUG org.hibernate.boot.internal.ClassLoaderAccessImpl -- Not known whether passed class name [com.pdcgame.Models.StorageItemSave] is safe
12:32:29.870 [main] DEBUG org.hibernate.boot.internal.ClassLoaderAccessImpl -- No temp ClassLoader provided; using live ClassLoader for loading potentially unsafe class : com.pdcgame.Models.StorageItemSave
12:32:29.870 [main] DEBUG org.hibernate.boot.model.internal.PropertyBinder -- MetadataSourceProcessor property id with lazy=false
12:32:29.870 [main] DEBUG org.hibernate.boot.model.internal.AbstractPropertyHolder -- Attempting to locate auto-apply AttributeConverter for property [com.pdcgame.Models.StorageItemSave:id]
12:32:29.870 [main] DEBUG org.hibernate.boot.model.internal.BasicValueBinder -- building BasicValue for id
12:32:29.870 [main] DEBUG org.hibernate.mapping.BasicValue -- Skipping column re-registration: storage_save.id
12:32:29.870 [main] DEBUG org.hibernate.boot.model.internal.PropertyBinder -- Building property id
12:32:29.870 [main] DEBUG org.hibernate.boot.model.internal.BinderHelper -- #makeIdGenerator(BasicValue([Column(id)]), id, identity, , ...)
12:32:29.870 [main] DEBUG org.hibernate.boot.model.internal.AnnotatedColumn -- Binding column: AnnotatedColumn(column='coordinate_id')
12:32:29.870 [main] DEBUG org.hibernate.boot.model.internal.PropertyBinder -- MetadataSourceProcessor property coordinateID with lazy=false
12:32:29.870 [main] DEBUG org.hibernate.boot.model.internal.AbstractPropertyHolder -- Attempting to locate auto-apply AttributeConverter for property [com.pdcgame.Models.StorageItemSave:coordinateID]
12:32:29.870 [main] DEBUG org.hibernate.boot.model.internal.BasicValueBinder -- building BasicValue for coordinateID
12:32:29.870 [main] DEBUG org.hibernate.mapping.BasicValue -- Skipping column re-registration: storage_save.coordinate_id
12:32:29.870 [main] DEBUG org.hibernate.boot.model.internal.PropertyBinder -- Building property coordinateID
12:32:29.870 [main] DEBUG org.hibernate.boot.model.internal.AnnotatedColumn -- Binding column: AnnotatedColumn(column='product_name')
12:32:29.870 [main] DEBUG org.hibernate.boot.model.internal.PropertyBinder -- MetadataSourceProcessor property productName with lazy=false
12:32:29.870 [main] DEBUG org.hibernate.boot.model.internal.AbstractPropertyHolder -- Attempting to locate auto-apply AttributeConverter for property [com.pdcgame.Models.StorageItemSave:productName]
12:32:29.870 [main] DEBUG org.hibernate.boot.model.internal.BasicValueBinder -- building BasicValue for productName
12:32:29.870 [main] DEBUG org.hibernate.mapping.BasicValue -- Skipping column re-registration: storage_save.product_name
12:32:29.870 [main] DEBUG org.hibernate.boot.model.internal.PropertyBinder -- Building property productName
12:32:29.870 [main] DEBUG org.hibernate.boot.model.internal.AnnotatedColumn -- Binding column: AnnotatedColumn(column='quantity')
12:32:29.870 [main] DEBUG org.hibernate.boot.model.internal.PropertyBinder -- MetadataSourceProcessor property quantity with lazy=false
12:32:29.870 [main] DEBUG org.hibernate.boot.model.internal.AbstractPropertyHolder -- Attempting to locate auto-apply AttributeConverter for property [com.pdcgame.Models.StorageItemSave:quantity]
12:32:29.870 [main] DEBUG org.hibernate.boot.model.internal.BasicValueBinder -- building BasicValue for quantity
12:32:29.870 [main] DEBUG org.hibernate.mapping.BasicValue -- Skipping column re-registration: storage_save.quantity
12:32:29.870 [main] DEBUG org.hibernate.boot.model.internal.PropertyBinder -- Building property quantity
12:32:29.871 [main] DEBUG org.hibernate.boot.registry.classloading.internal.ClassLoaderServiceImpl -- HHH000194: Package not found or no package-info.java: com.pdcgame.Models
12:32:29.871 [main] DEBUG org.hibernate.boot.model.internal.BasicValueBinder -- Starting `BasicValueBinder#fillSimpleValue` for id
12:32:29.871 [main] DEBUG org.hibernate.boot.model.internal.BasicValueBinder -- Starting `BasicValueBinder#fillSimpleValue` for actions
12:32:29.871 [main] DEBUG org.hibernate.boot.model.internal.BasicValueBinder -- Starting `BasicValueBinder#fillSimpleValue` for balance
12:32:29.871 [main] DEBUG org.hibernate.boot.model.internal.BasicValueBinder -- Starting `BasicValueBinder#fillSimpleValue` for day
12:32:29.871 [main] DEBUG org.hibernate.boot.model.internal.BasicValueBinder -- Starting `BasicValueBinder#fillSimpleValue` for difficulty
12:32:29.871 [main] DEBUG org.hibernate.boot.model.internal.BasicValueBinder -- Starting `BasicValueBinder#fillSimpleValue` for gameSeed
12:32:29.871 [main] DEBUG org.hibernate.boot.model.internal.BasicValueBinder -- Starting `BasicValueBinder#fillSimpleValue` for rating
12:32:29.871 [main] DEBUG org.hibernate.boot.model.internal.BasicValueBinder -- Starting `BasicValueBinder#fillSimpleValue` for totalActions
12:32:29.871 [main] DEBUG org.hibernate.boot.model.internal.BasicValueBinder -- Starting `BasicValueBinder#fillSimpleValue` for productName
12:32:29.871 [main] DEBUG org.hibernate.boot.model.internal.BasicValueBinder -- Starting `BasicValueBinder#fillSimpleValue` for quantity
12:32:29.871 [main] DEBUG org.hibernate.boot.model.internal.BasicValueBinder -- Starting `BasicValueBinder#fillSimpleValue` for sellPrice
12:32:29.871 [main] DEBUG org.hibernate.boot.model.internal.BasicValueBinder -- Starting `BasicValueBinder#fillSimpleValue` for coordinateID
12:32:29.871 [main] DEBUG org.hibernate.boot.model.internal.BasicValueBinder -- Starting `BasicValueBinder#fillSimpleValue` for boardCell
12:32:29.871 [main] DEBUG org.hibernate.boot.model.internal.BasicValueBinder -- Starting `BasicValueBinder#fillSimpleValue` for id
12:32:29.871 [main] DEBUG org.hibernate.boot.model.internal.BasicValueBinder -- Starting `BasicValueBinder#fillSimpleValue` for coordinateID
12:32:29.871 [main] DEBUG org.hibernate.boot.model.internal.BasicValueBinder -- Starting `BasicValueBinder#fillSimpleValue` for productName
12:32:29.871 [main] DEBUG org.hibernate.boot.model.internal.BasicValueBinder -- Starting `BasicValueBinder#fillSimpleValue` for quantity
12:32:29.871 [main] DEBUG org.hibernate.mapping.PrimaryKey -- Forcing column [id] to be non-null as it is part of the primary key for table [game_save]
12:32:29.871 [main] DEBUG org.hibernate.mapping.PrimaryKey -- Forcing column [product_name] to be non-null as it is part of the primary key for table [inventory_save]
12:32:29.871 [main] DEBUG org.hibernate.mapping.PrimaryKey -- Forcing column [coordinateid] to be non-null as it is part of the primary key for table [board_save]
12:32:29.871 [main] DEBUG org.hibernate.mapping.PrimaryKey -- Forcing column [id] to be non-null as it is part of the primary key for table [storage_save]
12:32:29.876 [main] DEBUG org.hibernate.internal.SessionFactoryImpl -- Building session factory
12:32:29.877 [main] DEBUG org.hibernate.service.internal.SessionFactoryServiceRegistryImpl -- EventListenerRegistry access via ServiceRegistry is deprecated.  Use `sessionFactory.getEventEngine().getListenerRegistry()` instead
12:32:29.877 [main] DEBUG org.hibernate.internal.SessionFactoryImpl -- Instantiating SessionFactory with settings: {hibernate.format_sql=false, java.specification.version=21, sun.cpu.isalist=amd64, sun.jnu.encoding=Cp1252, hibernate.dialect=org.hibernate.dialect.DerbyDialect, java.class.path=C:\Users\prish\Documents\SupermarketSimulatorGUI\SupermarketSimulatorGUI\target\test-classes;C:\Users\prish\Documents\SupermarketSimulatorGUI\SupermarketSimulatorGUI\target\classes;C:\Users\prish\.m2\repository\org\hibernate\orm\hibernate-core\6.5.0.Final\hibernate-core-6.5.0.Final.jar;C:\Users\prish\.m2\repository\jakarta\persistence\jakarta.persistence-api\3.1.0\jakarta.persistence-api-3.1.0.jar;C:\Users\prish\.m2\repository\jakarta\transaction\jakarta.transaction-api\2.0.1\jakarta.transaction-api-2.0.1.jar;C:\Users\prish\.m2\repository\org\jboss\logging\jboss-logging\3.5.0.Final\jboss-logging-3.5.0.Final.jar;C:\Users\prish\.m2\repository\org\hibernate\common\hibernate-commons-annotations\6.0.6.Final\hibernate-commons-annotations-6.0.6.Final.jar;C:\Users\prish\.m2\repository\io\smallrye\jandex\3.1.2\jandex-3.1.2.jar;C:\Users\prish\.m2\repository\com\fasterxml\classmate\1.5.1\classmate-1.5.1.jar;C:\Users\prish\.m2\repository\net\bytebuddy\byte-buddy\1.14.12\byte-buddy-1.14.12.jar;C:\Users\prish\.m2\repository\jakarta\xml\bind\jakarta.xml.bind-api\4.0.0\jakarta.xml.bind-api-4.0.0.jar;C:\Users\prish\.m2\repository\jakarta\activation\jakarta.activation-api\2.1.0\jakarta.activation-api-2.1.0.jar;C:\Users\prish\.m2\repository\org\glassfish\jaxb\jaxb-runtime\4.0.2\jaxb-runtime-4.0.2.jar;C:\Users\prish\.m2\repository\org\glassfish\jaxb\jaxb-core\4.0.2\jaxb-core-4.0.2.jar;C:\Users\prish\.m2\repository\org\eclipse\angus\angus-activation\2.0.0\angus-activation-2.0.0.jar;C:\Users\prish\.m2\repository\org\glassfish\jaxb\txw2\4.0.2\txw2-4.0.2.jar;C:\Users\prish\.m2\repository\com\sun\istack\istack-commons-runtime\4.1.1\istack-commons-runtime-4.1.1.jar;C:\Users\prish\.m2\repository\jakarta\inject\jakarta.inject-api\2.0.1\jakarta.inject-api-2.0.1.jar;C:\Users\prish\.m2\repository\org\antlr\antlr4-runtime\4.13.0\antlr4-runtime-4.13.0.jar;C:\Users\prish\.m2\repository\org\apache\derby\derby\10.17.1.0\derby-10.17.1.0.jar;C:\Users\prish\.m2\repository\org\apache\derby\derbyshared\10.17.1.0\derbyshared-10.17.1.0.jar;C:\Users\prish\.m2\repository\org\apache\derby\derbyclient\10.17.1.0\derbyclient-10.17.1.0.jar;C:\Users\prish\.m2\repository\org\apache\derby\derbytools\10.17.1.0\derbytools-10.17.1.0.jar;C:\Users\prish\.m2\repository\org\slf4j\slf4j-api\2.0.13\slf4j-api-2.0.13.jar;C:\Users\prish\.m2\repository\ch\qos\logback\logback-classic\1.5.6\logback-classic-1.5.6.jar;C:\Users\prish\.m2\repository\ch\qos\logback\logback-core\1.5.6\logback-core-1.5.6.jar;C:\Users\prish\.m2\repository\junit\junit\4.13.2\junit-4.13.2.jar;C:\Users\prish\.m2\repository\org\hamcrest\hamcrest-core\1.3\hamcrest-core-1.3.jar;, sun.awt.enableExtraMouseButtons=true, java.vm.vendor=Oracle Corporation, sun.arch.data.model=64, user.variant=, java.vendor.url=https://java.oracle.com/, user.timezone=Pacific/Auckland, java.vm.specification.version=21, os.name=Windows 11, sun.java.launcher=SUN_STANDARD, user.country=AU, sun.boot.library.path=C:\Program Files\Java\jdk-21\bin, sun.java.command=C:\Users\prish\AppData\Local\Temp\surefire15678458209395325855\surefirebooter-20250616123227660_3.jar C:\Users\prish\AppData\Local\Temp\surefire15678458209395325855 2025-06-16T12-32-27_554-jvmRun1 surefire-20250616123227660_1tmp surefire_0-20250616123227660_2tmp, jdk.debug=release, surefire.test.class.path=C:\Users\prish\Documents\SupermarketSimulatorGUI\SupermarketSimulatorGUI\target\test-classes;C:\Users\prish\Documents\SupermarketSimulatorGUI\SupermarketSimulatorGUI\target\classes;C:\Users\prish\.m2\repository\org\hibernate\orm\hibernate-core\6.5.0.Final\hibernate-core-6.5.0.Final.jar;C:\Users\prish\.m2\repository\jakarta\persistence\jakarta.persistence-api\3.1.0\jakarta.persistence-api-3.1.0.jar;C:\Users\prish\.m2\repository\jakarta\transaction\jakarta.transaction-api\2.0.1\jakarta.transaction-api-2.0.1.jar;C:\Users\prish\.m2\repository\org\jboss\logging\jboss-logging\3.5.0.Final\jboss-logging-3.5.0.Final.jar;C:\Users\prish\.m2\repository\org\hibernate\common\hibernate-commons-annotations\6.0.6.Final\hibernate-commons-annotations-6.0.6.Final.jar;C:\Users\prish\.m2\repository\io\smallrye\jandex\3.1.2\jandex-3.1.2.jar;C:\Users\prish\.m2\repository\com\fasterxml\classmate\1.5.1\classmate-1.5.1.jar;C:\Users\prish\.m2\repository\net\bytebuddy\byte-buddy\1.14.12\byte-buddy-1.14.12.jar;C:\Users\prish\.m2\repository\jakarta\xml\bind\jakarta.xml.bind-api\4.0.0\jakarta.xml.bind-api-4.0.0.jar;C:\Users\prish\.m2\repository\jakarta\activation\jakarta.activation-api\2.1.0\jakarta.activation-api-2.1.0.jar;C:\Users\prish\.m2\repository\org\glassfish\jaxb\jaxb-runtime\4.0.2\jaxb-runtime-4.0.2.jar;C:\Users\prish\.m2\repository\org\glassfish\jaxb\jaxb-core\4.0.2\jaxb-core-4.0.2.jar;C:\Users\prish\.m2\repository\org\eclipse\angus\angus-activation\2.0.0\angus-activation-2.0.0.jar;C:\Users\prish\.m2\repository\org\glassfish\jaxb\txw2\4.0.2\txw2-4.0.2.jar;C:\Users\prish\.m2\repository\com\sun\istack\istack-commons-runtime\4.1.1\istack-commons-runtime-4.1.1.jar;C:\Users\prish\.m2\repository\jakarta\inject\jakarta.inject-api\2.0.1\jakarta.inject-api-2.0.1.jar;C:\Users\prish\.m2\repository\org\antlr\antlr4-runtime\4.13.0\antlr4-runtime-4.13.0.jar;C:\Users\prish\.m2\repository\org\apache\derby\derby\10.17.1.0\derby-10.17.1.0.jar;C:\Users\prish\.m2\repository\org\apache\derby\derbyshared\10.17.1.0\derbyshared-10.17.1.0.jar;C:\Users\prish\.m2\repository\org\apache\derby\derbyclient\10.17.1.0\derbyclient-10.17.1.0.jar;C:\Users\prish\.m2\repository\org\apache\derby\derbytools\10.17.1.0\derbytools-10.17.1.0.jar;C:\Users\prish\.m2\repository\org\slf4j\slf4j-api\2.0.13\slf4j-api-2.0.13.jar;C:\Users\prish\.m2\repository\ch\qos\logback\logback-classic\1.5.6\logback-classic-1.5.6.jar;C:\Users\prish\.m2\repository\ch\qos\logback\logback-core\1.5.6\logback-core-1.5.6.jar;C:\Users\prish\.m2\repository\junit\junit\4.13.2\junit-4.13.2.jar;C:\Users\prish\.m2\repository\org\hamcrest\hamcrest-core\1.3\hamcrest-core-1.3.jar;, sun.cpu.endian=little, user.home=C:\Users\prish, user.language=en, java.specification.vendor=Oracle Corporation, java.version.date=2024-10-15, java.home=C:\Program Files\Java\jdk-21, file.separator=\, basedir=C:\Users\prish\Documents\SupermarketSimulatorGUI\SupermarketSimulatorGUI, java.vm.compressedOopsMode=Zero based, line.separator=
, java.vm.specification.vendor=Oracle Corporation, java.specification.name=Java Platform API Specification, surefire.real.class.path=C:\Users\prish\AppData\Local\Temp\surefire15678458209395325855\surefirebooter-20250616123227660_3.jar, hibernate.hbm2ddl.auto=update, user.script=, sun.management.compiler=HotSpot 64-Bit Tiered Compilers, java.runtime.version=21.0.5+9-LTS-239, user.name=prish, stdout.encoding=Cp1252, path.separator=;, hibernate.connection.username=****, os.version=10.0, java.runtime.name=Java(TM) SE Runtime Environment, hibernate.connection.url=jdbc:derby:database/SupermarketDB;create=true, file.encoding=UTF-8, java.vm.name=Java HotSpot(TM) 64-Bit Server VM, hibernate.show_sql=false, maven.ext.class.path=C:\Program Files\NetBeans-23\netbeans\java\maven-nblib\netbeans-eventspy.jar, localRepository=C:\Users\prish\.m2\repository, hibernate.connection.driver_class=org.apache.derby.jdbc.EmbeddedDriver, java.vendor.url.bug=https://bugreport.java.com/bugreport/, java.io.tmpdir=C:\Users\prish\AppData\Local\Temp\, java.version=21.0.5, user.dir=C:\Users\prish\Documents\SupermarketSimulatorGUI\SupermarketSimulatorGUI, os.arch=amd64, java.vm.specification.name=Java Virtual Machine Specification, hibernate.connection.password=****, sun.os.patch.level=, hibernate.boot.CfgXmlAccessService.key=org.hibernate.boot.cfgxml.spi.LoadedConfig@5599dc60, native.encoding=Cp1252, java.library.path=C:\Program Files\Java\jdk-21\bin;C:\WINDOWS\Sun\Java\bin;C:\WINDOWS\system32;C:\WINDOWS;C:\Program Files\Common Files\Oracle\Java\javapath;C:\WINDOWS\system32;C:\WINDOWS;C:\WINDOWS\System32\Wbem;C:\WINDOWS\System32\WindowsPowerShell\v1.0\;C:\WINDOWS\System32\OpenSSH\;C:\Program Files (x86)\NVIDIA Corporation\PhysX\Common;C:\Program Files\NVIDIA Corporation\NVIDIA app\NvDLISR;C:\Program Files\Git\cmd;C:\Users\prish\AppData\Local\Microsoft\WindowsApps;C:\Users\prish\AppData\Local\Programs\Microsoft VS Code\bin;C:\Users\prish\AppData\Local\JetBrains\Toolbox\scripts;C:\Users\prish\AppData\Local\GitHubDesktop\bin;., stderr.encoding=Cp1252, java.vendor=Oracle Corporation, java.vm.info=mixed mode, sharing, java.vm.version=21.0.5+9-LTS-239, sun.io.unicode.encoding=UnicodeLittle, java.class.version=65.0}
12:32:29.877 [main] DEBUG org.hibernate.internal.SessionFactoryImpl -- Session factory constructed with filter configurations : {}
12:32:29.878 [main] DEBUG org.hibernate.query.sqm.function.SqmFunctionRegistry -- Registered SqmFunctionTemplate [NamedSqmFunctionTemplate(max)] under max; prior registration was null
12:32:29.878 [main] DEBUG org.hibernate.query.sqm.function.SqmFunctionRegistry -- Registered SqmFunctionTemplate [NamedSqmFunctionTemplate(min)] under min; prior registration was null
12:32:29.878 [main] DEBUG org.hibernate.query.sqm.function.SqmFunctionRegistry -- Registered SqmFunctionTemplate [NamedSqmFunctionTemplate(sum)] under sum; prior registration was null
12:32:29.878 [main] DEBUG org.hibernate.query.sqm.function.SqmFunctionRegistry -- Registered SqmFunctionTemplate [NamedSqmFunctionTemplate(avg)] under avg; prior registration was null
12:32:29.878 [main] DEBUG org.hibernate.query.sqm.function.SqmFunctionRegistry -- Registered SqmFunctionTemplate [org.hibernate.dialect.function.CountFunction@35554635] under count; prior registration was null
12:32:29.878 [main] DEBUG org.hibernate.query.sqm.function.SqmFunctionRegistry -- Registered SqmFunctionTemplate [org.hibernate.dialect.function.EveryAnyEmulation@70f5f59d] under every; prior registration was null
12:32:29.878 [main] DEBUG org.hibernate.query.sqm.function.SqmFunctionRegistry -- Registered SqmFunctionTemplate [org.hibernate.dialect.function.EveryAnyEmulation@74431832] under any; prior registration was null
12:32:29.878 [main] DEBUG org.hibernate.query.sqm.function.SqmFunctionRegistry -- Registered SqmFunctionTemplate [NamedSqmFunctionTemplate(floor)] under floor; prior registration was null
12:32:29.878 [main] DEBUG org.hibernate.query.sqm.function.SqmFunctionRegistry -- Registered SqmFunctionTemplate [NamedSqmFunctionTemplate(ceiling)] under ceiling; prior registration was null
12:32:29.878 [main] DEBUG org.hibernate.query.sqm.function.SqmFunctionRegistry -- Registered SqmFunctionTemplate [NamedSqmFunctionTemplate(mod)] under mod; prior registration was null
12:32:29.878 [main] DEBUG org.hibernate.query.sqm.function.SqmFunctionRegistry -- Registered SqmFunctionTemplate [NamedSqmFunctionTemplate(abs)] under abs; prior registration was null
12:32:29.878 [main] DEBUG org.hibernate.query.sqm.function.SqmFunctionRegistry -- Registered SqmFunctionTemplate [NamedSqmFunctionTemplate(sign)] under sign; prior registration was null
12:32:29.878 [main] DEBUG org.hibernate.query.sqm.function.SqmFunctionRegistry -- Registered SqmFunctionTemplate [NamedSqmFunctionTemplate(sqrt)] under sqrt; prior registration was null
12:32:29.878 [main] DEBUG org.hibernate.query.sqm.function.SqmFunctionRegistry -- Registered SqmFunctionTemplate [NamedSqmFunctionTemplate(ln)] under ln; prior registration was null
12:32:29.878 [main] DEBUG org.hibernate.query.sqm.function.SqmFunctionRegistry -- Registered SqmFunctionTemplate [NamedSqmFunctionTemplate(exp)] under exp; prior registration was null
12:32:29.878 [main] DEBUG org.hibernate.query.sqm.function.SqmFunctionRegistry -- Registered SqmFunctionTemplate [NamedSqmFunctionTemplate(power)] under power; prior registration was null
12:32:29.878 [main] DEBUG org.hibernate.query.sqm.function.SqmFunctionRegistry -- Registered SqmFunctionTemplate [NamedSqmFunctionTemplate(round)] under round; prior registration was null
12:32:29.878 [main] DEBUG org.hibernate.query.sqm.function.SqmFunctionRegistry -- Registered SqmFunctionTemplate [NamedSqmFunctionTemplate(sin)] under sin; prior registration was null
12:32:29.878 [main] DEBUG org.hibernate.query.sqm.function.SqmFunctionRegistry -- Registered SqmFunctionTemplate [NamedSqmFunctionTemplate(cos)] under cos; prior registration was null
12:32:29.878 [main] DEBUG org.hibernate.query.sqm.function.SqmFunctionRegistry -- Registered SqmFunctionTemplate [NamedSqmFunctionTemplate(tan)] under tan; prior registration was null
12:32:29.878 [main] DEBUG org.hibernate.query.sqm.function.SqmFunctionRegistry -- Registered SqmFunctionTemplate [NamedSqmFunctionTemplate(asin)] under asin; prior registration was null
12:32:29.878 [main] DEBUG org.hibernate.query.sqm.function.SqmFunctionRegistry -- Registered SqmFunctionTemplate [NamedSqmFunctionTemplate(acos)] under acos; prior registration was null
12:32:29.878 [main] DEBUG org.hibernate.query.sqm.function.SqmFunctionRegistry -- Registered SqmFunctionTemplate [NamedSqmFunctionTemplate(atan)] under atan; prior registration was null
12:32:29.878 [main] DEBUG org.hibernate.query.sqm.function.SqmFunctionRegistry -- Registered SqmFunctionTemplate [NamedSqmFunctionTemplate(atan2)] under atan2; prior registration was null
12:32:29.878 [main] DEBUG org.hibernate.query.sqm.function.SqmFunctionRegistry -- Registered SqmFunctionTemplate [org.hibernate.query.sqm.function.PatternBasedSqmFunctionDescriptor@6fa2a006] under sinh; prior registration was null
12:32:29.878 [main] DEBUG org.hibernate.query.sqm.function.SqmFunctionRegistry -- Registered SqmFunctionTemplate [org.hibernate.query.sqm.function.PatternBasedSqmFunctionDescriptor@70592729] under cosh; prior registration was null
12:32:29.878 [main] DEBUG org.hibernate.query.sqm.function.SqmFunctionRegistry -- Registered SqmFunctionTemplate [org.hibernate.query.sqm.function.PatternBasedSqmFunctionDescriptor@2fdf7da2] under tanh; prior registration was null
12:32:29.878 [main] DEBUG org.hibernate.query.sqm.function.SqmFunctionRegistry -- Registered SqmFunctionTemplate [org.hibernate.query.sqm.function.PatternBasedSqmFunctionDescriptor@43b172e3] under pi; prior registration was null
12:32:29.878 [main] DEBUG org.hibernate.query.sqm.function.SqmFunctionRegistry -- Registered SqmFunctionTemplate [org.hibernate.query.sqm.function.PatternBasedSqmFunctionDescriptor@39695803] under log; prior registration was null
12:32:29.878 [main] DEBUG org.hibernate.query.sqm.function.SqmFunctionRegistry -- Registered SqmFunctionTemplate [NamedSqmFunctionTemplate(coalesce)] under coalesce; prior registration was null
12:32:29.878 [main] DEBUG org.hibernate.query.sqm.function.SqmFunctionRegistry -- Registered SqmFunctionTemplate [NamedSqmFunctionTemplate(nullif)] under nullif; prior registration was null
12:32:29.878 [main] DEBUG org.hibernate.query.sqm.function.SqmFunctionRegistry -- Registered SqmFunctionTemplate [NamedSqmFunctionTemplate(left)] under left; prior registration was null
12:32:29.878 [main] DEBUG org.hibernate.query.sqm.function.SqmFunctionRegistry -- Registered SqmFunctionTemplate [NamedSqmFunctionTemplate(right)] under right; prior registration was null
12:32:29.878 [main] DEBUG org.hibernate.query.sqm.function.SqmFunctionRegistry -- Registered SqmFunctionTemplate [NamedSqmFunctionTemplate(replace)] under replace; prior registration was null
12:32:29.878 [main] DEBUG org.hibernate.query.sqm.function.SqmFunctionRegistry -- Registered SqmFunctionTemplate [NamedSqmFunctionTemplate(concat)] under concat; prior registration was null
12:32:29.878 [main] DEBUG org.hibernate.query.sqm.function.SqmFunctionRegistry -- Registered SqmFunctionTemplate [NamedSqmFunctionTemplate(lower)] under lower; prior registration was null
12:32:29.878 [main] DEBUG org.hibernate.query.sqm.function.SqmFunctionRegistry -- Registered SqmFunctionTemplate [NamedSqmFunctionTemplate(upper)] under upper; prior registration was null
12:32:29.878 [main] DEBUG org.hibernate.query.sqm.function.SqmFunctionRegistry -- Registered SqmFunctionTemplate [NamedSqmFunctionTemplate(substring)] under substring; prior registration was null
12:32:29.878 [main] DEBUG org.hibernate.query.sqm.function.SqmFunctionRegistry -- Registered SqmFunctionTemplate [NamedSqmFunctionTemplate(locate)] under locate; prior registration was null
12:32:29.878 [main] DEBUG org.hibernate.query.sqm.function.SqmFunctionRegistry -- Registered SqmFunctionTemplate [NamedSqmFunctionTemplate(character_length)] under character_length; prior registration was null
12:32:29.878 [main] DEBUG org.hibernate.query.sqm.function.SqmFunctionRegistry -- Registering alternate key : length -> character_length
12:32:29.878 [main] DEBUG org.hibernate.query.sqm.function.SqmFunctionRegistry -- Registered SqmFunctionTemplate [org.hibernate.dialect.function.LocatePositionEmulation@304068] under position; prior registration was null
12:32:29.878 [main] DEBUG org.hibernate.query.sqm.function.SqmFunctionRegistry -- Registered SqmFunctionTemplate [org.hibernate.dialect.function.InsertSubstringOverlayEmulation@54d60fa1] under overlay; prior registration was null
12:32:29.878 [main] DEBUG org.hibernate.query.sqm.function.SqmFunctionRegistry -- Registered SqmFunctionTemplate [org.hibernate.dialect.function.TrimFunction@1cb849b2] under trim; prior registration was null
12:32:29.878 [main] DEBUG org.hibernate.query.sqm.function.SqmFunctionRegistry -- Registered SqmFunctionTemplate [org.hibernate.dialect.function.CastFunction@6fe2a366] under cast; prior registration was null
12:32:29.878 [main] DEBUG org.hibernate.query.sqm.function.SqmFunctionRegistry -- Registered SqmFunctionTemplate [org.hibernate.query.sqm.function.PatternBasedSqmFunctionDescriptor@6dd38df2] under collate; prior registration was null
12:32:29.878 [main] DEBUG org.hibernate.query.sqm.function.SqmFunctionRegistry -- Registered SqmFunctionTemplate [org.hibernate.dialect.function.ExtractFunction@99c3cee] under extract; prior registration was null
12:32:29.878 [main] DEBUG org.hibernate.query.sqm.function.SqmFunctionRegistry -- Registered SqmFunctionTemplate [NamedSqmFunctionTemplate(least)] under least; prior registration was null
12:32:29.878 [main] DEBUG org.hibernate.query.sqm.function.SqmFunctionRegistry -- Registered SqmFunctionTemplate [NamedSqmFunctionTemplate(greatest)] under greatest; prior registration was null
12:32:29.878 [main] DEBUG org.hibernate.query.sqm.function.SqmFunctionRegistry -- Registered SqmFunctionTemplate [org.hibernate.dialect.function.CoalesceIfnullEmulation@57b711b6] under ifnull; prior registration was null
12:32:29.878 [main] DEBUG org.hibernate.query.sqm.function.SqmFunctionRegistry -- Registered SqmFunctionTemplate [NamedSqmFunctionTemplate(lpad)] under lpad; prior registration was null
12:32:29.878 [main] DEBUG org.hibernate.query.sqm.function.SqmFunctionRegistry -- Registered SqmFunctionTemplate [NamedSqmFunctionTemplate(rpad)] under rpad; prior registration was null
12:32:29.878 [main] DEBUG org.hibernate.query.sqm.function.SqmFunctionRegistry -- Registered SqmFunctionTemplate [org.hibernate.dialect.function.LpadRpadPadEmulation@2db461b5] under pad; prior registration was null
12:32:29.878 [main] DEBUG org.hibernate.query.sqm.function.SqmFunctionRegistry -- Registered SqmFunctionTemplate [org.hibernate.dialect.function.CastStrEmulation@5c79c5ec] under str; prior registration was null
12:32:29.878 [main] DEBUG org.hibernate.query.sqm.function.SqmFunctionRegistry -- Registered SqmFunctionTemplate [org.hibernate.dialect.function.FormatFunction@34eaf9c1] under format; prior registration was null
12:32:29.878 [main] DEBUG org.hibernate.query.sqm.function.SqmFunctionRegistry -- Registered SqmFunctionTemplate [org.hibernate.dialect.function.TimestampaddFunction@5bbf744b] under timestampadd; prior registration was null
12:32:29.878 [main] DEBUG org.hibernate.query.sqm.function.SqmFunctionRegistry -- Registered SqmFunctionTemplate [org.hibernate.dialect.function.TimestampdiffFunction@55881f40] under timestampdiff; prior registration was null
12:32:29.878 [main] DEBUG org.hibernate.query.sqm.function.SqmFunctionRegistry -- Registering alternate key : dateadd -> timestampadd
12:32:29.878 [main] DEBUG org.hibernate.query.sqm.function.SqmFunctionRegistry -- Registering alternate key : datediff -> timestampdiff
12:32:29.878 [main] DEBUG org.hibernate.query.sqm.function.SqmFunctionRegistry -- Registered SqmFunctionTemplate [org.hibernate.dialect.function.CurrentFunction@474ce6b8] under current_date; prior registration was null
12:32:29.878 [main] DEBUG org.hibernate.query.sqm.function.SqmFunctionRegistry -- Registered SqmFunctionTemplate [org.hibernate.dialect.function.CurrentFunction@248b2b61] under current_time; prior registration was null
12:32:29.878 [main] DEBUG org.hibernate.query.sqm.function.SqmFunctionRegistry -- Registered SqmFunctionTemplate [org.hibernate.dialect.function.CurrentFunction@4b61e97] under current_timestamp; prior registration was null
12:32:29.878 [main] DEBUG org.hibernate.query.sqm.function.SqmFunctionRegistry -- Registering alternate key : current date -> current_date
12:32:29.878 [main] DEBUG org.hibernate.query.sqm.function.SqmFunctionRegistry -- Registering alternate key : current time -> current_time
12:32:29.878 [main] DEBUG org.hibernate.query.sqm.function.SqmFunctionRegistry -- Registering alternate key : current timestamp -> current_timestamp
12:32:29.878 [main] DEBUG org.hibernate.query.sqm.function.SqmFunctionRegistry -- Registered SqmFunctionTemplate [org.hibernate.dialect.function.CurrentFunction@11d1735e] under local_date; prior registration was null
12:32:29.878 [main] DEBUG org.hibernate.query.sqm.function.SqmFunctionRegistry -- Registered SqmFunctionTemplate [org.hibernate.dialect.function.CurrentFunction@31082efa] under local_time; prior registration was null
12:32:29.878 [main] DEBUG org.hibernate.query.sqm.function.SqmFunctionRegistry -- Registered SqmFunctionTemplate [org.hibernate.dialect.function.CurrentFunction@4ca5cb99] under local_datetime; prior registration was null
12:32:29.878 [main] DEBUG org.hibernate.query.sqm.function.SqmFunctionRegistry -- Registered SqmFunctionTemplate [org.hibernate.dialect.function.CurrentFunction@7853363c] under offset_datetime; prior registration was null
12:32:29.878 [main] DEBUG org.hibernate.query.sqm.function.SqmFunctionRegistry -- Registering alternate key : local date -> local_date
12:32:29.878 [main] DEBUG org.hibernate.query.sqm.function.SqmFunctionRegistry -- Registering alternate key : local time -> local_time
12:32:29.878 [main] DEBUG org.hibernate.query.sqm.function.SqmFunctionRegistry -- Registering alternate key : local datetime -> local_datetime
12:32:29.878 [main] DEBUG org.hibernate.query.sqm.function.SqmFunctionRegistry -- Registering alternate key : offset datetime -> offset_datetime
12:32:29.878 [main] DEBUG org.hibernate.query.sqm.function.SqmFunctionRegistry -- Registered SqmFunctionTemplate [org.hibernate.dialect.function.CurrentFunction@6282f1eb] under instant; prior registration was null
12:32:29.878 [main] DEBUG org.hibernate.query.sqm.function.SqmFunctionRegistry -- Registering alternate key : current_instant -> instant
12:32:29.878 [main] DEBUG org.hibernate.query.sqm.function.SqmFunctionRegistry -- Registered SqmFunctionTemplate [org.hibernate.dialect.function.SqlFunction@120d6cbf] under sql; prior registration was null
12:32:29.878 [main] DEBUG org.hibernate.query.sqm.function.SqmFunctionRegistry -- Registered SqmFunctionTemplate [NamedSqmFunctionTemplate(max)] under max; prior registration was NamedSqmFunctionTemplate(max)
12:32:29.878 [main] DEBUG org.hibernate.query.sqm.function.SqmFunctionRegistry -- Registered SqmFunctionTemplate [NamedSqmFunctionTemplate(min)] under min; prior registration was NamedSqmFunctionTemplate(min)
12:32:29.878 [main] DEBUG org.hibernate.query.sqm.function.SqmFunctionRegistry -- Registered SqmFunctionTemplate [NamedSqmFunctionTemplate(sum)] under sum; prior registration was NamedSqmFunctionTemplate(sum)
12:32:29.878 [main] DEBUG org.hibernate.query.sqm.function.SqmFunctionRegistry -- Registered SqmFunctionTemplate [NamedSqmFunctionTemplate(avg)] under avg; prior registration was NamedSqmFunctionTemplate(avg)
12:32:29.878 [main] DEBUG org.hibernate.query.sqm.function.SqmFunctionRegistry -- Registered SqmFunctionTemplate [org.hibernate.dialect.function.CountFunction@70169464] under count; prior registration was org.hibernate.dialect.function.CountFunction@35554635
12:32:29.878 [main] DEBUG org.hibernate.query.sqm.function.SqmFunctionRegistry -- Registered SqmFunctionTemplate [org.hibernate.dialect.function.CountFunction@1115be8c] under count; prior registration was org.hibernate.dialect.function.CountFunction@70169464
12:32:29.878 [main] DEBUG org.hibernate.query.sqm.function.SqmFunctionRegistry -- Registered SqmFunctionTemplate [org.hibernate.dialect.function.AvgFunction@64ed18ec] under avg; prior registration was NamedSqmFunctionTemplate(avg)
12:32:29.878 [main] DEBUG org.hibernate.query.sqm.function.SqmFunctionRegistry -- Registered SqmFunctionTemplate [org.hibernate.dialect.function.ChrLiteralEmulation@1dfcf85a] under chr; prior registration was null
12:32:29.878 [main] DEBUG org.hibernate.query.sqm.function.SqmFunctionRegistry -- Registered SqmFunctionTemplate [org.hibernate.query.sqm.function.PatternBasedSqmFunctionDescriptor@590dea35] under concat; prior registration was NamedSqmFunctionTemplate(concat)
12:32:29.878 [main] DEBUG org.hibernate.query.sqm.function.SqmFunctionRegistry -- Registered SqmFunctionTemplate [NamedSqmFunctionTemplate(cot)] under cot; prior registration was null
12:32:29.878 [main] DEBUG org.hibernate.query.sqm.function.SqmFunctionRegistry -- Registered SqmFunctionTemplate [NamedSqmFunctionTemplate(degrees)] under degrees; prior registration was null
12:32:29.878 [main] DEBUG org.hibernate.query.sqm.function.SqmFunctionRegistry -- Registered SqmFunctionTemplate [NamedSqmFunctionTemplate(radians)] under radians; prior registration was null
12:32:29.878 [main] DEBUG org.hibernate.query.sqm.function.SqmFunctionRegistry -- Registered SqmFunctionTemplate [NamedSqmFunctionTemplate(log10)] under log10; prior registration was null
12:32:29.878 [main] DEBUG org.hibernate.query.sqm.function.SqmFunctionRegistry -- Registered SqmFunctionTemplate [NamedSqmFunctionTemplate(sinh)] under sinh; prior registration was org.hibernate.query.sqm.function.PatternBasedSqmFunctionDescriptor@6fa2a006
12:32:29.878 [main] DEBUG org.hibernate.query.sqm.function.SqmFunctionRegistry -- Registered SqmFunctionTemplate [NamedSqmFunctionTemplate(cosh)] under cosh; prior registration was org.hibernate.query.sqm.function.PatternBasedSqmFunctionDescriptor@70592729
12:32:29.878 [main] DEBUG org.hibernate.query.sqm.function.SqmFunctionRegistry -- Registered SqmFunctionTemplate [NamedSqmFunctionTemplate(tanh)] under tanh; prior registration was org.hibernate.query.sqm.function.PatternBasedSqmFunctionDescriptor@2fdf7da2
12:32:29.878 [main] DEBUG org.hibernate.query.sqm.function.SqmFunctionRegistry -- Registered SqmFunctionTemplate [NamedSqmFunctionTemplate(pi)] under pi; prior registration was org.hibernate.query.sqm.function.PatternBasedSqmFunctionDescriptor@43b172e3
12:32:29.878 [main] DEBUG org.hibernate.query.sqm.function.SqmFunctionRegistry -- Registered SqmFunctionTemplate [NamedSqmFunctionTemplate(rand)] under rand; prior registration was null
12:32:29.878 [main] DEBUG org.hibernate.query.sqm.function.SqmFunctionRegistry -- Registered SqmFunctionTemplate [NamedSqmFunctionTemplate(ltrim)] under ltrim; prior registration was null
12:32:29.878 [main] DEBUG org.hibernate.query.sqm.function.SqmFunctionRegistry -- Registered SqmFunctionTemplate [NamedSqmFunctionTemplate(rtrim)] under rtrim; prior registration was null
12:32:29.878 [main] DEBUG org.hibernate.query.sqm.function.SqmFunctionRegistry -- Registered SqmFunctionTemplate [NamedSqmFunctionTemplate(hour)] under hour; prior registration was null
12:32:29.878 [main] DEBUG org.hibernate.query.sqm.function.SqmFunctionRegistry -- Registered SqmFunctionTemplate [NamedSqmFunctionTemplate(minute)] under minute; prior registration was null
12:32:29.878 [main] DEBUG org.hibernate.query.sqm.function.SqmFunctionRegistry -- Registered SqmFunctionTemplate [NamedSqmFunctionTemplate(second)] under second; prior registration was null
12:32:29.878 [main] DEBUG org.hibernate.query.sqm.function.SqmFunctionRegistry -- Registered SqmFunctionTemplate [NamedSqmFunctionTemplate(microsecond)] under microsecond; prior registration was null
12:32:29.878 [main] DEBUG org.hibernate.query.sqm.function.SqmFunctionRegistry -- Registered SqmFunctionTemplate [NamedSqmFunctionTemplate(day)] under day; prior registration was null
12:32:29.878 [main] DEBUG org.hibernate.query.sqm.function.SqmFunctionRegistry -- Registered SqmFunctionTemplate [NamedSqmFunctionTemplate(month)] under month; prior registration was null
12:32:29.878 [main] DEBUG org.hibernate.query.sqm.function.SqmFunctionRegistry -- Registered SqmFunctionTemplate [NamedSqmFunctionTemplate(year)] under year; prior registration was null
12:32:29.878 [main] DEBUG org.hibernate.query.sqm.function.SqmFunctionRegistry -- Registered SqmFunctionTemplate [NamedSqmFunctionTemplate(var_pop)] under var_pop; prior registration was null
12:32:29.878 [main] DEBUG org.hibernate.query.sqm.function.SqmFunctionRegistry -- Registered SqmFunctionTemplate [NamedSqmFunctionTemplate(var_samp)] under var_samp; prior registration was null
12:32:29.878 [main] DEBUG org.hibernate.query.sqm.function.SqmFunctionRegistry -- Registered SqmFunctionTemplate [NamedSqmFunctionTemplate(stddev_pop)] under stddev_pop; prior registration was null
12:32:29.878 [main] DEBUG org.hibernate.query.sqm.function.SqmFunctionRegistry -- Registered SqmFunctionTemplate [NamedSqmFunctionTemplate(stddev_samp)] under stddev_samp; prior registration was null
12:32:29.878 [main] DEBUG org.hibernate.query.sqm.function.SqmFunctionRegistry -- Registered SqmFunctionTemplate [NamedSqmFunctionTemplate(substr)] under substring; prior registration was NamedSqmFunctionTemplate(substring)
12:32:29.878 [main] DEBUG org.hibernate.query.sqm.function.SqmFunctionRegistry -- Registered SqmFunctionTemplate [org.hibernate.query.sqm.function.PatternBasedSqmFunctionDescriptor@6550ce46] under left; prior registration was NamedSqmFunctionTemplate(left)
12:32:29.878 [main] DEBUG org.hibernate.query.sqm.function.SqmFunctionRegistry -- Registered SqmFunctionTemplate [org.hibernate.query.sqm.function.PatternBasedSqmFunctionDescriptor@69f69078] under right; prior registration was NamedSqmFunctionTemplate(right)
12:32:29.878 [main] DEBUG org.hibernate.query.sqm.function.SqmFunctionRegistry -- Registered SqmFunctionTemplate [NamedSqmFunctionTemplate(length)] under length; prior registration was null
12:32:29.878 [main] DEBUG org.hibernate.query.sqm.function.SqmFunctionRegistry -- Registering alternate key : character_length -> length
12:32:29.878 [main] DEBUG org.hibernate.query.sqm.function.SqmFunctionRegistry -- Registered SqmFunctionTemplate [org.hibernate.query.sqm.function.PatternBasedSqmFunctionDescriptor@13b29b34] under power; prior registration was NamedSqmFunctionTemplate(power)
12:32:29.878 [main] DEBUG org.hibernate.query.sqm.function.SqmFunctionRegistry -- Registered SqmFunctionTemplate [org.hibernate.query.sqm.function.MultipatternSqmFunctionDescriptor@25589735] under round; prior registration was NamedSqmFunctionTemplate(round)
12:32:29.878 [main] DEBUG org.hibernate.query.sqm.function.SqmFunctionRegistry -- Registered SqmFunctionTemplate [org.hibernate.dialect.function.TruncFunction@46994f26] under trunc; prior registration was null
12:32:29.878 [main] DEBUG org.hibernate.query.sqm.function.SqmFunctionRegistry -- Registering alternate key : truncate -> trunc
12:32:29.878 [main] DEBUG org.hibernate.query.sqm.function.SqmFunctionRegistry -- Registered SqmFunctionTemplate [org.hibernate.query.sqm.function.PatternBasedSqmFunctionDescriptor@1bb172dd] under octet_length; prior registration was null
12:32:29.878 [main] DEBUG org.hibernate.query.sqm.function.SqmFunctionRegistry -- Registered SqmFunctionTemplate [org.hibernate.query.sqm.function.PatternBasedSqmFunctionDescriptor@1cdd31a4] under bit_length; prior registration was null
12:32:29.879 [main] DEBUG org.hibernate.query.sqm.function.SqmFunctionRegistry -- Registered SqmFunctionTemplate [org.hibernate.dialect.function.CastingConcatFunction@7dddfc35] under concat; prior registration was org.hibernate.query.sqm.function.PatternBasedSqmFunctionDescriptor@590dea35
12:32:29.879 [main] DEBUG org.hibernate.query.sqm.function.SqmFunctionRegistry -- Registered SqmFunctionTemplate [org.hibernate.dialect.function.DerbyLpadEmulation@71316cd7] under lpad; prior registration was NamedSqmFunctionTemplate(lpad)
12:32:29.879 [main] DEBUG org.hibernate.query.sqm.function.SqmFunctionRegistry -- Registered SqmFunctionTemplate [org.hibernate.dialect.function.DerbyRpadEmulation@6106dfb6] under rpad; prior registration was NamedSqmFunctionTemplate(rpad)
12:32:29.879 [main] DEBUG org.hibernate.query.sqm.function.SqmFunctionRegistry -- Registered SqmFunctionTemplate [org.hibernate.dialect.function.CaseLeastGreatestEmulation@14239223] under least; prior registration was NamedSqmFunctionTemplate(least)
12:32:29.879 [main] DEBUG org.hibernate.query.sqm.function.SqmFunctionRegistry -- Registered SqmFunctionTemplate [org.hibernate.dialect.function.CaseLeastGreatestEmulation@68df8c6] under greatest; prior registration was NamedSqmFunctionTemplate(greatest)
12:32:29.879 [main] DEBUG org.hibernate.query.sqm.function.SqmFunctionRegistry -- Registered SqmFunctionTemplate [org.hibernate.dialect.function.InsertSubstringOverlayEmulation@7c206b14] under overlay; prior registration was org.hibernate.dialect.function.InsertSubstringOverlayEmulation@54d60fa1
12:32:29.879 [main] DEBUG org.hibernate.HQL_FUNCTIONS -- abs(NUMERIC arg)
12:32:29.879 [main] DEBUG org.hibernate.HQL_FUNCTIONS -- Double acos(NUMERIC arg)
12:32:29.879 [main] DEBUG org.hibernate.HQL_FUNCTIONS -- Boolean any(BOOLEAN arg)
12:32:29.879 [main] DEBUG org.hibernate.HQL_FUNCTIONS -- Double asin(NUMERIC arg)
12:32:29.879 [main] DEBUG org.hibernate.HQL_FUNCTIONS -- Double atan(NUMERIC arg)
12:32:29.879 [main] DEBUG org.hibernate.HQL_FUNCTIONS -- Double atan2(NUMERIC arg0, NUMERIC arg1)
12:32:29.879 [main] DEBUG org.hibernate.HQL_FUNCTIONS -- avg(NUMERIC arg)
12:32:29.879 [main] DEBUG org.hibernate.HQL_FUNCTIONS -- Integer bit_length(STRING_OR_CLOB arg)
12:32:29.879 [main] DEBUG org.hibernate.HQL_FUNCTIONS -- cast(arg as Type)
12:32:29.879 [main] DEBUG org.hibernate.HQL_FUNCTIONS -- ceiling(NUMERIC arg)
12:32:29.879 [main] DEBUG org.hibernate.HQL_FUNCTIONS -- Integer character_length(STRING_OR_CLOB arg)
12:32:29.879 [main] DEBUG org.hibernate.HQL_FUNCTIONS -- Character chr( ... )
12:32:29.879 [main] DEBUG org.hibernate.HQL_FUNCTIONS -- coalesce(arg0[, arg1[, ...]])
12:32:29.879 [main] DEBUG org.hibernate.HQL_FUNCTIONS -- String collate(STRING string as COLLATION collation)
12:32:29.879 [main] DEBUG org.hibernate.HQL_FUNCTIONS -- String concat(arg0[, arg1[, ...]])
12:32:29.879 [main] DEBUG org.hibernate.HQL_FUNCTIONS -- Double cos(NUMERIC arg)
12:32:29.879 [main] DEBUG org.hibernate.HQL_FUNCTIONS -- Double cosh(NUMERIC arg)
12:32:29.879 [main] DEBUG org.hibernate.HQL_FUNCTIONS -- Double cot(NUMERIC arg)
12:32:29.879 [main] DEBUG org.hibernate.HQL_FUNCTIONS -- Long count([distinct ]{arg|*})
12:32:29.879 [main] DEBUG org.hibernate.HQL_FUNCTIONS -- Date current date
12:32:29.879 [main] DEBUG org.hibernate.HQL_FUNCTIONS -- Time current time
12:32:29.879 [main] DEBUG org.hibernate.HQL_FUNCTIONS -- Timestamp current timestamp
12:32:29.879 [main] DEBUG org.hibernate.HQL_FUNCTIONS -- Date current_date
12:32:29.879 [main] DEBUG org.hibernate.HQL_FUNCTIONS -- Instant current_instant
12:32:29.879 [main] DEBUG org.hibernate.HQL_FUNCTIONS -- Time current_time
12:32:29.879 [main] DEBUG org.hibernate.HQL_FUNCTIONS -- Timestamp current_timestamp
12:32:29.879 [main] DEBUG org.hibernate.HQL_FUNCTIONS -- dateadd(TEMPORAL_UNIT field, INTEGER magnitude, TEMPORAL datetime)
12:32:29.879 [main] DEBUG org.hibernate.HQL_FUNCTIONS -- Long|Double datediff(TEMPORAL_UNIT field, TEMPORAL start, TEMPORAL end)
12:32:29.879 [main] DEBUG org.hibernate.HQL_FUNCTIONS -- Integer day(DATE arg)
12:32:29.879 [main] DEBUG org.hibernate.HQL_FUNCTIONS -- Double degrees(NUMERIC arg)
12:32:29.879 [main] DEBUG org.hibernate.HQL_FUNCTIONS -- Boolean every(BOOLEAN arg)
12:32:29.879 [main] DEBUG org.hibernate.HQL_FUNCTIONS -- Double exp(NUMERIC arg)
12:32:29.879 [main] DEBUG org.hibernate.HQL_FUNCTIONS -- extract(TEMPORAL_UNIT field from TEMPORAL arg)
12:32:29.879 [main] DEBUG org.hibernate.HQL_FUNCTIONS -- floor(NUMERIC arg)
12:32:29.879 [main] DEBUG org.hibernate.HQL_FUNCTIONS -- String format(TEMPORAL datetime as STRING pattern)
12:32:29.879 [main] DEBUG org.hibernate.HQL_FUNCTIONS -- greatest(COMPARABLE arg0[, COMPARABLE arg1[, ...]])
12:32:29.879 [main] DEBUG org.hibernate.HQL_FUNCTIONS -- Integer hour(TIME arg)
12:32:29.879 [main] DEBUG org.hibernate.HQL_FUNCTIONS -- ifnull(arg0, arg1)
12:32:29.879 [main] DEBUG org.hibernate.HQL_FUNCTIONS -- Instant instant
12:32:29.879 [main] DEBUG org.hibernate.HQL_FUNCTIONS -- least(COMPARABLE arg0[, COMPARABLE arg1[, ...]])
12:32:29.879 [main] DEBUG org.hibernate.HQL_FUNCTIONS -- String left(STRING string, INTEGER length)
12:32:29.879 [main] DEBUG org.hibernate.HQL_FUNCTIONS -- Integer length(STRING_OR_CLOB arg)
12:32:29.879 [main] DEBUG org.hibernate.HQL_FUNCTIONS -- Double ln(NUMERIC arg)
12:32:29.879 [main] DEBUG org.hibernate.HQL_FUNCTIONS -- LocalDate local date
12:32:29.879 [main] DEBUG org.hibernate.HQL_FUNCTIONS -- LocalDateTime local datetime
12:32:29.879 [main] DEBUG org.hibernate.HQL_FUNCTIONS -- LocalTime local time
12:32:29.879 [main] DEBUG org.hibernate.HQL_FUNCTIONS -- LocalDate local_date
12:32:29.879 [main] DEBUG org.hibernate.HQL_FUNCTIONS -- LocalDateTime local_datetime
12:32:29.879 [main] DEBUG org.hibernate.HQL_FUNCTIONS -- LocalTime local_time
12:32:29.879 [main] DEBUG org.hibernate.HQL_FUNCTIONS -- Integer locate(STRING pattern, STRING string[, INTEGER start])
12:32:29.879 [main] DEBUG org.hibernate.HQL_FUNCTIONS -- Double log(NUMERIC base, NUMERIC arg)
12:32:29.879 [main] DEBUG org.hibernate.HQL_FUNCTIONS -- Double log10(NUMERIC arg)
12:32:29.879 [main] DEBUG org.hibernate.HQL_FUNCTIONS -- String lower(STRING string)
12:32:29.879 [main] DEBUG org.hibernate.HQL_FUNCTIONS -- String lpad(STRNG string, INTEGER length)
12:32:29.879 [main] DEBUG org.hibernate.HQL_FUNCTIONS -- String ltrim(STRING string)
12:32:29.879 [main] DEBUG org.hibernate.HQL_FUNCTIONS -- max(COMPARABLE arg)
12:32:29.879 [main] DEBUG org.hibernate.HQL_FUNCTIONS -- Integer microsecond(TIME arg)
12:32:29.879 [main] DEBUG org.hibernate.HQL_FUNCTIONS -- min(COMPARABLE arg)
12:32:29.879 [main] DEBUG org.hibernate.HQL_FUNCTIONS -- Integer minute(TIME arg)
12:32:29.879 [main] DEBUG org.hibernate.HQL_FUNCTIONS -- Integer mod(INTEGER arg0, INTEGER arg1)
12:32:29.879 [main] DEBUG org.hibernate.HQL_FUNCTIONS -- Integer month(DATE arg)
12:32:29.879 [main] DEBUG org.hibernate.HQL_FUNCTIONS -- nullif(arg0, arg1)
12:32:29.879 [main] DEBUG org.hibernate.HQL_FUNCTIONS -- Integer octet_length(STRING_OR_CLOB arg)
12:32:29.879 [main] DEBUG org.hibernate.HQL_FUNCTIONS -- OffsetDateTime offset datetime
12:32:29.879 [main] DEBUG org.hibernate.HQL_FUNCTIONS -- OffsetDateTime offset_datetime
12:32:29.879 [main] DEBUG org.hibernate.HQL_FUNCTIONS -- String overlay(STRING string placing STRING replacement from INTEGER start[ for INTEGER length])
12:32:29.879 [main] DEBUG org.hibernate.HQL_FUNCTIONS -- String pad(STRING string with INTEGER length {leading|trailing}[ STRING character])
12:32:29.879 [main] DEBUG org.hibernate.HQL_FUNCTIONS -- Double pi
12:32:29.879 [main] DEBUG org.hibernate.HQL_FUNCTIONS -- Integer position(STRING pattern in STRING string)
12:32:29.879 [main] DEBUG org.hibernate.HQL_FUNCTIONS -- Double power(NUMERIC arg0, NUMERIC arg1)
12:32:29.879 [main] DEBUG org.hibernate.HQL_FUNCTIONS -- Double radians(NUMERIC arg)
12:32:29.879 [main] DEBUG org.hibernate.HQL_FUNCTIONS -- Double rand([INTEGER seed])
12:32:29.879 [main] DEBUG org.hibernate.HQL_FUNCTIONS -- String replace(STRING string, STRING pattern, STRING replacement)
12:32:29.879 [main] DEBUG org.hibernate.HQL_FUNCTIONS -- String right(STRING string, INTEGER length)
12:32:29.879 [main] DEBUG org.hibernate.HQL_FUNCTIONS -- round(NUMERIC number[, INTEGER places])
12:32:29.879 [main] DEBUG org.hibernate.HQL_FUNCTIONS -- String rpad(STRING string, INTEGER length)
12:32:29.879 [main] DEBUG org.hibernate.HQL_FUNCTIONS -- String rtrim(STRING string)
12:32:29.879 [main] DEBUG org.hibernate.HQL_FUNCTIONS -- Integer second(TIME arg)
12:32:29.879 [main] DEBUG org.hibernate.HQL_FUNCTIONS -- Integer sign(NUMERIC arg)
12:32:29.879 [main] DEBUG org.hibernate.HQL_FUNCTIONS -- Double sin(NUMERIC arg)
12:32:29.879 [main] DEBUG org.hibernate.HQL_FUNCTIONS -- Double sinh(NUMERIC arg)
12:32:29.879 [main] DEBUG org.hibernate.HQL_FUNCTIONS -- Object sql
12:32:29.879 [main] DEBUG org.hibernate.HQL_FUNCTIONS -- Double sqrt(NUMERIC arg)
12:32:29.879 [main] DEBUG org.hibernate.HQL_FUNCTIONS -- Double stddev_pop(NUMERIC arg)
12:32:29.879 [main] DEBUG org.hibernate.HQL_FUNCTIONS -- Double stddev_samp(NUMERIC arg)
12:32:29.879 [main] DEBUG org.hibernate.HQL_FUNCTIONS -- String str(arg)
12:32:29.879 [main] DEBUG org.hibernate.HQL_FUNCTIONS -- String substring(STRING string{ from|,} INTEGER start[{ for|,} INTEGER length])
12:32:29.879 [main] DEBUG org.hibernate.HQL_FUNCTIONS -- sum(arg)
12:32:29.879 [main] DEBUG org.hibernate.HQL_FUNCTIONS -- Double tan(NUMERIC arg)
12:32:29.879 [main] DEBUG org.hibernate.HQL_FUNCTIONS -- Double tanh(NUMERIC arg)
12:32:29.879 [main] DEBUG org.hibernate.HQL_FUNCTIONS -- timestampadd(TEMPORAL_UNIT field, INTEGER magnitude, TEMPORAL datetime)
12:32:29.879 [main] DEBUG org.hibernate.HQL_FUNCTIONS -- Long|Double timestampdiff(TEMPORAL_UNIT field, TEMPORAL start, TEMPORAL end)
12:32:29.879 [main] DEBUG org.hibernate.HQL_FUNCTIONS -- String trim([[{leading|trailing|both} ][STRING arg0 ]from] STRING arg1)
12:32:29.879 [main] DEBUG org.hibernate.HQL_FUNCTIONS -- trunc( ... )
12:32:29.879 [main] DEBUG org.hibernate.HQL_FUNCTIONS -- truncate( ... )
12:32:29.879 [main] DEBUG org.hibernate.HQL_FUNCTIONS -- String upper(STRING string)
12:32:29.879 [main] DEBUG org.hibernate.HQL_FUNCTIONS -- Double var_pop(NUMERIC arg)
12:32:29.879 [main] DEBUG org.hibernate.HQL_FUNCTIONS -- Double var_samp(NUMERIC arg)
12:32:29.879 [main] DEBUG org.hibernate.HQL_FUNCTIONS -- Integer year(DATE arg)
12:32:29.879 [main] DEBUG org.hibernate.orm.query.plan.cache -- Starting QueryInterpretationCache(2048)
12:32:29.879 [main] DEBUG org.hibernate.service.internal.SessionFactoryServiceRegistryImpl -- EventListenerRegistry access via ServiceRegistry is deprecated.  Use `sessionFactory.getEventEngine().getListenerRegistry()` instead
12:32:29.880 [main] DEBUG org.hibernate.event.internal.EntityCopyObserverFactoryInitiator -- Configured EntityCopyObserver strategy: disallow
12:32:29.880 [main] DEBUG org.hibernate.boot.internal.ClassLoaderAccessImpl -- Not known whether passed class name [com.pdcgame.Models.InventorySave] is safe
12:32:29.880 [main] DEBUG org.hibernate.boot.internal.ClassLoaderAccessImpl -- No temp ClassLoader provided; using live ClassLoader for loading potentially unsafe class : com.pdcgame.Models.InventorySave
12:32:29.886 [main] DEBUG org.hibernate.bytecode.internal.bytebuddy.BytecodeProviderImpl -- HHH000513: Unable to create the ReflectionOptimizer for [com.pdcgame.Models.InventorySave]: private accessor [quantity]
12:32:29.886 [main] DEBUG org.hibernate.boot.internal.ClassLoaderAccessImpl -- Not known whether passed class name [com.pdcgame.Models.GameSave] is safe
12:32:29.886 [main] DEBUG org.hibernate.boot.internal.ClassLoaderAccessImpl -- No temp ClassLoader provided; using live ClassLoader for loading potentially unsafe class : com.pdcgame.Models.GameSave
12:32:29.892 [main] DEBUG org.hibernate.bytecode.internal.bytebuddy.BytecodeProviderImpl -- HHH000513: Unable to create the ReflectionOptimizer for [com.pdcgame.Models.GameSave]: private accessor [actions]
12:32:29.893 [main] DEBUG org.hibernate.boot.internal.ClassLoaderAccessImpl -- Not known whether passed class name [com.pdcgame.Models.BoardSave] is safe
12:32:29.893 [main] DEBUG org.hibernate.boot.internal.ClassLoaderAccessImpl -- No temp ClassLoader provided; using live ClassLoader for loading potentially unsafe class : com.pdcgame.Models.BoardSave
12:32:29.896 [main] DEBUG org.hibernate.bytecode.internal.bytebuddy.BytecodeProviderImpl -- HHH000513: Unable to create the ReflectionOptimizer for [com.pdcgame.Models.BoardSave]: private accessor [boardCell]
12:32:29.897 [main] DEBUG org.hibernate.boot.internal.ClassLoaderAccessImpl -- Not known whether passed class name [com.pdcgame.Models.StorageItemSave] is safe
12:32:29.897 [main] DEBUG org.hibernate.boot.internal.ClassLoaderAccessImpl -- No temp ClassLoader provided; using live ClassLoader for loading potentially unsafe class : com.pdcgame.Models.StorageItemSave
12:32:29.900 [main] DEBUG org.hibernate.bytecode.internal.bytebuddy.BytecodeProviderImpl -- HHH000513: Unable to create the ReflectionOptimizer for [com.pdcgame.Models.StorageItemSave]: private accessor [coordinateID]
12:32:29.901 [main] DEBUG org.hibernate.orm.model.mapping.creation -- Starting post-init callbacks
12:32:29.901 [main] DEBUG org.hibernate.orm.model.mapping.creation -- Starting PostInitCallbackEntry : Entity(com.pdcgame.Models.InventorySave) `staticFetchableList` generator
12:32:29.901 [main] DEBUG org.hibernate.orm.model.mapping.creation -- Starting PostInitCallbackEntry : Entity(com.pdcgame.Models.GameSave) `staticFetchableList` generator
12:32:29.901 [main] DEBUG org.hibernate.orm.model.mapping.creation -- Starting PostInitCallbackEntry : Entity(com.pdcgame.Models.BoardSave) `staticFetchableList` generator
12:32:29.901 [main] DEBUG org.hibernate.orm.model.mapping.creation -- Starting PostInitCallbackEntry : Entity(com.pdcgame.Models.StorageItemSave) `staticFetchableList` generator
12:32:29.902 [main] DEBUG org.hibernate.orm.sql.ast.create -- Created new SQL alias : is1_0
12:32:29.902 [main] DEBUG org.hibernate.orm.sql.ast.create -- Registration of TableGroup [StandardTableGroup(com.pdcgame.Models.InventorySave)] with identifierForTableGroup [com.pdcgame.Models.InventorySave] for NavigablePath [com.pdcgame.Models.InventorySave] 
12:32:29.902 [main] DEBUG org.hibernate.orm.results.graph.AST -- DomainResult Graph:
 \-EntityResultImpl [com.pdcgame.Models.InventorySave]
 |  +-BasicFetch [com.pdcgame.Models.InventorySave.quantity]
 |  \-BasicFetch [com.pdcgame.Models.InventorySave.sellPrice]

12:32:29.902 [main] DEBUG org.hibernate.orm.sql.ast.tree -- SQL AST Tree:
    SelectStatement {
      FromClause {
        StandardTableGroup (is1 : com.pdcgame.Models.InventorySave) {
          primaryTableReference : inventory_save as is1_0
        }
      }
    }

12:32:29.902 [main] DEBUG org.hibernate.persister.entity.AbstractEntityPersister -- Static SQL for entity: com.pdcgame.Models.InventorySave
12:32:29.902 [main] DEBUG org.hibernate.persister.entity.AbstractEntityPersister --  Version select: select product_name from inventory_save where product_name=?
12:32:29.902 [main] DEBUG org.hibernate.persister.entity.AbstractEntityPersister --  Insert (0): insert into inventory_save (quantity,sell_price,product_name) values (?,?,?)
12:32:29.902 [main] DEBUG org.hibernate.persister.entity.AbstractEntityPersister --  Update (0): update inventory_save set quantity=?,sell_price=? where product_name=?
12:32:29.902 [main] DEBUG org.hibernate.persister.entity.AbstractEntityPersister --  Delete (0): delete from inventory_save where product_name=?
12:32:29.902 [main] DEBUG org.hibernate.orm.sql.ast.create -- Created new SQL alias : gs1_0
12:32:29.902 [main] DEBUG org.hibernate.orm.sql.ast.create -- Registration of TableGroup [StandardTableGroup(com.pdcgame.Models.GameSave)] with identifierForTableGroup [com.pdcgame.Models.GameSave] for NavigablePath [com.pdcgame.Models.GameSave] 
12:32:29.902 [main] DEBUG org.hibernate.orm.results.graph.AST -- DomainResult Graph:
 \-EntityResultImpl [com.pdcgame.Models.GameSave]
 |  +-BasicFetch [com.pdcgame.Models.GameSave.actions]
 |  +-BasicFetch [com.pdcgame.Models.GameSave.balance]
 |  +-BasicFetch [com.pdcgame.Models.GameSave.day]
 |  +-BasicFetch [com.pdcgame.Models.GameSave.difficulty]
 |  +-BasicFetch [com.pdcgame.Models.GameSave.gameSeed]
 |  +-BasicFetch [com.pdcgame.Models.GameSave.rating]
 |  \-BasicFetch [com.pdcgame.Models.GameSave.totalActions]

12:32:29.902 [main] DEBUG org.hibernate.orm.sql.ast.tree -- SQL AST Tree:
    SelectStatement {
      FromClause {
        StandardTableGroup (gs1 : com.pdcgame.Models.GameSave) {
          primaryTableReference : game_save as gs1_0
        }
      }
    }

12:32:29.902 [main] DEBUG org.hibernate.persister.entity.AbstractEntityPersister -- Static SQL for entity: com.pdcgame.Models.GameSave
12:32:29.902 [main] DEBUG org.hibernate.persister.entity.AbstractEntityPersister --  Version select: select id from game_save where id=?
12:32:29.902 [main] DEBUG org.hibernate.persister.entity.AbstractEntityPersister --  Insert (0): insert into game_save (actions,balance,day,difficulty,gameSeed,rating,totalActions,id) values (?,?,?,?,?,?,?,?)
12:32:29.902 [main] DEBUG org.hibernate.persister.entity.AbstractEntityPersister --  Update (0): update game_save set actions=?,balance=?,day=?,difficulty=?,gameSeed=?,rating=?,totalActions=? where id=?
12:32:29.902 [main] DEBUG org.hibernate.persister.entity.AbstractEntityPersister --  Delete (0): delete from game_save where id=?
12:32:29.902 [main] DEBUG org.hibernate.orm.sql.ast.create -- Created new SQL alias : bs1_0
12:32:29.902 [main] DEBUG org.hibernate.orm.sql.ast.create -- Registration of TableGroup [StandardTableGroup(com.pdcgame.Models.BoardSave)] with identifierForTableGroup [com.pdcgame.Models.BoardSave] for NavigablePath [com.pdcgame.Models.BoardSave] 
12:32:29.902 [main] DEBUG org.hibernate.orm.results.graph.AST -- DomainResult Graph:
 \-EntityResultImpl [com.pdcgame.Models.BoardSave]
 |  \-BasicFetch [com.pdcgame.Models.BoardSave.boardCell]

12:32:29.902 [main] DEBUG org.hibernate.orm.sql.ast.tree -- SQL AST Tree:
    SelectStatement {
      FromClause {
        StandardTableGroup (bs1 : com.pdcgame.Models.BoardSave) {
          primaryTableReference : board_save as bs1_0
        }
      }
    }

12:32:29.902 [main] DEBUG org.hibernate.persister.entity.AbstractEntityPersister -- Static SQL for entity: com.pdcgame.Models.BoardSave
12:32:29.902 [main] DEBUG org.hibernate.persister.entity.AbstractEntityPersister --  Version select: select coordinateID from board_save where coordinateID=?
12:32:29.902 [main] DEBUG org.hibernate.persister.entity.AbstractEntityPersister --  Insert (0): insert into board_save (boardCell,coordinateID) values (?,?)
12:32:29.902 [main] DEBUG org.hibernate.persister.entity.AbstractEntityPersister --  Update (0): update board_save set boardCell=? where coordinateID=?
12:32:29.902 [main] DEBUG org.hibernate.persister.entity.AbstractEntityPersister --  Delete (0): delete from board_save where coordinateID=?
12:32:29.902 [main] DEBUG org.hibernate.orm.sql.ast.create -- Created new SQL alias : sis1_0
12:32:29.903 [main] DEBUG org.hibernate.orm.sql.ast.create -- Registration of TableGroup [StandardTableGroup(com.pdcgame.Models.StorageItemSave)] with identifierForTableGroup [com.pdcgame.Models.StorageItemSave] for NavigablePath [com.pdcgame.Models.StorageItemSave] 
12:32:29.903 [main] DEBUG org.hibernate.orm.results.graph.AST -- DomainResult Graph:
 \-EntityResultImpl [com.pdcgame.Models.StorageItemSave]
 |  +-BasicFetch [com.pdcgame.Models.StorageItemSave.coordinateID]
 |  +-BasicFetch [com.pdcgame.Models.StorageItemSave.productName]
 |  \-BasicFetch [com.pdcgame.Models.StorageItemSave.quantity]

12:32:29.903 [main] DEBUG org.hibernate.orm.sql.ast.tree -- SQL AST Tree:
    SelectStatement {
      FromClause {
        StandardTableGroup (sis1 : com.pdcgame.Models.StorageItemSave) {
          primaryTableReference : storage_save as sis1_0
        }
      }
    }

12:32:29.903 [main] DEBUG org.hibernate.persister.entity.AbstractEntityPersister -- Static SQL for entity: com.pdcgame.Models.StorageItemSave
12:32:29.903 [main] DEBUG org.hibernate.persister.entity.AbstractEntityPersister --  Version select: select id from storage_save where id=?
12:32:29.903 [main] DEBUG org.hibernate.persister.entity.AbstractEntityPersister --  Insert (0): insert into storage_save (coordinate_id,product_name,quantity,id) values (?,?,?,default)
12:32:29.903 [main] DEBUG org.hibernate.persister.entity.AbstractEntityPersister --  Update (0): update storage_save set coordinate_id=?,product_name=?,quantity=? where id=?
12:32:29.903 [main] DEBUG org.hibernate.persister.entity.AbstractEntityPersister --  Delete (0): delete from storage_save where id=?
12:32:29.904 [main] DEBUG org.hibernate.engine.transaction.jta.platform.internal.JtaPlatformInitiator -- No JtaPlatform was specified, checking resolver
12:32:29.904 [main] DEBUG org.hibernate.engine.transaction.jta.platform.internal.JtaPlatformResolverInitiator -- No JtaPlatformResolver was specified, using default [org.hibernate.engine.transaction.jta.platform.internal.StandardJtaPlatformResolver]
12:32:29.905 [main] DEBUG org.hibernate.engine.transaction.jta.platform.internal.StandardJtaPlatformResolver -- Could not resolve JtaPlatform, using default [org.hibernate.engine.transaction.jta.platform.internal.NoJtaPlatform]
12:32:29.905 [main] INFO org.hibernate.engine.transaction.jta.platform.internal.JtaPlatformInitiator -- HHH000489: No JTA platform available (set 'hibernate.transaction.jta.platform' to enable JTA platform integration)
12:32:29.905 [main] DEBUG org.hibernate.type.spi.TypeConfiguration$Scope -- Scoping TypeConfiguration [org.hibernate.type.spi.TypeConfiguration@5daad59a] to SessionFactoryImplementor [org.hibernate.internal.SessionFactoryImpl@71668a67]
12:32:29.905 [main] DEBUG org.hibernate.query.named.NamedObjectRepository -- Checking 0 named HQL queries
12:32:29.905 [main] DEBUG org.hibernate.query.named.NamedObjectRepository -- Checking 0 named SQL queries
12:32:29.905 [main] INFO org.hibernate.orm.connections.access -- HHH10001501: Connection obtained from JdbcConnectionAccess [org.hibernate.engine.jdbc.env.internal.JdbcEnvironmentInitiator$ConnectionProviderJdbcConnectionAccess@3ff26c9] for (non-JTA) DDL execution was not in auto-commit mode; the Connection 'local transaction' will be committed and the Connection will be set into auto-commit mode.
12:32:29.909 [main] DEBUG org.hibernate.mapping.Table -- No alter strings for table : board_save
12:32:29.909 [main] DEBUG org.hibernate.mapping.Table -- No alter strings for table : game_save
12:32:29.909 [main] DEBUG org.hibernate.mapping.Table -- No alter strings for table : inventory_save
12:32:29.909 [main] DEBUG org.hibernate.mapping.Table -- No alter strings for table : storage_save
12:32:29.909 [main] DEBUG org.hibernate.internal.SessionFactoryRegistry -- Registering SessionFactory: 1254d8db-e79d-4a6f-b95d-15d1a4344951 (<unnamed>)
12:32:29.909 [main] DEBUG org.hibernate.internal.SessionFactoryRegistry -- Not binding SessionFactory to JNDI, no JNDI name configured
12:32:29.909 [main] DEBUG org.hibernate.internal.SessionFactoryImpl -- Instantiated SessionFactory
12:32:29.911 [main] DEBUG org.hibernate.integrator.internal.IntegratorServiceImpl -- Adding Integrator [org.hibernate.boot.beanvalidation.BeanValidationIntegrator].
12:32:29.911 [main] DEBUG org.hibernate.integrator.internal.IntegratorServiceImpl -- Adding Integrator [org.hibernate.cache.internal.CollectionCacheInvalidator].
12:32:29.912 [main] DEBUG org.hibernate.boot.jaxb.internal.stax.LocalXmlResourceResolver -- Checking public/system identifiers `-//Hibernate/Hibernate Configuration DTD 3.0//EN`/`http://hibernate.sourceforge.net/hibernate-configuration-3.0.dtd` as DTD references
12:32:29.912 [main] WARN org.hibernate.orm.deprecation -- HHH90000012: Recognized obsolete hibernate namespace http://hibernate.sourceforge.net/hibernate-configuration. Use namespace http://www.hibernate.org/dtd/hibernate-configuration instead.  Support for obsolete DTD/XSD namespaces may be removed at any time.
12:32:29.913 [main] DEBUG org.hibernate.boot.cfgxml.internal.JaxbCfgProcessor -- cfg.xml document did not define namespaces; wrapping in custom event reader to introduce namespace information
12:32:29.919 [main] DEBUG org.hibernate.cfg.Configuration -- Building session factory using internal StandardServiceRegistryBuilder
12:32:29.920 [main] DEBUG org.hibernate.cfg.Configuration -- Building session factory using provided StandardServiceRegistry
12:32:29.920 [main] DEBUG org.hibernate.orm.idgen.factory -- Ignoring CDI for resolving IdentifierGenerator instances as extended or delayed CDI support was enabled
12:32:29.920 [main] DEBUG org.hibernate.orm.idgen.factory -- Registering IdentifierGenerator strategy [uuid2] -> [org.hibernate.id.UUIDGenerator]
12:32:29.920 [main] DEBUG org.hibernate.orm.idgen.factory -- Registering IdentifierGenerator strategy [guid] -> [org.hibernate.id.GUIDGenerator]
12:32:29.920 [main] DEBUG org.hibernate.orm.idgen.factory -- Registering IdentifierGenerator strategy [uuid] -> [org.hibernate.id.UUIDHexGenerator]
12:32:29.920 [main] DEBUG org.hibernate.orm.idgen.factory -- Registering IdentifierGenerator strategy [uuid.hex] -> [org.hibernate.id.UUIDHexGenerator]
12:32:29.920 [main] DEBUG org.hibernate.orm.idgen.factory -- Registering IdentifierGenerator strategy [assigned] -> [org.hibernate.id.Assigned]
12:32:29.920 [main] DEBUG org.hibernate.orm.idgen.factory -- Registering IdentifierGenerator strategy [identity] -> [org.hibernate.id.IdentityGenerator]
12:32:29.920 [main] DEBUG org.hibernate.orm.idgen.factory -- Registering IdentifierGenerator strategy [select] -> [org.hibernate.id.SelectGenerator]
12:32:29.920 [main] DEBUG org.hibernate.orm.idgen.factory -- Registering IdentifierGenerator strategy [sequence] -> [org.hibernate.id.enhanced.SequenceStyleGenerator]
12:32:29.920 [main] DEBUG org.hibernate.orm.idgen.factory -- Registering IdentifierGenerator strategy [increment] -> [org.hibernate.id.IncrementGenerator]
12:32:29.920 [main] DEBUG org.hibernate.orm.idgen.factory -- Registering IdentifierGenerator strategy [foreign] -> [org.hibernate.id.ForeignGenerator]
12:32:29.920 [main] DEBUG org.hibernate.orm.idgen.factory -- Registering IdentifierGenerator strategy [enhanced-sequence] -> [org.hibernate.id.enhanced.SequenceStyleGenerator]
12:32:29.920 [main] DEBUG org.hibernate.orm.idgen.factory -- Registering IdentifierGenerator strategy [enhanced-table] -> [org.hibernate.id.enhanced.TableGenerator]
12:32:29.920 [main] DEBUG org.hibernate.cache.internal.RegionFactoryInitiator -- Cannot default RegionFactory based on registered strategies as `[]` RegionFactory strategies were registered
12:32:29.920 [main] INFO org.hibernate.cache.internal.RegionFactoryInitiator -- HHH000026: Second-level cache disabled
12:32:29.920 [main] DEBUG org.hibernate.type.BasicTypeRegistry -- Adding type registration boolean -> org.hibernate.type.BasicTypeReference@5e4fa1da
12:32:29.920 [main] DEBUG org.hibernate.type.BasicTypeRegistry -- Adding type registration boolean -> org.hibernate.type.BasicTypeReference@5e4fa1da
12:32:29.920 [main] DEBUG org.hibernate.type.BasicTypeRegistry -- Adding type registration java.lang.Boolean -> org.hibernate.type.BasicTypeReference@5e4fa1da
12:32:29.920 [main] DEBUG org.hibernate.type.BasicTypeRegistry -- Adding type registration numeric_boolean -> org.hibernate.type.BasicTypeReference@588cd519
12:32:29.920 [main] DEBUG org.hibernate.type.BasicTypeRegistry -- Adding type registration org.hibernate.type.NumericBooleanConverter -> org.hibernate.type.BasicTypeReference@588cd519
12:32:29.920 [main] DEBUG org.hibernate.type.BasicTypeRegistry -- Adding type registration true_false -> org.hibernate.type.BasicTypeReference@3f92c349
12:32:29.920 [main] DEBUG org.hibernate.type.BasicTypeRegistry -- Adding type registration org.hibernate.type.TrueFalseConverter -> org.hibernate.type.BasicTypeReference@3f92c349
12:32:29.920 [main] DEBUG org.hibernate.type.BasicTypeRegistry -- Adding type registration yes_no -> org.hibernate.type.BasicTypeReference@769a58e5
12:32:29.920 [main] DEBUG org.hibernate.type.BasicTypeRegistry -- Adding type registration org.hibernate.type.YesNoConverter -> org.hibernate.type.BasicTypeReference@769a58e5
12:32:29.920 [main] DEBUG org.hibernate.type.BasicTypeRegistry -- Adding type registration byte -> org.hibernate.type.BasicTypeReference@55f8669d
12:32:29.920 [main] DEBUG org.hibernate.type.BasicTypeRegistry -- Adding type registration byte -> org.hibernate.type.BasicTypeReference@55f8669d
12:32:29.920 [main] DEBUG org.hibernate.type.BasicTypeRegistry -- Adding type registration java.lang.Byte -> org.hibernate.type.BasicTypeReference@55f8669d
12:32:29.920 [main] DEBUG org.hibernate.type.BasicTypeRegistry -- Adding type registration binary -> org.hibernate.type.BasicTypeReference@6be25526
12:32:29.920 [main] DEBUG org.hibernate.type.BasicTypeRegistry -- Adding type registration byte[] -> org.hibernate.type.BasicTypeReference@6be25526
12:32:29.920 [main] DEBUG org.hibernate.type.BasicTypeRegistry -- Adding type registration [B -> org.hibernate.type.BasicTypeReference@6be25526
12:32:29.920 [main] DEBUG org.hibernate.type.BasicTypeRegistry -- Adding type registration binary_wrapper -> org.hibernate.type.BasicTypeReference@42435b98
12:32:29.920 [main] DEBUG org.hibernate.type.BasicTypeRegistry -- Adding type registration wrapper-binary -> org.hibernate.type.BasicTypeReference@42435b98
12:32:29.920 [main] DEBUG org.hibernate.type.BasicTypeRegistry -- Adding type registration image -> org.hibernate.type.BasicTypeReference@66ba7e45
12:32:29.920 [main] DEBUG org.hibernate.type.BasicTypeRegistry -- Adding type registration blob -> org.hibernate.type.BasicTypeReference@70e02081
12:32:29.920 [main] DEBUG org.hibernate.type.BasicTypeRegistry -- Adding type registration java.sql.Blob -> org.hibernate.type.BasicTypeReference@70e02081
12:32:29.920 [main] DEBUG org.hibernate.type.BasicTypeRegistry -- Adding type registration materialized_blob -> org.hibernate.type.BasicTypeReference@9d200de
12:32:29.920 [main] DEBUG org.hibernate.type.BasicTypeRegistry -- Adding type registration materialized_blob_wrapper -> org.hibernate.type.BasicTypeReference@511505e7
12:32:29.920 [main] DEBUG org.hibernate.type.BasicTypeRegistry -- Adding type registration short -> org.hibernate.type.BasicTypeReference@646811d6
12:32:29.920 [main] DEBUG org.hibernate.type.BasicTypeRegistry -- Adding type registration short -> org.hibernate.type.BasicTypeReference@646811d6
12:32:29.920 [main] DEBUG org.hibernate.type.BasicTypeRegistry -- Adding type registration java.lang.Short -> org.hibernate.type.BasicTypeReference@646811d6
12:32:29.920 [main] DEBUG org.hibernate.type.BasicTypeRegistry -- Adding type registration integer -> org.hibernate.type.BasicTypeReference@15fdd1f2
12:32:29.920 [main] DEBUG org.hibernate.type.BasicTypeRegistry -- Adding type registration int -> org.hibernate.type.BasicTypeReference@15fdd1f2
12:32:29.920 [main] DEBUG org.hibernate.type.BasicTypeRegistry -- Adding type registration java.lang.Integer -> org.hibernate.type.BasicTypeReference@15fdd1f2
12:32:29.920 [main] DEBUG org.hibernate.type.BasicTypeRegistry -- Adding type registration long -> org.hibernate.type.BasicTypeReference@cb0f763
12:32:29.920 [main] DEBUG org.hibernate.type.BasicTypeRegistry -- Adding type registration long -> org.hibernate.type.BasicTypeReference@cb0f763
12:32:29.920 [main] DEBUG org.hibernate.type.BasicTypeRegistry -- Adding type registration java.lang.Long -> org.hibernate.type.BasicTypeReference@cb0f763
12:32:29.920 [main] DEBUG org.hibernate.type.BasicTypeRegistry -- Adding type registration float -> org.hibernate.type.BasicTypeReference@7573e12f
12:32:29.920 [main] DEBUG org.hibernate.type.BasicTypeRegistry -- Adding type registration float -> org.hibernate.type.BasicTypeReference@7573e12f
12:32:29.920 [main] DEBUG org.hibernate.type.BasicTypeRegistry -- Adding type registration java.lang.Float -> org.hibernate.type.BasicTypeReference@7573e12f
12:32:29.920 [main] DEBUG org.hibernate.type.BasicTypeRegistry -- Adding type registration double -> org.hibernate.type.BasicTypeReference@51b1a8f6
12:32:29.920 [main] DEBUG org.hibernate.type.BasicTypeRegistry -- Adding type registration double -> org.hibernate.type.BasicTypeReference@51b1a8f6
12:32:29.920 [main] DEBUG org.hibernate.type.BasicTypeRegistry -- Adding type registration java.lang.Double -> org.hibernate.type.BasicTypeReference@51b1a8f6
12:32:29.920 [main] DEBUG org.hibernate.type.BasicTypeRegistry -- Adding type registration big_integer -> org.hibernate.type.BasicTypeReference@2a389173
12:32:29.920 [main] DEBUG org.hibernate.type.BasicTypeRegistry -- Adding type registration java.math.BigInteger -> org.hibernate.type.BasicTypeReference@2a389173
12:32:29.920 [main] DEBUG org.hibernate.type.BasicTypeRegistry -- Adding type registration big_decimal -> org.hibernate.type.BasicTypeReference@213860b8
12:32:29.920 [main] DEBUG org.hibernate.type.BasicTypeRegistry -- Adding type registration java.math.BigDecimal -> org.hibernate.type.BasicTypeReference@213860b8
12:32:29.920 [main] DEBUG org.hibernate.type.BasicTypeRegistry -- Adding type registration character -> org.hibernate.type.BasicTypeReference@4ba89729
12:32:29.920 [main] DEBUG org.hibernate.type.BasicTypeRegistry -- Adding type registration char -> org.hibernate.type.BasicTypeReference@4ba89729
12:32:29.920 [main] DEBUG org.hibernate.type.BasicTypeRegistry -- Adding type registration java.lang.Character -> org.hibernate.type.BasicTypeReference@4ba89729
12:32:29.920 [main] DEBUG org.hibernate.type.BasicTypeRegistry -- Adding type registration character_nchar -> org.hibernate.type.BasicTypeReference@178270b2
12:32:29.920 [main] DEBUG org.hibernate.type.BasicTypeRegistry -- Adding type registration string -> org.hibernate.type.BasicTypeReference@795fd838
12:32:29.920 [main] DEBUG org.hibernate.type.BasicTypeRegistry -- Adding type registration java.lang.String -> org.hibernate.type.BasicTypeReference@795fd838
12:32:29.920 [main] DEBUG org.hibernate.type.BasicTypeRegistry -- Adding type registration nstring -> org.hibernate.type.BasicTypeReference@1b005a0b
12:32:29.920 [main] DEBUG org.hibernate.type.BasicTypeRegistry -- Adding type registration characters -> org.hibernate.type.BasicTypeReference@141e879d
12:32:29.920 [main] DEBUG org.hibernate.type.BasicTypeRegistry -- Adding type registration char[] -> org.hibernate.type.BasicTypeReference@141e879d
12:32:29.920 [main] DEBUG org.hibernate.type.BasicTypeRegistry -- Adding type registration [C -> org.hibernate.type.BasicTypeReference@141e879d
12:32:29.920 [main] DEBUG org.hibernate.type.BasicTypeRegistry -- Adding type registration wrapper-characters -> org.hibernate.type.BasicTypeReference@109d724c
12:32:29.920 [main] DEBUG org.hibernate.type.BasicTypeRegistry -- Adding type registration text -> org.hibernate.type.BasicTypeReference@1704f67f
12:32:29.920 [main] DEBUG org.hibernate.type.BasicTypeRegistry -- Adding type registration ntext -> org.hibernate.type.BasicTypeReference@e4d2696
12:32:29.920 [main] DEBUG org.hibernate.type.BasicTypeRegistry -- Adding type registration clob -> org.hibernate.type.BasicTypeReference@6e0f7aad
12:32:29.920 [main] DEBUG org.hibernate.type.BasicTypeRegistry -- Adding type registration java.sql.Clob -> org.hibernate.type.BasicTypeReference@6e0f7aad
12:32:29.920 [main] DEBUG org.hibernate.type.BasicTypeRegistry -- Adding type registration nclob -> org.hibernate.type.BasicTypeReference@15fb7a32
12:32:29.920 [main] DEBUG org.hibernate.type.BasicTypeRegistry -- Adding type registration java.sql.NClob -> org.hibernate.type.BasicTypeReference@15fb7a32
12:32:29.920 [main] DEBUG org.hibernate.type.BasicTypeRegistry -- Adding type registration materialized_clob -> org.hibernate.type.BasicTypeReference@257cc1fc
12:32:29.920 [main] DEBUG org.hibernate.type.BasicTypeRegistry -- Adding type registration materialized_clob_char_array -> org.hibernate.type.BasicTypeReference@42e22a53
12:32:29.920 [main] DEBUG org.hibernate.type.BasicTypeRegistry -- Adding type registration materialized_clob_character_array -> org.hibernate.type.BasicTypeReference@57adfab0
12:32:29.920 [main] DEBUG org.hibernate.type.BasicTypeRegistry -- Adding type registration materialized_nclob -> org.hibernate.type.BasicTypeReference@1949309d
12:32:29.920 [main] DEBUG org.hibernate.type.BasicTypeRegistry -- Adding type registration materialized_nclob_character_array -> org.hibernate.type.BasicTypeReference@5af97169
12:32:29.920 [main] DEBUG org.hibernate.type.BasicTypeRegistry -- Adding type registration materialized_nclob_char_array -> org.hibernate.type.BasicTypeReference@99a78d7
12:32:29.920 [main] DEBUG org.hibernate.type.BasicTypeRegistry -- Adding type registration Duration -> org.hibernate.type.BasicTypeReference@31da6b2e
12:32:29.920 [main] DEBUG org.hibernate.type.BasicTypeRegistry -- Adding type registration java.time.Duration -> org.hibernate.type.BasicTypeReference@31da6b2e
12:32:29.920 [main] DEBUG org.hibernate.type.BasicTypeRegistry -- Adding type registration LocalDateTime -> org.hibernate.type.BasicTypeReference@61c76850
12:32:29.920 [main] DEBUG org.hibernate.type.BasicTypeRegistry -- Adding type registration java.time.LocalDateTime -> org.hibernate.type.BasicTypeReference@61c76850
12:32:29.920 [main] DEBUG org.hibernate.type.BasicTypeRegistry -- Adding type registration LocalDate -> org.hibernate.type.BasicTypeReference@70242f38
12:32:29.920 [main] DEBUG org.hibernate.type.BasicTypeRegistry -- Adding type registration java.time.LocalDate -> org.hibernate.type.BasicTypeReference@70242f38
12:32:29.920 [main] DEBUG org.hibernate.type.BasicTypeRegistry -- Adding type registration LocalTime -> org.hibernate.type.BasicTypeReference@2a22ad2b
12:32:29.920 [main] DEBUG org.hibernate.type.BasicTypeRegistry -- Adding type registration java.time.LocalTime -> org.hibernate.type.BasicTypeReference@2a22ad2b
12:32:29.920 [main] DEBUG org.hibernate.type.BasicTypeRegistry -- Adding type registration OffsetDateTime -> org.hibernate.type.BasicTypeReference@48c3205a
12:32:29.920 [main] DEBUG org.hibernate.type.BasicTypeRegistry -- Adding type registration java.time.OffsetDateTime -> org.hibernate.type.BasicTypeReference@48c3205a
12:32:29.920 [main] DEBUG org.hibernate.type.BasicTypeRegistry -- Adding type registration OffsetDateTimeWithTimezone -> org.hibernate.type.BasicTypeReference@121c54fa
12:32:29.920 [main] DEBUG org.hibernate.type.BasicTypeRegistry -- Adding type registration OffsetDateTimeWithoutTimezone -> org.hibernate.type.BasicTypeReference@4390f46e
12:32:29.920 [main] DEBUG org.hibernate.type.BasicTypeRegistry -- Adding type registration OffsetTime -> org.hibernate.type.BasicTypeReference@7c6442c2
12:32:29.920 [main] DEBUG org.hibernate.type.BasicTypeRegistry -- Adding type registration java.time.OffsetTime -> org.hibernate.type.BasicTypeReference@7c6442c2
12:32:29.920 [main] DEBUG org.hibernate.type.BasicTypeRegistry -- Adding type registration OffsetTimeUtc -> org.hibernate.type.BasicTypeReference@2d746ce4
12:32:29.920 [main] DEBUG org.hibernate.type.BasicTypeRegistry -- Adding type registration OffsetTimeWithTimezone -> org.hibernate.type.BasicTypeReference@5dbf5634
12:32:29.920 [main] DEBUG org.hibernate.type.BasicTypeRegistry -- Adding type registration OffsetTimeWithoutTimezone -> org.hibernate.type.BasicTypeReference@1948ea69
12:32:29.920 [main] DEBUG org.hibernate.type.BasicTypeRegistry -- Adding type registration ZonedDateTime -> org.hibernate.type.BasicTypeReference@47e4d9d0
12:32:29.920 [main] DEBUG org.hibernate.type.BasicTypeRegistry -- Adding type registration java.time.ZonedDateTime -> org.hibernate.type.BasicTypeReference@47e4d9d0
12:32:29.920 [main] DEBUG org.hibernate.type.BasicTypeRegistry -- Adding type registration ZonedDateTimeWithTimezone -> org.hibernate.type.BasicTypeReference@49798e84
12:32:29.920 [main] DEBUG org.hibernate.type.BasicTypeRegistry -- Adding type registration ZonedDateTimeWithoutTimezone -> org.hibernate.type.BasicTypeReference@6ed06f69
12:32:29.920 [main] DEBUG org.hibernate.type.BasicTypeRegistry -- Adding type registration date -> org.hibernate.type.BasicTypeReference@3015db78
12:32:29.920 [main] DEBUG org.hibernate.type.BasicTypeRegistry -- Adding type registration java.sql.Date -> org.hibernate.type.BasicTypeReference@3015db78
12:32:29.920 [main] DEBUG org.hibernate.type.BasicTypeRegistry -- Adding type registration time -> org.hibernate.type.BasicTypeReference@515ebef3
12:32:29.920 [main] DEBUG org.hibernate.type.BasicTypeRegistry -- Adding type registration java.sql.Time -> org.hibernate.type.BasicTypeReference@515ebef3
12:32:29.920 [main] DEBUG org.hibernate.type.BasicTypeRegistry -- Adding type registration timestamp -> org.hibernate.type.BasicTypeReference@545607f2
12:32:29.920 [main] DEBUG org.hibernate.type.BasicTypeRegistry -- Adding type registration java.sql.Timestamp -> org.hibernate.type.BasicTypeReference@545607f2
12:32:29.920 [main] DEBUG org.hibernate.type.BasicTypeRegistry -- Adding type registration java.util.Date -> org.hibernate.type.BasicTypeReference@545607f2
12:32:29.920 [main] DEBUG org.hibernate.type.BasicTypeRegistry -- Adding type registration calendar -> org.hibernate.type.BasicTypeReference@39109136
12:32:29.920 [main] DEBUG org.hibernate.type.BasicTypeRegistry -- Adding type registration java.util.Calendar -> org.hibernate.type.BasicTypeReference@39109136
12:32:29.920 [main] DEBUG org.hibernate.type.BasicTypeRegistry -- Adding type registration java.util.GregorianCalendar -> org.hibernate.type.BasicTypeReference@39109136
12:32:29.920 [main] DEBUG org.hibernate.type.BasicTypeRegistry -- Adding type registration calendar_date -> org.hibernate.type.BasicTypeReference@27c04377
12:32:29.920 [main] DEBUG org.hibernate.type.BasicTypeRegistry -- Adding type registration calendar_time -> org.hibernate.type.BasicTypeReference@34dc85a
12:32:29.920 [main] DEBUG org.hibernate.type.BasicTypeRegistry -- Adding type registration instant -> org.hibernate.type.BasicTypeReference@67403656
12:32:29.920 [main] DEBUG org.hibernate.type.BasicTypeRegistry -- Adding type registration java.time.Instant -> org.hibernate.type.BasicTypeReference@67403656
12:32:29.921 [main] DEBUG org.hibernate.type.BasicTypeRegistry -- Adding type registration uuid -> org.hibernate.type.BasicTypeReference@5a6482a9
12:32:29.921 [main] DEBUG org.hibernate.type.BasicTypeRegistry -- Adding type registration java.util.UUID -> org.hibernate.type.BasicTypeReference@5a6482a9
12:32:29.921 [main] DEBUG org.hibernate.type.BasicTypeRegistry -- Adding type registration pg-uuid -> org.hibernate.type.BasicTypeReference@5a6482a9
12:32:29.921 [main] DEBUG org.hibernate.type.BasicTypeRegistry -- Adding type registration uuid-binary -> org.hibernate.type.BasicTypeReference@7f9ab969
12:32:29.921 [main] DEBUG org.hibernate.type.BasicTypeRegistry -- Adding type registration uuid-char -> org.hibernate.type.BasicTypeReference@746cd757
12:32:29.921 [main] DEBUG org.hibernate.type.BasicTypeRegistry -- Adding type registration class -> org.hibernate.type.BasicTypeReference@ae372b9
12:32:29.921 [main] DEBUG org.hibernate.type.BasicTypeRegistry -- Adding type registration java.lang.Class -> org.hibernate.type.BasicTypeReference@ae372b9
12:32:29.921 [main] DEBUG org.hibernate.type.BasicTypeRegistry -- Adding type registration currency -> org.hibernate.type.BasicTypeReference@2098d37d
12:32:29.921 [main] DEBUG org.hibernate.type.BasicTypeRegistry -- Adding type registration Currency -> org.hibernate.type.BasicTypeReference@2098d37d
12:32:29.921 [main] DEBUG org.hibernate.type.BasicTypeRegistry -- Adding type registration java.util.Currency -> org.hibernate.type.BasicTypeReference@2098d37d
12:32:29.921 [main] DEBUG org.hibernate.type.BasicTypeRegistry -- Adding type registration locale -> org.hibernate.type.BasicTypeReference@77b9d0c7
12:32:29.921 [main] DEBUG org.hibernate.type.BasicTypeRegistry -- Adding type registration java.util.Locale -> org.hibernate.type.BasicTypeReference@77b9d0c7
12:32:29.921 [main] DEBUG org.hibernate.type.BasicTypeRegistry -- Adding type registration serializable -> org.hibernate.type.BasicTypeReference@65fd6708
12:32:29.921 [main] DEBUG org.hibernate.type.BasicTypeRegistry -- Adding type registration java.io.Serializable -> org.hibernate.type.BasicTypeReference@65fd6708
12:32:29.921 [main] DEBUG org.hibernate.type.BasicTypeRegistry -- Adding type registration timezone -> org.hibernate.type.BasicTypeReference@749ab7b4
12:32:29.921 [main] DEBUG org.hibernate.type.BasicTypeRegistry -- Adding type registration java.util.TimeZone -> org.hibernate.type.BasicTypeReference@749ab7b4
12:32:29.921 [main] DEBUG org.hibernate.type.BasicTypeRegistry -- Adding type registration ZoneOffset -> org.hibernate.type.BasicTypeReference@127f9161
12:32:29.921 [main] DEBUG org.hibernate.type.BasicTypeRegistry -- Adding type registration java.time.ZoneOffset -> org.hibernate.type.BasicTypeReference@127f9161
12:32:29.921 [main] DEBUG org.hibernate.type.BasicTypeRegistry -- Adding type registration url -> org.hibernate.type.BasicTypeReference@2bf94401
12:32:29.921 [main] DEBUG org.hibernate.type.BasicTypeRegistry -- Adding type registration java.net.URL -> org.hibernate.type.BasicTypeReference@2bf94401
12:32:29.921 [main] DEBUG org.hibernate.type.BasicTypeRegistry -- Adding type registration vector -> org.hibernate.type.BasicTypeReference@2532b351
12:32:29.921 [main] DEBUG org.hibernate.type.BasicTypeRegistry -- Adding type registration row_version -> org.hibernate.type.BasicTypeReference@4349754
12:32:29.921 [main] DEBUG org.hibernate.type.BasicTypeRegistry -- Adding type registration object -> org.hibernate.type.JavaObjectType@6fd1660
12:32:29.921 [main] DEBUG org.hibernate.type.BasicTypeRegistry -- Adding type registration java.lang.Object -> org.hibernate.type.JavaObjectType@6fd1660
12:32:29.921 [main] DEBUG org.hibernate.type.BasicTypeRegistry -- Adding type registration null -> org.hibernate.type.NullType@f339eae
12:32:29.921 [main] DEBUG org.hibernate.type.BasicTypeRegistry -- Adding type registration imm_date -> org.hibernate.type.BasicTypeReference@72e75786
12:32:29.921 [main] DEBUG org.hibernate.type.BasicTypeRegistry -- Adding type registration imm_time -> org.hibernate.type.BasicTypeReference@2c0fefac
12:32:29.921 [main] DEBUG org.hibernate.type.BasicTypeRegistry -- Adding type registration imm_timestamp -> org.hibernate.type.BasicTypeReference@6fbc7853
12:32:29.921 [main] DEBUG org.hibernate.type.BasicTypeRegistry -- Adding type registration imm_calendar -> org.hibernate.type.BasicTypeReference@733fa95c
12:32:29.921 [main] DEBUG org.hibernate.type.BasicTypeRegistry -- Adding type registration imm_calendar_date -> org.hibernate.type.BasicTypeReference@3b2c8bda
12:32:29.921 [main] DEBUG org.hibernate.type.BasicTypeRegistry -- Adding type registration imm_calendar_time -> org.hibernate.type.BasicTypeReference@688d619c
12:32:29.921 [main] DEBUG org.hibernate.type.BasicTypeRegistry -- Adding type registration imm_binary -> org.hibernate.type.BasicTypeReference@647ff23e
12:32:29.921 [main] DEBUG org.hibernate.type.BasicTypeRegistry -- Adding type registration imm_serializable -> org.hibernate.type.BasicTypeReference@6a04d2a4
12:32:29.921 [main] WARN org.hibernate.orm.connections.pooling -- HHH10001002: Using built-in connection pool (not intended for production use)
12:32:29.922 [main] INFO org.hibernate.orm.connections.pooling -- HHH10001005: Loaded JDBC driver class: org.apache.derby.jdbc.EmbeddedDriver
12:32:29.922 [main] INFO org.hibernate.orm.connections.pooling -- HHH10001012: Connecting with JDBC URL [jdbc:derby:database/SupermarketDB;create=true]
12:32:29.922 [main] INFO org.hibernate.orm.connections.pooling -- HHH10001001: Connection properties: {password=, user=}
12:32:29.922 [main] INFO org.hibernate.orm.connections.pooling -- HHH10001003: Autocommit mode: false
12:32:29.922 [main] DEBUG org.hibernate.orm.connections.pooling -- Initializing Connection pool with 1 Connections
12:32:29.922 [main] INFO org.hibernate.orm.connections.pooling -- HHH10001115: Connection pool size: 20 (min=1)
12:32:29.923 [main] DEBUG org.hibernate.engine.jdbc.env.internal.JdbcEnvironmentInitiator -- Database ->
	   name : Apache Derby
	version : 10.17.1.0 - (1913217)
	  major : 10
	  minor : 17
12:32:29.923 [main] DEBUG org.hibernate.engine.jdbc.env.internal.JdbcEnvironmentInitiator -- Driver ->
	   name : Apache Derby Embedded JDBC Driver
	version : 10.17.1.0 - (1913217)
	  major : 10
	  minor : 17
12:32:29.923 [main] DEBUG org.hibernate.engine.jdbc.env.internal.JdbcEnvironmentInitiator -- JDBC version : 4.2
12:32:29.923 [main] WARN org.hibernate.orm.deprecation -- HHH90000025: DerbyDialect does not need to be specified explicitly using 'hibernate.dialect' (remove the property setting and it will be selected by default)
12:32:29.923 [main] DEBUG org.hibernate.orm.dialect -- HHH035001: Using dialect: org.hibernate.dialect.DerbyDialect, version: 10.17.1
12:32:29.923 [main] DEBUG org.hibernate.orm.jdbc.lob -- HHH10010006: Disabling contextual NCLOB creation as createNClob() method threw error : java.sql.SQLFeatureNotSupportedException: Feature not implemented: No details.
12:32:29.923 [main] DEBUG org.hibernate.type.descriptor.sql.spi.DdlTypeRegistry -- addDescriptor(-3, org.hibernate.type.descriptor.sql.internal.CapacityDependentDdlType@556aed22) replaced previous registration(org.hibernate.type.descriptor.sql.internal.CapacityDependentDdlType@57a982f9)
12:32:29.923 [main] DEBUG org.hibernate.type.descriptor.sql.spi.DdlTypeRegistry -- addDescriptor(12, org.hibernate.type.descriptor.sql.internal.CapacityDependentDdlType@19d3f6ad) replaced previous registration(org.hibernate.type.descriptor.sql.internal.CapacityDependentDdlType@1b69fc07)
12:32:29.923 [main] DEBUG org.hibernate.type.descriptor.sql.spi.DdlTypeRegistry -- addDescriptor(-9, org.hibernate.type.descriptor.sql.internal.CapacityDependentDdlType@19e801b5) replaced previous registration(org.hibernate.type.descriptor.sql.internal.CapacityDependentDdlType@24de63b)
12:32:29.923 [main] DEBUG org.hibernate.type.descriptor.sql.spi.DdlTypeRegistry -- addDescriptor(-2, org.hibernate.type.descriptor.sql.internal.CapacityDependentDdlType@42d0e41) replaced previous registration(org.hibernate.type.descriptor.sql.internal.DdlTypeImpl@50f05307)
12:32:29.923 [main] DEBUG org.hibernate.type.descriptor.sql.spi.DdlTypeRegistry -- addDescriptor(1, org.hibernate.type.descriptor.sql.internal.CapacityDependentDdlType@9cc0505) replaced previous registration(org.hibernate.type.descriptor.sql.internal.DdlTypeImpl@645d4639)
12:32:29.923 [main] DEBUG org.hibernate.type.descriptor.sql.spi.DdlTypeRegistry -- addDescriptor(-15, org.hibernate.type.descriptor.sql.internal.CapacityDependentDdlType@8ee03f5) replaced previous registration(org.hibernate.type.descriptor.sql.internal.DdlTypeImpl@5ad40184)
12:32:29.923 [main] DEBUG org.hibernate.type.descriptor.jdbc.spi.JdbcTypeRegistry -- addDescriptor(2005, ClobTypeDescriptor(STREAM_BINDING)) replaced previous registration(ClobTypeDescriptor(DEFAULT))
12:32:29.923 [main] DEBUG org.hibernate.type.descriptor.jdbc.spi.JdbcTypeRegistry -- addDescriptor(2, DecimalTypeDescriptor) replaced previous registration(NumericTypeDescriptor)
12:32:29.923 [main] DEBUG org.hibernate.type.descriptor.jdbc.spi.JdbcTypeRegistry -- addDescriptor(2014, TimestampTypeDescriptor) replaced previous registration(TimestampWithTimeZoneDescriptor)
12:32:29.923 [main] DEBUG org.hibernate.type.BasicTypeRegistry -- BasicTypeRegistry registration overwritten (2000 + org.hibernate.type.descriptor.java.ObjectJavaType@6892cc6f); previous =`org.hibernate.type.NullType@f339eae`
12:32:29.923 [main] DEBUG org.hibernate.type.BasicTypeRegistry -- Adding type registration JAVA_OBJECT -> org.hibernate.type.JavaObjectType@3359c3f6
12:32:29.923 [main] DEBUG org.hibernate.type.BasicTypeRegistry -- Adding type registration java.lang.Object -> org.hibernate.type.JavaObjectType@3359c3f6
12:32:29.923 [main] DEBUG org.hibernate.type.BasicTypeRegistry -- Type registration key [java.lang.Object] overrode previous entry : `org.hibernate.type.JavaObjectType@6fd1660`
12:32:29.924 [main] DEBUG org.hibernate.type.BasicTypeRegistry -- Adding type registration org.hibernate.type.DurationType -> basicType@43(java.time.Duration,3015)
12:32:29.924 [main] DEBUG org.hibernate.type.BasicTypeRegistry -- Adding type registration Duration -> basicType@43(java.time.Duration,3015)
12:32:29.924 [main] DEBUG org.hibernate.type.BasicTypeRegistry -- Adding type registration java.time.Duration -> basicType@43(java.time.Duration,3015)
12:32:29.924 [main] DEBUG org.hibernate.type.BasicTypeRegistry -- Adding type registration org.hibernate.type.OffsetDateTimeType -> basicType@44(java.time.OffsetDateTime,3003)
12:32:29.924 [main] DEBUG org.hibernate.type.BasicTypeRegistry -- Adding type registration OffsetDateTime -> basicType@44(java.time.OffsetDateTime,3003)
12:32:29.924 [main] DEBUG org.hibernate.type.BasicTypeRegistry -- Adding type registration java.time.OffsetDateTime -> basicType@44(java.time.OffsetDateTime,3003)
12:32:29.924 [main] DEBUG org.hibernate.type.BasicTypeRegistry -- Adding type registration org.hibernate.type.ZonedDateTimeType -> basicType@45(java.time.ZonedDateTime,3003)
12:32:29.924 [main] DEBUG org.hibernate.type.BasicTypeRegistry -- Adding type registration ZonedDateTime -> basicType@45(java.time.ZonedDateTime,3003)
12:32:29.924 [main] DEBUG org.hibernate.type.BasicTypeRegistry -- Adding type registration java.time.ZonedDateTime -> basicType@45(java.time.ZonedDateTime,3003)
12:32:29.924 [main] DEBUG org.hibernate.type.BasicTypeRegistry -- Adding type registration org.hibernate.type.OffsetTimeType -> basicType@46(java.time.OffsetTime,3007)
12:32:29.924 [main] DEBUG org.hibernate.type.BasicTypeRegistry -- Adding type registration OffsetTime -> basicType@46(java.time.OffsetTime,3007)
12:32:29.924 [main] DEBUG org.hibernate.type.BasicTypeRegistry -- Adding type registration java.time.OffsetTime -> basicType@46(java.time.OffsetTime,3007)
12:32:29.924 [main] DEBUG org.hibernate.type.spi.TypeConfiguration$Scope -- Scoping TypeConfiguration [org.hibernate.type.spi.TypeConfiguration@3d3b272a] to MetadataBuildingContext [org.hibernate.boot.internal.MetadataBuildingContextRootImpl@45b27ad3]
12:32:29.924 [main] DEBUG org.hibernate.boot.model.relational.Namespace -- Created database namespace [logicalName=Name{catalog=null, schema=null}, physicalName=Name{catalog=null, schema=null}]
12:32:29.924 [main] DEBUG org.hibernate.boot.model.internal.EntityBinder -- Binding entity from annotated class: com.pdcgame.Models.GameSave
12:32:29.925 [main] DEBUG org.hibernate.boot.model.internal.EntityBinder -- Import with entity name GameSave
12:32:29.925 [main] DEBUG org.hibernate.boot.model.internal.EntityBinder -- Bind entity com.pdcgame.Models.GameSave on table game_save
12:32:29.925 [main] DEBUG org.hibernate.boot.model.internal.AnnotatedColumn -- Binding column: AnnotatedDiscriminatorColumn(column='DTYPE')
12:32:29.925 [main] DEBUG org.hibernate.boot.model.internal.AnnotatedColumn -- Binding column: AnnotatedColumn()
12:32:29.925 [main] DEBUG org.hibernate.boot.internal.ClassLoaderAccessImpl -- Not known whether passed class name [com.pdcgame.Models.GameSave] is safe
12:32:29.925 [main] DEBUG org.hibernate.boot.internal.ClassLoaderAccessImpl -- No temp ClassLoader provided; using live ClassLoader for loading potentially unsafe class : com.pdcgame.Models.GameSave
12:32:29.925 [main] DEBUG org.hibernate.boot.model.internal.PropertyBinder -- MetadataSourceProcessor property id with lazy=false
12:32:29.925 [main] DEBUG org.hibernate.boot.model.internal.AbstractPropertyHolder -- Attempting to locate auto-apply AttributeConverter for property [com.pdcgame.Models.GameSave:id]
12:32:29.925 [main] DEBUG org.hibernate.boot.model.internal.BasicValueBinder -- building BasicValue for id
12:32:29.925 [main] DEBUG org.hibernate.mapping.BasicValue -- Skipping column re-registration: game_save.id
12:32:29.925 [main] DEBUG org.hibernate.boot.model.internal.PropertyBinder -- Building property id
12:32:29.925 [main] DEBUG org.hibernate.boot.model.internal.BinderHelper -- #makeIdGenerator(BasicValue([Column(id)]), id, assigned, , ...)
12:32:29.925 [main] DEBUG org.hibernate.boot.model.internal.AnnotatedColumn -- Binding column: AnnotatedColumn()
12:32:29.925 [main] DEBUG org.hibernate.boot.model.internal.PropertyBinder -- MetadataSourceProcessor property actions with lazy=false
12:32:29.925 [main] DEBUG org.hibernate.boot.model.internal.AbstractPropertyHolder -- Attempting to locate auto-apply AttributeConverter for property [com.pdcgame.Models.GameSave:actions]
12:32:29.925 [main] DEBUG org.hibernate.boot.model.internal.BasicValueBinder -- building BasicValue for actions
12:32:29.925 [main] DEBUG org.hibernate.mapping.BasicValue -- Skipping column re-registration: game_save.actions
12:32:29.925 [main] DEBUG org.hibernate.boot.model.internal.PropertyBinder -- Building property actions
12:32:29.925 [main] DEBUG org.hibernate.boot.model.internal.AnnotatedColumn -- Binding column: AnnotatedColumn()
12:32:29.925 [main] DEBUG org.hibernate.boot.model.internal.PropertyBinder -- MetadataSourceProcessor property balance with lazy=false
12:32:29.925 [main] DEBUG org.hibernate.boot.model.internal.AbstractPropertyHolder -- Attempting to locate auto-apply AttributeConverter for property [com.pdcgame.Models.GameSave:balance]
12:32:29.925 [main] DEBUG org.hibernate.boot.model.internal.BasicValueBinder -- building BasicValue for balance
12:32:29.925 [main] DEBUG org.hibernate.mapping.BasicValue -- Skipping column re-registration: game_save.balance
12:32:29.925 [main] DEBUG org.hibernate.boot.model.internal.PropertyBinder -- Building property balance
12:32:29.925 [main] DEBUG org.hibernate.boot.model.internal.AnnotatedColumn -- Binding column: AnnotatedColumn()
12:32:29.925 [main] DEBUG org.hibernate.boot.model.internal.PropertyBinder -- MetadataSourceProcessor property day with lazy=false
12:32:29.925 [main] DEBUG org.hibernate.boot.model.internal.AbstractPropertyHolder -- Attempting to locate auto-apply AttributeConverter for property [com.pdcgame.Models.GameSave:day]
12:32:29.925 [main] DEBUG org.hibernate.boot.model.internal.BasicValueBinder -- building BasicValue for day
12:32:29.925 [main] DEBUG org.hibernate.mapping.BasicValue -- Skipping column re-registration: game_save.day
12:32:29.925 [main] DEBUG org.hibernate.boot.model.internal.PropertyBinder -- Building property day
12:32:29.925 [main] DEBUG org.hibernate.boot.model.internal.AnnotatedColumn -- Binding column: AnnotatedColumn()
12:32:29.925 [main] DEBUG org.hibernate.boot.model.internal.PropertyBinder -- MetadataSourceProcessor property difficulty with lazy=false
12:32:29.925 [main] DEBUG org.hibernate.boot.model.internal.AbstractPropertyHolder -- Attempting to locate auto-apply AttributeConverter for property [com.pdcgame.Models.GameSave:difficulty]
12:32:29.925 [main] DEBUG org.hibernate.boot.model.internal.BasicValueBinder -- building BasicValue for difficulty
12:32:29.925 [main] DEBUG org.hibernate.mapping.BasicValue -- Skipping column re-registration: game_save.difficulty
12:32:29.925 [main] DEBUG org.hibernate.boot.model.internal.PropertyBinder -- Building property difficulty
12:32:29.925 [main] DEBUG org.hibernate.boot.model.internal.AnnotatedColumn -- Binding column: AnnotatedColumn()
12:32:29.925 [main] DEBUG org.hibernate.boot.model.internal.PropertyBinder -- MetadataSourceProcessor property gameSeed with lazy=false
12:32:29.925 [main] DEBUG org.hibernate.boot.model.internal.AbstractPropertyHolder -- Attempting to locate auto-apply AttributeConverter for property [com.pdcgame.Models.GameSave:gameSeed]
12:32:29.925 [main] DEBUG org.hibernate.boot.model.internal.BasicValueBinder -- building BasicValue for gameSeed
12:32:29.925 [main] DEBUG org.hibernate.mapping.BasicValue -- Skipping column re-registration: game_save.gameSeed
12:32:29.925 [main] DEBUG org.hibernate.boot.model.internal.PropertyBinder -- Building property gameSeed
12:32:29.925 [main] DEBUG org.hibernate.boot.model.internal.AnnotatedColumn -- Binding column: AnnotatedColumn()
12:32:29.925 [main] DEBUG org.hibernate.boot.model.internal.PropertyBinder -- MetadataSourceProcessor property rating with lazy=false
12:32:29.925 [main] DEBUG org.hibernate.boot.model.internal.AbstractPropertyHolder -- Attempting to locate auto-apply AttributeConverter for property [com.pdcgame.Models.GameSave:rating]
12:32:29.925 [main] DEBUG org.hibernate.boot.model.internal.BasicValueBinder -- building BasicValue for rating
12:32:29.925 [main] DEBUG org.hibernate.mapping.BasicValue -- Skipping column re-registration: game_save.rating
12:32:29.925 [main] DEBUG org.hibernate.boot.model.internal.PropertyBinder -- Building property rating
12:32:29.925 [main] DEBUG org.hibernate.boot.model.internal.AnnotatedColumn -- Binding column: AnnotatedColumn()
12:32:29.925 [main] DEBUG org.hibernate.boot.model.internal.PropertyBinder -- MetadataSourceProcessor property totalActions with lazy=false
12:32:29.925 [main] DEBUG org.hibernate.boot.model.internal.AbstractPropertyHolder -- Attempting to locate auto-apply AttributeConverter for property [com.pdcgame.Models.GameSave:totalActions]
12:32:29.925 [main] DEBUG org.hibernate.boot.model.internal.BasicValueBinder -- building BasicValue for totalActions
12:32:29.925 [main] DEBUG org.hibernate.mapping.BasicValue -- Skipping column re-registration: game_save.totalActions
12:32:29.925 [main] DEBUG org.hibernate.boot.model.internal.PropertyBinder -- Building property totalActions
12:32:29.926 [main] DEBUG org.hibernate.boot.registry.classloading.internal.ClassLoaderServiceImpl -- HHH000194: Package not found or no package-info.java: com.pdcgame.Models
12:32:29.926 [main] DEBUG org.hibernate.boot.model.internal.EntityBinder -- Binding entity from annotated class: com.pdcgame.Models.InventorySave
12:32:29.926 [main] DEBUG org.hibernate.boot.model.internal.EntityBinder -- Import with entity name InventorySave
12:32:29.926 [main] DEBUG org.hibernate.boot.model.internal.EntityBinder -- Bind entity com.pdcgame.Models.InventorySave on table inventory_save
12:32:29.926 [main] DEBUG org.hibernate.boot.model.internal.AnnotatedColumn -- Binding column: AnnotatedDiscriminatorColumn(column='DTYPE')
12:32:29.926 [main] DEBUG org.hibernate.boot.model.internal.AnnotatedColumn -- Binding column: AnnotatedColumn(column='product_name')
12:32:29.926 [main] DEBUG org.hibernate.boot.internal.ClassLoaderAccessImpl -- Not known whether passed class name [com.pdcgame.Models.InventorySave] is safe
12:32:29.926 [main] DEBUG org.hibernate.boot.internal.ClassLoaderAccessImpl -- No temp ClassLoader provided; using live ClassLoader for loading potentially unsafe class : com.pdcgame.Models.InventorySave
12:32:29.926 [main] DEBUG org.hibernate.boot.model.internal.PropertyBinder -- MetadataSourceProcessor property productName with lazy=false
12:32:29.926 [main] DEBUG org.hibernate.boot.model.internal.AbstractPropertyHolder -- Attempting to locate auto-apply AttributeConverter for property [com.pdcgame.Models.InventorySave:productName]
12:32:29.926 [main] DEBUG org.hibernate.boot.model.internal.BasicValueBinder -- building BasicValue for productName
12:32:29.926 [main] DEBUG org.hibernate.mapping.BasicValue -- Skipping column re-registration: inventory_save.product_name
12:32:29.926 [main] DEBUG org.hibernate.boot.model.internal.PropertyBinder -- Building property productName
12:32:29.926 [main] DEBUG org.hibernate.boot.model.internal.BinderHelper -- #makeIdGenerator(BasicValue([Column(product_name)]), productName, assigned, , ...)
12:32:29.926 [main] DEBUG org.hibernate.boot.model.internal.AnnotatedColumn -- Binding column: AnnotatedColumn(column='quantity')
12:32:29.926 [main] DEBUG org.hibernate.boot.model.internal.PropertyBinder -- MetadataSourceProcessor property quantity with lazy=false
12:32:29.926 [main] DEBUG org.hibernate.boot.model.internal.AbstractPropertyHolder -- Attempting to locate auto-apply AttributeConverter for property [com.pdcgame.Models.InventorySave:quantity]
12:32:29.926 [main] DEBUG org.hibernate.boot.model.internal.BasicValueBinder -- building BasicValue for quantity
12:32:29.926 [main] DEBUG org.hibernate.mapping.BasicValue -- Skipping column re-registration: inventory_save.quantity
12:32:29.926 [main] DEBUG org.hibernate.boot.model.internal.PropertyBinder -- Building property quantity
12:32:29.926 [main] DEBUG org.hibernate.boot.model.internal.AnnotatedColumn -- Binding column: AnnotatedColumn(column='sell_price')
12:32:29.926 [main] DEBUG org.hibernate.boot.model.internal.PropertyBinder -- MetadataSourceProcessor property sellPrice with lazy=false
12:32:29.926 [main] DEBUG org.hibernate.boot.model.internal.AbstractPropertyHolder -- Attempting to locate auto-apply AttributeConverter for property [com.pdcgame.Models.InventorySave:sellPrice]
12:32:29.926 [main] DEBUG org.hibernate.boot.model.internal.BasicValueBinder -- building BasicValue for sellPrice
12:32:29.926 [main] DEBUG org.hibernate.mapping.BasicValue -- Skipping column re-registration: inventory_save.sell_price
12:32:29.926 [main] DEBUG org.hibernate.boot.model.internal.PropertyBinder -- Building property sellPrice
12:32:29.926 [main] DEBUG org.hibernate.boot.registry.classloading.internal.ClassLoaderServiceImpl -- HHH000194: Package not found or no package-info.java: com.pdcgame.Models
12:32:29.927 [main] DEBUG org.hibernate.boot.model.internal.EntityBinder -- Binding entity from annotated class: com.pdcgame.Models.BoardSave
12:32:29.927 [main] DEBUG org.hibernate.boot.model.internal.EntityBinder -- Import with entity name BoardSave
12:32:29.927 [main] DEBUG org.hibernate.boot.model.internal.EntityBinder -- Bind entity com.pdcgame.Models.BoardSave on table board_save
12:32:29.927 [main] DEBUG org.hibernate.boot.model.internal.AnnotatedColumn -- Binding column: AnnotatedDiscriminatorColumn(column='DTYPE')
12:32:29.927 [main] DEBUG org.hibernate.boot.model.internal.AnnotatedColumn -- Binding column: AnnotatedColumn()
12:32:29.927 [main] DEBUG org.hibernate.boot.internal.ClassLoaderAccessImpl -- Not known whether passed class name [com.pdcgame.Models.BoardSave] is safe
12:32:29.927 [main] DEBUG org.hibernate.boot.internal.ClassLoaderAccessImpl -- No temp ClassLoader provided; using live ClassLoader for loading potentially unsafe class : com.pdcgame.Models.BoardSave
12:32:29.927 [main] DEBUG org.hibernate.boot.model.internal.PropertyBinder -- MetadataSourceProcessor property coordinateID with lazy=false
12:32:29.927 [main] DEBUG org.hibernate.boot.model.internal.AbstractPropertyHolder -- Attempting to locate auto-apply AttributeConverter for property [com.pdcgame.Models.BoardSave:coordinateID]
12:32:29.927 [main] DEBUG org.hibernate.boot.model.internal.BasicValueBinder -- building BasicValue for coordinateID
12:32:29.927 [main] DEBUG org.hibernate.mapping.BasicValue -- Skipping column re-registration: board_save.coordinateID
12:32:29.927 [main] DEBUG org.hibernate.boot.model.internal.PropertyBinder -- Building property coordinateID
12:32:29.927 [main] DEBUG org.hibernate.boot.model.internal.BinderHelper -- #makeIdGenerator(BasicValue([Column(coordinateID)]), coordinateID, assigned, , ...)
12:32:29.927 [main] DEBUG org.hibernate.boot.model.internal.AnnotatedColumn -- Binding column: AnnotatedColumn()
12:32:29.927 [main] DEBUG org.hibernate.boot.model.internal.PropertyBinder -- MetadataSourceProcessor property boardCell with lazy=false
12:32:29.927 [main] DEBUG org.hibernate.boot.model.internal.AbstractPropertyHolder -- Attempting to locate auto-apply AttributeConverter for property [com.pdcgame.Models.BoardSave:boardCell]
12:32:29.927 [main] DEBUG org.hibernate.boot.model.internal.BasicValueBinder -- building BasicValue for boardCell
12:32:29.927 [main] DEBUG org.hibernate.mapping.BasicValue -- Skipping column re-registration: board_save.boardCell
12:32:29.927 [main] DEBUG org.hibernate.boot.model.internal.PropertyBinder -- Building property boardCell
12:32:29.927 [main] DEBUG org.hibernate.boot.registry.classloading.internal.ClassLoaderServiceImpl -- HHH000194: Package not found or no package-info.java: com.pdcgame.Models
12:32:29.927 [main] DEBUG org.hibernate.boot.model.internal.EntityBinder -- Binding entity from annotated class: com.pdcgame.Models.StorageItemSave
12:32:29.927 [main] DEBUG org.hibernate.boot.model.internal.EntityBinder -- Import with entity name StorageItemSave
12:32:29.927 [main] DEBUG org.hibernate.boot.model.internal.EntityBinder -- Bind entity com.pdcgame.Models.StorageItemSave on table storage_save
12:32:29.927 [main] DEBUG org.hibernate.boot.model.internal.AnnotatedColumn -- Binding column: AnnotatedDiscriminatorColumn(column='DTYPE')
12:32:29.927 [main] DEBUG org.hibernate.boot.model.internal.AnnotatedColumn -- Binding column: AnnotatedColumn()
12:32:29.927 [main] DEBUG org.hibernate.boot.internal.ClassLoaderAccessImpl -- Not known whether passed class name [com.pdcgame.Models.StorageItemSave] is safe
12:32:29.927 [main] DEBUG org.hibernate.boot.internal.ClassLoaderAccessImpl -- No temp ClassLoader provided; using live ClassLoader for loading potentially unsafe class : com.pdcgame.Models.StorageItemSave
12:32:29.927 [main] DEBUG org.hibernate.boot.model.internal.PropertyBinder -- MetadataSourceProcessor property id with lazy=false
12:32:29.927 [main] DEBUG org.hibernate.boot.model.internal.AbstractPropertyHolder -- Attempting to locate auto-apply AttributeConverter for property [com.pdcgame.Models.StorageItemSave:id]
12:32:29.927 [main] DEBUG org.hibernate.boot.model.internal.BasicValueBinder -- building BasicValue for id
12:32:29.927 [main] DEBUG org.hibernate.mapping.BasicValue -- Skipping column re-registration: storage_save.id
12:32:29.927 [main] DEBUG org.hibernate.boot.model.internal.PropertyBinder -- Building property id
12:32:29.927 [main] DEBUG org.hibernate.boot.model.internal.BinderHelper -- #makeIdGenerator(BasicValue([Column(id)]), id, identity, , ...)
12:32:29.927 [main] DEBUG org.hibernate.boot.model.internal.AnnotatedColumn -- Binding column: AnnotatedColumn(column='coordinate_id')
12:32:29.927 [main] DEBUG org.hibernate.boot.model.internal.PropertyBinder -- MetadataSourceProcessor property coordinateID with lazy=false
12:32:29.927 [main] DEBUG org.hibernate.boot.model.internal.AbstractPropertyHolder -- Attempting to locate auto-apply AttributeConverter for property [com.pdcgame.Models.StorageItemSave:coordinateID]
12:32:29.927 [main] DEBUG org.hibernate.boot.model.internal.BasicValueBinder -- building BasicValue for coordinateID
12:32:29.927 [main] DEBUG org.hibernate.mapping.BasicValue -- Skipping column re-registration: storage_save.coordinate_id
12:32:29.927 [main] DEBUG org.hibernate.boot.model.internal.PropertyBinder -- Building property coordinateID
12:32:29.927 [main] DEBUG org.hibernate.boot.model.internal.AnnotatedColumn -- Binding column: AnnotatedColumn(column='product_name')
12:32:29.927 [main] DEBUG org.hibernate.boot.model.internal.PropertyBinder -- MetadataSourceProcessor property productName with lazy=false
12:32:29.927 [main] DEBUG org.hibernate.boot.model.internal.AbstractPropertyHolder -- Attempting to locate auto-apply AttributeConverter for property [com.pdcgame.Models.StorageItemSave:productName]
12:32:29.927 [main] DEBUG org.hibernate.boot.model.internal.BasicValueBinder -- building BasicValue for productName
12:32:29.928 [main] DEBUG org.hibernate.mapping.BasicValue -- Skipping column re-registration: storage_save.product_name
12:32:29.928 [main] DEBUG org.hibernate.boot.model.internal.PropertyBinder -- Building property productName
12:32:29.928 [main] DEBUG org.hibernate.boot.model.internal.AnnotatedColumn -- Binding column: AnnotatedColumn(column='quantity')
12:32:29.928 [main] DEBUG org.hibernate.boot.model.internal.PropertyBinder -- MetadataSourceProcessor property quantity with lazy=false
12:32:29.928 [main] DEBUG org.hibernate.boot.model.internal.AbstractPropertyHolder -- Attempting to locate auto-apply AttributeConverter for property [com.pdcgame.Models.StorageItemSave:quantity]
12:32:29.928 [main] DEBUG org.hibernate.boot.model.internal.BasicValueBinder -- building BasicValue for quantity
12:32:29.928 [main] DEBUG org.hibernate.mapping.BasicValue -- Skipping column re-registration: storage_save.quantity
12:32:29.928 [main] DEBUG org.hibernate.boot.model.internal.PropertyBinder -- Building property quantity
12:32:29.928 [main] DEBUG org.hibernate.boot.registry.classloading.internal.ClassLoaderServiceImpl -- HHH000194: Package not found or no package-info.java: com.pdcgame.Models
12:32:29.928 [main] DEBUG org.hibernate.boot.model.internal.BasicValueBinder -- Starting `BasicValueBinder#fillSimpleValue` for id
12:32:29.928 [main] DEBUG org.hibernate.boot.model.internal.BasicValueBinder -- Starting `BasicValueBinder#fillSimpleValue` for actions
12:32:29.928 [main] DEBUG org.hibernate.boot.model.internal.BasicValueBinder -- Starting `BasicValueBinder#fillSimpleValue` for balance
12:32:29.928 [main] DEBUG org.hibernate.boot.model.internal.BasicValueBinder -- Starting `BasicValueBinder#fillSimpleValue` for day
12:32:29.928 [main] DEBUG org.hibernate.boot.model.internal.BasicValueBinder -- Starting `BasicValueBinder#fillSimpleValue` for difficulty
12:32:29.928 [main] DEBUG org.hibernate.boot.model.internal.BasicValueBinder -- Starting `BasicValueBinder#fillSimpleValue` for gameSeed
12:32:29.928 [main] DEBUG org.hibernate.boot.model.internal.BasicValueBinder -- Starting `BasicValueBinder#fillSimpleValue` for rating
12:32:29.928 [main] DEBUG org.hibernate.boot.model.internal.BasicValueBinder -- Starting `BasicValueBinder#fillSimpleValue` for totalActions
12:32:29.928 [main] DEBUG org.hibernate.boot.model.internal.BasicValueBinder -- Starting `BasicValueBinder#fillSimpleValue` for productName
12:32:29.928 [main] DEBUG org.hibernate.boot.model.internal.BasicValueBinder -- Starting `BasicValueBinder#fillSimpleValue` for quantity
12:32:29.928 [main] DEBUG org.hibernate.boot.model.internal.BasicValueBinder -- Starting `BasicValueBinder#fillSimpleValue` for sellPrice
12:32:29.928 [main] DEBUG org.hibernate.boot.model.internal.BasicValueBinder -- Starting `BasicValueBinder#fillSimpleValue` for coordinateID
12:32:29.928 [main] DEBUG org.hibernate.boot.model.internal.BasicValueBinder -- Starting `BasicValueBinder#fillSimpleValue` for boardCell
12:32:29.928 [main] DEBUG org.hibernate.boot.model.internal.BasicValueBinder -- Starting `BasicValueBinder#fillSimpleValue` for id
12:32:29.928 [main] DEBUG org.hibernate.boot.model.internal.BasicValueBinder -- Starting `BasicValueBinder#fillSimpleValue` for coordinateID
12:32:29.928 [main] DEBUG org.hibernate.boot.model.internal.BasicValueBinder -- Starting `BasicValueBinder#fillSimpleValue` for productName
12:32:29.928 [main] DEBUG org.hibernate.boot.model.internal.BasicValueBinder -- Starting `BasicValueBinder#fillSimpleValue` for quantity
12:32:29.928 [main] DEBUG org.hibernate.mapping.PrimaryKey -- Forcing column [id] to be non-null as it is part of the primary key for table [game_save]
12:32:29.928 [main] DEBUG org.hibernate.mapping.PrimaryKey -- Forcing column [product_name] to be non-null as it is part of the primary key for table [inventory_save]
12:32:29.928 [main] DEBUG org.hibernate.mapping.PrimaryKey -- Forcing column [coordinateid] to be non-null as it is part of the primary key for table [board_save]
12:32:29.928 [main] DEBUG org.hibernate.mapping.PrimaryKey -- Forcing column [id] to be non-null as it is part of the primary key for table [storage_save]
12:32:29.933 [main] DEBUG org.hibernate.internal.SessionFactoryImpl -- Building session factory
12:32:29.933 [main] DEBUG org.hibernate.service.internal.SessionFactoryServiceRegistryImpl -- EventListenerRegistry access via ServiceRegistry is deprecated.  Use `sessionFactory.getEventEngine().getListenerRegistry()` instead
12:32:29.933 [main] DEBUG org.hibernate.internal.SessionFactoryImpl -- Instantiating SessionFactory with settings: {hibernate.format_sql=false, java.specification.version=21, sun.cpu.isalist=amd64, sun.jnu.encoding=Cp1252, hibernate.dialect=org.hibernate.dialect.DerbyDialect, java.class.path=C:\Users\prish\Documents\SupermarketSimulatorGUI\SupermarketSimulatorGUI\target\test-classes;C:\Users\prish\Documents\SupermarketSimulatorGUI\SupermarketSimulatorGUI\target\classes;C:\Users\prish\.m2\repository\org\hibernate\orm\hibernate-core\6.5.0.Final\hibernate-core-6.5.0.Final.jar;C:\Users\prish\.m2\repository\jakarta\persistence\jakarta.persistence-api\3.1.0\jakarta.persistence-api-3.1.0.jar;C:\Users\prish\.m2\repository\jakarta\transaction\jakarta.transaction-api\2.0.1\jakarta.transaction-api-2.0.1.jar;C:\Users\prish\.m2\repository\org\jboss\logging\jboss-logging\3.5.0.Final\jboss-logging-3.5.0.Final.jar;C:\Users\prish\.m2\repository\org\hibernate\common\hibernate-commons-annotations\6.0.6.Final\hibernate-commons-annotations-6.0.6.Final.jar;C:\Users\prish\.m2\repository\io\smallrye\jandex\3.1.2\jandex-3.1.2.jar;C:\Users\prish\.m2\repository\com\fasterxml\classmate\1.5.1\classmate-1.5.1.jar;C:\Users\prish\.m2\repository\net\bytebuddy\byte-buddy\1.14.12\byte-buddy-1.14.12.jar;C:\Users\prish\.m2\repository\jakarta\xml\bind\jakarta.xml.bind-api\4.0.0\jakarta.xml.bind-api-4.0.0.jar;C:\Users\prish\.m2\repository\jakarta\activation\jakarta.activation-api\2.1.0\jakarta.activation-api-2.1.0.jar;C:\Users\prish\.m2\repository\org\glassfish\jaxb\jaxb-runtime\4.0.2\jaxb-runtime-4.0.2.jar;C:\Users\prish\.m2\repository\org\glassfish\jaxb\jaxb-core\4.0.2\jaxb-core-4.0.2.jar;C:\Users\prish\.m2\repository\org\eclipse\angus\angus-activation\2.0.0\angus-activation-2.0.0.jar;C:\Users\prish\.m2\repository\org\glassfish\jaxb\txw2\4.0.2\txw2-4.0.2.jar;C:\Users\prish\.m2\repository\com\sun\istack\istack-commons-runtime\4.1.1\istack-commons-runtime-4.1.1.jar;C:\Users\prish\.m2\repository\jakarta\inject\jakarta.inject-api\2.0.1\jakarta.inject-api-2.0.1.jar;C:\Users\prish\.m2\repository\org\antlr\antlr4-runtime\4.13.0\antlr4-runtime-4.13.0.jar;C:\Users\prish\.m2\repository\org\apache\derby\derby\10.17.1.0\derby-10.17.1.0.jar;C:\Users\prish\.m2\repository\org\apache\derby\derbyshared\10.17.1.0\derbyshared-10.17.1.0.jar;C:\Users\prish\.m2\repository\org\apache\derby\derbyclient\10.17.1.0\derbyclient-10.17.1.0.jar;C:\Users\prish\.m2\repository\org\apache\derby\derbytools\10.17.1.0\derbytools-10.17.1.0.jar;C:\Users\prish\.m2\repository\org\slf4j\slf4j-api\2.0.13\slf4j-api-2.0.13.jar;C:\Users\prish\.m2\repository\ch\qos\logback\logback-classic\1.5.6\logback-classic-1.5.6.jar;C:\Users\prish\.m2\repository\ch\qos\logback\logback-core\1.5.6\logback-core-1.5.6.jar;C:\Users\prish\.m2\repository\junit\junit\4.13.2\junit-4.13.2.jar;C:\Users\prish\.m2\repository\org\hamcrest\hamcrest-core\1.3\hamcrest-core-1.3.jar;, sun.awt.enableExtraMouseButtons=true, java.vm.vendor=Oracle Corporation, sun.arch.data.model=64, user.variant=, java.vendor.url=https://java.oracle.com/, user.timezone=Pacific/Auckland, java.vm.specification.version=21, os.name=Windows 11, sun.java.launcher=SUN_STANDARD, user.country=AU, sun.boot.library.path=C:\Program Files\Java\jdk-21\bin, sun.java.command=C:\Users\prish\AppData\Local\Temp\surefire15678458209395325855\surefirebooter-20250616123227660_3.jar C:\Users\prish\AppData\Local\Temp\surefire15678458209395325855 2025-06-16T12-32-27_554-jvmRun1 surefire-20250616123227660_1tmp surefire_0-20250616123227660_2tmp, jdk.debug=release, surefire.test.class.path=C:\Users\prish\Documents\SupermarketSimulatorGUI\SupermarketSimulatorGUI\target\test-classes;C:\Users\prish\Documents\SupermarketSimulatorGUI\SupermarketSimulatorGUI\target\classes;C:\Users\prish\.m2\repository\org\hibernate\orm\hibernate-core\6.5.0.Final\hibernate-core-6.5.0.Final.jar;C:\Users\prish\.m2\repository\jakarta\persistence\jakarta.persistence-api\3.1.0\jakarta.persistence-api-3.1.0.jar;C:\Users\prish\.m2\repository\jakarta\transaction\jakarta.transaction-api\2.0.1\jakarta.transaction-api-2.0.1.jar;C:\Users\prish\.m2\repository\org\jboss\logging\jboss-logging\3.5.0.Final\jboss-logging-3.5.0.Final.jar;C:\Users\prish\.m2\repository\org\hibernate\common\hibernate-commons-annotations\6.0.6.Final\hibernate-commons-annotations-6.0.6.Final.jar;C:\Users\prish\.m2\repository\io\smallrye\jandex\3.1.2\jandex-3.1.2.jar;C:\Users\prish\.m2\repository\com\fasterxml\classmate\1.5.1\classmate-1.5.1.jar;C:\Users\prish\.m2\repository\net\bytebuddy\byte-buddy\1.14.12\byte-buddy-1.14.12.jar;C:\Users\prish\.m2\repository\jakarta\xml\bind\jakarta.xml.bind-api\4.0.0\jakarta.xml.bind-api-4.0.0.jar;C:\Users\prish\.m2\repository\jakarta\activation\jakarta.activation-api\2.1.0\jakarta.activation-api-2.1.0.jar;C:\Users\prish\.m2\repository\org\glassfish\jaxb\jaxb-runtime\4.0.2\jaxb-runtime-4.0.2.jar;C:\Users\prish\.m2\repository\org\glassfish\jaxb\jaxb-core\4.0.2\jaxb-core-4.0.2.jar;C:\Users\prish\.m2\repository\org\eclipse\angus\angus-activation\2.0.0\angus-activation-2.0.0.jar;C:\Users\prish\.m2\repository\org\glassfish\jaxb\txw2\4.0.2\txw2-4.0.2.jar;C:\Users\prish\.m2\repository\com\sun\istack\istack-commons-runtime\4.1.1\istack-commons-runtime-4.1.1.jar;C:\Users\prish\.m2\repository\jakarta\inject\jakarta.inject-api\2.0.1\jakarta.inject-api-2.0.1.jar;C:\Users\prish\.m2\repository\org\antlr\antlr4-runtime\4.13.0\antlr4-runtime-4.13.0.jar;C:\Users\prish\.m2\repository\org\apache\derby\derby\10.17.1.0\derby-10.17.1.0.jar;C:\Users\prish\.m2\repository\org\apache\derby\derbyshared\10.17.1.0\derbyshared-10.17.1.0.jar;C:\Users\prish\.m2\repository\org\apache\derby\derbyclient\10.17.1.0\derbyclient-10.17.1.0.jar;C:\Users\prish\.m2\repository\org\apache\derby\derbytools\10.17.1.0\derbytools-10.17.1.0.jar;C:\Users\prish\.m2\repository\org\slf4j\slf4j-api\2.0.13\slf4j-api-2.0.13.jar;C:\Users\prish\.m2\repository\ch\qos\logback\logback-classic\1.5.6\logback-classic-1.5.6.jar;C:\Users\prish\.m2\repository\ch\qos\logback\logback-core\1.5.6\logback-core-1.5.6.jar;C:\Users\prish\.m2\repository\junit\junit\4.13.2\junit-4.13.2.jar;C:\Users\prish\.m2\repository\org\hamcrest\hamcrest-core\1.3\hamcrest-core-1.3.jar;, sun.cpu.endian=little, user.home=C:\Users\prish, user.language=en, java.specification.vendor=Oracle Corporation, java.version.date=2024-10-15, java.home=C:\Program Files\Java\jdk-21, file.separator=\, basedir=C:\Users\prish\Documents\SupermarketSimulatorGUI\SupermarketSimulatorGUI, java.vm.compressedOopsMode=Zero based, line.separator=
, java.vm.specification.vendor=Oracle Corporation, java.specification.name=Java Platform API Specification, surefire.real.class.path=C:\Users\prish\AppData\Local\Temp\surefire15678458209395325855\surefirebooter-20250616123227660_3.jar, hibernate.hbm2ddl.auto=update, user.script=, sun.management.compiler=HotSpot 64-Bit Tiered Compilers, java.runtime.version=21.0.5+9-LTS-239, user.name=prish, stdout.encoding=Cp1252, path.separator=;, hibernate.connection.username=****, os.version=10.0, java.runtime.name=Java(TM) SE Runtime Environment, hibernate.connection.url=jdbc:derby:database/SupermarketDB;create=true, file.encoding=UTF-8, java.vm.name=Java HotSpot(TM) 64-Bit Server VM, hibernate.show_sql=false, maven.ext.class.path=C:\Program Files\NetBeans-23\netbeans\java\maven-nblib\netbeans-eventspy.jar, localRepository=C:\Users\prish\.m2\repository, hibernate.connection.driver_class=org.apache.derby.jdbc.EmbeddedDriver, java.vendor.url.bug=https://bugreport.java.com/bugreport/, java.io.tmpdir=C:\Users\prish\AppData\Local\Temp\, java.version=21.0.5, user.dir=C:\Users\prish\Documents\SupermarketSimulatorGUI\SupermarketSimulatorGUI, os.arch=amd64, java.vm.specification.name=Java Virtual Machine Specification, hibernate.connection.password=****, sun.os.patch.level=, hibernate.boot.CfgXmlAccessService.key=org.hibernate.boot.cfgxml.spi.LoadedConfig@2b9ecd05, native.encoding=Cp1252, java.library.path=C:\Program Files\Java\jdk-21\bin;C:\WINDOWS\Sun\Java\bin;C:\WINDOWS\system32;C:\WINDOWS;C:\Program Files\Common Files\Oracle\Java\javapath;C:\WINDOWS\system32;C:\WINDOWS;C:\WINDOWS\System32\Wbem;C:\WINDOWS\System32\WindowsPowerShell\v1.0\;C:\WINDOWS\System32\OpenSSH\;C:\Program Files (x86)\NVIDIA Corporation\PhysX\Common;C:\Program Files\NVIDIA Corporation\NVIDIA app\NvDLISR;C:\Program Files\Git\cmd;C:\Users\prish\AppData\Local\Microsoft\WindowsApps;C:\Users\prish\AppData\Local\Programs\Microsoft VS Code\bin;C:\Users\prish\AppData\Local\JetBrains\Toolbox\scripts;C:\Users\prish\AppData\Local\GitHubDesktop\bin;., stderr.encoding=Cp1252, java.vendor=Oracle Corporation, java.vm.info=mixed mode, sharing, java.vm.version=21.0.5+9-LTS-239, sun.io.unicode.encoding=UnicodeLittle, java.class.version=65.0}
12:32:29.933 [main] DEBUG org.hibernate.internal.SessionFactoryImpl -- Session factory constructed with filter configurations : {}
12:32:29.934 [main] DEBUG org.hibernate.query.sqm.function.SqmFunctionRegistry -- Registered SqmFunctionTemplate [NamedSqmFunctionTemplate(max)] under max; prior registration was null
12:32:29.934 [main] DEBUG org.hibernate.query.sqm.function.SqmFunctionRegistry -- Registered SqmFunctionTemplate [NamedSqmFunctionTemplate(min)] under min; prior registration was null
12:32:29.934 [main] DEBUG org.hibernate.query.sqm.function.SqmFunctionRegistry -- Registered SqmFunctionTemplate [NamedSqmFunctionTemplate(sum)] under sum; prior registration was null
12:32:29.934 [main] DEBUG org.hibernate.query.sqm.function.SqmFunctionRegistry -- Registered SqmFunctionTemplate [NamedSqmFunctionTemplate(avg)] under avg; prior registration was null
12:32:29.934 [main] DEBUG org.hibernate.query.sqm.function.SqmFunctionRegistry -- Registered SqmFunctionTemplate [org.hibernate.dialect.function.CountFunction@31f1b268] under count; prior registration was null
12:32:29.934 [main] DEBUG org.hibernate.query.sqm.function.SqmFunctionRegistry -- Registered SqmFunctionTemplate [org.hibernate.dialect.function.EveryAnyEmulation@3ec7ad61] under every; prior registration was null
12:32:29.934 [main] DEBUG org.hibernate.query.sqm.function.SqmFunctionRegistry -- Registered SqmFunctionTemplate [org.hibernate.dialect.function.EveryAnyEmulation@2833c093] under any; prior registration was null
12:32:29.934 [main] DEBUG org.hibernate.query.sqm.function.SqmFunctionRegistry -- Registered SqmFunctionTemplate [NamedSqmFunctionTemplate(floor)] under floor; prior registration was null
12:32:29.934 [main] DEBUG org.hibernate.query.sqm.function.SqmFunctionRegistry -- Registered SqmFunctionTemplate [NamedSqmFunctionTemplate(ceiling)] under ceiling; prior registration was null
12:32:29.934 [main] DEBUG org.hibernate.query.sqm.function.SqmFunctionRegistry -- Registered SqmFunctionTemplate [NamedSqmFunctionTemplate(mod)] under mod; prior registration was null
12:32:29.934 [main] DEBUG org.hibernate.query.sqm.function.SqmFunctionRegistry -- Registered SqmFunctionTemplate [NamedSqmFunctionTemplate(abs)] under abs; prior registration was null
12:32:29.934 [main] DEBUG org.hibernate.query.sqm.function.SqmFunctionRegistry -- Registered SqmFunctionTemplate [NamedSqmFunctionTemplate(sign)] under sign; prior registration was null
12:32:29.934 [main] DEBUG org.hibernate.query.sqm.function.SqmFunctionRegistry -- Registered SqmFunctionTemplate [NamedSqmFunctionTemplate(sqrt)] under sqrt; prior registration was null
12:32:29.934 [main] DEBUG org.hibernate.query.sqm.function.SqmFunctionRegistry -- Registered SqmFunctionTemplate [NamedSqmFunctionTemplate(ln)] under ln; prior registration was null
12:32:29.934 [main] DEBUG org.hibernate.query.sqm.function.SqmFunctionRegistry -- Registered SqmFunctionTemplate [NamedSqmFunctionTemplate(exp)] under exp; prior registration was null
12:32:29.934 [main] DEBUG org.hibernate.query.sqm.function.SqmFunctionRegistry -- Registered SqmFunctionTemplate [NamedSqmFunctionTemplate(power)] under power; prior registration was null
12:32:29.934 [main] DEBUG org.hibernate.query.sqm.function.SqmFunctionRegistry -- Registered SqmFunctionTemplate [NamedSqmFunctionTemplate(round)] under round; prior registration was null
12:32:29.934 [main] DEBUG org.hibernate.query.sqm.function.SqmFunctionRegistry -- Registered SqmFunctionTemplate [NamedSqmFunctionTemplate(sin)] under sin; prior registration was null
12:32:29.934 [main] DEBUG org.hibernate.query.sqm.function.SqmFunctionRegistry -- Registered SqmFunctionTemplate [NamedSqmFunctionTemplate(cos)] under cos; prior registration was null
12:32:29.934 [main] DEBUG org.hibernate.query.sqm.function.SqmFunctionRegistry -- Registered SqmFunctionTemplate [NamedSqmFunctionTemplate(tan)] under tan; prior registration was null
12:32:29.934 [main] DEBUG org.hibernate.query.sqm.function.SqmFunctionRegistry -- Registered SqmFunctionTemplate [NamedSqmFunctionTemplate(asin)] under asin; prior registration was null
12:32:29.934 [main] DEBUG org.hibernate.query.sqm.function.SqmFunctionRegistry -- Registered SqmFunctionTemplate [NamedSqmFunctionTemplate(acos)] under acos; prior registration was null
12:32:29.934 [main] DEBUG org.hibernate.query.sqm.function.SqmFunctionRegistry -- Registered SqmFunctionTemplate [NamedSqmFunctionTemplate(atan)] under atan; prior registration was null
12:32:29.934 [main] DEBUG org.hibernate.query.sqm.function.SqmFunctionRegistry -- Registered SqmFunctionTemplate [NamedSqmFunctionTemplate(atan2)] under atan2; prior registration was null
12:32:29.934 [main] DEBUG org.hibernate.query.sqm.function.SqmFunctionRegistry -- Registered SqmFunctionTemplate [org.hibernate.query.sqm.function.PatternBasedSqmFunctionDescriptor@7598d675] under sinh; prior registration was null
12:32:29.934 [main] DEBUG org.hibernate.query.sqm.function.SqmFunctionRegistry -- Registered SqmFunctionTemplate [org.hibernate.query.sqm.function.PatternBasedSqmFunctionDescriptor@4946485c] under cosh; prior registration was null
12:32:29.934 [main] DEBUG org.hibernate.query.sqm.function.SqmFunctionRegistry -- Registered SqmFunctionTemplate [org.hibernate.query.sqm.function.PatternBasedSqmFunctionDescriptor@4ae958b0] under tanh; prior registration was null
12:32:29.934 [main] DEBUG org.hibernate.query.sqm.function.SqmFunctionRegistry -- Registered SqmFunctionTemplate [org.hibernate.query.sqm.function.PatternBasedSqmFunctionDescriptor@7c682e26] under pi; prior registration was null
12:32:29.934 [main] DEBUG org.hibernate.query.sqm.function.SqmFunctionRegistry -- Registered SqmFunctionTemplate [org.hibernate.query.sqm.function.PatternBasedSqmFunctionDescriptor@4ff074a0] under log; prior registration was null
12:32:29.934 [main] DEBUG org.hibernate.query.sqm.function.SqmFunctionRegistry -- Registered SqmFunctionTemplate [NamedSqmFunctionTemplate(coalesce)] under coalesce; prior registration was null
12:32:29.934 [main] DEBUG org.hibernate.query.sqm.function.SqmFunctionRegistry -- Registered SqmFunctionTemplate [NamedSqmFunctionTemplate(nullif)] under nullif; prior registration was null
12:32:29.934 [main] DEBUG org.hibernate.query.sqm.function.SqmFunctionRegistry -- Registered SqmFunctionTemplate [NamedSqmFunctionTemplate(left)] under left; prior registration was null
12:32:29.934 [main] DEBUG org.hibernate.query.sqm.function.SqmFunctionRegistry -- Registered SqmFunctionTemplate [NamedSqmFunctionTemplate(right)] under right; prior registration was null
12:32:29.934 [main] DEBUG org.hibernate.query.sqm.function.SqmFunctionRegistry -- Registered SqmFunctionTemplate [NamedSqmFunctionTemplate(replace)] under replace; prior registration was null
12:32:29.934 [main] DEBUG org.hibernate.query.sqm.function.SqmFunctionRegistry -- Registered SqmFunctionTemplate [NamedSqmFunctionTemplate(concat)] under concat; prior registration was null
12:32:29.934 [main] DEBUG org.hibernate.query.sqm.function.SqmFunctionRegistry -- Registered SqmFunctionTemplate [NamedSqmFunctionTemplate(lower)] under lower; prior registration was null
12:32:29.934 [main] DEBUG org.hibernate.query.sqm.function.SqmFunctionRegistry -- Registered SqmFunctionTemplate [NamedSqmFunctionTemplate(upper)] under upper; prior registration was null
12:32:29.934 [main] DEBUG org.hibernate.query.sqm.function.SqmFunctionRegistry -- Registered SqmFunctionTemplate [NamedSqmFunctionTemplate(substring)] under substring; prior registration was null
12:32:29.934 [main] DEBUG org.hibernate.query.sqm.function.SqmFunctionRegistry -- Registered SqmFunctionTemplate [NamedSqmFunctionTemplate(locate)] under locate; prior registration was null
12:32:29.934 [main] DEBUG org.hibernate.query.sqm.function.SqmFunctionRegistry -- Registered SqmFunctionTemplate [NamedSqmFunctionTemplate(character_length)] under character_length; prior registration was null
12:32:29.934 [main] DEBUG org.hibernate.query.sqm.function.SqmFunctionRegistry -- Registering alternate key : length -> character_length
12:32:29.934 [main] DEBUG org.hibernate.query.sqm.function.SqmFunctionRegistry -- Registered SqmFunctionTemplate [org.hibernate.dialect.function.LocatePositionEmulation@340fc1aa] under position; prior registration was null
12:32:29.934 [main] DEBUG org.hibernate.query.sqm.function.SqmFunctionRegistry -- Registered SqmFunctionTemplate [org.hibernate.dialect.function.InsertSubstringOverlayEmulation@34a33343] under overlay; prior registration was null
12:32:29.934 [main] DEBUG org.hibernate.query.sqm.function.SqmFunctionRegistry -- Registered SqmFunctionTemplate [org.hibernate.dialect.function.TrimFunction@98722ef] under trim; prior registration was null
12:32:29.934 [main] DEBUG org.hibernate.query.sqm.function.SqmFunctionRegistry -- Registered SqmFunctionTemplate [org.hibernate.dialect.function.CastFunction@459e120b] under cast; prior registration was null
12:32:29.934 [main] DEBUG org.hibernate.query.sqm.function.SqmFunctionRegistry -- Registered SqmFunctionTemplate [org.hibernate.query.sqm.function.PatternBasedSqmFunctionDescriptor@fd69983] under collate; prior registration was null
12:32:29.934 [main] DEBUG org.hibernate.query.sqm.function.SqmFunctionRegistry -- Registered SqmFunctionTemplate [org.hibernate.dialect.function.ExtractFunction@22429a11] under extract; prior registration was null
12:32:29.934 [main] DEBUG org.hibernate.query.sqm.function.SqmFunctionRegistry -- Registered SqmFunctionTemplate [NamedSqmFunctionTemplate(least)] under least; prior registration was null
12:32:29.934 [main] DEBUG org.hibernate.query.sqm.function.SqmFunctionRegistry -- Registered SqmFunctionTemplate [NamedSqmFunctionTemplate(greatest)] under greatest; prior registration was null
12:32:29.934 [main] DEBUG org.hibernate.query.sqm.function.SqmFunctionRegistry -- Registered SqmFunctionTemplate [org.hibernate.dialect.function.CoalesceIfnullEmulation@126254ec] under ifnull; prior registration was null
12:32:29.934 [main] DEBUG org.hibernate.query.sqm.function.SqmFunctionRegistry -- Registered SqmFunctionTemplate [NamedSqmFunctionTemplate(lpad)] under lpad; prior registration was null
12:32:29.934 [main] DEBUG org.hibernate.query.sqm.function.SqmFunctionRegistry -- Registered SqmFunctionTemplate [NamedSqmFunctionTemplate(rpad)] under rpad; prior registration was null
12:32:29.934 [main] DEBUG org.hibernate.query.sqm.function.SqmFunctionRegistry -- Registered SqmFunctionTemplate [org.hibernate.dialect.function.LpadRpadPadEmulation@275902e1] under pad; prior registration was null
12:32:29.934 [main] DEBUG org.hibernate.query.sqm.function.SqmFunctionRegistry -- Registered SqmFunctionTemplate [org.hibernate.dialect.function.CastStrEmulation@1c788d08] under str; prior registration was null
12:32:29.934 [main] DEBUG org.hibernate.query.sqm.function.SqmFunctionRegistry -- Registered SqmFunctionTemplate [org.hibernate.dialect.function.FormatFunction@2adc1e84] under format; prior registration was null
12:32:29.934 [main] DEBUG org.hibernate.query.sqm.function.SqmFunctionRegistry -- Registered SqmFunctionTemplate [org.hibernate.dialect.function.TimestampaddFunction@2a99fa07] under timestampadd; prior registration was null
12:32:29.934 [main] DEBUG org.hibernate.query.sqm.function.SqmFunctionRegistry -- Registered SqmFunctionTemplate [org.hibernate.dialect.function.TimestampdiffFunction@45b8bbbf] under timestampdiff; prior registration was null
12:32:29.934 [main] DEBUG org.hibernate.query.sqm.function.SqmFunctionRegistry -- Registering alternate key : dateadd -> timestampadd
12:32:29.934 [main] DEBUG org.hibernate.query.sqm.function.SqmFunctionRegistry -- Registering alternate key : datediff -> timestampdiff
12:32:29.934 [main] DEBUG org.hibernate.query.sqm.function.SqmFunctionRegistry -- Registered SqmFunctionTemplate [org.hibernate.dialect.function.CurrentFunction@1df06ecd] under current_date; prior registration was null
12:32:29.934 [main] DEBUG org.hibernate.query.sqm.function.SqmFunctionRegistry -- Registered SqmFunctionTemplate [org.hibernate.dialect.function.CurrentFunction@57927bc9] under current_time; prior registration was null
12:32:29.934 [main] DEBUG org.hibernate.query.sqm.function.SqmFunctionRegistry -- Registered SqmFunctionTemplate [org.hibernate.dialect.function.CurrentFunction@323efafe] under current_timestamp; prior registration was null
12:32:29.934 [main] DEBUG org.hibernate.query.sqm.function.SqmFunctionRegistry -- Registering alternate key : current date -> current_date
12:32:29.934 [main] DEBUG org.hibernate.query.sqm.function.SqmFunctionRegistry -- Registering alternate key : current time -> current_time
12:32:29.934 [main] DEBUG org.hibernate.query.sqm.function.SqmFunctionRegistry -- Registering alternate key : current timestamp -> current_timestamp
12:32:29.934 [main] DEBUG org.hibernate.query.sqm.function.SqmFunctionRegistry -- Registered SqmFunctionTemplate [org.hibernate.dialect.function.CurrentFunction@32dbca45] under local_date; prior registration was null
12:32:29.934 [main] DEBUG org.hibernate.query.sqm.function.SqmFunctionRegistry -- Registered SqmFunctionTemplate [org.hibernate.dialect.function.CurrentFunction@2cc34cd5] under local_time; prior registration was null
12:32:29.934 [main] DEBUG org.hibernate.query.sqm.function.SqmFunctionRegistry -- Registered SqmFunctionTemplate [org.hibernate.dialect.function.CurrentFunction@684b26b7] under local_datetime; prior registration was null
12:32:29.934 [main] DEBUG org.hibernate.query.sqm.function.SqmFunctionRegistry -- Registered SqmFunctionTemplate [org.hibernate.dialect.function.CurrentFunction@2de7c84a] under offset_datetime; prior registration was null
12:32:29.934 [main] DEBUG org.hibernate.query.sqm.function.SqmFunctionRegistry -- Registering alternate key : local date -> local_date
12:32:29.934 [main] DEBUG org.hibernate.query.sqm.function.SqmFunctionRegistry -- Registering alternate key : local time -> local_time
12:32:29.934 [main] DEBUG org.hibernate.query.sqm.function.SqmFunctionRegistry -- Registering alternate key : local datetime -> local_datetime
12:32:29.934 [main] DEBUG org.hibernate.query.sqm.function.SqmFunctionRegistry -- Registering alternate key : offset datetime -> offset_datetime
12:32:29.934 [main] DEBUG org.hibernate.query.sqm.function.SqmFunctionRegistry -- Registered SqmFunctionTemplate [org.hibernate.dialect.function.CurrentFunction@4182a651] under instant; prior registration was null
12:32:29.934 [main] DEBUG org.hibernate.query.sqm.function.SqmFunctionRegistry -- Registering alternate key : current_instant -> instant
12:32:29.934 [main] DEBUG org.hibernate.query.sqm.function.SqmFunctionRegistry -- Registered SqmFunctionTemplate [org.hibernate.dialect.function.SqlFunction@7791ff50] under sql; prior registration was null
12:32:29.935 [main] DEBUG org.hibernate.query.sqm.function.SqmFunctionRegistry -- Registered SqmFunctionTemplate [NamedSqmFunctionTemplate(max)] under max; prior registration was NamedSqmFunctionTemplate(max)
12:32:29.935 [main] DEBUG org.hibernate.query.sqm.function.SqmFunctionRegistry -- Registered SqmFunctionTemplate [NamedSqmFunctionTemplate(min)] under min; prior registration was NamedSqmFunctionTemplate(min)
12:32:29.935 [main] DEBUG org.hibernate.query.sqm.function.SqmFunctionRegistry -- Registered SqmFunctionTemplate [NamedSqmFunctionTemplate(sum)] under sum; prior registration was NamedSqmFunctionTemplate(sum)
12:32:29.935 [main] DEBUG org.hibernate.query.sqm.function.SqmFunctionRegistry -- Registered SqmFunctionTemplate [NamedSqmFunctionTemplate(avg)] under avg; prior registration was NamedSqmFunctionTemplate(avg)
12:32:29.935 [main] DEBUG org.hibernate.query.sqm.function.SqmFunctionRegistry -- Registered SqmFunctionTemplate [org.hibernate.dialect.function.CountFunction@46de118b] under count; prior registration was org.hibernate.dialect.function.CountFunction@31f1b268
12:32:29.935 [main] DEBUG org.hibernate.query.sqm.function.SqmFunctionRegistry -- Registered SqmFunctionTemplate [org.hibernate.dialect.function.CountFunction@55682482] under count; prior registration was org.hibernate.dialect.function.CountFunction@46de118b
12:32:29.935 [main] DEBUG org.hibernate.query.sqm.function.SqmFunctionRegistry -- Registered SqmFunctionTemplate [org.hibernate.dialect.function.AvgFunction@10cb050] under avg; prior registration was NamedSqmFunctionTemplate(avg)
12:32:29.935 [main] DEBUG org.hibernate.query.sqm.function.SqmFunctionRegistry -- Registered SqmFunctionTemplate [org.hibernate.dialect.function.ChrLiteralEmulation@799fb45e] under chr; prior registration was null
12:32:29.935 [main] DEBUG org.hibernate.query.sqm.function.SqmFunctionRegistry -- Registered SqmFunctionTemplate [org.hibernate.query.sqm.function.PatternBasedSqmFunctionDescriptor@4f7ba0af] under concat; prior registration was NamedSqmFunctionTemplate(concat)
12:32:29.935 [main] DEBUG org.hibernate.query.sqm.function.SqmFunctionRegistry -- Registered SqmFunctionTemplate [NamedSqmFunctionTemplate(cot)] under cot; prior registration was null
12:32:29.935 [main] DEBUG org.hibernate.query.sqm.function.SqmFunctionRegistry -- Registered SqmFunctionTemplate [NamedSqmFunctionTemplate(degrees)] under degrees; prior registration was null
12:32:29.935 [main] DEBUG org.hibernate.query.sqm.function.SqmFunctionRegistry -- Registered SqmFunctionTemplate [NamedSqmFunctionTemplate(radians)] under radians; prior registration was null
12:32:29.935 [main] DEBUG org.hibernate.query.sqm.function.SqmFunctionRegistry -- Registered SqmFunctionTemplate [NamedSqmFunctionTemplate(log10)] under log10; prior registration was null
12:32:29.935 [main] DEBUG org.hibernate.query.sqm.function.SqmFunctionRegistry -- Registered SqmFunctionTemplate [NamedSqmFunctionTemplate(sinh)] under sinh; prior registration was org.hibernate.query.sqm.function.PatternBasedSqmFunctionDescriptor@7598d675
12:32:29.935 [main] DEBUG org.hibernate.query.sqm.function.SqmFunctionRegistry -- Registered SqmFunctionTemplate [NamedSqmFunctionTemplate(cosh)] under cosh; prior registration was org.hibernate.query.sqm.function.PatternBasedSqmFunctionDescriptor@4946485c
12:32:29.935 [main] DEBUG org.hibernate.query.sqm.function.SqmFunctionRegistry -- Registered SqmFunctionTemplate [NamedSqmFunctionTemplate(tanh)] under tanh; prior registration was org.hibernate.query.sqm.function.PatternBasedSqmFunctionDescriptor@4ae958b0
12:32:29.935 [main] DEBUG org.hibernate.query.sqm.function.SqmFunctionRegistry -- Registered SqmFunctionTemplate [NamedSqmFunctionTemplate(pi)] under pi; prior registration was org.hibernate.query.sqm.function.PatternBasedSqmFunctionDescriptor@7c682e26
12:32:29.935 [main] DEBUG org.hibernate.query.sqm.function.SqmFunctionRegistry -- Registered SqmFunctionTemplate [NamedSqmFunctionTemplate(rand)] under rand; prior registration was null
12:32:29.935 [main] DEBUG org.hibernate.query.sqm.function.SqmFunctionRegistry -- Registered SqmFunctionTemplate [NamedSqmFunctionTemplate(ltrim)] under ltrim; prior registration was null
12:32:29.935 [main] DEBUG org.hibernate.query.sqm.function.SqmFunctionRegistry -- Registered SqmFunctionTemplate [NamedSqmFunctionTemplate(rtrim)] under rtrim; prior registration was null
12:32:29.935 [main] DEBUG org.hibernate.query.sqm.function.SqmFunctionRegistry -- Registered SqmFunctionTemplate [NamedSqmFunctionTemplate(hour)] under hour; prior registration was null
12:32:29.935 [main] DEBUG org.hibernate.query.sqm.function.SqmFunctionRegistry -- Registered SqmFunctionTemplate [NamedSqmFunctionTemplate(minute)] under minute; prior registration was null
12:32:29.935 [main] DEBUG org.hibernate.query.sqm.function.SqmFunctionRegistry -- Registered SqmFunctionTemplate [NamedSqmFunctionTemplate(second)] under second; prior registration was null
12:32:29.935 [main] DEBUG org.hibernate.query.sqm.function.SqmFunctionRegistry -- Registered SqmFunctionTemplate [NamedSqmFunctionTemplate(microsecond)] under microsecond; prior registration was null
12:32:29.935 [main] DEBUG org.hibernate.query.sqm.function.SqmFunctionRegistry -- Registered SqmFunctionTemplate [NamedSqmFunctionTemplate(day)] under day; prior registration was null
12:32:29.935 [main] DEBUG org.hibernate.query.sqm.function.SqmFunctionRegistry -- Registered SqmFunctionTemplate [NamedSqmFunctionTemplate(month)] under month; prior registration was null
12:32:29.935 [main] DEBUG org.hibernate.query.sqm.function.SqmFunctionRegistry -- Registered SqmFunctionTemplate [NamedSqmFunctionTemplate(year)] under year; prior registration was null
12:32:29.935 [main] DEBUG org.hibernate.query.sqm.function.SqmFunctionRegistry -- Registered SqmFunctionTemplate [NamedSqmFunctionTemplate(var_pop)] under var_pop; prior registration was null
12:32:29.935 [main] DEBUG org.hibernate.query.sqm.function.SqmFunctionRegistry -- Registered SqmFunctionTemplate [NamedSqmFunctionTemplate(var_samp)] under var_samp; prior registration was null
12:32:29.935 [main] DEBUG org.hibernate.query.sqm.function.SqmFunctionRegistry -- Registered SqmFunctionTemplate [NamedSqmFunctionTemplate(stddev_pop)] under stddev_pop; prior registration was null
12:32:29.935 [main] DEBUG org.hibernate.query.sqm.function.SqmFunctionRegistry -- Registered SqmFunctionTemplate [NamedSqmFunctionTemplate(stddev_samp)] under stddev_samp; prior registration was null
12:32:29.935 [main] DEBUG org.hibernate.query.sqm.function.SqmFunctionRegistry -- Registered SqmFunctionTemplate [NamedSqmFunctionTemplate(substr)] under substring; prior registration was NamedSqmFunctionTemplate(substring)
12:32:29.935 [main] DEBUG org.hibernate.query.sqm.function.SqmFunctionRegistry -- Registered SqmFunctionTemplate [org.hibernate.query.sqm.function.PatternBasedSqmFunctionDescriptor@5b23c1f6] under left; prior registration was NamedSqmFunctionTemplate(left)
12:32:29.935 [main] DEBUG org.hibernate.query.sqm.function.SqmFunctionRegistry -- Registered SqmFunctionTemplate [org.hibernate.query.sqm.function.PatternBasedSqmFunctionDescriptor@3f4964f2] under right; prior registration was NamedSqmFunctionTemplate(right)
12:32:29.935 [main] DEBUG org.hibernate.query.sqm.function.SqmFunctionRegistry -- Registered SqmFunctionTemplate [NamedSqmFunctionTemplate(length)] under length; prior registration was null
12:32:29.935 [main] DEBUG org.hibernate.query.sqm.function.SqmFunctionRegistry -- Registering alternate key : character_length -> length
12:32:29.935 [main] DEBUG org.hibernate.query.sqm.function.SqmFunctionRegistry -- Registered SqmFunctionTemplate [org.hibernate.query.sqm.function.PatternBasedSqmFunctionDescriptor@3bf01a01] under power; prior registration was NamedSqmFunctionTemplate(power)
12:32:29.935 [main] DEBUG org.hibernate.query.sqm.function.SqmFunctionRegistry -- Registered SqmFunctionTemplate [org.hibernate.query.sqm.function.MultipatternSqmFunctionDescriptor@299cab08] under round; prior registration was NamedSqmFunctionTemplate(round)
12:32:29.935 [main] DEBUG org.hibernate.query.sqm.function.SqmFunctionRegistry -- Registered SqmFunctionTemplate [org.hibernate.dialect.function.TruncFunction@6c75e3bc] under trunc; prior registration was null
12:32:29.935 [main] DEBUG org.hibernate.query.sqm.function.SqmFunctionRegistry -- Registering alternate key : truncate -> trunc
12:32:29.935 [main] DEBUG org.hibernate.query.sqm.function.SqmFunctionRegistry -- Registered SqmFunctionTemplate [org.hibernate.query.sqm.function.PatternBasedSqmFunctionDescriptor@186f7434] under octet_length; prior registration was null
12:32:29.935 [main] DEBUG org.hibernate.query.sqm.function.SqmFunctionRegistry -- Registered SqmFunctionTemplate [org.hibernate.query.sqm.function.PatternBasedSqmFunctionDescriptor@2374452a] under bit_length; prior registration was null
12:32:29.935 [main] DEBUG org.hibernate.query.sqm.function.SqmFunctionRegistry -- Registered SqmFunctionTemplate [org.hibernate.dialect.function.CastingConcatFunction@6ffc6ea7] under concat; prior registration was org.hibernate.query.sqm.function.PatternBasedSqmFunctionDescriptor@4f7ba0af
12:32:29.935 [main] DEBUG org.hibernate.query.sqm.function.SqmFunctionRegistry -- Registered SqmFunctionTemplate [org.hibernate.dialect.function.DerbyLpadEmulation@2c5708e7] under lpad; prior registration was NamedSqmFunctionTemplate(lpad)
12:32:29.935 [main] DEBUG org.hibernate.query.sqm.function.SqmFunctionRegistry -- Registered SqmFunctionTemplate [org.hibernate.dialect.function.DerbyRpadEmulation@4ffa078d] under rpad; prior registration was NamedSqmFunctionTemplate(rpad)
12:32:29.935 [main] DEBUG org.hibernate.query.sqm.function.SqmFunctionRegistry -- Registered SqmFunctionTemplate [org.hibernate.dialect.function.CaseLeastGreatestEmulation@4e26564d] under least; prior registration was NamedSqmFunctionTemplate(least)
12:32:29.935 [main] DEBUG org.hibernate.query.sqm.function.SqmFunctionRegistry -- Registered SqmFunctionTemplate [org.hibernate.dialect.function.CaseLeastGreatestEmulation@42238078] under greatest; prior registration was NamedSqmFunctionTemplate(greatest)
12:32:29.935 [main] DEBUG org.hibernate.query.sqm.function.SqmFunctionRegistry -- Registered SqmFunctionTemplate [org.hibernate.dialect.function.InsertSubstringOverlayEmulation@5627b8eb] under overlay; prior registration was org.hibernate.dialect.function.InsertSubstringOverlayEmulation@34a33343
12:32:29.935 [main] DEBUG org.hibernate.HQL_FUNCTIONS -- abs(NUMERIC arg)
12:32:29.935 [main] DEBUG org.hibernate.HQL_FUNCTIONS -- Double acos(NUMERIC arg)
12:32:29.935 [main] DEBUG org.hibernate.HQL_FUNCTIONS -- Boolean any(BOOLEAN arg)
12:32:29.935 [main] DEBUG org.hibernate.HQL_FUNCTIONS -- Double asin(NUMERIC arg)
12:32:29.935 [main] DEBUG org.hibernate.HQL_FUNCTIONS -- Double atan(NUMERIC arg)
12:32:29.935 [main] DEBUG org.hibernate.HQL_FUNCTIONS -- Double atan2(NUMERIC arg0, NUMERIC arg1)
12:32:29.935 [main] DEBUG org.hibernate.HQL_FUNCTIONS -- avg(NUMERIC arg)
12:32:29.935 [main] DEBUG org.hibernate.HQL_FUNCTIONS -- Integer bit_length(STRING_OR_CLOB arg)
12:32:29.935 [main] DEBUG org.hibernate.HQL_FUNCTIONS -- cast(arg as Type)
12:32:29.935 [main] DEBUG org.hibernate.HQL_FUNCTIONS -- ceiling(NUMERIC arg)
12:32:29.935 [main] DEBUG org.hibernate.HQL_FUNCTIONS -- Integer character_length(STRING_OR_CLOB arg)
12:32:29.935 [main] DEBUG org.hibernate.HQL_FUNCTIONS -- Character chr( ... )
12:32:29.935 [main] DEBUG org.hibernate.HQL_FUNCTIONS -- coalesce(arg0[, arg1[, ...]])
12:32:29.935 [main] DEBUG org.hibernate.HQL_FUNCTIONS -- String collate(STRING string as COLLATION collation)
12:32:29.935 [main] DEBUG org.hibernate.HQL_FUNCTIONS -- String concat(arg0[, arg1[, ...]])
12:32:29.935 [main] DEBUG org.hibernate.HQL_FUNCTIONS -- Double cos(NUMERIC arg)
12:32:29.935 [main] DEBUG org.hibernate.HQL_FUNCTIONS -- Double cosh(NUMERIC arg)
12:32:29.935 [main] DEBUG org.hibernate.HQL_FUNCTIONS -- Double cot(NUMERIC arg)
12:32:29.935 [main] DEBUG org.hibernate.HQL_FUNCTIONS -- Long count([distinct ]{arg|*})
12:32:29.935 [main] DEBUG org.hibernate.HQL_FUNCTIONS -- Date current date
12:32:29.935 [main] DEBUG org.hibernate.HQL_FUNCTIONS -- Time current time
12:32:29.935 [main] DEBUG org.hibernate.HQL_FUNCTIONS -- Timestamp current timestamp
12:32:29.935 [main] DEBUG org.hibernate.HQL_FUNCTIONS -- Date current_date
12:32:29.935 [main] DEBUG org.hibernate.HQL_FUNCTIONS -- Instant current_instant
12:32:29.935 [main] DEBUG org.hibernate.HQL_FUNCTIONS -- Time current_time
12:32:29.935 [main] DEBUG org.hibernate.HQL_FUNCTIONS -- Timestamp current_timestamp
12:32:29.935 [main] DEBUG org.hibernate.HQL_FUNCTIONS -- dateadd(TEMPORAL_UNIT field, INTEGER magnitude, TEMPORAL datetime)
12:32:29.935 [main] DEBUG org.hibernate.HQL_FUNCTIONS -- Long|Double datediff(TEMPORAL_UNIT field, TEMPORAL start, TEMPORAL end)
12:32:29.935 [main] DEBUG org.hibernate.HQL_FUNCTIONS -- Integer day(DATE arg)
12:32:29.935 [main] DEBUG org.hibernate.HQL_FUNCTIONS -- Double degrees(NUMERIC arg)
12:32:29.935 [main] DEBUG org.hibernate.HQL_FUNCTIONS -- Boolean every(BOOLEAN arg)
12:32:29.935 [main] DEBUG org.hibernate.HQL_FUNCTIONS -- Double exp(NUMERIC arg)
12:32:29.935 [main] DEBUG org.hibernate.HQL_FUNCTIONS -- extract(TEMPORAL_UNIT field from TEMPORAL arg)
12:32:29.935 [main] DEBUG org.hibernate.HQL_FUNCTIONS -- floor(NUMERIC arg)
12:32:29.935 [main] DEBUG org.hibernate.HQL_FUNCTIONS -- String format(TEMPORAL datetime as STRING pattern)
12:32:29.935 [main] DEBUG org.hibernate.HQL_FUNCTIONS -- greatest(COMPARABLE arg0[, COMPARABLE arg1[, ...]])
12:32:29.935 [main] DEBUG org.hibernate.HQL_FUNCTIONS -- Integer hour(TIME arg)
12:32:29.935 [main] DEBUG org.hibernate.HQL_FUNCTIONS -- ifnull(arg0, arg1)
12:32:29.935 [main] DEBUG org.hibernate.HQL_FUNCTIONS -- Instant instant
12:32:29.935 [main] DEBUG org.hibernate.HQL_FUNCTIONS -- least(COMPARABLE arg0[, COMPARABLE arg1[, ...]])
12:32:29.935 [main] DEBUG org.hibernate.HQL_FUNCTIONS -- String left(STRING string, INTEGER length)
12:32:29.935 [main] DEBUG org.hibernate.HQL_FUNCTIONS -- Integer length(STRING_OR_CLOB arg)
12:32:29.935 [main] DEBUG org.hibernate.HQL_FUNCTIONS -- Double ln(NUMERIC arg)
12:32:29.935 [main] DEBUG org.hibernate.HQL_FUNCTIONS -- LocalDate local date
12:32:29.935 [main] DEBUG org.hibernate.HQL_FUNCTIONS -- LocalDateTime local datetime
12:32:29.935 [main] DEBUG org.hibernate.HQL_FUNCTIONS -- LocalTime local time
12:32:29.935 [main] DEBUG org.hibernate.HQL_FUNCTIONS -- LocalDate local_date
12:32:29.935 [main] DEBUG org.hibernate.HQL_FUNCTIONS -- LocalDateTime local_datetime
12:32:29.935 [main] DEBUG org.hibernate.HQL_FUNCTIONS -- LocalTime local_time
12:32:29.935 [main] DEBUG org.hibernate.HQL_FUNCTIONS -- Integer locate(STRING pattern, STRING string[, INTEGER start])
12:32:29.935 [main] DEBUG org.hibernate.HQL_FUNCTIONS -- Double log(NUMERIC base, NUMERIC arg)
12:32:29.935 [main] DEBUG org.hibernate.HQL_FUNCTIONS -- Double log10(NUMERIC arg)
12:32:29.935 [main] DEBUG org.hibernate.HQL_FUNCTIONS -- String lower(STRING string)
12:32:29.935 [main] DEBUG org.hibernate.HQL_FUNCTIONS -- String lpad(STRNG string, INTEGER length)
12:32:29.935 [main] DEBUG org.hibernate.HQL_FUNCTIONS -- String ltrim(STRING string)
12:32:29.935 [main] DEBUG org.hibernate.HQL_FUNCTIONS -- max(COMPARABLE arg)
12:32:29.935 [main] DEBUG org.hibernate.HQL_FUNCTIONS -- Integer microsecond(TIME arg)
12:32:29.935 [main] DEBUG org.hibernate.HQL_FUNCTIONS -- min(COMPARABLE arg)
12:32:29.935 [main] DEBUG org.hibernate.HQL_FUNCTIONS -- Integer minute(TIME arg)
12:32:29.935 [main] DEBUG org.hibernate.HQL_FUNCTIONS -- Integer mod(INTEGER arg0, INTEGER arg1)
12:32:29.935 [main] DEBUG org.hibernate.HQL_FUNCTIONS -- Integer month(DATE arg)
12:32:29.935 [main] DEBUG org.hibernate.HQL_FUNCTIONS -- nullif(arg0, arg1)
12:32:29.935 [main] DEBUG org.hibernate.HQL_FUNCTIONS -- Integer octet_length(STRING_OR_CLOB arg)
12:32:29.935 [main] DEBUG org.hibernate.HQL_FUNCTIONS -- OffsetDateTime offset datetime
12:32:29.935 [main] DEBUG org.hibernate.HQL_FUNCTIONS -- OffsetDateTime offset_datetime
12:32:29.935 [main] DEBUG org.hibernate.HQL_FUNCTIONS -- String overlay(STRING string placing STRING replacement from INTEGER start[ for INTEGER length])
12:32:29.935 [main] DEBUG org.hibernate.HQL_FUNCTIONS -- String pad(STRING string with INTEGER length {leading|trailing}[ STRING character])
12:32:29.935 [main] DEBUG org.hibernate.HQL_FUNCTIONS -- Double pi
12:32:29.935 [main] DEBUG org.hibernate.HQL_FUNCTIONS -- Integer position(STRING pattern in STRING string)
12:32:29.935 [main] DEBUG org.hibernate.HQL_FUNCTIONS -- Double power(NUMERIC arg0, NUMERIC arg1)
12:32:29.935 [main] DEBUG org.hibernate.HQL_FUNCTIONS -- Double radians(NUMERIC arg)
12:32:29.935 [main] DEBUG org.hibernate.HQL_FUNCTIONS -- Double rand([INTEGER seed])
12:32:29.935 [main] DEBUG org.hibernate.HQL_FUNCTIONS -- String replace(STRING string, STRING pattern, STRING replacement)
12:32:29.935 [main] DEBUG org.hibernate.HQL_FUNCTIONS -- String right(STRING string, INTEGER length)
12:32:29.935 [main] DEBUG org.hibernate.HQL_FUNCTIONS -- round(NUMERIC number[, INTEGER places])
12:32:29.935 [main] DEBUG org.hibernate.HQL_FUNCTIONS -- String rpad(STRING string, INTEGER length)
12:32:29.935 [main] DEBUG org.hibernate.HQL_FUNCTIONS -- String rtrim(STRING string)
12:32:29.935 [main] DEBUG org.hibernate.HQL_FUNCTIONS -- Integer second(TIME arg)
12:32:29.935 [main] DEBUG org.hibernate.HQL_FUNCTIONS -- Integer sign(NUMERIC arg)
12:32:29.935 [main] DEBUG org.hibernate.HQL_FUNCTIONS -- Double sin(NUMERIC arg)
12:32:29.935 [main] DEBUG org.hibernate.HQL_FUNCTIONS -- Double sinh(NUMERIC arg)
12:32:29.935 [main] DEBUG org.hibernate.HQL_FUNCTIONS -- Object sql
12:32:29.935 [main] DEBUG org.hibernate.HQL_FUNCTIONS -- Double sqrt(NUMERIC arg)
12:32:29.935 [main] DEBUG org.hibernate.HQL_FUNCTIONS -- Double stddev_pop(NUMERIC arg)
12:32:29.935 [main] DEBUG org.hibernate.HQL_FUNCTIONS -- Double stddev_samp(NUMERIC arg)
12:32:29.935 [main] DEBUG org.hibernate.HQL_FUNCTIONS -- String str(arg)
12:32:29.935 [main] DEBUG org.hibernate.HQL_FUNCTIONS -- String substring(STRING string{ from|,} INTEGER start[{ for|,} INTEGER length])
12:32:29.935 [main] DEBUG org.hibernate.HQL_FUNCTIONS -- sum(arg)
12:32:29.935 [main] DEBUG org.hibernate.HQL_FUNCTIONS -- Double tan(NUMERIC arg)
12:32:29.935 [main] DEBUG org.hibernate.HQL_FUNCTIONS -- Double tanh(NUMERIC arg)
12:32:29.935 [main] DEBUG org.hibernate.HQL_FUNCTIONS -- timestampadd(TEMPORAL_UNIT field, INTEGER magnitude, TEMPORAL datetime)
12:32:29.935 [main] DEBUG org.hibernate.HQL_FUNCTIONS -- Long|Double timestampdiff(TEMPORAL_UNIT field, TEMPORAL start, TEMPORAL end)
12:32:29.935 [main] DEBUG org.hibernate.HQL_FUNCTIONS -- String trim([[{leading|trailing|both} ][STRING arg0 ]from] STRING arg1)
12:32:29.935 [main] DEBUG org.hibernate.HQL_FUNCTIONS -- trunc( ... )
12:32:29.935 [main] DEBUG org.hibernate.HQL_FUNCTIONS -- truncate( ... )
12:32:29.935 [main] DEBUG org.hibernate.HQL_FUNCTIONS -- String upper(STRING string)
12:32:29.935 [main] DEBUG org.hibernate.HQL_FUNCTIONS -- Double var_pop(NUMERIC arg)
12:32:29.935 [main] DEBUG org.hibernate.HQL_FUNCTIONS -- Double var_samp(NUMERIC arg)
12:32:29.935 [main] DEBUG org.hibernate.HQL_FUNCTIONS -- Integer year(DATE arg)
12:32:29.935 [main] DEBUG org.hibernate.orm.query.plan.cache -- Starting QueryInterpretationCache(2048)
12:32:29.935 [main] DEBUG org.hibernate.service.internal.SessionFactoryServiceRegistryImpl -- EventListenerRegistry access via ServiceRegistry is deprecated.  Use `sessionFactory.getEventEngine().getListenerRegistry()` instead
12:32:29.936 [main] DEBUG org.hibernate.event.internal.EntityCopyObserverFactoryInitiator -- Configured EntityCopyObserver strategy: disallow
12:32:29.936 [main] DEBUG org.hibernate.boot.internal.ClassLoaderAccessImpl -- Not known whether passed class name [com.pdcgame.Models.InventorySave] is safe
12:32:29.936 [main] DEBUG org.hibernate.boot.internal.ClassLoaderAccessImpl -- No temp ClassLoader provided; using live ClassLoader for loading potentially unsafe class : com.pdcgame.Models.InventorySave
12:32:29.940 [main] DEBUG org.hibernate.bytecode.internal.bytebuddy.BytecodeProviderImpl -- HHH000513: Unable to create the ReflectionOptimizer for [com.pdcgame.Models.InventorySave]: private accessor [quantity]
12:32:29.940 [main] DEBUG org.hibernate.boot.internal.ClassLoaderAccessImpl -- Not known whether passed class name [com.pdcgame.Models.GameSave] is safe
12:32:29.940 [main] DEBUG org.hibernate.boot.internal.ClassLoaderAccessImpl -- No temp ClassLoader provided; using live ClassLoader for loading potentially unsafe class : com.pdcgame.Models.GameSave
12:32:29.949 [main] DEBUG org.hibernate.bytecode.internal.bytebuddy.BytecodeProviderImpl -- HHH000513: Unable to create the ReflectionOptimizer for [com.pdcgame.Models.GameSave]: private accessor [actions]
12:32:29.949 [main] DEBUG org.hibernate.boot.internal.ClassLoaderAccessImpl -- Not known whether passed class name [com.pdcgame.Models.BoardSave] is safe
12:32:29.949 [main] DEBUG org.hibernate.boot.internal.ClassLoaderAccessImpl -- No temp ClassLoader provided; using live ClassLoader for loading potentially unsafe class : com.pdcgame.Models.BoardSave
12:32:29.953 [main] DEBUG org.hibernate.bytecode.internal.bytebuddy.BytecodeProviderImpl -- HHH000513: Unable to create the ReflectionOptimizer for [com.pdcgame.Models.BoardSave]: private accessor [boardCell]
12:32:29.953 [main] DEBUG org.hibernate.boot.internal.ClassLoaderAccessImpl -- Not known whether passed class name [com.pdcgame.Models.StorageItemSave] is safe
12:32:29.953 [main] DEBUG org.hibernate.boot.internal.ClassLoaderAccessImpl -- No temp ClassLoader provided; using live ClassLoader for loading potentially unsafe class : com.pdcgame.Models.StorageItemSave
12:32:29.957 [main] DEBUG org.hibernate.bytecode.internal.bytebuddy.BytecodeProviderImpl -- HHH000513: Unable to create the ReflectionOptimizer for [com.pdcgame.Models.StorageItemSave]: private accessor [coordinateID]
12:32:29.957 [main] DEBUG org.hibernate.orm.model.mapping.creation -- Starting post-init callbacks
12:32:29.957 [main] DEBUG org.hibernate.orm.model.mapping.creation -- Starting PostInitCallbackEntry : Entity(com.pdcgame.Models.InventorySave) `staticFetchableList` generator
12:32:29.957 [main] DEBUG org.hibernate.orm.model.mapping.creation -- Starting PostInitCallbackEntry : Entity(com.pdcgame.Models.GameSave) `staticFetchableList` generator
12:32:29.957 [main] DEBUG org.hibernate.orm.model.mapping.creation -- Starting PostInitCallbackEntry : Entity(com.pdcgame.Models.BoardSave) `staticFetchableList` generator
12:32:29.957 [main] DEBUG org.hibernate.orm.model.mapping.creation -- Starting PostInitCallbackEntry : Entity(com.pdcgame.Models.StorageItemSave) `staticFetchableList` generator
12:32:29.958 [main] DEBUG org.hibernate.orm.sql.ast.create -- Created new SQL alias : is1_0
12:32:29.958 [main] DEBUG org.hibernate.orm.sql.ast.create -- Registration of TableGroup [StandardTableGroup(com.pdcgame.Models.InventorySave)] with identifierForTableGroup [com.pdcgame.Models.InventorySave] for NavigablePath [com.pdcgame.Models.InventorySave] 
12:32:29.958 [main] DEBUG org.hibernate.orm.results.graph.AST -- DomainResult Graph:
 \-EntityResultImpl [com.pdcgame.Models.InventorySave]
 |  +-BasicFetch [com.pdcgame.Models.InventorySave.quantity]
 |  \-BasicFetch [com.pdcgame.Models.InventorySave.sellPrice]

12:32:29.958 [main] DEBUG org.hibernate.orm.sql.ast.tree -- SQL AST Tree:
    SelectStatement {
      FromClause {
        StandardTableGroup (is1 : com.pdcgame.Models.InventorySave) {
          primaryTableReference : inventory_save as is1_0
        }
      }
    }

12:32:29.958 [main] DEBUG org.hibernate.persister.entity.AbstractEntityPersister -- Static SQL for entity: com.pdcgame.Models.InventorySave
12:32:29.958 [main] DEBUG org.hibernate.persister.entity.AbstractEntityPersister --  Version select: select product_name from inventory_save where product_name=?
12:32:29.958 [main] DEBUG org.hibernate.persister.entity.AbstractEntityPersister --  Insert (0): insert into inventory_save (quantity,sell_price,product_name) values (?,?,?)
12:32:29.958 [main] DEBUG org.hibernate.persister.entity.AbstractEntityPersister --  Update (0): update inventory_save set quantity=?,sell_price=? where product_name=?
12:32:29.958 [main] DEBUG org.hibernate.persister.entity.AbstractEntityPersister --  Delete (0): delete from inventory_save where product_name=?
12:32:29.958 [main] DEBUG org.hibernate.orm.sql.ast.create -- Created new SQL alias : gs1_0
12:32:29.958 [main] DEBUG org.hibernate.orm.sql.ast.create -- Registration of TableGroup [StandardTableGroup(com.pdcgame.Models.GameSave)] with identifierForTableGroup [com.pdcgame.Models.GameSave] for NavigablePath [com.pdcgame.Models.GameSave] 
12:32:29.958 [main] DEBUG org.hibernate.orm.results.graph.AST -- DomainResult Graph:
 \-EntityResultImpl [com.pdcgame.Models.GameSave]
 |  +-BasicFetch [com.pdcgame.Models.GameSave.actions]
 |  +-BasicFetch [com.pdcgame.Models.GameSave.balance]
 |  +-BasicFetch [com.pdcgame.Models.GameSave.day]
 |  +-BasicFetch [com.pdcgame.Models.GameSave.difficulty]
 |  +-BasicFetch [com.pdcgame.Models.GameSave.gameSeed]
 |  +-BasicFetch [com.pdcgame.Models.GameSave.rating]
 |  \-BasicFetch [com.pdcgame.Models.GameSave.totalActions]

12:32:29.958 [main] DEBUG org.hibernate.orm.sql.ast.tree -- SQL AST Tree:
    SelectStatement {
      FromClause {
        StandardTableGroup (gs1 : com.pdcgame.Models.GameSave) {
          primaryTableReference : game_save as gs1_0
        }
      }
    }

12:32:29.958 [main] DEBUG org.hibernate.persister.entity.AbstractEntityPersister -- Static SQL for entity: com.pdcgame.Models.GameSave
12:32:29.958 [main] DEBUG org.hibernate.persister.entity.AbstractEntityPersister --  Version select: select id from game_save where id=?
12:32:29.958 [main] DEBUG org.hibernate.persister.entity.AbstractEntityPersister --  Insert (0): insert into game_save (actions,balance,day,difficulty,gameSeed,rating,totalActions,id) values (?,?,?,?,?,?,?,?)
12:32:29.958 [main] DEBUG org.hibernate.persister.entity.AbstractEntityPersister --  Update (0): update game_save set actions=?,balance=?,day=?,difficulty=?,gameSeed=?,rating=?,totalActions=? where id=?
12:32:29.958 [main] DEBUG org.hibernate.persister.entity.AbstractEntityPersister --  Delete (0): delete from game_save where id=?
12:32:29.958 [main] DEBUG org.hibernate.orm.sql.ast.create -- Created new SQL alias : bs1_0
12:32:29.958 [main] DEBUG org.hibernate.orm.sql.ast.create -- Registration of TableGroup [StandardTableGroup(com.pdcgame.Models.BoardSave)] with identifierForTableGroup [com.pdcgame.Models.BoardSave] for NavigablePath [com.pdcgame.Models.BoardSave] 
12:32:29.959 [main] DEBUG org.hibernate.orm.results.graph.AST -- DomainResult Graph:
 \-EntityResultImpl [com.pdcgame.Models.BoardSave]
 |  \-BasicFetch [com.pdcgame.Models.BoardSave.boardCell]

12:32:29.959 [main] DEBUG org.hibernate.orm.sql.ast.tree -- SQL AST Tree:
    SelectStatement {
      FromClause {
        StandardTableGroup (bs1 : com.pdcgame.Models.BoardSave) {
          primaryTableReference : board_save as bs1_0
        }
      }
    }

12:32:29.959 [main] DEBUG org.hibernate.persister.entity.AbstractEntityPersister -- Static SQL for entity: com.pdcgame.Models.BoardSave
12:32:29.959 [main] DEBUG org.hibernate.persister.entity.AbstractEntityPersister --  Version select: select coordinateID from board_save where coordinateID=?
12:32:29.959 [main] DEBUG org.hibernate.persister.entity.AbstractEntityPersister --  Insert (0): insert into board_save (boardCell,coordinateID) values (?,?)
12:32:29.959 [main] DEBUG org.hibernate.persister.entity.AbstractEntityPersister --  Update (0): update board_save set boardCell=? where coordinateID=?
12:32:29.959 [main] DEBUG org.hibernate.persister.entity.AbstractEntityPersister --  Delete (0): delete from board_save where coordinateID=?
12:32:29.959 [main] DEBUG org.hibernate.orm.sql.ast.create -- Created new SQL alias : sis1_0
12:32:29.959 [main] DEBUG org.hibernate.orm.sql.ast.create -- Registration of TableGroup [StandardTableGroup(com.pdcgame.Models.StorageItemSave)] with identifierForTableGroup [com.pdcgame.Models.StorageItemSave] for NavigablePath [com.pdcgame.Models.StorageItemSave] 
12:32:29.959 [main] DEBUG org.hibernate.orm.results.graph.AST -- DomainResult Graph:
 \-EntityResultImpl [com.pdcgame.Models.StorageItemSave]
 |  +-BasicFetch [com.pdcgame.Models.StorageItemSave.coordinateID]
 |  +-BasicFetch [com.pdcgame.Models.StorageItemSave.productName]
 |  \-BasicFetch [com.pdcgame.Models.StorageItemSave.quantity]

12:32:29.959 [main] DEBUG org.hibernate.orm.sql.ast.tree -- SQL AST Tree:
    SelectStatement {
      FromClause {
        StandardTableGroup (sis1 : com.pdcgame.Models.StorageItemSave) {
          primaryTableReference : storage_save as sis1_0
        }
      }
    }

12:32:29.959 [main] DEBUG org.hibernate.persister.entity.AbstractEntityPersister -- Static SQL for entity: com.pdcgame.Models.StorageItemSave
12:32:29.959 [main] DEBUG org.hibernate.persister.entity.AbstractEntityPersister --  Version select: select id from storage_save where id=?
12:32:29.959 [main] DEBUG org.hibernate.persister.entity.AbstractEntityPersister --  Insert (0): insert into storage_save (coordinate_id,product_name,quantity,id) values (?,?,?,default)
12:32:29.959 [main] DEBUG org.hibernate.persister.entity.AbstractEntityPersister --  Update (0): update storage_save set coordinate_id=?,product_name=?,quantity=? where id=?
12:32:29.959 [main] DEBUG org.hibernate.persister.entity.AbstractEntityPersister --  Delete (0): delete from storage_save where id=?
12:32:29.960 [main] DEBUG org.hibernate.engine.transaction.jta.platform.internal.JtaPlatformInitiator -- No JtaPlatform was specified, checking resolver
12:32:29.960 [main] DEBUG org.hibernate.engine.transaction.jta.platform.internal.JtaPlatformResolverInitiator -- No JtaPlatformResolver was specified, using default [org.hibernate.engine.transaction.jta.platform.internal.StandardJtaPlatformResolver]
12:32:29.961 [main] DEBUG org.hibernate.engine.transaction.jta.platform.internal.StandardJtaPlatformResolver -- Could not resolve JtaPlatform, using default [org.hibernate.engine.transaction.jta.platform.internal.NoJtaPlatform]
12:32:29.961 [main] INFO org.hibernate.engine.transaction.jta.platform.internal.JtaPlatformInitiator -- HHH000489: No JTA platform available (set 'hibernate.transaction.jta.platform' to enable JTA platform integration)
12:32:29.961 [main] DEBUG org.hibernate.type.spi.TypeConfiguration$Scope -- Scoping TypeConfiguration [org.hibernate.type.spi.TypeConfiguration@3d3b272a] to SessionFactoryImplementor [org.hibernate.internal.SessionFactoryImpl@23c72128]
12:32:29.961 [main] DEBUG org.hibernate.query.named.NamedObjectRepository -- Checking 0 named HQL queries
12:32:29.961 [main] DEBUG org.hibernate.query.named.NamedObjectRepository -- Checking 0 named SQL queries
12:32:29.961 [main] INFO org.hibernate.orm.connections.access -- HHH10001501: Connection obtained from JdbcConnectionAccess [org.hibernate.engine.jdbc.env.internal.JdbcEnvironmentInitiator$ConnectionProviderJdbcConnectionAccess@2bd2430f] for (non-JTA) DDL execution was not in auto-commit mode; the Connection 'local transaction' will be committed and the Connection will be set into auto-commit mode.
12:32:29.964 [main] DEBUG org.hibernate.mapping.Table -- No alter strings for table : board_save
12:32:29.964 [main] DEBUG org.hibernate.mapping.Table -- No alter strings for table : game_save
12:32:29.964 [main] DEBUG org.hibernate.mapping.Table -- No alter strings for table : inventory_save
12:32:29.964 [main] DEBUG org.hibernate.mapping.Table -- No alter strings for table : storage_save
12:32:29.965 [main] DEBUG org.hibernate.internal.SessionFactoryRegistry -- Registering SessionFactory: 2e6174b9-fbb1-4127-87d9-7fc5ebb3d5c5 (<unnamed>)
12:32:29.965 [main] DEBUG org.hibernate.internal.SessionFactoryRegistry -- Not binding SessionFactory to JNDI, no JNDI name configured
12:32:29.965 [main] DEBUG org.hibernate.internal.SessionFactoryImpl -- Instantiated SessionFactory
12:32:29.966 [main] DEBUG org.hibernate.integrator.internal.IntegratorServiceImpl -- Adding Integrator [org.hibernate.boot.beanvalidation.BeanValidationIntegrator].
12:32:29.966 [main] DEBUG org.hibernate.integrator.internal.IntegratorServiceImpl -- Adding Integrator [org.hibernate.cache.internal.CollectionCacheInvalidator].
12:32:29.967 [main] DEBUG org.hibernate.boot.jaxb.internal.stax.LocalXmlResourceResolver -- Checking public/system identifiers `-//Hibernate/Hibernate Configuration DTD 3.0//EN`/`http://hibernate.sourceforge.net/hibernate-configuration-3.0.dtd` as DTD references
12:32:29.967 [main] WARN org.hibernate.orm.deprecation -- HHH90000012: Recognized obsolete hibernate namespace http://hibernate.sourceforge.net/hibernate-configuration. Use namespace http://www.hibernate.org/dtd/hibernate-configuration instead.  Support for obsolete DTD/XSD namespaces may be removed at any time.
12:32:29.968 [main] DEBUG org.hibernate.boot.cfgxml.internal.JaxbCfgProcessor -- cfg.xml document did not define namespaces; wrapping in custom event reader to introduce namespace information
12:32:29.975 [main] DEBUG org.hibernate.cfg.Configuration -- Building session factory using internal StandardServiceRegistryBuilder
12:32:29.975 [main] DEBUG org.hibernate.cfg.Configuration -- Building session factory using provided StandardServiceRegistry
12:32:29.975 [main] DEBUG org.hibernate.orm.idgen.factory -- Ignoring CDI for resolving IdentifierGenerator instances as extended or delayed CDI support was enabled
12:32:29.976 [main] DEBUG org.hibernate.orm.idgen.factory -- Registering IdentifierGenerator strategy [uuid2] -> [org.hibernate.id.UUIDGenerator]
12:32:29.976 [main] DEBUG org.hibernate.orm.idgen.factory -- Registering IdentifierGenerator strategy [guid] -> [org.hibernate.id.GUIDGenerator]
12:32:29.976 [main] DEBUG org.hibernate.orm.idgen.factory -- Registering IdentifierGenerator strategy [uuid] -> [org.hibernate.id.UUIDHexGenerator]
12:32:29.976 [main] DEBUG org.hibernate.orm.idgen.factory -- Registering IdentifierGenerator strategy [uuid.hex] -> [org.hibernate.id.UUIDHexGenerator]
12:32:29.976 [main] DEBUG org.hibernate.orm.idgen.factory -- Registering IdentifierGenerator strategy [assigned] -> [org.hibernate.id.Assigned]
12:32:29.976 [main] DEBUG org.hibernate.orm.idgen.factory -- Registering IdentifierGenerator strategy [identity] -> [org.hibernate.id.IdentityGenerator]
12:32:29.976 [main] DEBUG org.hibernate.orm.idgen.factory -- Registering IdentifierGenerator strategy [select] -> [org.hibernate.id.SelectGenerator]
12:32:29.976 [main] DEBUG org.hibernate.orm.idgen.factory -- Registering IdentifierGenerator strategy [sequence] -> [org.hibernate.id.enhanced.SequenceStyleGenerator]
12:32:29.976 [main] DEBUG org.hibernate.orm.idgen.factory -- Registering IdentifierGenerator strategy [increment] -> [org.hibernate.id.IncrementGenerator]
12:32:29.976 [main] DEBUG org.hibernate.orm.idgen.factory -- Registering IdentifierGenerator strategy [foreign] -> [org.hibernate.id.ForeignGenerator]
12:32:29.976 [main] DEBUG org.hibernate.orm.idgen.factory -- Registering IdentifierGenerator strategy [enhanced-sequence] -> [org.hibernate.id.enhanced.SequenceStyleGenerator]
12:32:29.976 [main] DEBUG org.hibernate.orm.idgen.factory -- Registering IdentifierGenerator strategy [enhanced-table] -> [org.hibernate.id.enhanced.TableGenerator]
12:32:29.976 [main] DEBUG org.hibernate.cache.internal.RegionFactoryInitiator -- Cannot default RegionFactory based on registered strategies as `[]` RegionFactory strategies were registered
12:32:29.976 [main] INFO org.hibernate.cache.internal.RegionFactoryInitiator -- HHH000026: Second-level cache disabled
12:32:29.976 [main] DEBUG org.hibernate.type.BasicTypeRegistry -- Adding type registration boolean -> org.hibernate.type.BasicTypeReference@5e4fa1da
12:32:29.976 [main] DEBUG org.hibernate.type.BasicTypeRegistry -- Adding type registration boolean -> org.hibernate.type.BasicTypeReference@5e4fa1da
12:32:29.976 [main] DEBUG org.hibernate.type.BasicTypeRegistry -- Adding type registration java.lang.Boolean -> org.hibernate.type.BasicTypeReference@5e4fa1da
12:32:29.976 [main] DEBUG org.hibernate.type.BasicTypeRegistry -- Adding type registration numeric_boolean -> org.hibernate.type.BasicTypeReference@588cd519
12:32:29.976 [main] DEBUG org.hibernate.type.BasicTypeRegistry -- Adding type registration org.hibernate.type.NumericBooleanConverter -> org.hibernate.type.BasicTypeReference@588cd519
12:32:29.976 [main] DEBUG org.hibernate.type.BasicTypeRegistry -- Adding type registration true_false -> org.hibernate.type.BasicTypeReference@3f92c349
12:32:29.976 [main] DEBUG org.hibernate.type.BasicTypeRegistry -- Adding type registration org.hibernate.type.TrueFalseConverter -> org.hibernate.type.BasicTypeReference@3f92c349
12:32:29.976 [main] DEBUG org.hibernate.type.BasicTypeRegistry -- Adding type registration yes_no -> org.hibernate.type.BasicTypeReference@769a58e5
12:32:29.976 [main] DEBUG org.hibernate.type.BasicTypeRegistry -- Adding type registration org.hibernate.type.YesNoConverter -> org.hibernate.type.BasicTypeReference@769a58e5
12:32:29.976 [main] DEBUG org.hibernate.type.BasicTypeRegistry -- Adding type registration byte -> org.hibernate.type.BasicTypeReference@55f8669d
12:32:29.976 [main] DEBUG org.hibernate.type.BasicTypeRegistry -- Adding type registration byte -> org.hibernate.type.BasicTypeReference@55f8669d
12:32:29.976 [main] DEBUG org.hibernate.type.BasicTypeRegistry -- Adding type registration java.lang.Byte -> org.hibernate.type.BasicTypeReference@55f8669d
12:32:29.976 [main] DEBUG org.hibernate.type.BasicTypeRegistry -- Adding type registration binary -> org.hibernate.type.BasicTypeReference@6be25526
12:32:29.976 [main] DEBUG org.hibernate.type.BasicTypeRegistry -- Adding type registration byte[] -> org.hibernate.type.BasicTypeReference@6be25526
12:32:29.976 [main] DEBUG org.hibernate.type.BasicTypeRegistry -- Adding type registration [B -> org.hibernate.type.BasicTypeReference@6be25526
12:32:29.976 [main] DEBUG org.hibernate.type.BasicTypeRegistry -- Adding type registration binary_wrapper -> org.hibernate.type.BasicTypeReference@42435b98
12:32:29.976 [main] DEBUG org.hibernate.type.BasicTypeRegistry -- Adding type registration wrapper-binary -> org.hibernate.type.BasicTypeReference@42435b98
12:32:29.976 [main] DEBUG org.hibernate.type.BasicTypeRegistry -- Adding type registration image -> org.hibernate.type.BasicTypeReference@66ba7e45
12:32:29.976 [main] DEBUG org.hibernate.type.BasicTypeRegistry -- Adding type registration blob -> org.hibernate.type.BasicTypeReference@70e02081
12:32:29.976 [main] DEBUG org.hibernate.type.BasicTypeRegistry -- Adding type registration java.sql.Blob -> org.hibernate.type.BasicTypeReference@70e02081
12:32:29.976 [main] DEBUG org.hibernate.type.BasicTypeRegistry -- Adding type registration materialized_blob -> org.hibernate.type.BasicTypeReference@9d200de
12:32:29.976 [main] DEBUG org.hibernate.type.BasicTypeRegistry -- Adding type registration materialized_blob_wrapper -> org.hibernate.type.BasicTypeReference@511505e7
12:32:29.976 [main] DEBUG org.hibernate.type.BasicTypeRegistry -- Adding type registration short -> org.hibernate.type.BasicTypeReference@646811d6
12:32:29.976 [main] DEBUG org.hibernate.type.BasicTypeRegistry -- Adding type registration short -> org.hibernate.type.BasicTypeReference@646811d6
12:32:29.976 [main] DEBUG org.hibernate.type.BasicTypeRegistry -- Adding type registration java.lang.Short -> org.hibernate.type.BasicTypeReference@646811d6
12:32:29.976 [main] DEBUG org.hibernate.type.BasicTypeRegistry -- Adding type registration integer -> org.hibernate.type.BasicTypeReference@15fdd1f2
12:32:29.976 [main] DEBUG org.hibernate.type.BasicTypeRegistry -- Adding type registration int -> org.hibernate.type.BasicTypeReference@15fdd1f2
12:32:29.976 [main] DEBUG org.hibernate.type.BasicTypeRegistry -- Adding type registration java.lang.Integer -> org.hibernate.type.BasicTypeReference@15fdd1f2
12:32:29.976 [main] DEBUG org.hibernate.type.BasicTypeRegistry -- Adding type registration long -> org.hibernate.type.BasicTypeReference@cb0f763
12:32:29.976 [main] DEBUG org.hibernate.type.BasicTypeRegistry -- Adding type registration long -> org.hibernate.type.BasicTypeReference@cb0f763
12:32:29.976 [main] DEBUG org.hibernate.type.BasicTypeRegistry -- Adding type registration java.lang.Long -> org.hibernate.type.BasicTypeReference@cb0f763
12:32:29.976 [main] DEBUG org.hibernate.type.BasicTypeRegistry -- Adding type registration float -> org.hibernate.type.BasicTypeReference@7573e12f
12:32:29.976 [main] DEBUG org.hibernate.type.BasicTypeRegistry -- Adding type registration float -> org.hibernate.type.BasicTypeReference@7573e12f
12:32:29.976 [main] DEBUG org.hibernate.type.BasicTypeRegistry -- Adding type registration java.lang.Float -> org.hibernate.type.BasicTypeReference@7573e12f
12:32:29.976 [main] DEBUG org.hibernate.type.BasicTypeRegistry -- Adding type registration double -> org.hibernate.type.BasicTypeReference@51b1a8f6
12:32:29.976 [main] DEBUG org.hibernate.type.BasicTypeRegistry -- Adding type registration double -> org.hibernate.type.BasicTypeReference@51b1a8f6
12:32:29.976 [main] DEBUG org.hibernate.type.BasicTypeRegistry -- Adding type registration java.lang.Double -> org.hibernate.type.BasicTypeReference@51b1a8f6
12:32:29.976 [main] DEBUG org.hibernate.type.BasicTypeRegistry -- Adding type registration big_integer -> org.hibernate.type.BasicTypeReference@2a389173
12:32:29.976 [main] DEBUG org.hibernate.type.BasicTypeRegistry -- Adding type registration java.math.BigInteger -> org.hibernate.type.BasicTypeReference@2a389173
12:32:29.976 [main] DEBUG org.hibernate.type.BasicTypeRegistry -- Adding type registration big_decimal -> org.hibernate.type.BasicTypeReference@213860b8
12:32:29.976 [main] DEBUG org.hibernate.type.BasicTypeRegistry -- Adding type registration java.math.BigDecimal -> org.hibernate.type.BasicTypeReference@213860b8
12:32:29.976 [main] DEBUG org.hibernate.type.BasicTypeRegistry -- Adding type registration character -> org.hibernate.type.BasicTypeReference@4ba89729
12:32:29.976 [main] DEBUG org.hibernate.type.BasicTypeRegistry -- Adding type registration char -> org.hibernate.type.BasicTypeReference@4ba89729
12:32:29.976 [main] DEBUG org.hibernate.type.BasicTypeRegistry -- Adding type registration java.lang.Character -> org.hibernate.type.BasicTypeReference@4ba89729
12:32:29.976 [main] DEBUG org.hibernate.type.BasicTypeRegistry -- Adding type registration character_nchar -> org.hibernate.type.BasicTypeReference@178270b2
12:32:29.976 [main] DEBUG org.hibernate.type.BasicTypeRegistry -- Adding type registration string -> org.hibernate.type.BasicTypeReference@795fd838
12:32:29.976 [main] DEBUG org.hibernate.type.BasicTypeRegistry -- Adding type registration java.lang.String -> org.hibernate.type.BasicTypeReference@795fd838
12:32:29.976 [main] DEBUG org.hibernate.type.BasicTypeRegistry -- Adding type registration nstring -> org.hibernate.type.BasicTypeReference@1b005a0b
12:32:29.976 [main] DEBUG org.hibernate.type.BasicTypeRegistry -- Adding type registration characters -> org.hibernate.type.BasicTypeReference@141e879d
12:32:29.976 [main] DEBUG org.hibernate.type.BasicTypeRegistry -- Adding type registration char[] -> org.hibernate.type.BasicTypeReference@141e879d
12:32:29.976 [main] DEBUG org.hibernate.type.BasicTypeRegistry -- Adding type registration [C -> org.hibernate.type.BasicTypeReference@141e879d
12:32:29.976 [main] DEBUG org.hibernate.type.BasicTypeRegistry -- Adding type registration wrapper-characters -> org.hibernate.type.BasicTypeReference@109d724c
12:32:29.976 [main] DEBUG org.hibernate.type.BasicTypeRegistry -- Adding type registration text -> org.hibernate.type.BasicTypeReference@1704f67f
12:32:29.976 [main] DEBUG org.hibernate.type.BasicTypeRegistry -- Adding type registration ntext -> org.hibernate.type.BasicTypeReference@e4d2696
12:32:29.976 [main] DEBUG org.hibernate.type.BasicTypeRegistry -- Adding type registration clob -> org.hibernate.type.BasicTypeReference@6e0f7aad
12:32:29.976 [main] DEBUG org.hibernate.type.BasicTypeRegistry -- Adding type registration java.sql.Clob -> org.hibernate.type.BasicTypeReference@6e0f7aad
12:32:29.976 [main] DEBUG org.hibernate.type.BasicTypeRegistry -- Adding type registration nclob -> org.hibernate.type.BasicTypeReference@15fb7a32
12:32:29.976 [main] DEBUG org.hibernate.type.BasicTypeRegistry -- Adding type registration java.sql.NClob -> org.hibernate.type.BasicTypeReference@15fb7a32
12:32:29.976 [main] DEBUG org.hibernate.type.BasicTypeRegistry -- Adding type registration materialized_clob -> org.hibernate.type.BasicTypeReference@257cc1fc
12:32:29.976 [main] DEBUG org.hibernate.type.BasicTypeRegistry -- Adding type registration materialized_clob_char_array -> org.hibernate.type.BasicTypeReference@42e22a53
12:32:29.976 [main] DEBUG org.hibernate.type.BasicTypeRegistry -- Adding type registration materialized_clob_character_array -> org.hibernate.type.BasicTypeReference@57adfab0
12:32:29.976 [main] DEBUG org.hibernate.type.BasicTypeRegistry -- Adding type registration materialized_nclob -> org.hibernate.type.BasicTypeReference@1949309d
12:32:29.976 [main] DEBUG org.hibernate.type.BasicTypeRegistry -- Adding type registration materialized_nclob_character_array -> org.hibernate.type.BasicTypeReference@5af97169
12:32:29.976 [main] DEBUG org.hibernate.type.BasicTypeRegistry -- Adding type registration materialized_nclob_char_array -> org.hibernate.type.BasicTypeReference@99a78d7
12:32:29.976 [main] DEBUG org.hibernate.type.BasicTypeRegistry -- Adding type registration Duration -> org.hibernate.type.BasicTypeReference@31da6b2e
12:32:29.976 [main] DEBUG org.hibernate.type.BasicTypeRegistry -- Adding type registration java.time.Duration -> org.hibernate.type.BasicTypeReference@31da6b2e
12:32:29.976 [main] DEBUG org.hibernate.type.BasicTypeRegistry -- Adding type registration LocalDateTime -> org.hibernate.type.BasicTypeReference@61c76850
12:32:29.976 [main] DEBUG org.hibernate.type.BasicTypeRegistry -- Adding type registration java.time.LocalDateTime -> org.hibernate.type.BasicTypeReference@61c76850
12:32:29.976 [main] DEBUG org.hibernate.type.BasicTypeRegistry -- Adding type registration LocalDate -> org.hibernate.type.BasicTypeReference@70242f38
12:32:29.976 [main] DEBUG org.hibernate.type.BasicTypeRegistry -- Adding type registration java.time.LocalDate -> org.hibernate.type.BasicTypeReference@70242f38
12:32:29.976 [main] DEBUG org.hibernate.type.BasicTypeRegistry -- Adding type registration LocalTime -> org.hibernate.type.BasicTypeReference@2a22ad2b
12:32:29.976 [main] DEBUG org.hibernate.type.BasicTypeRegistry -- Adding type registration java.time.LocalTime -> org.hibernate.type.BasicTypeReference@2a22ad2b
12:32:29.976 [main] DEBUG org.hibernate.type.BasicTypeRegistry -- Adding type registration OffsetDateTime -> org.hibernate.type.BasicTypeReference@48c3205a
12:32:29.976 [main] DEBUG org.hibernate.type.BasicTypeRegistry -- Adding type registration java.time.OffsetDateTime -> org.hibernate.type.BasicTypeReference@48c3205a
12:32:29.976 [main] DEBUG org.hibernate.type.BasicTypeRegistry -- Adding type registration OffsetDateTimeWithTimezone -> org.hibernate.type.BasicTypeReference@121c54fa
12:32:29.976 [main] DEBUG org.hibernate.type.BasicTypeRegistry -- Adding type registration OffsetDateTimeWithoutTimezone -> org.hibernate.type.BasicTypeReference@4390f46e
12:32:29.976 [main] DEBUG org.hibernate.type.BasicTypeRegistry -- Adding type registration OffsetTime -> org.hibernate.type.BasicTypeReference@7c6442c2
12:32:29.976 [main] DEBUG org.hibernate.type.BasicTypeRegistry -- Adding type registration java.time.OffsetTime -> org.hibernate.type.BasicTypeReference@7c6442c2
12:32:29.976 [main] DEBUG org.hibernate.type.BasicTypeRegistry -- Adding type registration OffsetTimeUtc -> org.hibernate.type.BasicTypeReference@2d746ce4
12:32:29.976 [main] DEBUG org.hibernate.type.BasicTypeRegistry -- Adding type registration OffsetTimeWithTimezone -> org.hibernate.type.BasicTypeReference@5dbf5634
12:32:29.976 [main] DEBUG org.hibernate.type.BasicTypeRegistry -- Adding type registration OffsetTimeWithoutTimezone -> org.hibernate.type.BasicTypeReference@1948ea69
12:32:29.976 [main] DEBUG org.hibernate.type.BasicTypeRegistry -- Adding type registration ZonedDateTime -> org.hibernate.type.BasicTypeReference@47e4d9d0
12:32:29.976 [main] DEBUG org.hibernate.type.BasicTypeRegistry -- Adding type registration java.time.ZonedDateTime -> org.hibernate.type.BasicTypeReference@47e4d9d0
12:32:29.976 [main] DEBUG org.hibernate.type.BasicTypeRegistry -- Adding type registration ZonedDateTimeWithTimezone -> org.hibernate.type.BasicTypeReference@49798e84
12:32:29.976 [main] DEBUG org.hibernate.type.BasicTypeRegistry -- Adding type registration ZonedDateTimeWithoutTimezone -> org.hibernate.type.BasicTypeReference@6ed06f69
12:32:29.976 [main] DEBUG org.hibernate.type.BasicTypeRegistry -- Adding type registration date -> org.hibernate.type.BasicTypeReference@3015db78
12:32:29.976 [main] DEBUG org.hibernate.type.BasicTypeRegistry -- Adding type registration java.sql.Date -> org.hibernate.type.BasicTypeReference@3015db78
12:32:29.976 [main] DEBUG org.hibernate.type.BasicTypeRegistry -- Adding type registration time -> org.hibernate.type.BasicTypeReference@515ebef3
12:32:29.976 [main] DEBUG org.hibernate.type.BasicTypeRegistry -- Adding type registration java.sql.Time -> org.hibernate.type.BasicTypeReference@515ebef3
12:32:29.976 [main] DEBUG org.hibernate.type.BasicTypeRegistry -- Adding type registration timestamp -> org.hibernate.type.BasicTypeReference@545607f2
12:32:29.976 [main] DEBUG org.hibernate.type.BasicTypeRegistry -- Adding type registration java.sql.Timestamp -> org.hibernate.type.BasicTypeReference@545607f2
12:32:29.976 [main] DEBUG org.hibernate.type.BasicTypeRegistry -- Adding type registration java.util.Date -> org.hibernate.type.BasicTypeReference@545607f2
12:32:29.976 [main] DEBUG org.hibernate.type.BasicTypeRegistry -- Adding type registration calendar -> org.hibernate.type.BasicTypeReference@39109136
12:32:29.976 [main] DEBUG org.hibernate.type.BasicTypeRegistry -- Adding type registration java.util.Calendar -> org.hibernate.type.BasicTypeReference@39109136
12:32:29.976 [main] DEBUG org.hibernate.type.BasicTypeRegistry -- Adding type registration java.util.GregorianCalendar -> org.hibernate.type.BasicTypeReference@39109136
12:32:29.976 [main] DEBUG org.hibernate.type.BasicTypeRegistry -- Adding type registration calendar_date -> org.hibernate.type.BasicTypeReference@27c04377
12:32:29.976 [main] DEBUG org.hibernate.type.BasicTypeRegistry -- Adding type registration calendar_time -> org.hibernate.type.BasicTypeReference@34dc85a
12:32:29.976 [main] DEBUG org.hibernate.type.BasicTypeRegistry -- Adding type registration instant -> org.hibernate.type.BasicTypeReference@67403656
12:32:29.976 [main] DEBUG org.hibernate.type.BasicTypeRegistry -- Adding type registration java.time.Instant -> org.hibernate.type.BasicTypeReference@67403656
12:32:29.976 [main] DEBUG org.hibernate.type.BasicTypeRegistry -- Adding type registration uuid -> org.hibernate.type.BasicTypeReference@5a6482a9
12:32:29.976 [main] DEBUG org.hibernate.type.BasicTypeRegistry -- Adding type registration java.util.UUID -> org.hibernate.type.BasicTypeReference@5a6482a9
12:32:29.976 [main] DEBUG org.hibernate.type.BasicTypeRegistry -- Adding type registration pg-uuid -> org.hibernate.type.BasicTypeReference@5a6482a9
12:32:29.976 [main] DEBUG org.hibernate.type.BasicTypeRegistry -- Adding type registration uuid-binary -> org.hibernate.type.BasicTypeReference@7f9ab969
12:32:29.976 [main] DEBUG org.hibernate.type.BasicTypeRegistry -- Adding type registration uuid-char -> org.hibernate.type.BasicTypeReference@746cd757
12:32:29.976 [main] DEBUG org.hibernate.type.BasicTypeRegistry -- Adding type registration class -> org.hibernate.type.BasicTypeReference@ae372b9
12:32:29.976 [main] DEBUG org.hibernate.type.BasicTypeRegistry -- Adding type registration java.lang.Class -> org.hibernate.type.BasicTypeReference@ae372b9
12:32:29.976 [main] DEBUG org.hibernate.type.BasicTypeRegistry -- Adding type registration currency -> org.hibernate.type.BasicTypeReference@2098d37d
12:32:29.976 [main] DEBUG org.hibernate.type.BasicTypeRegistry -- Adding type registration Currency -> org.hibernate.type.BasicTypeReference@2098d37d
12:32:29.976 [main] DEBUG org.hibernate.type.BasicTypeRegistry -- Adding type registration java.util.Currency -> org.hibernate.type.BasicTypeReference@2098d37d
12:32:29.976 [main] DEBUG org.hibernate.type.BasicTypeRegistry -- Adding type registration locale -> org.hibernate.type.BasicTypeReference@77b9d0c7
12:32:29.976 [main] DEBUG org.hibernate.type.BasicTypeRegistry -- Adding type registration java.util.Locale -> org.hibernate.type.BasicTypeReference@77b9d0c7
12:32:29.976 [main] DEBUG org.hibernate.type.BasicTypeRegistry -- Adding type registration serializable -> org.hibernate.type.BasicTypeReference@65fd6708
12:32:29.976 [main] DEBUG org.hibernate.type.BasicTypeRegistry -- Adding type registration java.io.Serializable -> org.hibernate.type.BasicTypeReference@65fd6708
12:32:29.976 [main] DEBUG org.hibernate.type.BasicTypeRegistry -- Adding type registration timezone -> org.hibernate.type.BasicTypeReference@749ab7b4
12:32:29.976 [main] DEBUG org.hibernate.type.BasicTypeRegistry -- Adding type registration java.util.TimeZone -> org.hibernate.type.BasicTypeReference@749ab7b4
12:32:29.976 [main] DEBUG org.hibernate.type.BasicTypeRegistry -- Adding type registration ZoneOffset -> org.hibernate.type.BasicTypeReference@127f9161
12:32:29.976 [main] DEBUG org.hibernate.type.BasicTypeRegistry -- Adding type registration java.time.ZoneOffset -> org.hibernate.type.BasicTypeReference@127f9161
12:32:29.976 [main] DEBUG org.hibernate.type.BasicTypeRegistry -- Adding type registration url -> org.hibernate.type.BasicTypeReference@2bf94401
12:32:29.976 [main] DEBUG org.hibernate.type.BasicTypeRegistry -- Adding type registration java.net.URL -> org.hibernate.type.BasicTypeReference@2bf94401
12:32:29.976 [main] DEBUG org.hibernate.type.BasicTypeRegistry -- Adding type registration vector -> org.hibernate.type.BasicTypeReference@2532b351
12:32:29.976 [main] DEBUG org.hibernate.type.BasicTypeRegistry -- Adding type registration row_version -> org.hibernate.type.BasicTypeReference@4349754
12:32:29.976 [main] DEBUG org.hibernate.type.BasicTypeRegistry -- Adding type registration object -> org.hibernate.type.JavaObjectType@6fd1660
12:32:29.976 [main] DEBUG org.hibernate.type.BasicTypeRegistry -- Adding type registration java.lang.Object -> org.hibernate.type.JavaObjectType@6fd1660
12:32:29.976 [main] DEBUG org.hibernate.type.BasicTypeRegistry -- Adding type registration null -> org.hibernate.type.NullType@f339eae
12:32:29.976 [main] DEBUG org.hibernate.type.BasicTypeRegistry -- Adding type registration imm_date -> org.hibernate.type.BasicTypeReference@49b9ba6a
12:32:29.977 [main] DEBUG org.hibernate.type.BasicTypeRegistry -- Adding type registration imm_time -> org.hibernate.type.BasicTypeReference@7be62956
12:32:29.977 [main] DEBUG org.hibernate.type.BasicTypeRegistry -- Adding type registration imm_timestamp -> org.hibernate.type.BasicTypeReference@30e143ff
12:32:29.977 [main] DEBUG org.hibernate.type.BasicTypeRegistry -- Adding type registration imm_calendar -> org.hibernate.type.BasicTypeReference@452ec287
12:32:29.977 [main] DEBUG org.hibernate.type.BasicTypeRegistry -- Adding type registration imm_calendar_date -> org.hibernate.type.BasicTypeReference@41404aa2
12:32:29.977 [main] DEBUG org.hibernate.type.BasicTypeRegistry -- Adding type registration imm_calendar_time -> org.hibernate.type.BasicTypeReference@b267745
12:32:29.977 [main] DEBUG org.hibernate.type.BasicTypeRegistry -- Adding type registration imm_binary -> org.hibernate.type.BasicTypeReference@31e22365
12:32:29.977 [main] DEBUG org.hibernate.type.BasicTypeRegistry -- Adding type registration imm_serializable -> org.hibernate.type.BasicTypeReference@2ebf524
12:32:29.978 [main] WARN org.hibernate.orm.connections.pooling -- HHH10001002: Using built-in connection pool (not intended for production use)
12:32:29.978 [main] INFO org.hibernate.orm.connections.pooling -- HHH10001005: Loaded JDBC driver class: org.apache.derby.jdbc.EmbeddedDriver
12:32:29.978 [main] INFO org.hibernate.orm.connections.pooling -- HHH10001012: Connecting with JDBC URL [jdbc:derby:database/SupermarketDB;create=true]
12:32:29.978 [main] INFO org.hibernate.orm.connections.pooling -- HHH10001001: Connection properties: {password=, user=}
12:32:29.978 [main] INFO org.hibernate.orm.connections.pooling -- HHH10001003: Autocommit mode: false
12:32:29.978 [main] DEBUG org.hibernate.orm.connections.pooling -- Initializing Connection pool with 1 Connections
12:32:29.978 [main] INFO org.hibernate.orm.connections.pooling -- HHH10001115: Connection pool size: 20 (min=1)
12:32:29.980 [main] DEBUG org.hibernate.engine.jdbc.env.internal.JdbcEnvironmentInitiator -- Database ->
	   name : Apache Derby
	version : 10.17.1.0 - (1913217)
	  major : 10
	  minor : 17
12:32:29.980 [main] DEBUG org.hibernate.engine.jdbc.env.internal.JdbcEnvironmentInitiator -- Driver ->
	   name : Apache Derby Embedded JDBC Driver
	version : 10.17.1.0 - (1913217)
	  major : 10
	  minor : 17
12:32:29.980 [main] DEBUG org.hibernate.engine.jdbc.env.internal.JdbcEnvironmentInitiator -- JDBC version : 4.2
12:32:29.980 [main] WARN org.hibernate.orm.deprecation -- HHH90000025: DerbyDialect does not need to be specified explicitly using 'hibernate.dialect' (remove the property setting and it will be selected by default)
12:32:29.980 [main] DEBUG org.hibernate.orm.dialect -- HHH035001: Using dialect: org.hibernate.dialect.DerbyDialect, version: 10.17.1
12:32:29.980 [main] DEBUG org.hibernate.orm.jdbc.lob -- HHH10010006: Disabling contextual NCLOB creation as createNClob() method threw error : java.sql.SQLFeatureNotSupportedException: Feature not implemented: No details.
12:32:29.981 [main] DEBUG org.hibernate.type.descriptor.sql.spi.DdlTypeRegistry -- addDescriptor(-3, org.hibernate.type.descriptor.sql.internal.CapacityDependentDdlType@3be46d9c) replaced previous registration(org.hibernate.type.descriptor.sql.internal.CapacityDependentDdlType@41d877bb)
12:32:29.981 [main] DEBUG org.hibernate.type.descriptor.sql.spi.DdlTypeRegistry -- addDescriptor(12, org.hibernate.type.descriptor.sql.internal.CapacityDependentDdlType@39c5a105) replaced previous registration(org.hibernate.type.descriptor.sql.internal.CapacityDependentDdlType@492fa72a)
12:32:29.981 [main] DEBUG org.hibernate.type.descriptor.sql.spi.DdlTypeRegistry -- addDescriptor(-9, org.hibernate.type.descriptor.sql.internal.CapacityDependentDdlType@513fab1e) replaced previous registration(org.hibernate.type.descriptor.sql.internal.CapacityDependentDdlType@53d87b2d)
12:32:29.981 [main] DEBUG org.hibernate.type.descriptor.sql.spi.DdlTypeRegistry -- addDescriptor(-2, org.hibernate.type.descriptor.sql.internal.CapacityDependentDdlType@470135da) replaced previous registration(org.hibernate.type.descriptor.sql.internal.DdlTypeImpl@7323dce7)
12:32:29.981 [main] DEBUG org.hibernate.type.descriptor.sql.spi.DdlTypeRegistry -- addDescriptor(1, org.hibernate.type.descriptor.sql.internal.CapacityDependentDdlType@5f68eec6) replaced previous registration(org.hibernate.type.descriptor.sql.internal.DdlTypeImpl@4ff9f715)
12:32:29.981 [main] DEBUG org.hibernate.type.descriptor.sql.spi.DdlTypeRegistry -- addDescriptor(-15, org.hibernate.type.descriptor.sql.internal.CapacityDependentDdlType@118a4d5) replaced previous registration(org.hibernate.type.descriptor.sql.internal.DdlTypeImpl@6cb194f5)
12:32:29.981 [main] DEBUG org.hibernate.type.descriptor.jdbc.spi.JdbcTypeRegistry -- addDescriptor(2005, ClobTypeDescriptor(STREAM_BINDING)) replaced previous registration(ClobTypeDescriptor(DEFAULT))
12:32:29.981 [main] DEBUG org.hibernate.type.descriptor.jdbc.spi.JdbcTypeRegistry -- addDescriptor(2, DecimalTypeDescriptor) replaced previous registration(NumericTypeDescriptor)
12:32:29.981 [main] DEBUG org.hibernate.type.descriptor.jdbc.spi.JdbcTypeRegistry -- addDescriptor(2014, TimestampTypeDescriptor) replaced previous registration(TimestampWithTimeZoneDescriptor)
12:32:29.981 [main] DEBUG org.hibernate.type.BasicTypeRegistry -- BasicTypeRegistry registration overwritten (2000 + org.hibernate.type.descriptor.java.ObjectJavaType@6892cc6f); previous =`org.hibernate.type.NullType@f339eae`
12:32:29.981 [main] DEBUG org.hibernate.type.BasicTypeRegistry -- Adding type registration JAVA_OBJECT -> org.hibernate.type.JavaObjectType@74b7497b
12:32:29.981 [main] DEBUG org.hibernate.type.BasicTypeRegistry -- Adding type registration java.lang.Object -> org.hibernate.type.JavaObjectType@74b7497b
12:32:29.981 [main] DEBUG org.hibernate.type.BasicTypeRegistry -- Type registration key [java.lang.Object] overrode previous entry : `org.hibernate.type.JavaObjectType@6fd1660`
12:32:29.981 [main] DEBUG org.hibernate.type.BasicTypeRegistry -- Adding type registration org.hibernate.type.DurationType -> basicType@64(java.time.Duration,3015)
12:32:29.981 [main] DEBUG org.hibernate.type.BasicTypeRegistry -- Adding type registration Duration -> basicType@64(java.time.Duration,3015)
12:32:29.981 [main] DEBUG org.hibernate.type.BasicTypeRegistry -- Adding type registration java.time.Duration -> basicType@64(java.time.Duration,3015)
12:32:29.981 [main] DEBUG org.hibernate.type.BasicTypeRegistry -- Adding type registration org.hibernate.type.OffsetDateTimeType -> basicType@65(java.time.OffsetDateTime,3003)
12:32:29.981 [main] DEBUG org.hibernate.type.BasicTypeRegistry -- Adding type registration OffsetDateTime -> basicType@65(java.time.OffsetDateTime,3003)
12:32:29.981 [main] DEBUG org.hibernate.type.BasicTypeRegistry -- Adding type registration java.time.OffsetDateTime -> basicType@65(java.time.OffsetDateTime,3003)
12:32:29.981 [main] DEBUG org.hibernate.type.BasicTypeRegistry -- Adding type registration org.hibernate.type.ZonedDateTimeType -> basicType@66(java.time.ZonedDateTime,3003)
12:32:29.981 [main] DEBUG org.hibernate.type.BasicTypeRegistry -- Adding type registration ZonedDateTime -> basicType@66(java.time.ZonedDateTime,3003)
12:32:29.981 [main] DEBUG org.hibernate.type.BasicTypeRegistry -- Adding type registration java.time.ZonedDateTime -> basicType@66(java.time.ZonedDateTime,3003)
12:32:29.981 [main] DEBUG org.hibernate.type.BasicTypeRegistry -- Adding type registration org.hibernate.type.OffsetTimeType -> basicType@67(java.time.OffsetTime,3007)
12:32:29.981 [main] DEBUG org.hibernate.type.BasicTypeRegistry -- Adding type registration OffsetTime -> basicType@67(java.time.OffsetTime,3007)
12:32:29.981 [main] DEBUG org.hibernate.type.BasicTypeRegistry -- Adding type registration java.time.OffsetTime -> basicType@67(java.time.OffsetTime,3007)
12:32:29.981 [main] DEBUG org.hibernate.type.spi.TypeConfiguration$Scope -- Scoping TypeConfiguration [org.hibernate.type.spi.TypeConfiguration@74f649a7] to MetadataBuildingContext [org.hibernate.boot.internal.MetadataBuildingContextRootImpl@308c65e0]
12:32:29.981 [main] DEBUG org.hibernate.boot.model.relational.Namespace -- Created database namespace [logicalName=Name{catalog=null, schema=null}, physicalName=Name{catalog=null, schema=null}]
12:32:29.981 [main] DEBUG org.hibernate.boot.model.internal.EntityBinder -- Binding entity from annotated class: com.pdcgame.Models.GameSave
12:32:29.981 [main] DEBUG org.hibernate.boot.model.internal.EntityBinder -- Import with entity name GameSave
12:32:29.981 [main] DEBUG org.hibernate.boot.model.internal.EntityBinder -- Bind entity com.pdcgame.Models.GameSave on table game_save
12:32:29.981 [main] DEBUG org.hibernate.boot.model.internal.AnnotatedColumn -- Binding column: AnnotatedDiscriminatorColumn(column='DTYPE')
12:32:29.981 [main] DEBUG org.hibernate.boot.model.internal.AnnotatedColumn -- Binding column: AnnotatedColumn()
12:32:29.981 [main] DEBUG org.hibernate.boot.internal.ClassLoaderAccessImpl -- Not known whether passed class name [com.pdcgame.Models.GameSave] is safe
12:32:29.981 [main] DEBUG org.hibernate.boot.internal.ClassLoaderAccessImpl -- No temp ClassLoader provided; using live ClassLoader for loading potentially unsafe class : com.pdcgame.Models.GameSave
12:32:29.981 [main] DEBUG org.hibernate.boot.model.internal.PropertyBinder -- MetadataSourceProcessor property id with lazy=false
12:32:29.981 [main] DEBUG org.hibernate.boot.model.internal.AbstractPropertyHolder -- Attempting to locate auto-apply AttributeConverter for property [com.pdcgame.Models.GameSave:id]
12:32:29.982 [main] DEBUG org.hibernate.boot.model.internal.BasicValueBinder -- building BasicValue for id
12:32:29.982 [main] DEBUG org.hibernate.mapping.BasicValue -- Skipping column re-registration: game_save.id
12:32:29.982 [main] DEBUG org.hibernate.boot.model.internal.PropertyBinder -- Building property id
12:32:29.982 [main] DEBUG org.hibernate.boot.model.internal.BinderHelper -- #makeIdGenerator(BasicValue([Column(id)]), id, assigned, , ...)
12:32:29.982 [main] DEBUG org.hibernate.boot.model.internal.AnnotatedColumn -- Binding column: AnnotatedColumn()
12:32:29.982 [main] DEBUG org.hibernate.boot.model.internal.PropertyBinder -- MetadataSourceProcessor property actions with lazy=false
12:32:29.982 [main] DEBUG org.hibernate.boot.model.internal.AbstractPropertyHolder -- Attempting to locate auto-apply AttributeConverter for property [com.pdcgame.Models.GameSave:actions]
12:32:29.982 [main] DEBUG org.hibernate.boot.model.internal.BasicValueBinder -- building BasicValue for actions
12:32:29.982 [main] DEBUG org.hibernate.mapping.BasicValue -- Skipping column re-registration: game_save.actions
12:32:29.982 [main] DEBUG org.hibernate.boot.model.internal.PropertyBinder -- Building property actions
12:32:29.982 [main] DEBUG org.hibernate.boot.model.internal.AnnotatedColumn -- Binding column: AnnotatedColumn()
12:32:29.982 [main] DEBUG org.hibernate.boot.model.internal.PropertyBinder -- MetadataSourceProcessor property balance with lazy=false
12:32:29.982 [main] DEBUG org.hibernate.boot.model.internal.AbstractPropertyHolder -- Attempting to locate auto-apply AttributeConverter for property [com.pdcgame.Models.GameSave:balance]
12:32:29.982 [main] DEBUG org.hibernate.boot.model.internal.BasicValueBinder -- building BasicValue for balance
12:32:29.982 [main] DEBUG org.hibernate.mapping.BasicValue -- Skipping column re-registration: game_save.balance
12:32:29.982 [main] DEBUG org.hibernate.boot.model.internal.PropertyBinder -- Building property balance
12:32:29.982 [main] DEBUG org.hibernate.boot.model.internal.AnnotatedColumn -- Binding column: AnnotatedColumn()
12:32:29.982 [main] DEBUG org.hibernate.boot.model.internal.PropertyBinder -- MetadataSourceProcessor property day with lazy=false
12:32:29.982 [main] DEBUG org.hibernate.boot.model.internal.AbstractPropertyHolder -- Attempting to locate auto-apply AttributeConverter for property [com.pdcgame.Models.GameSave:day]
12:32:29.982 [main] DEBUG org.hibernate.boot.model.internal.BasicValueBinder -- building BasicValue for day
12:32:29.982 [main] DEBUG org.hibernate.mapping.BasicValue -- Skipping column re-registration: game_save.day
12:32:29.982 [main] DEBUG org.hibernate.boot.model.internal.PropertyBinder -- Building property day
12:32:29.982 [main] DEBUG org.hibernate.boot.model.internal.AnnotatedColumn -- Binding column: AnnotatedColumn()
12:32:29.982 [main] DEBUG org.hibernate.boot.model.internal.PropertyBinder -- MetadataSourceProcessor property difficulty with lazy=false
12:32:29.982 [main] DEBUG org.hibernate.boot.model.internal.AbstractPropertyHolder -- Attempting to locate auto-apply AttributeConverter for property [com.pdcgame.Models.GameSave:difficulty]
12:32:29.982 [main] DEBUG org.hibernate.boot.model.internal.BasicValueBinder -- building BasicValue for difficulty
12:32:29.982 [main] DEBUG org.hibernate.mapping.BasicValue -- Skipping column re-registration: game_save.difficulty
12:32:29.982 [main] DEBUG org.hibernate.boot.model.internal.PropertyBinder -- Building property difficulty
12:32:29.982 [main] DEBUG org.hibernate.boot.model.internal.AnnotatedColumn -- Binding column: AnnotatedColumn()
12:32:29.982 [main] DEBUG org.hibernate.boot.model.internal.PropertyBinder -- MetadataSourceProcessor property gameSeed with lazy=false
12:32:29.982 [main] DEBUG org.hibernate.boot.model.internal.AbstractPropertyHolder -- Attempting to locate auto-apply AttributeConverter for property [com.pdcgame.Models.GameSave:gameSeed]
12:32:29.982 [main] DEBUG org.hibernate.boot.model.internal.BasicValueBinder -- building BasicValue for gameSeed
12:32:29.982 [main] DEBUG org.hibernate.mapping.BasicValue -- Skipping column re-registration: game_save.gameSeed
12:32:29.982 [main] DEBUG org.hibernate.boot.model.internal.PropertyBinder -- Building property gameSeed
12:32:29.982 [main] DEBUG org.hibernate.boot.model.internal.AnnotatedColumn -- Binding column: AnnotatedColumn()
12:32:29.982 [main] DEBUG org.hibernate.boot.model.internal.PropertyBinder -- MetadataSourceProcessor property rating with lazy=false
12:32:29.982 [main] DEBUG org.hibernate.boot.model.internal.AbstractPropertyHolder -- Attempting to locate auto-apply AttributeConverter for property [com.pdcgame.Models.GameSave:rating]
12:32:29.982 [main] DEBUG org.hibernate.boot.model.internal.BasicValueBinder -- building BasicValue for rating
12:32:29.982 [main] DEBUG org.hibernate.mapping.BasicValue -- Skipping column re-registration: game_save.rating
12:32:29.982 [main] DEBUG org.hibernate.boot.model.internal.PropertyBinder -- Building property rating
12:32:29.982 [main] DEBUG org.hibernate.boot.model.internal.AnnotatedColumn -- Binding column: AnnotatedColumn()
12:32:29.982 [main] DEBUG org.hibernate.boot.model.internal.PropertyBinder -- MetadataSourceProcessor property totalActions with lazy=false
12:32:29.982 [main] DEBUG org.hibernate.boot.model.internal.AbstractPropertyHolder -- Attempting to locate auto-apply AttributeConverter for property [com.pdcgame.Models.GameSave:totalActions]
12:32:29.982 [main] DEBUG org.hibernate.boot.model.internal.BasicValueBinder -- building BasicValue for totalActions
12:32:29.982 [main] DEBUG org.hibernate.mapping.BasicValue -- Skipping column re-registration: game_save.totalActions
12:32:29.982 [main] DEBUG org.hibernate.boot.model.internal.PropertyBinder -- Building property totalActions
12:32:29.982 [main] DEBUG org.hibernate.boot.registry.classloading.internal.ClassLoaderServiceImpl -- HHH000194: Package not found or no package-info.java: com.pdcgame.Models
12:32:29.982 [main] DEBUG org.hibernate.boot.model.internal.EntityBinder -- Binding entity from annotated class: com.pdcgame.Models.InventorySave
12:32:29.982 [main] DEBUG org.hibernate.boot.model.internal.EntityBinder -- Import with entity name InventorySave
12:32:29.983 [main] DEBUG org.hibernate.boot.model.internal.EntityBinder -- Bind entity com.pdcgame.Models.InventorySave on table inventory_save
12:32:29.983 [main] DEBUG org.hibernate.boot.model.internal.AnnotatedColumn -- Binding column: AnnotatedDiscriminatorColumn(column='DTYPE')
12:32:29.983 [main] DEBUG org.hibernate.boot.model.internal.AnnotatedColumn -- Binding column: AnnotatedColumn(column='product_name')
12:32:29.983 [main] DEBUG org.hibernate.boot.internal.ClassLoaderAccessImpl -- Not known whether passed class name [com.pdcgame.Models.InventorySave] is safe
12:32:29.983 [main] DEBUG org.hibernate.boot.internal.ClassLoaderAccessImpl -- No temp ClassLoader provided; using live ClassLoader for loading potentially unsafe class : com.pdcgame.Models.InventorySave
12:32:29.983 [main] DEBUG org.hibernate.boot.model.internal.PropertyBinder -- MetadataSourceProcessor property productName with lazy=false
12:32:29.983 [main] DEBUG org.hibernate.boot.model.internal.AbstractPropertyHolder -- Attempting to locate auto-apply AttributeConverter for property [com.pdcgame.Models.InventorySave:productName]
12:32:29.983 [main] DEBUG org.hibernate.boot.model.internal.BasicValueBinder -- building BasicValue for productName
12:32:29.983 [main] DEBUG org.hibernate.mapping.BasicValue -- Skipping column re-registration: inventory_save.product_name
12:32:29.983 [main] DEBUG org.hibernate.boot.model.internal.PropertyBinder -- Building property productName
12:32:29.983 [main] DEBUG org.hibernate.boot.model.internal.BinderHelper -- #makeIdGenerator(BasicValue([Column(product_name)]), productName, assigned, , ...)
12:32:29.983 [main] DEBUG org.hibernate.boot.model.internal.AnnotatedColumn -- Binding column: AnnotatedColumn(column='quantity')
12:32:29.983 [main] DEBUG org.hibernate.boot.model.internal.PropertyBinder -- MetadataSourceProcessor property quantity with lazy=false
12:32:29.983 [main] DEBUG org.hibernate.boot.model.internal.AbstractPropertyHolder -- Attempting to locate auto-apply AttributeConverter for property [com.pdcgame.Models.InventorySave:quantity]
12:32:29.983 [main] DEBUG org.hibernate.boot.model.internal.BasicValueBinder -- building BasicValue for quantity
12:32:29.983 [main] DEBUG org.hibernate.mapping.BasicValue -- Skipping column re-registration: inventory_save.quantity
12:32:29.983 [main] DEBUG org.hibernate.boot.model.internal.PropertyBinder -- Building property quantity
12:32:29.983 [main] DEBUG org.hibernate.boot.model.internal.AnnotatedColumn -- Binding column: AnnotatedColumn(column='sell_price')
12:32:29.983 [main] DEBUG org.hibernate.boot.model.internal.PropertyBinder -- MetadataSourceProcessor property sellPrice with lazy=false
12:32:29.983 [main] DEBUG org.hibernate.boot.model.internal.AbstractPropertyHolder -- Attempting to locate auto-apply AttributeConverter for property [com.pdcgame.Models.InventorySave:sellPrice]
12:32:29.983 [main] DEBUG org.hibernate.boot.model.internal.BasicValueBinder -- building BasicValue for sellPrice
12:32:29.983 [main] DEBUG org.hibernate.mapping.BasicValue -- Skipping column re-registration: inventory_save.sell_price
12:32:29.983 [main] DEBUG org.hibernate.boot.model.internal.PropertyBinder -- Building property sellPrice
12:32:29.983 [main] DEBUG org.hibernate.boot.registry.classloading.internal.ClassLoaderServiceImpl -- HHH000194: Package not found or no package-info.java: com.pdcgame.Models
12:32:29.983 [main] DEBUG org.hibernate.boot.model.internal.EntityBinder -- Binding entity from annotated class: com.pdcgame.Models.BoardSave
12:32:29.983 [main] DEBUG org.hibernate.boot.model.internal.EntityBinder -- Import with entity name BoardSave
12:32:29.983 [main] DEBUG org.hibernate.boot.model.internal.EntityBinder -- Bind entity com.pdcgame.Models.BoardSave on table board_save
12:32:29.983 [main] DEBUG org.hibernate.boot.model.internal.AnnotatedColumn -- Binding column: AnnotatedDiscriminatorColumn(column='DTYPE')
12:32:29.983 [main] DEBUG org.hibernate.boot.model.internal.AnnotatedColumn -- Binding column: AnnotatedColumn()
12:32:29.983 [main] DEBUG org.hibernate.boot.internal.ClassLoaderAccessImpl -- Not known whether passed class name [com.pdcgame.Models.BoardSave] is safe
12:32:29.983 [main] DEBUG org.hibernate.boot.internal.ClassLoaderAccessImpl -- No temp ClassLoader provided; using live ClassLoader for loading potentially unsafe class : com.pdcgame.Models.BoardSave
12:32:29.983 [main] DEBUG org.hibernate.boot.model.internal.PropertyBinder -- MetadataSourceProcessor property coordinateID with lazy=false
12:32:29.983 [main] DEBUG org.hibernate.boot.model.internal.AbstractPropertyHolder -- Attempting to locate auto-apply AttributeConverter for property [com.pdcgame.Models.BoardSave:coordinateID]
12:32:29.983 [main] DEBUG org.hibernate.boot.model.internal.BasicValueBinder -- building BasicValue for coordinateID
12:32:29.983 [main] DEBUG org.hibernate.mapping.BasicValue -- Skipping column re-registration: board_save.coordinateID
12:32:29.983 [main] DEBUG org.hibernate.boot.model.internal.PropertyBinder -- Building property coordinateID
12:32:29.983 [main] DEBUG org.hibernate.boot.model.internal.BinderHelper -- #makeIdGenerator(BasicValue([Column(coordinateID)]), coordinateID, assigned, , ...)
12:32:29.983 [main] DEBUG org.hibernate.boot.model.internal.AnnotatedColumn -- Binding column: AnnotatedColumn()
12:32:29.983 [main] DEBUG org.hibernate.boot.model.internal.PropertyBinder -- MetadataSourceProcessor property boardCell with lazy=false
12:32:29.983 [main] DEBUG org.hibernate.boot.model.internal.AbstractPropertyHolder -- Attempting to locate auto-apply AttributeConverter for property [com.pdcgame.Models.BoardSave:boardCell]
12:32:29.983 [main] DEBUG org.hibernate.boot.model.internal.BasicValueBinder -- building BasicValue for boardCell
12:32:29.983 [main] DEBUG org.hibernate.mapping.BasicValue -- Skipping column re-registration: board_save.boardCell
12:32:29.983 [main] DEBUG org.hibernate.boot.model.internal.PropertyBinder -- Building property boardCell
12:32:29.984 [main] DEBUG org.hibernate.boot.registry.classloading.internal.ClassLoaderServiceImpl -- HHH000194: Package not found or no package-info.java: com.pdcgame.Models
12:32:29.984 [main] DEBUG org.hibernate.boot.model.internal.EntityBinder -- Binding entity from annotated class: com.pdcgame.Models.StorageItemSave
12:32:29.984 [main] DEBUG org.hibernate.boot.model.internal.EntityBinder -- Import with entity name StorageItemSave
12:32:29.984 [main] DEBUG org.hibernate.boot.model.internal.EntityBinder -- Bind entity com.pdcgame.Models.StorageItemSave on table storage_save
12:32:29.984 [main] DEBUG org.hibernate.boot.model.internal.AnnotatedColumn -- Binding column: AnnotatedDiscriminatorColumn(column='DTYPE')
12:32:29.984 [main] DEBUG org.hibernate.boot.model.internal.AnnotatedColumn -- Binding column: AnnotatedColumn()
12:32:29.984 [main] DEBUG org.hibernate.boot.internal.ClassLoaderAccessImpl -- Not known whether passed class name [com.pdcgame.Models.StorageItemSave] is safe
12:32:29.984 [main] DEBUG org.hibernate.boot.internal.ClassLoaderAccessImpl -- No temp ClassLoader provided; using live ClassLoader for loading potentially unsafe class : com.pdcgame.Models.StorageItemSave
12:32:29.984 [main] DEBUG org.hibernate.boot.model.internal.PropertyBinder -- MetadataSourceProcessor property id with lazy=false
12:32:29.984 [main] DEBUG org.hibernate.boot.model.internal.AbstractPropertyHolder -- Attempting to locate auto-apply AttributeConverter for property [com.pdcgame.Models.StorageItemSave:id]
12:32:29.984 [main] DEBUG org.hibernate.boot.model.internal.BasicValueBinder -- building BasicValue for id
12:32:29.984 [main] DEBUG org.hibernate.mapping.BasicValue -- Skipping column re-registration: storage_save.id
12:32:29.984 [main] DEBUG org.hibernate.boot.model.internal.PropertyBinder -- Building property id
12:32:29.984 [main] DEBUG org.hibernate.boot.model.internal.BinderHelper -- #makeIdGenerator(BasicValue([Column(id)]), id, identity, , ...)
12:32:29.984 [main] DEBUG org.hibernate.boot.model.internal.AnnotatedColumn -- Binding column: AnnotatedColumn(column='coordinate_id')
12:32:29.984 [main] DEBUG org.hibernate.boot.model.internal.PropertyBinder -- MetadataSourceProcessor property coordinateID with lazy=false
12:32:29.984 [main] DEBUG org.hibernate.boot.model.internal.AbstractPropertyHolder -- Attempting to locate auto-apply AttributeConverter for property [com.pdcgame.Models.StorageItemSave:coordinateID]
12:32:29.984 [main] DEBUG org.hibernate.boot.model.internal.BasicValueBinder -- building BasicValue for coordinateID
12:32:29.984 [main] DEBUG org.hibernate.mapping.BasicValue -- Skipping column re-registration: storage_save.coordinate_id
12:32:29.984 [main] DEBUG org.hibernate.boot.model.internal.PropertyBinder -- Building property coordinateID
12:32:29.984 [main] DEBUG org.hibernate.boot.model.internal.AnnotatedColumn -- Binding column: AnnotatedColumn(column='product_name')
12:32:29.984 [main] DEBUG org.hibernate.boot.model.internal.PropertyBinder -- MetadataSourceProcessor property productName with lazy=false
12:32:29.984 [main] DEBUG org.hibernate.boot.model.internal.AbstractPropertyHolder -- Attempting to locate auto-apply AttributeConverter for property [com.pdcgame.Models.StorageItemSave:productName]
12:32:29.984 [main] DEBUG org.hibernate.boot.model.internal.BasicValueBinder -- building BasicValue for productName
12:32:29.984 [main] DEBUG org.hibernate.mapping.BasicValue -- Skipping column re-registration: storage_save.product_name
12:32:29.984 [main] DEBUG org.hibernate.boot.model.internal.PropertyBinder -- Building property productName
12:32:29.984 [main] DEBUG org.hibernate.boot.model.internal.AnnotatedColumn -- Binding column: AnnotatedColumn(column='quantity')
12:32:29.984 [main] DEBUG org.hibernate.boot.model.internal.PropertyBinder -- MetadataSourceProcessor property quantity with lazy=false
12:32:29.984 [main] DEBUG org.hibernate.boot.model.internal.AbstractPropertyHolder -- Attempting to locate auto-apply AttributeConverter for property [com.pdcgame.Models.StorageItemSave:quantity]
12:32:29.984 [main] DEBUG org.hibernate.boot.model.internal.BasicValueBinder -- building BasicValue for quantity
12:32:29.984 [main] DEBUG org.hibernate.mapping.BasicValue -- Skipping column re-registration: storage_save.quantity
12:32:29.984 [main] DEBUG org.hibernate.boot.model.internal.PropertyBinder -- Building property quantity
12:32:29.984 [main] DEBUG org.hibernate.boot.registry.classloading.internal.ClassLoaderServiceImpl -- HHH000194: Package not found or no package-info.java: com.pdcgame.Models
12:32:29.985 [main] DEBUG org.hibernate.boot.model.internal.BasicValueBinder -- Starting `BasicValueBinder#fillSimpleValue` for id
12:32:29.985 [main] DEBUG org.hibernate.boot.model.internal.BasicValueBinder -- Starting `BasicValueBinder#fillSimpleValue` for actions
12:32:29.985 [main] DEBUG org.hibernate.boot.model.internal.BasicValueBinder -- Starting `BasicValueBinder#fillSimpleValue` for balance
12:32:29.985 [main] DEBUG org.hibernate.boot.model.internal.BasicValueBinder -- Starting `BasicValueBinder#fillSimpleValue` for day
12:32:29.985 [main] DEBUG org.hibernate.boot.model.internal.BasicValueBinder -- Starting `BasicValueBinder#fillSimpleValue` for difficulty
12:32:29.985 [main] DEBUG org.hibernate.boot.model.internal.BasicValueBinder -- Starting `BasicValueBinder#fillSimpleValue` for gameSeed
12:32:29.985 [main] DEBUG org.hibernate.boot.model.internal.BasicValueBinder -- Starting `BasicValueBinder#fillSimpleValue` for rating
12:32:29.985 [main] DEBUG org.hibernate.boot.model.internal.BasicValueBinder -- Starting `BasicValueBinder#fillSimpleValue` for totalActions
12:32:29.985 [main] DEBUG org.hibernate.boot.model.internal.BasicValueBinder -- Starting `BasicValueBinder#fillSimpleValue` for productName
12:32:29.985 [main] DEBUG org.hibernate.boot.model.internal.BasicValueBinder -- Starting `BasicValueBinder#fillSimpleValue` for quantity
12:32:29.985 [main] DEBUG org.hibernate.boot.model.internal.BasicValueBinder -- Starting `BasicValueBinder#fillSimpleValue` for sellPrice
12:32:29.985 [main] DEBUG org.hibernate.boot.model.internal.BasicValueBinder -- Starting `BasicValueBinder#fillSimpleValue` for coordinateID
12:32:29.985 [main] DEBUG org.hibernate.boot.model.internal.BasicValueBinder -- Starting `BasicValueBinder#fillSimpleValue` for boardCell
12:32:29.985 [main] DEBUG org.hibernate.boot.model.internal.BasicValueBinder -- Starting `BasicValueBinder#fillSimpleValue` for id
12:32:29.985 [main] DEBUG org.hibernate.boot.model.internal.BasicValueBinder -- Starting `BasicValueBinder#fillSimpleValue` for coordinateID
12:32:29.985 [main] DEBUG org.hibernate.boot.model.internal.BasicValueBinder -- Starting `BasicValueBinder#fillSimpleValue` for productName
12:32:29.985 [main] DEBUG org.hibernate.boot.model.internal.BasicValueBinder -- Starting `BasicValueBinder#fillSimpleValue` for quantity
12:32:29.985 [main] DEBUG org.hibernate.mapping.PrimaryKey -- Forcing column [id] to be non-null as it is part of the primary key for table [game_save]
12:32:29.985 [main] DEBUG org.hibernate.mapping.PrimaryKey -- Forcing column [product_name] to be non-null as it is part of the primary key for table [inventory_save]
12:32:29.985 [main] DEBUG org.hibernate.mapping.PrimaryKey -- Forcing column [coordinateid] to be non-null as it is part of the primary key for table [board_save]
12:32:29.985 [main] DEBUG org.hibernate.mapping.PrimaryKey -- Forcing column [id] to be non-null as it is part of the primary key for table [storage_save]
12:32:29.989 [main] DEBUG org.hibernate.internal.SessionFactoryImpl -- Building session factory
12:32:29.990 [main] DEBUG org.hibernate.service.internal.SessionFactoryServiceRegistryImpl -- EventListenerRegistry access via ServiceRegistry is deprecated.  Use `sessionFactory.getEventEngine().getListenerRegistry()` instead
12:32:29.990 [main] DEBUG org.hibernate.internal.SessionFactoryImpl -- Instantiating SessionFactory with settings: {hibernate.format_sql=false, java.specification.version=21, sun.cpu.isalist=amd64, sun.jnu.encoding=Cp1252, hibernate.dialect=org.hibernate.dialect.DerbyDialect, java.class.path=C:\Users\prish\Documents\SupermarketSimulatorGUI\SupermarketSimulatorGUI\target\test-classes;C:\Users\prish\Documents\SupermarketSimulatorGUI\SupermarketSimulatorGUI\target\classes;C:\Users\prish\.m2\repository\org\hibernate\orm\hibernate-core\6.5.0.Final\hibernate-core-6.5.0.Final.jar;C:\Users\prish\.m2\repository\jakarta\persistence\jakarta.persistence-api\3.1.0\jakarta.persistence-api-3.1.0.jar;C:\Users\prish\.m2\repository\jakarta\transaction\jakarta.transaction-api\2.0.1\jakarta.transaction-api-2.0.1.jar;C:\Users\prish\.m2\repository\org\jboss\logging\jboss-logging\3.5.0.Final\jboss-logging-3.5.0.Final.jar;C:\Users\prish\.m2\repository\org\hibernate\common\hibernate-commons-annotations\6.0.6.Final\hibernate-commons-annotations-6.0.6.Final.jar;C:\Users\prish\.m2\repository\io\smallrye\jandex\3.1.2\jandex-3.1.2.jar;C:\Users\prish\.m2\repository\com\fasterxml\classmate\1.5.1\classmate-1.5.1.jar;C:\Users\prish\.m2\repository\net\bytebuddy\byte-buddy\1.14.12\byte-buddy-1.14.12.jar;C:\Users\prish\.m2\repository\jakarta\xml\bind\jakarta.xml.bind-api\4.0.0\jakarta.xml.bind-api-4.0.0.jar;C:\Users\prish\.m2\repository\jakarta\activation\jakarta.activation-api\2.1.0\jakarta.activation-api-2.1.0.jar;C:\Users\prish\.m2\repository\org\glassfish\jaxb\jaxb-runtime\4.0.2\jaxb-runtime-4.0.2.jar;C:\Users\prish\.m2\repository\org\glassfish\jaxb\jaxb-core\4.0.2\jaxb-core-4.0.2.jar;C:\Users\prish\.m2\repository\org\eclipse\angus\angus-activation\2.0.0\angus-activation-2.0.0.jar;C:\Users\prish\.m2\repository\org\glassfish\jaxb\txw2\4.0.2\txw2-4.0.2.jar;C:\Users\prish\.m2\repository\com\sun\istack\istack-commons-runtime\4.1.1\istack-commons-runtime-4.1.1.jar;C:\Users\prish\.m2\repository\jakarta\inject\jakarta.inject-api\2.0.1\jakarta.inject-api-2.0.1.jar;C:\Users\prish\.m2\repository\org\antlr\antlr4-runtime\4.13.0\antlr4-runtime-4.13.0.jar;C:\Users\prish\.m2\repository\org\apache\derby\derby\10.17.1.0\derby-10.17.1.0.jar;C:\Users\prish\.m2\repository\org\apache\derby\derbyshared\10.17.1.0\derbyshared-10.17.1.0.jar;C:\Users\prish\.m2\repository\org\apache\derby\derbyclient\10.17.1.0\derbyclient-10.17.1.0.jar;C:\Users\prish\.m2\repository\org\apache\derby\derbytools\10.17.1.0\derbytools-10.17.1.0.jar;C:\Users\prish\.m2\repository\org\slf4j\slf4j-api\2.0.13\slf4j-api-2.0.13.jar;C:\Users\prish\.m2\repository\ch\qos\logback\logback-classic\1.5.6\logback-classic-1.5.6.jar;C:\Users\prish\.m2\repository\ch\qos\logback\logback-core\1.5.6\logback-core-1.5.6.jar;C:\Users\prish\.m2\repository\junit\junit\4.13.2\junit-4.13.2.jar;C:\Users\prish\.m2\repository\org\hamcrest\hamcrest-core\1.3\hamcrest-core-1.3.jar;, sun.awt.enableExtraMouseButtons=true, java.vm.vendor=Oracle Corporation, sun.arch.data.model=64, user.variant=, java.vendor.url=https://java.oracle.com/, user.timezone=Pacific/Auckland, java.vm.specification.version=21, os.name=Windows 11, sun.java.launcher=SUN_STANDARD, user.country=AU, sun.boot.library.path=C:\Program Files\Java\jdk-21\bin, sun.java.command=C:\Users\prish\AppData\Local\Temp\surefire15678458209395325855\surefirebooter-20250616123227660_3.jar C:\Users\prish\AppData\Local\Temp\surefire15678458209395325855 2025-06-16T12-32-27_554-jvmRun1 surefire-20250616123227660_1tmp surefire_0-20250616123227660_2tmp, jdk.debug=release, surefire.test.class.path=C:\Users\prish\Documents\SupermarketSimulatorGUI\SupermarketSimulatorGUI\target\test-classes;C:\Users\prish\Documents\SupermarketSimulatorGUI\SupermarketSimulatorGUI\target\classes;C:\Users\prish\.m2\repository\org\hibernate\orm\hibernate-core\6.5.0.Final\hibernate-core-6.5.0.Final.jar;C:\Users\prish\.m2\repository\jakarta\persistence\jakarta.persistence-api\3.1.0\jakarta.persistence-api-3.1.0.jar;C:\Users\prish\.m2\repository\jakarta\transaction\jakarta.transaction-api\2.0.1\jakarta.transaction-api-2.0.1.jar;C:\Users\prish\.m2\repository\org\jboss\logging\jboss-logging\3.5.0.Final\jboss-logging-3.5.0.Final.jar;C:\Users\prish\.m2\repository\org\hibernate\common\hibernate-commons-annotations\6.0.6.Final\hibernate-commons-annotations-6.0.6.Final.jar;C:\Users\prish\.m2\repository\io\smallrye\jandex\3.1.2\jandex-3.1.2.jar;C:\Users\prish\.m2\repository\com\fasterxml\classmate\1.5.1\classmate-1.5.1.jar;C:\Users\prish\.m2\repository\net\bytebuddy\byte-buddy\1.14.12\byte-buddy-1.14.12.jar;C:\Users\prish\.m2\repository\jakarta\xml\bind\jakarta.xml.bind-api\4.0.0\jakarta.xml.bind-api-4.0.0.jar;C:\Users\prish\.m2\repository\jakarta\activation\jakarta.activation-api\2.1.0\jakarta.activation-api-2.1.0.jar;C:\Users\prish\.m2\repository\org\glassfish\jaxb\jaxb-runtime\4.0.2\jaxb-runtime-4.0.2.jar;C:\Users\prish\.m2\repository\org\glassfish\jaxb\jaxb-core\4.0.2\jaxb-core-4.0.2.jar;C:\Users\prish\.m2\repository\org\eclipse\angus\angus-activation\2.0.0\angus-activation-2.0.0.jar;C:\Users\prish\.m2\repository\org\glassfish\jaxb\txw2\4.0.2\txw2-4.0.2.jar;C:\Users\prish\.m2\repository\com\sun\istack\istack-commons-runtime\4.1.1\istack-commons-runtime-4.1.1.jar;C:\Users\prish\.m2\repository\jakarta\inject\jakarta.inject-api\2.0.1\jakarta.inject-api-2.0.1.jar;C:\Users\prish\.m2\repository\org\antlr\antlr4-runtime\4.13.0\antlr4-runtime-4.13.0.jar;C:\Users\prish\.m2\repository\org\apache\derby\derby\10.17.1.0\derby-10.17.1.0.jar;C:\Users\prish\.m2\repository\org\apache\derby\derbyshared\10.17.1.0\derbyshared-10.17.1.0.jar;C:\Users\prish\.m2\repository\org\apache\derby\derbyclient\10.17.1.0\derbyclient-10.17.1.0.jar;C:\Users\prish\.m2\repository\org\apache\derby\derbytools\10.17.1.0\derbytools-10.17.1.0.jar;C:\Users\prish\.m2\repository\org\slf4j\slf4j-api\2.0.13\slf4j-api-2.0.13.jar;C:\Users\prish\.m2\repository\ch\qos\logback\logback-classic\1.5.6\logback-classic-1.5.6.jar;C:\Users\prish\.m2\repository\ch\qos\logback\logback-core\1.5.6\logback-core-1.5.6.jar;C:\Users\prish\.m2\repository\junit\junit\4.13.2\junit-4.13.2.jar;C:\Users\prish\.m2\repository\org\hamcrest\hamcrest-core\1.3\hamcrest-core-1.3.jar;, sun.cpu.endian=little, user.home=C:\Users\prish, user.language=en, java.specification.vendor=Oracle Corporation, java.version.date=2024-10-15, java.home=C:\Program Files\Java\jdk-21, file.separator=\, basedir=C:\Users\prish\Documents\SupermarketSimulatorGUI\SupermarketSimulatorGUI, java.vm.compressedOopsMode=Zero based, line.separator=
, java.vm.specification.vendor=Oracle Corporation, java.specification.name=Java Platform API Specification, surefire.real.class.path=C:\Users\prish\AppData\Local\Temp\surefire15678458209395325855\surefirebooter-20250616123227660_3.jar, hibernate.hbm2ddl.auto=update, user.script=, sun.management.compiler=HotSpot 64-Bit Tiered Compilers, java.runtime.version=21.0.5+9-LTS-239, user.name=prish, stdout.encoding=Cp1252, path.separator=;, hibernate.connection.username=****, os.version=10.0, java.runtime.name=Java(TM) SE Runtime Environment, hibernate.connection.url=jdbc:derby:database/SupermarketDB;create=true, file.encoding=UTF-8, java.vm.name=Java HotSpot(TM) 64-Bit Server VM, hibernate.show_sql=false, maven.ext.class.path=C:\Program Files\NetBeans-23\netbeans\java\maven-nblib\netbeans-eventspy.jar, localRepository=C:\Users\prish\.m2\repository, hibernate.connection.driver_class=org.apache.derby.jdbc.EmbeddedDriver, java.vendor.url.bug=https://bugreport.java.com/bugreport/, java.io.tmpdir=C:\Users\prish\AppData\Local\Temp\, java.version=21.0.5, user.dir=C:\Users\prish\Documents\SupermarketSimulatorGUI\SupermarketSimulatorGUI, os.arch=amd64, java.vm.specification.name=Java Virtual Machine Specification, hibernate.connection.password=****, sun.os.patch.level=, hibernate.boot.CfgXmlAccessService.key=org.hibernate.boot.cfgxml.spi.LoadedConfig@31b650e9, native.encoding=Cp1252, java.library.path=C:\Program Files\Java\jdk-21\bin;C:\WINDOWS\Sun\Java\bin;C:\WINDOWS\system32;C:\WINDOWS;C:\Program Files\Common Files\Oracle\Java\javapath;C:\WINDOWS\system32;C:\WINDOWS;C:\WINDOWS\System32\Wbem;C:\WINDOWS\System32\WindowsPowerShell\v1.0\;C:\WINDOWS\System32\OpenSSH\;C:\Program Files (x86)\NVIDIA Corporation\PhysX\Common;C:\Program Files\NVIDIA Corporation\NVIDIA app\NvDLISR;C:\Program Files\Git\cmd;C:\Users\prish\AppData\Local\Microsoft\WindowsApps;C:\Users\prish\AppData\Local\Programs\Microsoft VS Code\bin;C:\Users\prish\AppData\Local\JetBrains\Toolbox\scripts;C:\Users\prish\AppData\Local\GitHubDesktop\bin;., stderr.encoding=Cp1252, java.vendor=Oracle Corporation, java.vm.info=mixed mode, sharing, java.vm.version=21.0.5+9-LTS-239, sun.io.unicode.encoding=UnicodeLittle, java.class.version=65.0}
12:32:29.990 [main] DEBUG org.hibernate.internal.SessionFactoryImpl -- Session factory constructed with filter configurations : {}
12:32:29.990 [main] DEBUG org.hibernate.query.sqm.function.SqmFunctionRegistry -- Registered SqmFunctionTemplate [NamedSqmFunctionTemplate(max)] under max; prior registration was null
12:32:29.990 [main] DEBUG org.hibernate.query.sqm.function.SqmFunctionRegistry -- Registered SqmFunctionTemplate [NamedSqmFunctionTemplate(min)] under min; prior registration was null
12:32:29.990 [main] DEBUG org.hibernate.query.sqm.function.SqmFunctionRegistry -- Registered SqmFunctionTemplate [NamedSqmFunctionTemplate(sum)] under sum; prior registration was null
12:32:29.990 [main] DEBUG org.hibernate.query.sqm.function.SqmFunctionRegistry -- Registered SqmFunctionTemplate [NamedSqmFunctionTemplate(avg)] under avg; prior registration was null
12:32:29.990 [main] DEBUG org.hibernate.query.sqm.function.SqmFunctionRegistry -- Registered SqmFunctionTemplate [org.hibernate.dialect.function.CountFunction@683fe7b5] under count; prior registration was null
12:32:29.990 [main] DEBUG org.hibernate.query.sqm.function.SqmFunctionRegistry -- Registered SqmFunctionTemplate [org.hibernate.dialect.function.EveryAnyEmulation@5b5b8730] under every; prior registration was null
12:32:29.990 [main] DEBUG org.hibernate.query.sqm.function.SqmFunctionRegistry -- Registered SqmFunctionTemplate [org.hibernate.dialect.function.EveryAnyEmulation@93fb44] under any; prior registration was null
12:32:29.990 [main] DEBUG org.hibernate.query.sqm.function.SqmFunctionRegistry -- Registered SqmFunctionTemplate [NamedSqmFunctionTemplate(floor)] under floor; prior registration was null
12:32:29.990 [main] DEBUG org.hibernate.query.sqm.function.SqmFunctionRegistry -- Registered SqmFunctionTemplate [NamedSqmFunctionTemplate(ceiling)] under ceiling; prior registration was null
12:32:29.990 [main] DEBUG org.hibernate.query.sqm.function.SqmFunctionRegistry -- Registered SqmFunctionTemplate [NamedSqmFunctionTemplate(mod)] under mod; prior registration was null
12:32:29.990 [main] DEBUG org.hibernate.query.sqm.function.SqmFunctionRegistry -- Registered SqmFunctionTemplate [NamedSqmFunctionTemplate(abs)] under abs; prior registration was null
12:32:29.991 [main] DEBUG org.hibernate.query.sqm.function.SqmFunctionRegistry -- Registered SqmFunctionTemplate [NamedSqmFunctionTemplate(sign)] under sign; prior registration was null
12:32:29.991 [main] DEBUG org.hibernate.query.sqm.function.SqmFunctionRegistry -- Registered SqmFunctionTemplate [NamedSqmFunctionTemplate(sqrt)] under sqrt; prior registration was null
12:32:29.991 [main] DEBUG org.hibernate.query.sqm.function.SqmFunctionRegistry -- Registered SqmFunctionTemplate [NamedSqmFunctionTemplate(ln)] under ln; prior registration was null
12:32:29.991 [main] DEBUG org.hibernate.query.sqm.function.SqmFunctionRegistry -- Registered SqmFunctionTemplate [NamedSqmFunctionTemplate(exp)] under exp; prior registration was null
12:32:29.991 [main] DEBUG org.hibernate.query.sqm.function.SqmFunctionRegistry -- Registered SqmFunctionTemplate [NamedSqmFunctionTemplate(power)] under power; prior registration was null
12:32:29.991 [main] DEBUG org.hibernate.query.sqm.function.SqmFunctionRegistry -- Registered SqmFunctionTemplate [NamedSqmFunctionTemplate(round)] under round; prior registration was null
12:32:29.991 [main] DEBUG org.hibernate.query.sqm.function.SqmFunctionRegistry -- Registered SqmFunctionTemplate [NamedSqmFunctionTemplate(sin)] under sin; prior registration was null
12:32:29.991 [main] DEBUG org.hibernate.query.sqm.function.SqmFunctionRegistry -- Registered SqmFunctionTemplate [NamedSqmFunctionTemplate(cos)] under cos; prior registration was null
12:32:29.991 [main] DEBUG org.hibernate.query.sqm.function.SqmFunctionRegistry -- Registered SqmFunctionTemplate [NamedSqmFunctionTemplate(tan)] under tan; prior registration was null
12:32:29.991 [main] DEBUG org.hibernate.query.sqm.function.SqmFunctionRegistry -- Registered SqmFunctionTemplate [NamedSqmFunctionTemplate(asin)] under asin; prior registration was null
12:32:29.991 [main] DEBUG org.hibernate.query.sqm.function.SqmFunctionRegistry -- Registered SqmFunctionTemplate [NamedSqmFunctionTemplate(acos)] under acos; prior registration was null
12:32:29.991 [main] DEBUG org.hibernate.query.sqm.function.SqmFunctionRegistry -- Registered SqmFunctionTemplate [NamedSqmFunctionTemplate(atan)] under atan; prior registration was null
12:32:29.991 [main] DEBUG org.hibernate.query.sqm.function.SqmFunctionRegistry -- Registered SqmFunctionTemplate [NamedSqmFunctionTemplate(atan2)] under atan2; prior registration was null
12:32:29.991 [main] DEBUG org.hibernate.query.sqm.function.SqmFunctionRegistry -- Registered SqmFunctionTemplate [org.hibernate.query.sqm.function.PatternBasedSqmFunctionDescriptor@321c2a7] under sinh; prior registration was null
12:32:29.991 [main] DEBUG org.hibernate.query.sqm.function.SqmFunctionRegistry -- Registered SqmFunctionTemplate [org.hibernate.query.sqm.function.PatternBasedSqmFunctionDescriptor@14b48f39] under cosh; prior registration was null
12:32:29.991 [main] DEBUG org.hibernate.query.sqm.function.SqmFunctionRegistry -- Registered SqmFunctionTemplate [org.hibernate.query.sqm.function.PatternBasedSqmFunctionDescriptor@13d1f898] under tanh; prior registration was null
12:32:29.991 [main] DEBUG org.hibernate.query.sqm.function.SqmFunctionRegistry -- Registered SqmFunctionTemplate [org.hibernate.query.sqm.function.PatternBasedSqmFunctionDescriptor@c87787d] under pi; prior registration was null
12:32:29.991 [main] DEBUG org.hibernate.query.sqm.function.SqmFunctionRegistry -- Registered SqmFunctionTemplate [org.hibernate.query.sqm.function.PatternBasedSqmFunctionDescriptor@1bea7b0] under log; prior registration was null
12:32:29.991 [main] DEBUG org.hibernate.query.sqm.function.SqmFunctionRegistry -- Registered SqmFunctionTemplate [NamedSqmFunctionTemplate(coalesce)] under coalesce; prior registration was null
12:32:29.991 [main] DEBUG org.hibernate.query.sqm.function.SqmFunctionRegistry -- Registered SqmFunctionTemplate [NamedSqmFunctionTemplate(nullif)] under nullif; prior registration was null
12:32:29.991 [main] DEBUG org.hibernate.query.sqm.function.SqmFunctionRegistry -- Registered SqmFunctionTemplate [NamedSqmFunctionTemplate(left)] under left; prior registration was null
12:32:29.991 [main] DEBUG org.hibernate.query.sqm.function.SqmFunctionRegistry -- Registered SqmFunctionTemplate [NamedSqmFunctionTemplate(right)] under right; prior registration was null
12:32:29.991 [main] DEBUG org.hibernate.query.sqm.function.SqmFunctionRegistry -- Registered SqmFunctionTemplate [NamedSqmFunctionTemplate(replace)] under replace; prior registration was null
12:32:29.991 [main] DEBUG org.hibernate.query.sqm.function.SqmFunctionRegistry -- Registered SqmFunctionTemplate [NamedSqmFunctionTemplate(concat)] under concat; prior registration was null
12:32:29.991 [main] DEBUG org.hibernate.query.sqm.function.SqmFunctionRegistry -- Registered SqmFunctionTemplate [NamedSqmFunctionTemplate(lower)] under lower; prior registration was null
12:32:29.991 [main] DEBUG org.hibernate.query.sqm.function.SqmFunctionRegistry -- Registered SqmFunctionTemplate [NamedSqmFunctionTemplate(upper)] under upper; prior registration was null
12:32:29.991 [main] DEBUG org.hibernate.query.sqm.function.SqmFunctionRegistry -- Registered SqmFunctionTemplate [NamedSqmFunctionTemplate(substring)] under substring; prior registration was null
12:32:29.991 [main] DEBUG org.hibernate.query.sqm.function.SqmFunctionRegistry -- Registered SqmFunctionTemplate [NamedSqmFunctionTemplate(locate)] under locate; prior registration was null
12:32:29.991 [main] DEBUG org.hibernate.query.sqm.function.SqmFunctionRegistry -- Registered SqmFunctionTemplate [NamedSqmFunctionTemplate(character_length)] under character_length; prior registration was null
12:32:29.991 [main] DEBUG org.hibernate.query.sqm.function.SqmFunctionRegistry -- Registering alternate key : length -> character_length
12:32:29.991 [main] DEBUG org.hibernate.query.sqm.function.SqmFunctionRegistry -- Registered SqmFunctionTemplate [org.hibernate.dialect.function.LocatePositionEmulation@31433df9] under position; prior registration was null
12:32:29.991 [main] DEBUG org.hibernate.query.sqm.function.SqmFunctionRegistry -- Registered SqmFunctionTemplate [org.hibernate.dialect.function.InsertSubstringOverlayEmulation@2d4a0671] under overlay; prior registration was null
12:32:29.991 [main] DEBUG org.hibernate.query.sqm.function.SqmFunctionRegistry -- Registered SqmFunctionTemplate [org.hibernate.dialect.function.TrimFunction@1ab9c735] under trim; prior registration was null
12:32:29.991 [main] DEBUG org.hibernate.query.sqm.function.SqmFunctionRegistry -- Registered SqmFunctionTemplate [org.hibernate.dialect.function.CastFunction@6e4e60f5] under cast; prior registration was null
12:32:29.991 [main] DEBUG org.hibernate.query.sqm.function.SqmFunctionRegistry -- Registered SqmFunctionTemplate [org.hibernate.query.sqm.function.PatternBasedSqmFunctionDescriptor@464a3430] under collate; prior registration was null
12:32:29.991 [main] DEBUG org.hibernate.query.sqm.function.SqmFunctionRegistry -- Registered SqmFunctionTemplate [org.hibernate.dialect.function.ExtractFunction@3bcedb06] under extract; prior registration was null
12:32:29.991 [main] DEBUG org.hibernate.query.sqm.function.SqmFunctionRegistry -- Registered SqmFunctionTemplate [NamedSqmFunctionTemplate(least)] under least; prior registration was null
12:32:29.991 [main] DEBUG org.hibernate.query.sqm.function.SqmFunctionRegistry -- Registered SqmFunctionTemplate [NamedSqmFunctionTemplate(greatest)] under greatest; prior registration was null
12:32:29.991 [main] DEBUG org.hibernate.query.sqm.function.SqmFunctionRegistry -- Registered SqmFunctionTemplate [org.hibernate.dialect.function.CoalesceIfnullEmulation@6f9a3325] under ifnull; prior registration was null
12:32:29.991 [main] DEBUG org.hibernate.query.sqm.function.SqmFunctionRegistry -- Registered SqmFunctionTemplate [NamedSqmFunctionTemplate(lpad)] under lpad; prior registration was null
12:32:29.991 [main] DEBUG org.hibernate.query.sqm.function.SqmFunctionRegistry -- Registered SqmFunctionTemplate [NamedSqmFunctionTemplate(rpad)] under rpad; prior registration was null
12:32:29.991 [main] DEBUG org.hibernate.query.sqm.function.SqmFunctionRegistry -- Registered SqmFunctionTemplate [org.hibernate.dialect.function.LpadRpadPadEmulation@72ceafeb] under pad; prior registration was null
12:32:29.991 [main] DEBUG org.hibernate.query.sqm.function.SqmFunctionRegistry -- Registered SqmFunctionTemplate [org.hibernate.dialect.function.CastStrEmulation@65b2ee36] under str; prior registration was null
12:32:29.991 [main] DEBUG org.hibernate.query.sqm.function.SqmFunctionRegistry -- Registered SqmFunctionTemplate [org.hibernate.dialect.function.FormatFunction@28e91f6d] under format; prior registration was null
12:32:29.991 [main] DEBUG org.hibernate.query.sqm.function.SqmFunctionRegistry -- Registered SqmFunctionTemplate [org.hibernate.dialect.function.TimestampaddFunction@16d4024e] under timestampadd; prior registration was null
12:32:29.991 [main] DEBUG org.hibernate.query.sqm.function.SqmFunctionRegistry -- Registered SqmFunctionTemplate [org.hibernate.dialect.function.TimestampdiffFunction@11e24688] under timestampdiff; prior registration was null
12:32:29.991 [main] DEBUG org.hibernate.query.sqm.function.SqmFunctionRegistry -- Registering alternate key : dateadd -> timestampadd
12:32:29.991 [main] DEBUG org.hibernate.query.sqm.function.SqmFunctionRegistry -- Registering alternate key : datediff -> timestampdiff
12:32:29.991 [main] DEBUG org.hibernate.query.sqm.function.SqmFunctionRegistry -- Registered SqmFunctionTemplate [org.hibernate.dialect.function.CurrentFunction@63d3c9dc] under current_date; prior registration was null
12:32:29.991 [main] DEBUG org.hibernate.query.sqm.function.SqmFunctionRegistry -- Registered SqmFunctionTemplate [org.hibernate.dialect.function.CurrentFunction@3a1a0bc] under current_time; prior registration was null
12:32:29.991 [main] DEBUG org.hibernate.query.sqm.function.SqmFunctionRegistry -- Registered SqmFunctionTemplate [org.hibernate.dialect.function.CurrentFunction@35d114f4] under current_timestamp; prior registration was null
12:32:29.991 [main] DEBUG org.hibernate.query.sqm.function.SqmFunctionRegistry -- Registering alternate key : current date -> current_date
12:32:29.991 [main] DEBUG org.hibernate.query.sqm.function.SqmFunctionRegistry -- Registering alternate key : current time -> current_time
12:32:29.991 [main] DEBUG org.hibernate.query.sqm.function.SqmFunctionRegistry -- Registering alternate key : current timestamp -> current_timestamp
12:32:29.991 [main] DEBUG org.hibernate.query.sqm.function.SqmFunctionRegistry -- Registered SqmFunctionTemplate [org.hibernate.dialect.function.CurrentFunction@3684d2c0] under local_date; prior registration was null
12:32:29.991 [main] DEBUG org.hibernate.query.sqm.function.SqmFunctionRegistry -- Registered SqmFunctionTemplate [org.hibernate.dialect.function.CurrentFunction@4be460e5] under local_time; prior registration was null
12:32:29.991 [main] DEBUG org.hibernate.query.sqm.function.SqmFunctionRegistry -- Registered SqmFunctionTemplate [org.hibernate.dialect.function.CurrentFunction@454e9d65] under local_datetime; prior registration was null
12:32:29.991 [main] DEBUG org.hibernate.query.sqm.function.SqmFunctionRegistry -- Registered SqmFunctionTemplate [org.hibernate.dialect.function.CurrentFunction@7805478c] under offset_datetime; prior registration was null
12:32:29.991 [main] DEBUG org.hibernate.query.sqm.function.SqmFunctionRegistry -- Registering alternate key : local date -> local_date
12:32:29.991 [main] DEBUG org.hibernate.query.sqm.function.SqmFunctionRegistry -- Registering alternate key : local time -> local_time
12:32:29.991 [main] DEBUG org.hibernate.query.sqm.function.SqmFunctionRegistry -- Registering alternate key : local datetime -> local_datetime
12:32:29.991 [main] DEBUG org.hibernate.query.sqm.function.SqmFunctionRegistry -- Registering alternate key : offset datetime -> offset_datetime
12:32:29.991 [main] DEBUG org.hibernate.query.sqm.function.SqmFunctionRegistry -- Registered SqmFunctionTemplate [org.hibernate.dialect.function.CurrentFunction@6807989e] under instant; prior registration was null
12:32:29.991 [main] DEBUG org.hibernate.query.sqm.function.SqmFunctionRegistry -- Registering alternate key : current_instant -> instant
12:32:29.991 [main] DEBUG org.hibernate.query.sqm.function.SqmFunctionRegistry -- Registered SqmFunctionTemplate [org.hibernate.dialect.function.SqlFunction@c2e33] under sql; prior registration was null
12:32:29.991 [main] DEBUG org.hibernate.query.sqm.function.SqmFunctionRegistry -- Registered SqmFunctionTemplate [NamedSqmFunctionTemplate(max)] under max; prior registration was NamedSqmFunctionTemplate(max)
12:32:29.991 [main] DEBUG org.hibernate.query.sqm.function.SqmFunctionRegistry -- Registered SqmFunctionTemplate [NamedSqmFunctionTemplate(min)] under min; prior registration was NamedSqmFunctionTemplate(min)
12:32:29.991 [main] DEBUG org.hibernate.query.sqm.function.SqmFunctionRegistry -- Registered SqmFunctionTemplate [NamedSqmFunctionTemplate(sum)] under sum; prior registration was NamedSqmFunctionTemplate(sum)
12:32:29.991 [main] DEBUG org.hibernate.query.sqm.function.SqmFunctionRegistry -- Registered SqmFunctionTemplate [NamedSqmFunctionTemplate(avg)] under avg; prior registration was NamedSqmFunctionTemplate(avg)
12:32:29.991 [main] DEBUG org.hibernate.query.sqm.function.SqmFunctionRegistry -- Registered SqmFunctionTemplate [org.hibernate.dialect.function.CountFunction@31183ee2] under count; prior registration was org.hibernate.dialect.function.CountFunction@683fe7b5
12:32:29.991 [main] DEBUG org.hibernate.query.sqm.function.SqmFunctionRegistry -- Registered SqmFunctionTemplate [org.hibernate.dialect.function.CountFunction@63f3366a] under count; prior registration was org.hibernate.dialect.function.CountFunction@31183ee2
12:32:29.991 [main] DEBUG org.hibernate.query.sqm.function.SqmFunctionRegistry -- Registered SqmFunctionTemplate [org.hibernate.dialect.function.AvgFunction@37e491e2] under avg; prior registration was NamedSqmFunctionTemplate(avg)
12:32:29.991 [main] DEBUG org.hibernate.query.sqm.function.SqmFunctionRegistry -- Registered SqmFunctionTemplate [org.hibernate.dialect.function.ChrLiteralEmulation@56f84c9b] under chr; prior registration was null
12:32:29.991 [main] DEBUG org.hibernate.query.sqm.function.SqmFunctionRegistry -- Registered SqmFunctionTemplate [org.hibernate.query.sqm.function.PatternBasedSqmFunctionDescriptor@26679788] under concat; prior registration was NamedSqmFunctionTemplate(concat)
12:32:29.991 [main] DEBUG org.hibernate.query.sqm.function.SqmFunctionRegistry -- Registered SqmFunctionTemplate [NamedSqmFunctionTemplate(cot)] under cot; prior registration was null
12:32:29.991 [main] DEBUG org.hibernate.query.sqm.function.SqmFunctionRegistry -- Registered SqmFunctionTemplate [NamedSqmFunctionTemplate(degrees)] under degrees; prior registration was null
12:32:29.991 [main] DEBUG org.hibernate.query.sqm.function.SqmFunctionRegistry -- Registered SqmFunctionTemplate [NamedSqmFunctionTemplate(radians)] under radians; prior registration was null
12:32:29.991 [main] DEBUG org.hibernate.query.sqm.function.SqmFunctionRegistry -- Registered SqmFunctionTemplate [NamedSqmFunctionTemplate(log10)] under log10; prior registration was null
12:32:29.991 [main] DEBUG org.hibernate.query.sqm.function.SqmFunctionRegistry -- Registered SqmFunctionTemplate [NamedSqmFunctionTemplate(sinh)] under sinh; prior registration was org.hibernate.query.sqm.function.PatternBasedSqmFunctionDescriptor@321c2a7
12:32:29.991 [main] DEBUG org.hibernate.query.sqm.function.SqmFunctionRegistry -- Registered SqmFunctionTemplate [NamedSqmFunctionTemplate(cosh)] under cosh; prior registration was org.hibernate.query.sqm.function.PatternBasedSqmFunctionDescriptor@14b48f39
12:32:29.991 [main] DEBUG org.hibernate.query.sqm.function.SqmFunctionRegistry -- Registered SqmFunctionTemplate [NamedSqmFunctionTemplate(tanh)] under tanh; prior registration was org.hibernate.query.sqm.function.PatternBasedSqmFunctionDescriptor@13d1f898
12:32:29.991 [main] DEBUG org.hibernate.query.sqm.function.SqmFunctionRegistry -- Registered SqmFunctionTemplate [NamedSqmFunctionTemplate(pi)] under pi; prior registration was org.hibernate.query.sqm.function.PatternBasedSqmFunctionDescriptor@c87787d
12:32:29.991 [main] DEBUG org.hibernate.query.sqm.function.SqmFunctionRegistry -- Registered SqmFunctionTemplate [NamedSqmFunctionTemplate(rand)] under rand; prior registration was null
12:32:29.991 [main] DEBUG org.hibernate.query.sqm.function.SqmFunctionRegistry -- Registered SqmFunctionTemplate [NamedSqmFunctionTemplate(ltrim)] under ltrim; prior registration was null
12:32:29.991 [main] DEBUG org.hibernate.query.sqm.function.SqmFunctionRegistry -- Registered SqmFunctionTemplate [NamedSqmFunctionTemplate(rtrim)] under rtrim; prior registration was null
12:32:29.991 [main] DEBUG org.hibernate.query.sqm.function.SqmFunctionRegistry -- Registered SqmFunctionTemplate [NamedSqmFunctionTemplate(hour)] under hour; prior registration was null
12:32:29.991 [main] DEBUG org.hibernate.query.sqm.function.SqmFunctionRegistry -- Registered SqmFunctionTemplate [NamedSqmFunctionTemplate(minute)] under minute; prior registration was null
12:32:29.991 [main] DEBUG org.hibernate.query.sqm.function.SqmFunctionRegistry -- Registered SqmFunctionTemplate [NamedSqmFunctionTemplate(second)] under second; prior registration was null
12:32:29.991 [main] DEBUG org.hibernate.query.sqm.function.SqmFunctionRegistry -- Registered SqmFunctionTemplate [NamedSqmFunctionTemplate(microsecond)] under microsecond; prior registration was null
12:32:29.991 [main] DEBUG org.hibernate.query.sqm.function.SqmFunctionRegistry -- Registered SqmFunctionTemplate [NamedSqmFunctionTemplate(day)] under day; prior registration was null
12:32:29.991 [main] DEBUG org.hibernate.query.sqm.function.SqmFunctionRegistry -- Registered SqmFunctionTemplate [NamedSqmFunctionTemplate(month)] under month; prior registration was null
12:32:29.991 [main] DEBUG org.hibernate.query.sqm.function.SqmFunctionRegistry -- Registered SqmFunctionTemplate [NamedSqmFunctionTemplate(year)] under year; prior registration was null
12:32:29.991 [main] DEBUG org.hibernate.query.sqm.function.SqmFunctionRegistry -- Registered SqmFunctionTemplate [NamedSqmFunctionTemplate(var_pop)] under var_pop; prior registration was null
12:32:29.991 [main] DEBUG org.hibernate.query.sqm.function.SqmFunctionRegistry -- Registered SqmFunctionTemplate [NamedSqmFunctionTemplate(var_samp)] under var_samp; prior registration was null
12:32:29.991 [main] DEBUG org.hibernate.query.sqm.function.SqmFunctionRegistry -- Registered SqmFunctionTemplate [NamedSqmFunctionTemplate(stddev_pop)] under stddev_pop; prior registration was null
12:32:29.991 [main] DEBUG org.hibernate.query.sqm.function.SqmFunctionRegistry -- Registered SqmFunctionTemplate [NamedSqmFunctionTemplate(stddev_samp)] under stddev_samp; prior registration was null
12:32:29.991 [main] DEBUG org.hibernate.query.sqm.function.SqmFunctionRegistry -- Registered SqmFunctionTemplate [NamedSqmFunctionTemplate(substr)] under substring; prior registration was NamedSqmFunctionTemplate(substring)
12:32:29.991 [main] DEBUG org.hibernate.query.sqm.function.SqmFunctionRegistry -- Registered SqmFunctionTemplate [org.hibernate.query.sqm.function.PatternBasedSqmFunctionDescriptor@5cdda548] under left; prior registration was NamedSqmFunctionTemplate(left)
12:32:29.991 [main] DEBUG org.hibernate.query.sqm.function.SqmFunctionRegistry -- Registered SqmFunctionTemplate [org.hibernate.query.sqm.function.PatternBasedSqmFunctionDescriptor@4f2544b0] under right; prior registration was NamedSqmFunctionTemplate(right)
12:32:29.991 [main] DEBUG org.hibernate.query.sqm.function.SqmFunctionRegistry -- Registered SqmFunctionTemplate [NamedSqmFunctionTemplate(length)] under length; prior registration was null
12:32:29.991 [main] DEBUG org.hibernate.query.sqm.function.SqmFunctionRegistry -- Registering alternate key : character_length -> length
12:32:29.991 [main] DEBUG org.hibernate.query.sqm.function.SqmFunctionRegistry -- Registered SqmFunctionTemplate [org.hibernate.query.sqm.function.PatternBasedSqmFunctionDescriptor@5bad555b] under power; prior registration was NamedSqmFunctionTemplate(power)
12:32:29.991 [main] DEBUG org.hibernate.query.sqm.function.SqmFunctionRegistry -- Registered SqmFunctionTemplate [org.hibernate.query.sqm.function.MultipatternSqmFunctionDescriptor@41ec4271] under round; prior registration was NamedSqmFunctionTemplate(round)
12:32:29.991 [main] DEBUG org.hibernate.query.sqm.function.SqmFunctionRegistry -- Registered SqmFunctionTemplate [org.hibernate.dialect.function.TruncFunction@70aa58e1] under trunc; prior registration was null
12:32:29.991 [main] DEBUG org.hibernate.query.sqm.function.SqmFunctionRegistry -- Registering alternate key : truncate -> trunc
12:32:29.991 [main] DEBUG org.hibernate.query.sqm.function.SqmFunctionRegistry -- Registered SqmFunctionTemplate [org.hibernate.query.sqm.function.PatternBasedSqmFunctionDescriptor@154f8280] under octet_length; prior registration was null
12:32:29.991 [main] DEBUG org.hibernate.query.sqm.function.SqmFunctionRegistry -- Registered SqmFunctionTemplate [org.hibernate.query.sqm.function.PatternBasedSqmFunctionDescriptor@24f90aff] under bit_length; prior registration was null
12:32:29.991 [main] DEBUG org.hibernate.query.sqm.function.SqmFunctionRegistry -- Registered SqmFunctionTemplate [org.hibernate.dialect.function.CastingConcatFunction@7252bdb] under concat; prior registration was org.hibernate.query.sqm.function.PatternBasedSqmFunctionDescriptor@26679788
12:32:29.991 [main] DEBUG org.hibernate.query.sqm.function.SqmFunctionRegistry -- Registered SqmFunctionTemplate [org.hibernate.dialect.function.DerbyLpadEmulation@25ea068e] under lpad; prior registration was NamedSqmFunctionTemplate(lpad)
12:32:29.991 [main] DEBUG org.hibernate.query.sqm.function.SqmFunctionRegistry -- Registered SqmFunctionTemplate [org.hibernate.dialect.function.DerbyRpadEmulation@4cd8db31] under rpad; prior registration was NamedSqmFunctionTemplate(rpad)
12:32:29.991 [main] DEBUG org.hibernate.query.sqm.function.SqmFunctionRegistry -- Registered SqmFunctionTemplate [org.hibernate.dialect.function.CaseLeastGreatestEmulation@201a8ea7] under least; prior registration was NamedSqmFunctionTemplate(least)
12:32:29.991 [main] DEBUG org.hibernate.query.sqm.function.SqmFunctionRegistry -- Registered SqmFunctionTemplate [org.hibernate.dialect.function.CaseLeastGreatestEmulation@ecf028c] under greatest; prior registration was NamedSqmFunctionTemplate(greatest)
12:32:29.991 [main] DEBUG org.hibernate.query.sqm.function.SqmFunctionRegistry -- Registered SqmFunctionTemplate [org.hibernate.dialect.function.InsertSubstringOverlayEmulation@7b64bbad] under overlay; prior registration was org.hibernate.dialect.function.InsertSubstringOverlayEmulation@2d4a0671
12:32:29.991 [main] DEBUG org.hibernate.HQL_FUNCTIONS -- abs(NUMERIC arg)
12:32:29.991 [main] DEBUG org.hibernate.HQL_FUNCTIONS -- Double acos(NUMERIC arg)
12:32:29.991 [main] DEBUG org.hibernate.HQL_FUNCTIONS -- Boolean any(BOOLEAN arg)
12:32:29.991 [main] DEBUG org.hibernate.HQL_FUNCTIONS -- Double asin(NUMERIC arg)
12:32:29.991 [main] DEBUG org.hibernate.HQL_FUNCTIONS -- Double atan(NUMERIC arg)
12:32:29.991 [main] DEBUG org.hibernate.HQL_FUNCTIONS -- Double atan2(NUMERIC arg0, NUMERIC arg1)
12:32:29.991 [main] DEBUG org.hibernate.HQL_FUNCTIONS -- avg(NUMERIC arg)
12:32:29.991 [main] DEBUG org.hibernate.HQL_FUNCTIONS -- Integer bit_length(STRING_OR_CLOB arg)
12:32:29.991 [main] DEBUG org.hibernate.HQL_FUNCTIONS -- cast(arg as Type)
12:32:29.991 [main] DEBUG org.hibernate.HQL_FUNCTIONS -- ceiling(NUMERIC arg)
12:32:29.991 [main] DEBUG org.hibernate.HQL_FUNCTIONS -- Integer character_length(STRING_OR_CLOB arg)
12:32:29.991 [main] DEBUG org.hibernate.HQL_FUNCTIONS -- Character chr( ... )
12:32:29.991 [main] DEBUG org.hibernate.HQL_FUNCTIONS -- coalesce(arg0[, arg1[, ...]])
12:32:29.991 [main] DEBUG org.hibernate.HQL_FUNCTIONS -- String collate(STRING string as COLLATION collation)
12:32:29.991 [main] DEBUG org.hibernate.HQL_FUNCTIONS -- String concat(arg0[, arg1[, ...]])
12:32:29.991 [main] DEBUG org.hibernate.HQL_FUNCTIONS -- Double cos(NUMERIC arg)
12:32:29.991 [main] DEBUG org.hibernate.HQL_FUNCTIONS -- Double cosh(NUMERIC arg)
12:32:29.991 [main] DEBUG org.hibernate.HQL_FUNCTIONS -- Double cot(NUMERIC arg)
12:32:29.991 [main] DEBUG org.hibernate.HQL_FUNCTIONS -- Long count([distinct ]{arg|*})
12:32:29.991 [main] DEBUG org.hibernate.HQL_FUNCTIONS -- Date current date
12:32:29.991 [main] DEBUG org.hibernate.HQL_FUNCTIONS -- Time current time
12:32:29.991 [main] DEBUG org.hibernate.HQL_FUNCTIONS -- Timestamp current timestamp
12:32:29.991 [main] DEBUG org.hibernate.HQL_FUNCTIONS -- Date current_date
12:32:29.991 [main] DEBUG org.hibernate.HQL_FUNCTIONS -- Instant current_instant
12:32:29.991 [main] DEBUG org.hibernate.HQL_FUNCTIONS -- Time current_time
12:32:29.991 [main] DEBUG org.hibernate.HQL_FUNCTIONS -- Timestamp current_timestamp
12:32:29.991 [main] DEBUG org.hibernate.HQL_FUNCTIONS -- dateadd(TEMPORAL_UNIT field, INTEGER magnitude, TEMPORAL datetime)
12:32:29.991 [main] DEBUG org.hibernate.HQL_FUNCTIONS -- Long|Double datediff(TEMPORAL_UNIT field, TEMPORAL start, TEMPORAL end)
12:32:29.991 [main] DEBUG org.hibernate.HQL_FUNCTIONS -- Integer day(DATE arg)
12:32:29.991 [main] DEBUG org.hibernate.HQL_FUNCTIONS -- Double degrees(NUMERIC arg)
12:32:29.991 [main] DEBUG org.hibernate.HQL_FUNCTIONS -- Boolean every(BOOLEAN arg)
12:32:29.991 [main] DEBUG org.hibernate.HQL_FUNCTIONS -- Double exp(NUMERIC arg)
12:32:29.991 [main] DEBUG org.hibernate.HQL_FUNCTIONS -- extract(TEMPORAL_UNIT field from TEMPORAL arg)
12:32:29.991 [main] DEBUG org.hibernate.HQL_FUNCTIONS -- floor(NUMERIC arg)
12:32:29.991 [main] DEBUG org.hibernate.HQL_FUNCTIONS -- String format(TEMPORAL datetime as STRING pattern)
12:32:29.991 [main] DEBUG org.hibernate.HQL_FUNCTIONS -- greatest(COMPARABLE arg0[, COMPARABLE arg1[, ...]])
12:32:29.991 [main] DEBUG org.hibernate.HQL_FUNCTIONS -- Integer hour(TIME arg)
12:32:29.991 [main] DEBUG org.hibernate.HQL_FUNCTIONS -- ifnull(arg0, arg1)
12:32:29.991 [main] DEBUG org.hibernate.HQL_FUNCTIONS -- Instant instant
12:32:29.991 [main] DEBUG org.hibernate.HQL_FUNCTIONS -- least(COMPARABLE arg0[, COMPARABLE arg1[, ...]])
12:32:29.991 [main] DEBUG org.hibernate.HQL_FUNCTIONS -- String left(STRING string, INTEGER length)
12:32:29.991 [main] DEBUG org.hibernate.HQL_FUNCTIONS -- Integer length(STRING_OR_CLOB arg)
12:32:29.991 [main] DEBUG org.hibernate.HQL_FUNCTIONS -- Double ln(NUMERIC arg)
12:32:29.991 [main] DEBUG org.hibernate.HQL_FUNCTIONS -- LocalDate local date
12:32:29.991 [main] DEBUG org.hibernate.HQL_FUNCTIONS -- LocalDateTime local datetime
12:32:29.991 [main] DEBUG org.hibernate.HQL_FUNCTIONS -- LocalTime local time
12:32:29.991 [main] DEBUG org.hibernate.HQL_FUNCTIONS -- LocalDate local_date
12:32:29.991 [main] DEBUG org.hibernate.HQL_FUNCTIONS -- LocalDateTime local_datetime
12:32:29.991 [main] DEBUG org.hibernate.HQL_FUNCTIONS -- LocalTime local_time
12:32:29.991 [main] DEBUG org.hibernate.HQL_FUNCTIONS -- Integer locate(STRING pattern, STRING string[, INTEGER start])
12:32:29.991 [main] DEBUG org.hibernate.HQL_FUNCTIONS -- Double log(NUMERIC base, NUMERIC arg)
12:32:29.991 [main] DEBUG org.hibernate.HQL_FUNCTIONS -- Double log10(NUMERIC arg)
12:32:29.991 [main] DEBUG org.hibernate.HQL_FUNCTIONS -- String lower(STRING string)
12:32:29.991 [main] DEBUG org.hibernate.HQL_FUNCTIONS -- String lpad(STRNG string, INTEGER length)
12:32:29.991 [main] DEBUG org.hibernate.HQL_FUNCTIONS -- String ltrim(STRING string)
12:32:29.991 [main] DEBUG org.hibernate.HQL_FUNCTIONS -- max(COMPARABLE arg)
12:32:29.991 [main] DEBUG org.hibernate.HQL_FUNCTIONS -- Integer microsecond(TIME arg)
12:32:29.991 [main] DEBUG org.hibernate.HQL_FUNCTIONS -- min(COMPARABLE arg)
12:32:29.991 [main] DEBUG org.hibernate.HQL_FUNCTIONS -- Integer minute(TIME arg)
12:32:29.991 [main] DEBUG org.hibernate.HQL_FUNCTIONS -- Integer mod(INTEGER arg0, INTEGER arg1)
12:32:29.991 [main] DEBUG org.hibernate.HQL_FUNCTIONS -- Integer month(DATE arg)
12:32:29.991 [main] DEBUG org.hibernate.HQL_FUNCTIONS -- nullif(arg0, arg1)
12:32:29.991 [main] DEBUG org.hibernate.HQL_FUNCTIONS -- Integer octet_length(STRING_OR_CLOB arg)
12:32:29.991 [main] DEBUG org.hibernate.HQL_FUNCTIONS -- OffsetDateTime offset datetime
12:32:29.991 [main] DEBUG org.hibernate.HQL_FUNCTIONS -- OffsetDateTime offset_datetime
12:32:29.991 [main] DEBUG org.hibernate.HQL_FUNCTIONS -- String overlay(STRING string placing STRING replacement from INTEGER start[ for INTEGER length])
12:32:29.991 [main] DEBUG org.hibernate.HQL_FUNCTIONS -- String pad(STRING string with INTEGER length {leading|trailing}[ STRING character])
12:32:29.991 [main] DEBUG org.hibernate.HQL_FUNCTIONS -- Double pi
12:32:29.991 [main] DEBUG org.hibernate.HQL_FUNCTIONS -- Integer position(STRING pattern in STRING string)
12:32:29.991 [main] DEBUG org.hibernate.HQL_FUNCTIONS -- Double power(NUMERIC arg0, NUMERIC arg1)
12:32:29.992 [main] DEBUG org.hibernate.HQL_FUNCTIONS -- Double radians(NUMERIC arg)
12:32:29.992 [main] DEBUG org.hibernate.HQL_FUNCTIONS -- Double rand([INTEGER seed])
12:32:29.992 [main] DEBUG org.hibernate.HQL_FUNCTIONS -- String replace(STRING string, STRING pattern, STRING replacement)
12:32:29.992 [main] DEBUG org.hibernate.HQL_FUNCTIONS -- String right(STRING string, INTEGER length)
12:32:29.992 [main] DEBUG org.hibernate.HQL_FUNCTIONS -- round(NUMERIC number[, INTEGER places])
12:32:29.992 [main] DEBUG org.hibernate.HQL_FUNCTIONS -- String rpad(STRING string, INTEGER length)
12:32:29.992 [main] DEBUG org.hibernate.HQL_FUNCTIONS -- String rtrim(STRING string)
12:32:29.992 [main] DEBUG org.hibernate.HQL_FUNCTIONS -- Integer second(TIME arg)
12:32:29.992 [main] DEBUG org.hibernate.HQL_FUNCTIONS -- Integer sign(NUMERIC arg)
12:32:29.992 [main] DEBUG org.hibernate.HQL_FUNCTIONS -- Double sin(NUMERIC arg)
12:32:29.992 [main] DEBUG org.hibernate.HQL_FUNCTIONS -- Double sinh(NUMERIC arg)
12:32:29.992 [main] DEBUG org.hibernate.HQL_FUNCTIONS -- Object sql
12:32:29.992 [main] DEBUG org.hibernate.HQL_FUNCTIONS -- Double sqrt(NUMERIC arg)
12:32:29.992 [main] DEBUG org.hibernate.HQL_FUNCTIONS -- Double stddev_pop(NUMERIC arg)
12:32:29.992 [main] DEBUG org.hibernate.HQL_FUNCTIONS -- Double stddev_samp(NUMERIC arg)
12:32:29.992 [main] DEBUG org.hibernate.HQL_FUNCTIONS -- String str(arg)
12:32:29.992 [main] DEBUG org.hibernate.HQL_FUNCTIONS -- String substring(STRING string{ from|,} INTEGER start[{ for|,} INTEGER length])
12:32:29.992 [main] DEBUG org.hibernate.HQL_FUNCTIONS -- sum(arg)
12:32:29.992 [main] DEBUG org.hibernate.HQL_FUNCTIONS -- Double tan(NUMERIC arg)
12:32:29.992 [main] DEBUG org.hibernate.HQL_FUNCTIONS -- Double tanh(NUMERIC arg)
12:32:29.992 [main] DEBUG org.hibernate.HQL_FUNCTIONS -- timestampadd(TEMPORAL_UNIT field, INTEGER magnitude, TEMPORAL datetime)
12:32:29.992 [main] DEBUG org.hibernate.HQL_FUNCTIONS -- Long|Double timestampdiff(TEMPORAL_UNIT field, TEMPORAL start, TEMPORAL end)
12:32:29.992 [main] DEBUG org.hibernate.HQL_FUNCTIONS -- String trim([[{leading|trailing|both} ][STRING arg0 ]from] STRING arg1)
12:32:29.992 [main] DEBUG org.hibernate.HQL_FUNCTIONS -- trunc( ... )
12:32:29.992 [main] DEBUG org.hibernate.HQL_FUNCTIONS -- truncate( ... )
12:32:29.992 [main] DEBUG org.hibernate.HQL_FUNCTIONS -- String upper(STRING string)
12:32:29.992 [main] DEBUG org.hibernate.HQL_FUNCTIONS -- Double var_pop(NUMERIC arg)
12:32:29.992 [main] DEBUG org.hibernate.HQL_FUNCTIONS -- Double var_samp(NUMERIC arg)
12:32:29.992 [main] DEBUG org.hibernate.HQL_FUNCTIONS -- Integer year(DATE arg)
12:32:29.992 [main] DEBUG org.hibernate.orm.query.plan.cache -- Starting QueryInterpretationCache(2048)
12:32:29.992 [main] DEBUG org.hibernate.service.internal.SessionFactoryServiceRegistryImpl -- EventListenerRegistry access via ServiceRegistry is deprecated.  Use `sessionFactory.getEventEngine().getListenerRegistry()` instead
12:32:29.992 [main] DEBUG org.hibernate.event.internal.EntityCopyObserverFactoryInitiator -- Configured EntityCopyObserver strategy: disallow
12:32:29.992 [main] DEBUG org.hibernate.boot.internal.ClassLoaderAccessImpl -- Not known whether passed class name [com.pdcgame.Models.InventorySave] is safe
12:32:29.992 [main] DEBUG org.hibernate.boot.internal.ClassLoaderAccessImpl -- No temp ClassLoader provided; using live ClassLoader for loading potentially unsafe class : com.pdcgame.Models.InventorySave
12:32:29.996 [main] DEBUG org.hibernate.bytecode.internal.bytebuddy.BytecodeProviderImpl -- HHH000513: Unable to create the ReflectionOptimizer for [com.pdcgame.Models.InventorySave]: private accessor [quantity]
12:32:29.997 [main] DEBUG org.hibernate.boot.internal.ClassLoaderAccessImpl -- Not known whether passed class name [com.pdcgame.Models.GameSave] is safe
12:32:29.997 [main] DEBUG org.hibernate.boot.internal.ClassLoaderAccessImpl -- No temp ClassLoader provided; using live ClassLoader for loading potentially unsafe class : com.pdcgame.Models.GameSave
12:32:30.001 [main] DEBUG org.hibernate.bytecode.internal.bytebuddy.BytecodeProviderImpl -- HHH000513: Unable to create the ReflectionOptimizer for [com.pdcgame.Models.GameSave]: private accessor [actions]
12:32:30.001 [main] DEBUG org.hibernate.boot.internal.ClassLoaderAccessImpl -- Not known whether passed class name [com.pdcgame.Models.BoardSave] is safe
12:32:30.001 [main] DEBUG org.hibernate.boot.internal.ClassLoaderAccessImpl -- No temp ClassLoader provided; using live ClassLoader for loading potentially unsafe class : com.pdcgame.Models.BoardSave
12:32:30.005 [main] DEBUG org.hibernate.bytecode.internal.bytebuddy.BytecodeProviderImpl -- HHH000513: Unable to create the ReflectionOptimizer for [com.pdcgame.Models.BoardSave]: private accessor [boardCell]
12:32:30.005 [main] DEBUG org.hibernate.boot.internal.ClassLoaderAccessImpl -- Not known whether passed class name [com.pdcgame.Models.StorageItemSave] is safe
12:32:30.005 [main] DEBUG org.hibernate.boot.internal.ClassLoaderAccessImpl -- No temp ClassLoader provided; using live ClassLoader for loading potentially unsafe class : com.pdcgame.Models.StorageItemSave
12:32:30.008 [main] DEBUG org.hibernate.bytecode.internal.bytebuddy.BytecodeProviderImpl -- HHH000513: Unable to create the ReflectionOptimizer for [com.pdcgame.Models.StorageItemSave]: private accessor [coordinateID]
12:32:30.009 [main] DEBUG org.hibernate.orm.model.mapping.creation -- Starting post-init callbacks
12:32:30.009 [main] DEBUG org.hibernate.orm.model.mapping.creation -- Starting PostInitCallbackEntry : Entity(com.pdcgame.Models.InventorySave) `staticFetchableList` generator
12:32:30.009 [main] DEBUG org.hibernate.orm.model.mapping.creation -- Starting PostInitCallbackEntry : Entity(com.pdcgame.Models.GameSave) `staticFetchableList` generator
12:32:30.009 [main] DEBUG org.hibernate.orm.model.mapping.creation -- Starting PostInitCallbackEntry : Entity(com.pdcgame.Models.BoardSave) `staticFetchableList` generator
12:32:30.009 [main] DEBUG org.hibernate.orm.model.mapping.creation -- Starting PostInitCallbackEntry : Entity(com.pdcgame.Models.StorageItemSave) `staticFetchableList` generator
12:32:30.009 [main] DEBUG org.hibernate.orm.sql.ast.create -- Created new SQL alias : is1_0
12:32:30.009 [main] DEBUG org.hibernate.orm.sql.ast.create -- Registration of TableGroup [StandardTableGroup(com.pdcgame.Models.InventorySave)] with identifierForTableGroup [com.pdcgame.Models.InventorySave] for NavigablePath [com.pdcgame.Models.InventorySave] 
12:32:30.010 [main] DEBUG org.hibernate.orm.results.graph.AST -- DomainResult Graph:
 \-EntityResultImpl [com.pdcgame.Models.InventorySave]
 |  +-BasicFetch [com.pdcgame.Models.InventorySave.quantity]
 |  \-BasicFetch [com.pdcgame.Models.InventorySave.sellPrice]

12:32:30.010 [main] DEBUG org.hibernate.orm.sql.ast.tree -- SQL AST Tree:
    SelectStatement {
      FromClause {
        StandardTableGroup (is1 : com.pdcgame.Models.InventorySave) {
          primaryTableReference : inventory_save as is1_0
        }
      }
    }

12:32:30.010 [main] DEBUG org.hibernate.persister.entity.AbstractEntityPersister -- Static SQL for entity: com.pdcgame.Models.InventorySave
12:32:30.010 [main] DEBUG org.hibernate.persister.entity.AbstractEntityPersister --  Version select: select product_name from inventory_save where product_name=?
12:32:30.010 [main] DEBUG org.hibernate.persister.entity.AbstractEntityPersister --  Insert (0): insert into inventory_save (quantity,sell_price,product_name) values (?,?,?)
12:32:30.010 [main] DEBUG org.hibernate.persister.entity.AbstractEntityPersister --  Update (0): update inventory_save set quantity=?,sell_price=? where product_name=?
12:32:30.010 [main] DEBUG org.hibernate.persister.entity.AbstractEntityPersister --  Delete (0): delete from inventory_save where product_name=?
12:32:30.010 [main] DEBUG org.hibernate.orm.sql.ast.create -- Created new SQL alias : gs1_0
12:32:30.010 [main] DEBUG org.hibernate.orm.sql.ast.create -- Registration of TableGroup [StandardTableGroup(com.pdcgame.Models.GameSave)] with identifierForTableGroup [com.pdcgame.Models.GameSave] for NavigablePath [com.pdcgame.Models.GameSave] 
12:32:30.010 [main] DEBUG org.hibernate.orm.results.graph.AST -- DomainResult Graph:
 \-EntityResultImpl [com.pdcgame.Models.GameSave]
 |  +-BasicFetch [com.pdcgame.Models.GameSave.actions]
 |  +-BasicFetch [com.pdcgame.Models.GameSave.balance]
 |  +-BasicFetch [com.pdcgame.Models.GameSave.day]
 |  +-BasicFetch [com.pdcgame.Models.GameSave.difficulty]
 |  +-BasicFetch [com.pdcgame.Models.GameSave.gameSeed]
 |  +-BasicFetch [com.pdcgame.Models.GameSave.rating]
 |  \-BasicFetch [com.pdcgame.Models.GameSave.totalActions]

12:32:30.010 [main] DEBUG org.hibernate.orm.sql.ast.tree -- SQL AST Tree:
    SelectStatement {
      FromClause {
        StandardTableGroup (gs1 : com.pdcgame.Models.GameSave) {
          primaryTableReference : game_save as gs1_0
        }
      }
    }

12:32:30.010 [main] DEBUG org.hibernate.persister.entity.AbstractEntityPersister -- Static SQL for entity: com.pdcgame.Models.GameSave
12:32:30.010 [main] DEBUG org.hibernate.persister.entity.AbstractEntityPersister --  Version select: select id from game_save where id=?
12:32:30.010 [main] DEBUG org.hibernate.persister.entity.AbstractEntityPersister --  Insert (0): insert into game_save (actions,balance,day,difficulty,gameSeed,rating,totalActions,id) values (?,?,?,?,?,?,?,?)
12:32:30.010 [main] DEBUG org.hibernate.persister.entity.AbstractEntityPersister --  Update (0): update game_save set actions=?,balance=?,day=?,difficulty=?,gameSeed=?,rating=?,totalActions=? where id=?
12:32:30.010 [main] DEBUG org.hibernate.persister.entity.AbstractEntityPersister --  Delete (0): delete from game_save where id=?
12:32:30.010 [main] DEBUG org.hibernate.orm.sql.ast.create -- Created new SQL alias : bs1_0
12:32:30.010 [main] DEBUG org.hibernate.orm.sql.ast.create -- Registration of TableGroup [StandardTableGroup(com.pdcgame.Models.BoardSave)] with identifierForTableGroup [com.pdcgame.Models.BoardSave] for NavigablePath [com.pdcgame.Models.BoardSave] 
12:32:30.010 [main] DEBUG org.hibernate.orm.results.graph.AST -- DomainResult Graph:
 \-EntityResultImpl [com.pdcgame.Models.BoardSave]
 |  \-BasicFetch [com.pdcgame.Models.BoardSave.boardCell]

12:32:30.010 [main] DEBUG org.hibernate.orm.sql.ast.tree -- SQL AST Tree:
    SelectStatement {
      FromClause {
        StandardTableGroup (bs1 : com.pdcgame.Models.BoardSave) {
          primaryTableReference : board_save as bs1_0
        }
      }
    }

12:32:30.010 [main] DEBUG org.hibernate.persister.entity.AbstractEntityPersister -- Static SQL for entity: com.pdcgame.Models.BoardSave
12:32:30.010 [main] DEBUG org.hibernate.persister.entity.AbstractEntityPersister --  Version select: select coordinateID from board_save where coordinateID=?
12:32:30.010 [main] DEBUG org.hibernate.persister.entity.AbstractEntityPersister --  Insert (0): insert into board_save (boardCell,coordinateID) values (?,?)
12:32:30.010 [main] DEBUG org.hibernate.persister.entity.AbstractEntityPersister --  Update (0): update board_save set boardCell=? where coordinateID=?
12:32:30.010 [main] DEBUG org.hibernate.persister.entity.AbstractEntityPersister --  Delete (0): delete from board_save where coordinateID=?
12:32:30.010 [main] DEBUG org.hibernate.orm.sql.ast.create -- Created new SQL alias : sis1_0
12:32:30.010 [main] DEBUG org.hibernate.orm.sql.ast.create -- Registration of TableGroup [StandardTableGroup(com.pdcgame.Models.StorageItemSave)] with identifierForTableGroup [com.pdcgame.Models.StorageItemSave] for NavigablePath [com.pdcgame.Models.StorageItemSave] 
12:32:30.010 [main] DEBUG org.hibernate.orm.results.graph.AST -- DomainResult Graph:
 \-EntityResultImpl [com.pdcgame.Models.StorageItemSave]
 |  +-BasicFetch [com.pdcgame.Models.StorageItemSave.coordinateID]
 |  +-BasicFetch [com.pdcgame.Models.StorageItemSave.productName]
 |  \-BasicFetch [com.pdcgame.Models.StorageItemSave.quantity]

12:32:30.010 [main] DEBUG org.hibernate.orm.sql.ast.tree -- SQL AST Tree:
    SelectStatement {
      FromClause {
        StandardTableGroup (sis1 : com.pdcgame.Models.StorageItemSave) {
          primaryTableReference : storage_save as sis1_0
        }
      }
    }

12:32:30.010 [main] DEBUG org.hibernate.persister.entity.AbstractEntityPersister -- Static SQL for entity: com.pdcgame.Models.StorageItemSave
12:32:30.010 [main] DEBUG org.hibernate.persister.entity.AbstractEntityPersister --  Version select: select id from storage_save where id=?
12:32:30.010 [main] DEBUG org.hibernate.persister.entity.AbstractEntityPersister --  Insert (0): insert into storage_save (coordinate_id,product_name,quantity,id) values (?,?,?,default)
12:32:30.010 [main] DEBUG org.hibernate.persister.entity.AbstractEntityPersister --  Update (0): update storage_save set coordinate_id=?,product_name=?,quantity=? where id=?
12:32:30.010 [main] DEBUG org.hibernate.persister.entity.AbstractEntityPersister --  Delete (0): delete from storage_save where id=?
12:32:30.011 [main] DEBUG org.hibernate.engine.transaction.jta.platform.internal.JtaPlatformInitiator -- No JtaPlatform was specified, checking resolver
12:32:30.011 [main] DEBUG org.hibernate.engine.transaction.jta.platform.internal.JtaPlatformResolverInitiator -- No JtaPlatformResolver was specified, using default [org.hibernate.engine.transaction.jta.platform.internal.StandardJtaPlatformResolver]
12:32:30.012 [main] DEBUG org.hibernate.engine.transaction.jta.platform.internal.StandardJtaPlatformResolver -- Could not resolve JtaPlatform, using default [org.hibernate.engine.transaction.jta.platform.internal.NoJtaPlatform]
12:32:30.012 [main] INFO org.hibernate.engine.transaction.jta.platform.internal.JtaPlatformInitiator -- HHH000489: No JTA platform available (set 'hibernate.transaction.jta.platform' to enable JTA platform integration)
12:32:30.012 [main] DEBUG org.hibernate.type.spi.TypeConfiguration$Scope -- Scoping TypeConfiguration [org.hibernate.type.spi.TypeConfiguration@74f649a7] to SessionFactoryImplementor [org.hibernate.internal.SessionFactoryImpl@785d6a98]
12:32:30.012 [main] DEBUG org.hibernate.query.named.NamedObjectRepository -- Checking 0 named HQL queries
12:32:30.012 [main] DEBUG org.hibernate.query.named.NamedObjectRepository -- Checking 0 named SQL queries
12:32:30.013 [main] INFO org.hibernate.orm.connections.access -- HHH10001501: Connection obtained from JdbcConnectionAccess [org.hibernate.engine.jdbc.env.internal.JdbcEnvironmentInitiator$ConnectionProviderJdbcConnectionAccess@614d7fbf] for (non-JTA) DDL execution was not in auto-commit mode; the Connection 'local transaction' will be committed and the Connection will be set into auto-commit mode.
12:32:30.016 [main] DEBUG org.hibernate.mapping.Table -- No alter strings for table : board_save
12:32:30.016 [main] DEBUG org.hibernate.mapping.Table -- No alter strings for table : game_save
12:32:30.016 [main] DEBUG org.hibernate.mapping.Table -- No alter strings for table : inventory_save
12:32:30.016 [main] DEBUG org.hibernate.mapping.Table -- No alter strings for table : storage_save
12:32:30.016 [main] DEBUG org.hibernate.internal.SessionFactoryRegistry -- Registering SessionFactory: 71bd2204-0635-4787-b784-40aa918ef721 (<unnamed>)
12:32:30.016 [main] DEBUG org.hibernate.internal.SessionFactoryRegistry -- Not binding SessionFactory to JNDI, no JNDI name configured
12:32:30.016 [main] DEBUG org.hibernate.internal.SessionFactoryImpl -- Instantiated SessionFactory
12:32:30.053 [main] DEBUG org.hibernate.stat.internal.StatisticsInitiator -- Statistics initialized [enabled=false]
12:32:30.056 [main] DEBUG org.hibernate.engine.transaction.internal.TransactionImpl -- On TransactionImpl creation, JpaCompliance#isJpaTransactionComplianceEnabled == false
12:32:30.056 [main] DEBUG org.hibernate.engine.transaction.internal.TransactionImpl -- begin
12:32:30.057 [main] DEBUG org.hibernate.orm.query.hql -- HQL : delete from BoardSave
12:32:30.176 [main] DEBUG org.hibernate.orm.query.sqm.ast -- SqmStatement Tree :
    -> [delete]
      [target = com.pdcgame.Models.BoardSave(356783720247200)]
    <- [delete]

12:32:30.196 [main] DEBUG org.hibernate.orm.sql.ast.create -- Created new SQL alias : bs1_0
12:32:30.196 [main] DEBUG org.hibernate.orm.sql.ast.create -- Registration of TableGroup [StandardTableGroup(com.pdcgame.Models.BoardSave(356783720247200))] with identifierForTableGroup [com.pdcgame.Models.BoardSave] for NavigablePath [com.pdcgame.Models.BoardSave] 
12:32:30.199 [main] DEBUG org.hibernate.SQL -- delete from board_save bs1_0
12:32:30.216 [main] DEBUG org.hibernate.engine.transaction.internal.TransactionImpl -- committing
12:32:30.217 [main] DEBUG org.hibernate.resource.jdbc.internal.LogicalConnectionManagedImpl -- Initiating JDBC connection release from afterTransaction
12:32:30.217 [main] DEBUG org.hibernate.resource.jdbc.internal.LogicalConnectionManagedImpl -- Initiating JDBC connection release from afterTransaction
12:32:30.217 [main] DEBUG org.hibernate.stat.internal.StatisticsInitiator -- Statistics initialized [enabled=false]
12:32:30.217 [main] DEBUG org.hibernate.engine.transaction.internal.TransactionImpl -- On TransactionImpl creation, JpaCompliance#isJpaTransactionComplianceEnabled == false
12:32:30.217 [main] DEBUG org.hibernate.engine.transaction.internal.TransactionImpl -- begin
12:32:30.217 [main] DEBUG org.hibernate.orm.query.hql -- HQL : delete from StorageItemSave
12:32:30.218 [main] DEBUG org.hibernate.orm.query.sqm.ast -- SqmStatement Tree :
    -> [delete]
      [target = com.pdcgame.Models.StorageItemSave(356783765657800)]
    <- [delete]

12:32:30.218 [main] DEBUG org.hibernate.orm.sql.ast.create -- Created new SQL alias : sis1_0
12:32:30.218 [main] DEBUG org.hibernate.orm.sql.ast.create -- Registration of TableGroup [StandardTableGroup(com.pdcgame.Models.StorageItemSave(356783765657800))] with identifierForTableGroup [com.pdcgame.Models.StorageItemSave] for NavigablePath [com.pdcgame.Models.StorageItemSave] 
12:32:30.218 [main] DEBUG org.hibernate.SQL -- delete from storage_save sis1_0
12:32:30.223 [main] DEBUG org.hibernate.engine.transaction.internal.TransactionImpl -- committing
12:32:30.223 [main] DEBUG org.hibernate.resource.jdbc.internal.LogicalConnectionManagedImpl -- Initiating JDBC connection release from afterTransaction
12:32:30.223 [main] DEBUG org.hibernate.resource.jdbc.internal.LogicalConnectionManagedImpl -- Initiating JDBC connection release from afterTransaction
12:32:30.224 [main] DEBUG org.hibernate.stat.internal.StatisticsInitiator -- Statistics initialized [enabled=false]
12:32:30.224 [main] DEBUG org.hibernate.engine.transaction.internal.TransactionImpl -- On TransactionImpl creation, JpaCompliance#isJpaTransactionComplianceEnabled == false
12:32:30.224 [main] DEBUG org.hibernate.engine.transaction.internal.TransactionImpl -- begin
12:32:30.228 [main] DEBUG org.hibernate.orm.sql.ast.create -- Created new SQL alias : gs1_0
12:32:30.228 [main] DEBUG org.hibernate.orm.sql.ast.create -- Registration of TableGroup [StandardTableGroup(com.pdcgame.Models.GameSave)] with identifierForTableGroup [com.pdcgame.Models.GameSave] for NavigablePath [com.pdcgame.Models.GameSave] 
12:32:30.228 [main] DEBUG org.hibernate.orm.results.graph.AST -- DomainResult Graph:
 \-EntityResultImpl [com.pdcgame.Models.GameSave]
 |  +-BasicFetch [com.pdcgame.Models.GameSave.actions]
 |  +-BasicFetch [com.pdcgame.Models.GameSave.balance]
 |  +-BasicFetch [com.pdcgame.Models.GameSave.day]
 |  +-BasicFetch [com.pdcgame.Models.GameSave.difficulty]
 |  +-BasicFetch [com.pdcgame.Models.GameSave.gameSeed]
 |  +-BasicFetch [com.pdcgame.Models.GameSave.rating]
 |  \-BasicFetch [com.pdcgame.Models.GameSave.totalActions]

12:32:30.228 [main] DEBUG org.hibernate.orm.sql.ast.tree -- SQL AST Tree:
    SelectStatement {
      FromClause {
        StandardTableGroup (gs1 : com.pdcgame.Models.GameSave) {
          primaryTableReference : game_save as gs1_0
        }
      }
    }

12:32:30.232 [main] DEBUG org.hibernate.orm.sql.exec -- Skipping reading Query result cache data: cache-enabled = false, cache-mode = IGNORE
12:32:30.242 [main] DEBUG org.hibernate.orm.results -- Initializer list:
	  com.pdcgame.Models.GameSave -> EntityResultInitializer(com.pdcgame.Models.GameSave)@1308599296 (SingleTableEntityPersister(com.pdcgame.Models.GameSave))

12:32:30.244 [main] DEBUG org.hibernate.SQL -- select gs1_0.id,gs1_0.actions,gs1_0.balance,gs1_0.day,gs1_0.difficulty,gs1_0.gameSeed,gs1_0.rating,gs1_0.totalActions from game_save gs1_0 where gs1_0.id=?
12:32:30.250 [main] DEBUG org.hibernate.orm.results.loading.entity -- (EntityResultInitializer) Hydrated EntityKey (com.pdcgame.Models.GameSave): 1
12:32:30.251 [main] DEBUG org.hibernate.orm.results.loading.entity -- (EntityResultInitializer) Created new entity instance [com.pdcgame.Models.GameSave#1] : 197437872
12:32:30.251 [main] DEBUG org.hibernate.orm.results -- Extracted JDBC value [1] - [3]
12:32:30.252 [main] DEBUG org.hibernate.orm.results -- Extracted JDBC value [2] - [1500.0]
12:32:30.252 [main] DEBUG org.hibernate.orm.results -- Extracted JDBC value [3] - [0]
12:32:30.252 [main] DEBUG org.hibernate.orm.results -- Extracted JDBC value [4] - [Hard]
12:32:30.252 [main] DEBUG org.hibernate.orm.results -- Extracted JDBC value [5] - [953565554]
12:32:30.252 [main] DEBUG org.hibernate.orm.results -- Extracted JDBC value [6] - [2.5]
12:32:30.252 [main] DEBUG org.hibernate.orm.results -- Extracted JDBC value [7] - [3]
12:32:30.255 [main] DEBUG org.hibernate.orm.results.loading.entity -- (EntityResultInitializer) Done materializing entityInstance : com.pdcgame.Models.GameSave#1
12:32:30.255 [main] DEBUG org.hibernate.orm.results.loading -- Calling top-level assembler (0 / 1) : org.hibernate.sql.results.graph.entity.internal.EntityAssembler@535a6697
12:32:30.256 [main] DEBUG org.hibernate.engine.transaction.internal.TransactionImpl -- committing
12:32:30.258 [main] DEBUG org.hibernate.event.internal.AbstractFlushingEventListener -- Processing flush-time cascades
12:32:30.258 [main] DEBUG org.hibernate.event.internal.AbstractFlushingEventListener -- Dirty checking collections
12:32:30.261 [main] DEBUG org.hibernate.event.internal.AbstractFlushingEventListener -- Flushed: 0 insertions, 1 updates, 0 deletions to 1 objects
12:32:30.261 [main] DEBUG org.hibernate.event.internal.AbstractFlushingEventListener -- Flushed: 0 (re)creations, 0 updates, 0 removals to 0 collections
12:32:30.261 [main] DEBUG org.hibernate.internal.util.EntityPrinter -- Listing entities:
12:32:30.262 [main] DEBUG org.hibernate.internal.util.EntityPrinter -- com.pdcgame.Models.GameSave{difficulty=Easy, balance=5000.0, rating=2.5, id=1, totalActions=3, actions=3, day=0, gameSeed=399335631}
12:32:30.266 [main] DEBUG org.hibernate.SQL -- update game_save set actions=?,balance=?,day=?,difficulty=?,gameSeed=?,rating=?,totalActions=? where id=?
12:32:30.278 [main] DEBUG org.hibernate.resource.jdbc.internal.LogicalConnectionManagedImpl -- Initiating JDBC connection release from afterTransaction
12:32:30.278 [main] DEBUG org.hibernate.resource.jdbc.internal.LogicalConnectionManagedImpl -- Initiating JDBC connection release from afterTransaction
12:32:30.278 [main] DEBUG org.hibernate.engine.transaction.internal.TransactionImpl -- On TransactionImpl creation, JpaCompliance#isJpaTransactionComplianceEnabled == false
12:32:30.278 [main] DEBUG org.hibernate.engine.transaction.internal.TransactionImpl -- begin
12:32:30.278 [main] DEBUG org.hibernate.orm.sql.ast.create -- Created new SQL alias : bs1_0
12:32:30.278 [main] DEBUG org.hibernate.orm.sql.ast.create -- Registration of TableGroup [StandardTableGroup(com.pdcgame.Models.BoardSave(356783720247200))] with identifierForTableGroup [com.pdcgame.Models.BoardSave] for NavigablePath [com.pdcgame.Models.BoardSave] 
12:32:30.278 [main] DEBUG org.hibernate.SQL -- delete from board_save bs1_0
12:32:30.279 [main] DEBUG org.hibernate.engine.transaction.internal.TransactionImpl -- committing
12:32:30.279 [main] DEBUG org.hibernate.resource.jdbc.internal.LogicalConnectionManagedImpl -- Initiating JDBC connection release from afterTransaction
12:32:30.279 [main] DEBUG org.hibernate.resource.jdbc.internal.LogicalConnectionManagedImpl -- Initiating JDBC connection release from afterTransaction
12:32:30.279 [main] DEBUG org.hibernate.stat.internal.StatisticsInitiator -- Statistics initialized [enabled=false]
12:32:30.279 [main] DEBUG org.hibernate.engine.transaction.internal.TransactionImpl -- On TransactionImpl creation, JpaCompliance#isJpaTransactionComplianceEnabled == false
12:32:30.279 [main] DEBUG org.hibernate.engine.transaction.internal.TransactionImpl -- begin
12:32:30.279 [main] DEBUG org.hibernate.orm.sql.exec -- Skipping reading Query result cache data: cache-enabled = false, cache-mode = IGNORE
12:32:30.279 [main] DEBUG org.hibernate.orm.results -- Initializer list:
	  com.pdcgame.Models.InventorySave -> EntityResultInitializer(com.pdcgame.Models.InventorySave)@103996481 (SingleTableEntityPersister(com.pdcgame.Models.InventorySave))

12:32:30.279 [main] DEBUG org.hibernate.SQL -- select is1_0.product_name,is1_0.quantity,is1_0.sell_price from inventory_save is1_0 where is1_0.product_name=?
12:32:30.283 [main] DEBUG org.hibernate.orm.results.loading.entity -- (EntityResultInitializer) Hydrated EntityKey (com.pdcgame.Models.InventorySave): Water Bottle
12:32:30.283 [main] DEBUG org.hibernate.orm.results.loading.entity -- (EntityResultInitializer) Created new entity instance [com.pdcgame.Models.InventorySave#Water Bottle] : 225500139
12:32:30.283 [main] DEBUG org.hibernate.orm.results -- Extracted JDBC value [1] - [0]
12:32:30.283 [main] DEBUG org.hibernate.orm.results -- Extracted JDBC value [2] - [2.67]
12:32:30.283 [main] DEBUG org.hibernate.orm.results.loading.entity -- (EntityResultInitializer) Done materializing entityInstance : com.pdcgame.Models.InventorySave#Water Bottle
12:32:30.283 [main] DEBUG org.hibernate.orm.results.loading -- Calling top-level assembler (0 / 1) : org.hibernate.sql.results.graph.entity.internal.EntityAssembler@7f8f5d37
12:32:30.283 [main] DEBUG org.hibernate.orm.sql.exec -- Skipping reading Query result cache data: cache-enabled = false, cache-mode = IGNORE
12:32:30.283 [main] DEBUG org.hibernate.orm.results -- Initializer list:
	  com.pdcgame.Models.InventorySave -> EntityResultInitializer(com.pdcgame.Models.InventorySave)@261935590 (SingleTableEntityPersister(com.pdcgame.Models.InventorySave))

12:32:30.283 [main] DEBUG org.hibernate.SQL -- select is1_0.product_name,is1_0.quantity,is1_0.sell_price from inventory_save is1_0 where is1_0.product_name=?
12:32:30.284 [main] DEBUG org.hibernate.orm.results.loading.entity -- (EntityResultInitializer) Hydrated EntityKey (com.pdcgame.Models.InventorySave): Cola Pack
12:32:30.284 [main] DEBUG org.hibernate.orm.results.loading.entity -- (EntityResultInitializer) Created new entity instance [com.pdcgame.Models.InventorySave#Cola Pack] : 1481141739
12:32:30.284 [main] DEBUG org.hibernate.orm.results -- Extracted JDBC value [1] - [0]
12:32:30.284 [main] DEBUG org.hibernate.orm.results -- Extracted JDBC value [2] - [5.4]
12:32:30.284 [main] DEBUG org.hibernate.orm.results.loading.entity -- (EntityResultInitializer) Done materializing entityInstance : com.pdcgame.Models.InventorySave#Cola Pack
12:32:30.284 [main] DEBUG org.hibernate.orm.results.loading -- Calling top-level assembler (0 / 1) : org.hibernate.sql.results.graph.entity.internal.EntityAssembler@4e933cf1
12:32:30.284 [main] DEBUG org.hibernate.orm.sql.exec -- Skipping reading Query result cache data: cache-enabled = false, cache-mode = IGNORE
12:32:30.284 [main] DEBUG org.hibernate.orm.results -- Initializer list:
	  com.pdcgame.Models.InventorySave -> EntityResultInitializer(com.pdcgame.Models.InventorySave)@1922735165 (SingleTableEntityPersister(com.pdcgame.Models.InventorySave))

12:32:30.284 [main] DEBUG org.hibernate.SQL -- select is1_0.product_name,is1_0.quantity,is1_0.sell_price from inventory_save is1_0 where is1_0.product_name=?
12:32:30.284 [main] DEBUG org.hibernate.orm.results.loading.entity -- (EntityResultInitializer) Hydrated EntityKey (com.pdcgame.Models.InventorySave): Dino Nuggets
12:32:30.284 [main] DEBUG org.hibernate.orm.results.loading.entity -- (EntityResultInitializer) Created new entity instance [com.pdcgame.Models.InventorySave#Dino Nuggets] : 1023535667
12:32:30.284 [main] DEBUG org.hibernate.orm.results -- Extracted JDBC value [1] - [0]
12:32:30.284 [main] DEBUG org.hibernate.orm.results -- Extracted JDBC value [2] - [8.0]
12:32:30.284 [main] DEBUG org.hibernate.orm.results.loading.entity -- (EntityResultInitializer) Done materializing entityInstance : com.pdcgame.Models.InventorySave#Dino Nuggets
12:32:30.284 [main] DEBUG org.hibernate.orm.results.loading -- Calling top-level assembler (0 / 1) : org.hibernate.sql.results.graph.entity.internal.EntityAssembler@73b3ce31
12:32:30.284 [main] DEBUG org.hibernate.orm.sql.exec -- Skipping reading Query result cache data: cache-enabled = false, cache-mode = IGNORE
12:32:30.284 [main] DEBUG org.hibernate.orm.results -- Initializer list:
	  com.pdcgame.Models.InventorySave -> EntityResultInitializer(com.pdcgame.Models.InventorySave)@1183266411 (SingleTableEntityPersister(com.pdcgame.Models.InventorySave))

12:32:30.284 [main] DEBUG org.hibernate.SQL -- select is1_0.product_name,is1_0.quantity,is1_0.sell_price from inventory_save is1_0 where is1_0.product_name=?
12:32:30.284 [main] DEBUG org.hibernate.orm.results.loading.entity -- (EntityResultInitializer) Hydrated EntityKey (com.pdcgame.Models.InventorySave): Vanilla IceCream
12:32:30.284 [main] DEBUG org.hibernate.orm.results.loading.entity -- (EntityResultInitializer) Created new entity instance [com.pdcgame.Models.InventorySave#Vanilla IceCream] : 445729280
12:32:30.284 [main] DEBUG org.hibernate.orm.results -- Extracted JDBC value [1] - [0]
12:32:30.284 [main] DEBUG org.hibernate.orm.results -- Extracted JDBC value [2] - [5.0]
12:32:30.284 [main] DEBUG org.hibernate.orm.results.loading.entity -- (EntityResultInitializer) Done materializing entityInstance : com.pdcgame.Models.InventorySave#Vanilla IceCream
12:32:30.284 [main] DEBUG org.hibernate.orm.results.loading -- Calling top-level assembler (0 / 1) : org.hibernate.sql.results.graph.entity.internal.EntityAssembler@1d67348a
12:32:30.285 [main] DEBUG org.hibernate.orm.sql.exec -- Skipping reading Query result cache data: cache-enabled = false, cache-mode = IGNORE
12:32:30.285 [main] DEBUG org.hibernate.orm.results -- Initializer list:
	  com.pdcgame.Models.InventorySave -> EntityResultInitializer(com.pdcgame.Models.InventorySave)@972598720 (SingleTableEntityPersister(com.pdcgame.Models.InventorySave))

12:32:30.285 [main] DEBUG org.hibernate.SQL -- select is1_0.product_name,is1_0.quantity,is1_0.sell_price from inventory_save is1_0 where is1_0.product_name=?
12:32:30.285 [main] DEBUG org.hibernate.orm.results.loading.entity -- (EntityResultInitializer) Hydrated EntityKey (com.pdcgame.Models.InventorySave): Soda Bottle
12:32:30.285 [main] DEBUG org.hibernate.orm.results.loading.entity -- (EntityResultInitializer) Created new entity instance [com.pdcgame.Models.InventorySave#Soda Bottle] : 1152281446
12:32:30.285 [main] DEBUG org.hibernate.orm.results -- Extracted JDBC value [1] - [0]
12:32:30.285 [main] DEBUG org.hibernate.orm.results -- Extracted JDBC value [2] - [3.0]
12:32:30.285 [main] DEBUG org.hibernate.orm.results.loading.entity -- (EntityResultInitializer) Done materializing entityInstance : com.pdcgame.Models.InventorySave#Soda Bottle
12:32:30.285 [main] DEBUG org.hibernate.orm.results.loading -- Calling top-level assembler (0 / 1) : org.hibernate.sql.results.graph.entity.internal.EntityAssembler@5b0e5d5f
12:32:30.285 [main] DEBUG org.hibernate.orm.sql.exec -- Skipping reading Query result cache data: cache-enabled = false, cache-mode = IGNORE
12:32:30.285 [main] DEBUG org.hibernate.orm.results -- Initializer list:
	  com.pdcgame.Models.InventorySave -> EntityResultInitializer(com.pdcgame.Models.InventorySave)@1488311804 (SingleTableEntityPersister(com.pdcgame.Models.InventorySave))

12:32:30.285 [main] DEBUG org.hibernate.SQL -- select is1_0.product_name,is1_0.quantity,is1_0.sell_price from inventory_save is1_0 where is1_0.product_name=?
12:32:30.285 [main] DEBUG org.hibernate.orm.results.loading.entity -- (EntityResultInitializer) Hydrated EntityKey (com.pdcgame.Models.InventorySave): Edam Cheese
12:32:30.285 [main] DEBUG org.hibernate.orm.results.loading.entity -- (EntityResultInitializer) Created new entity instance [com.pdcgame.Models.InventorySave#Edam Cheese] : 707834059
12:32:30.286 [main] DEBUG org.hibernate.orm.results -- Extracted JDBC value [1] - [0]
12:32:30.286 [main] DEBUG org.hibernate.orm.results -- Extracted JDBC value [2] - [18.8]
12:32:30.286 [main] DEBUG org.hibernate.orm.results.loading.entity -- (EntityResultInitializer) Done materializing entityInstance : com.pdcgame.Models.InventorySave#Edam Cheese
12:32:30.286 [main] DEBUG org.hibernate.orm.results.loading -- Calling top-level assembler (0 / 1) : org.hibernate.sql.results.graph.entity.internal.EntityAssembler@73d7d676
12:32:30.286 [main] DEBUG org.hibernate.orm.sql.exec -- Skipping reading Query result cache data: cache-enabled = false, cache-mode = IGNORE
12:32:30.286 [main] DEBUG org.hibernate.orm.results -- Initializer list:
	  com.pdcgame.Models.InventorySave -> EntityResultInitializer(com.pdcgame.Models.InventorySave)@149111966 (SingleTableEntityPersister(com.pdcgame.Models.InventorySave))

12:32:30.286 [main] DEBUG org.hibernate.SQL -- select is1_0.product_name,is1_0.quantity,is1_0.sell_price from inventory_save is1_0 where is1_0.product_name=?
12:32:30.286 [main] DEBUG org.hibernate.orm.results.loading.entity -- (EntityResultInitializer) Hydrated EntityKey (com.pdcgame.Models.InventorySave): Popsicles
12:32:30.286 [main] DEBUG org.hibernate.orm.results.loading.entity -- (EntityResultInitializer) Created new entity instance [com.pdcgame.Models.InventorySave#Popsicles] : 1086771695
12:32:30.286 [main] DEBUG org.hibernate.orm.results -- Extracted JDBC value [1] - [0]
12:32:30.286 [main] DEBUG org.hibernate.orm.results -- Extracted JDBC value [2] - [3.5]
12:32:30.286 [main] DEBUG org.hibernate.orm.results.loading.entity -- (EntityResultInitializer) Done materializing entityInstance : com.pdcgame.Models.InventorySave#Popsicles
12:32:30.286 [main] DEBUG org.hibernate.orm.results.loading -- Calling top-level assembler (0 / 1) : org.hibernate.sql.results.graph.entity.internal.EntityAssembler@6f4029e9
12:32:30.286 [main] DEBUG org.hibernate.orm.sql.exec -- Skipping reading Query result cache data: cache-enabled = false, cache-mode = IGNORE
12:32:30.286 [main] DEBUG org.hibernate.orm.results -- Initializer list:
	  com.pdcgame.Models.InventorySave -> EntityResultInitializer(com.pdcgame.Models.InventorySave)@628845656 (SingleTableEntityPersister(com.pdcgame.Models.InventorySave))

12:32:30.286 [main] DEBUG org.hibernate.SQL -- select is1_0.product_name,is1_0.quantity,is1_0.sell_price from inventory_save is1_0 where is1_0.product_name=?
12:32:30.287 [main] DEBUG org.hibernate.orm.results.loading.entity -- (EntityResultInitializer) Hydrated EntityKey (com.pdcgame.Models.InventorySave): Soda Pack
12:32:30.287 [main] DEBUG org.hibernate.orm.results.loading.entity -- (EntityResultInitializer) Created new entity instance [com.pdcgame.Models.InventorySave#Soda Pack] : 215618634
12:32:30.287 [main] DEBUG org.hibernate.orm.results -- Extracted JDBC value [1] - [0]
12:32:30.287 [main] DEBUG org.hibernate.orm.results -- Extracted JDBC value [2] - [6.3]
12:32:30.287 [main] DEBUG org.hibernate.orm.results.loading.entity -- (EntityResultInitializer) Done materializing entityInstance : com.pdcgame.Models.InventorySave#Soda Pack
12:32:30.287 [main] DEBUG org.hibernate.orm.results.loading -- Calling top-level assembler (0 / 1) : org.hibernate.sql.results.graph.entity.internal.EntityAssembler@7fb5368e
12:32:30.287 [main] DEBUG org.hibernate.orm.sql.exec -- Skipping reading Query result cache data: cache-enabled = false, cache-mode = IGNORE
12:32:30.287 [main] DEBUG org.hibernate.orm.results -- Initializer list:
	  com.pdcgame.Models.InventorySave -> EntityResultInitializer(com.pdcgame.Models.InventorySave)@92565520 (SingleTableEntityPersister(com.pdcgame.Models.InventorySave))

12:32:30.287 [main] DEBUG org.hibernate.SQL -- select is1_0.product_name,is1_0.quantity,is1_0.sell_price from inventory_save is1_0 where is1_0.product_name=?
12:32:30.287 [main] DEBUG org.hibernate.orm.results.loading.entity -- (EntityResultInitializer) Hydrated EntityKey (com.pdcgame.Models.InventorySave): Salt
12:32:30.287 [main] DEBUG org.hibernate.orm.results.loading.entity -- (EntityResultInitializer) Created new entity instance [com.pdcgame.Models.InventorySave#Salt] : 914903833
12:32:30.287 [main] DEBUG org.hibernate.orm.results -- Extracted JDBC value [1] - [0]
12:32:30.287 [main] DEBUG org.hibernate.orm.results -- Extracted JDBC value [2] - [2.25]
12:32:30.287 [main] DEBUG org.hibernate.orm.results.loading.entity -- (EntityResultInitializer) Done materializing entityInstance : com.pdcgame.Models.InventorySave#Salt
12:32:30.287 [main] DEBUG org.hibernate.orm.results.loading -- Calling top-level assembler (0 / 1) : org.hibernate.sql.results.graph.entity.internal.EntityAssembler@62a81453
12:32:30.287 [main] DEBUG org.hibernate.orm.sql.exec -- Skipping reading Query result cache data: cache-enabled = false, cache-mode = IGNORE
12:32:30.287 [main] DEBUG org.hibernate.orm.results -- Initializer list:
	  com.pdcgame.Models.InventorySave -> EntityResultInitializer(com.pdcgame.Models.InventorySave)@1269530703 (SingleTableEntityPersister(com.pdcgame.Models.InventorySave))

12:32:30.287 [main] DEBUG org.hibernate.SQL -- select is1_0.product_name,is1_0.quantity,is1_0.sell_price from inventory_save is1_0 where is1_0.product_name=?
12:32:30.288 [main] DEBUG org.hibernate.orm.results.loading.entity -- (EntityResultInitializer) Hydrated EntityKey (com.pdcgame.Models.InventorySave): Hashbrowns
12:32:30.288 [main] DEBUG org.hibernate.orm.results.loading.entity -- (EntityResultInitializer) Created new entity instance [com.pdcgame.Models.InventorySave#Hashbrowns] : 1335460065
12:32:30.288 [main] DEBUG org.hibernate.orm.results -- Extracted JDBC value [1] - [0]
12:32:30.288 [main] DEBUG org.hibernate.orm.results -- Extracted JDBC value [2] - [10.0]
12:32:30.288 [main] DEBUG org.hibernate.orm.results.loading.entity -- (EntityResultInitializer) Done materializing entityInstance : com.pdcgame.Models.InventorySave#Hashbrowns
12:32:30.288 [main] DEBUG org.hibernate.orm.results.loading -- Calling top-level assembler (0 / 1) : org.hibernate.sql.results.graph.entity.internal.EntityAssembler@1f6e6f50
12:32:30.288 [main] DEBUG org.hibernate.orm.sql.exec -- Skipping reading Query result cache data: cache-enabled = false, cache-mode = IGNORE
12:32:30.288 [main] DEBUG org.hibernate.orm.results -- Initializer list:
	  com.pdcgame.Models.InventorySave -> EntityResultInitializer(com.pdcgame.Models.InventorySave)@528469698 (SingleTableEntityPersister(com.pdcgame.Models.InventorySave))

12:32:30.288 [main] DEBUG org.hibernate.SQL -- select is1_0.product_name,is1_0.quantity,is1_0.sell_price from inventory_save is1_0 where is1_0.product_name=?
12:32:30.288 [main] DEBUG org.hibernate.orm.results.loading.entity -- (EntityResultInitializer) Hydrated EntityKey (com.pdcgame.Models.InventorySave): Premium Soda
12:32:30.288 [main] DEBUG org.hibernate.orm.results.loading.entity -- (EntityResultInitializer) Created new entity instance [com.pdcgame.Models.InventorySave#Premium Soda] : 2011290317
12:32:30.288 [main] DEBUG org.hibernate.orm.results -- Extracted JDBC value [1] - [0]
12:32:30.288 [main] DEBUG org.hibernate.orm.results -- Extracted JDBC value [2] - [6.0]
12:32:30.288 [main] DEBUG org.hibernate.orm.results.loading.entity -- (EntityResultInitializer) Done materializing entityInstance : com.pdcgame.Models.InventorySave#Premium Soda
12:32:30.288 [main] DEBUG org.hibernate.orm.results.loading -- Calling top-level assembler (0 / 1) : org.hibernate.sql.results.graph.entity.internal.EntityAssembler@690677de
12:32:30.288 [main] DEBUG org.hibernate.orm.sql.exec -- Skipping reading Query result cache data: cache-enabled = false, cache-mode = IGNORE
12:32:30.288 [main] DEBUG org.hibernate.orm.results -- Initializer list:
	  com.pdcgame.Models.InventorySave -> EntityResultInitializer(com.pdcgame.Models.InventorySave)@475871084 (SingleTableEntityPersister(com.pdcgame.Models.InventorySave))

12:32:30.288 [main] DEBUG org.hibernate.SQL -- select is1_0.product_name,is1_0.quantity,is1_0.sell_price from inventory_save is1_0 where is1_0.product_name=?
12:32:30.288 [main] DEBUG org.hibernate.orm.results.loading.entity -- (EntityResultInitializer) Hydrated EntityKey (com.pdcgame.Models.InventorySave): Emmental Cheese
12:32:30.288 [main] DEBUG org.hibernate.orm.results.loading.entity -- (EntityResultInitializer) Created new entity instance [com.pdcgame.Models.InventorySave#Emmental Cheese] : 340640503
12:32:30.288 [main] DEBUG org.hibernate.orm.results -- Extracted JDBC value [1] - [0]
12:32:30.288 [main] DEBUG org.hibernate.orm.results -- Extracted JDBC value [2] - [14.64]
12:32:30.288 [main] DEBUG org.hibernate.orm.results.loading.entity -- (EntityResultInitializer) Done materializing entityInstance : com.pdcgame.Models.InventorySave#Emmental Cheese
12:32:30.288 [main] DEBUG org.hibernate.orm.results.loading -- Calling top-level assembler (0 / 1) : org.hibernate.sql.results.graph.entity.internal.EntityAssembler@403cff1c
12:32:30.288 [main] DEBUG org.hibernate.orm.sql.exec -- Skipping reading Query result cache data: cache-enabled = false, cache-mode = IGNORE
12:32:30.289 [main] DEBUG org.hibernate.orm.results -- Initializer list:
	  com.pdcgame.Models.InventorySave -> EntityResultInitializer(com.pdcgame.Models.InventorySave)@426212061 (SingleTableEntityPersister(com.pdcgame.Models.InventorySave))

12:32:30.289 [main] DEBUG org.hibernate.SQL -- select is1_0.product_name,is1_0.quantity,is1_0.sell_price from inventory_save is1_0 where is1_0.product_name=?
12:32:30.289 [main] DEBUG org.hibernate.orm.results.loading.entity -- (EntityResultInitializer) Hydrated EntityKey (com.pdcgame.Models.InventorySave): Cola Bottle
12:32:30.289 [main] DEBUG org.hibernate.orm.results.loading.entity -- (EntityResultInitializer) Created new entity instance [com.pdcgame.Models.InventorySave#Cola Bottle] : 1954824726
12:32:30.289 [main] DEBUG org.hibernate.orm.results -- Extracted JDBC value [1] - [0]
12:32:30.289 [main] DEBUG org.hibernate.orm.results -- Extracted JDBC value [2] - [3.6]
12:32:30.289 [main] DEBUG org.hibernate.orm.results.loading.entity -- (EntityResultInitializer) Done materializing entityInstance : com.pdcgame.Models.InventorySave#Cola Bottle
12:32:30.289 [main] DEBUG org.hibernate.orm.results.loading -- Calling top-level assembler (0 / 1) : org.hibernate.sql.results.graph.entity.internal.EntityAssembler@5b0575d0
12:32:30.289 [main] DEBUG org.hibernate.orm.sql.exec -- Skipping reading Query result cache data: cache-enabled = false, cache-mode = IGNORE
12:32:30.289 [main] DEBUG org.hibernate.orm.results -- Initializer list:
	  com.pdcgame.Models.InventorySave -> EntityResultInitializer(com.pdcgame.Models.InventorySave)@265347352 (SingleTableEntityPersister(com.pdcgame.Models.InventorySave))

12:32:30.289 [main] DEBUG org.hibernate.SQL -- select is1_0.product_name,is1_0.quantity,is1_0.sell_price from inventory_save is1_0 where is1_0.product_name=?
12:32:30.289 [main] DEBUG org.hibernate.orm.results.loading.entity -- (EntityResultInitializer) Hydrated EntityKey (com.pdcgame.Models.InventorySave): Cereal
12:32:30.289 [main] DEBUG org.hibernate.orm.results.loading.entity -- (EntityResultInitializer) Created new entity instance [com.pdcgame.Models.InventorySave#Cereal] : 1279249383
12:32:30.289 [main] DEBUG org.hibernate.orm.results -- Extracted JDBC value [1] - [0]
12:32:30.289 [main] DEBUG org.hibernate.orm.results -- Extracted JDBC value [2] - [5.0]
12:32:30.289 [main] DEBUG org.hibernate.orm.results.loading.entity -- (EntityResultInitializer) Done materializing entityInstance : com.pdcgame.Models.InventorySave#Cereal
12:32:30.289 [main] DEBUG org.hibernate.orm.results.loading -- Calling top-level assembler (0 / 1) : org.hibernate.sql.results.graph.entity.internal.EntityAssembler@1e592ef2
12:32:30.289 [main] DEBUG org.hibernate.orm.sql.exec -- Skipping reading Query result cache data: cache-enabled = false, cache-mode = IGNORE
12:32:30.289 [main] DEBUG org.hibernate.orm.results -- Initializer list:
	  com.pdcgame.Models.InventorySave -> EntityResultInitializer(com.pdcgame.Models.InventorySave)@158203067 (SingleTableEntityPersister(com.pdcgame.Models.InventorySave))

12:32:30.289 [main] DEBUG org.hibernate.SQL -- select is1_0.product_name,is1_0.quantity,is1_0.sell_price from inventory_save is1_0 where is1_0.product_name=?
12:32:30.290 [main] DEBUG org.hibernate.orm.results.loading.entity -- (EntityResultInitializer) Hydrated EntityKey (com.pdcgame.Models.InventorySave): Fruit Yoghurt
12:32:30.290 [main] DEBUG org.hibernate.orm.results.loading.entity -- (EntityResultInitializer) Created new entity instance [com.pdcgame.Models.InventorySave#Fruit Yoghurt] : 925385170
12:32:30.290 [main] DEBUG org.hibernate.orm.results -- Extracted JDBC value [1] - [0]
12:32:30.290 [main] DEBUG org.hibernate.orm.results -- Extracted JDBC value [2] - [6.5]
12:32:30.290 [main] DEBUG org.hibernate.orm.results.loading.entity -- (EntityResultInitializer) Done materializing entityInstance : com.pdcgame.Models.InventorySave#Fruit Yoghurt
12:32:30.290 [main] DEBUG org.hibernate.orm.results.loading -- Calling top-level assembler (0 / 1) : org.hibernate.sql.results.graph.entity.internal.EntityAssembler@6c8d638a
12:32:30.290 [main] DEBUG org.hibernate.orm.sql.exec -- Skipping reading Query result cache data: cache-enabled = false, cache-mode = IGNORE
12:32:30.290 [main] DEBUG org.hibernate.orm.results -- Initializer list:
	  com.pdcgame.Models.InventorySave -> EntityResultInitializer(com.pdcgame.Models.InventorySave)@292579826 (SingleTableEntityPersister(com.pdcgame.Models.InventorySave))

12:32:30.290 [main] DEBUG org.hibernate.SQL -- select is1_0.product_name,is1_0.quantity,is1_0.sell_price from inventory_save is1_0 where is1_0.product_name=?
12:32:30.290 [main] DEBUG org.hibernate.orm.results.loading.entity -- (EntityResultInitializer) Hydrated EntityKey (com.pdcgame.Models.InventorySave): Pasta
12:32:30.290 [main] DEBUG org.hibernate.orm.results.loading.entity -- (EntityResultInitializer) Created new entity instance [com.pdcgame.Models.InventorySave#Pasta] : 386090072
12:32:30.290 [main] DEBUG org.hibernate.orm.results -- Extracted JDBC value [1] - [0]
12:32:30.290 [main] DEBUG org.hibernate.orm.results -- Extracted JDBC value [2] - [4.05]
12:32:30.290 [main] DEBUG org.hibernate.orm.results.loading.entity -- (EntityResultInitializer) Done materializing entityInstance : com.pdcgame.Models.InventorySave#Pasta
12:32:30.290 [main] DEBUG org.hibernate.orm.results.loading -- Calling top-level assembler (0 / 1) : org.hibernate.sql.results.graph.entity.internal.EntityAssembler@3e0e0ba7
12:32:30.290 [main] DEBUG org.hibernate.orm.sql.exec -- Skipping reading Query result cache data: cache-enabled = false, cache-mode = IGNORE
12:32:30.290 [main] DEBUG org.hibernate.orm.results -- Initializer list:
	  com.pdcgame.Models.InventorySave -> EntityResultInitializer(com.pdcgame.Models.InventorySave)@2113229982 (SingleTableEntityPersister(com.pdcgame.Models.InventorySave))

12:32:30.290 [main] DEBUG org.hibernate.SQL -- select is1_0.product_name,is1_0.quantity,is1_0.sell_price from inventory_save is1_0 where is1_0.product_name=?
12:32:30.290 [main] DEBUG org.hibernate.orm.results.loading.entity -- (EntityResultInitializer) Hydrated EntityKey (com.pdcgame.Models.InventorySave): Chicken
12:32:30.290 [main] DEBUG org.hibernate.orm.results.loading.entity -- (EntityResultInitializer) Created new entity instance [com.pdcgame.Models.InventorySave#Chicken] : 411756754
12:32:30.291 [main] DEBUG org.hibernate.orm.results -- Extracted JDBC value [1] - [0]
12:32:30.291 [main] DEBUG org.hibernate.orm.results -- Extracted JDBC value [2] - [5.0]
12:32:30.291 [main] DEBUG org.hibernate.orm.results.loading.entity -- (EntityResultInitializer) Done materializing entityInstance : com.pdcgame.Models.InventorySave#Chicken
12:32:30.291 [main] DEBUG org.hibernate.orm.results.loading -- Calling top-level assembler (0 / 1) : org.hibernate.sql.results.graph.entity.internal.EntityAssembler@7a522157
12:32:30.291 [main] DEBUG org.hibernate.orm.sql.exec -- Skipping reading Query result cache data: cache-enabled = false, cache-mode = IGNORE
12:32:30.291 [main] DEBUG org.hibernate.orm.results -- Initializer list:
	  com.pdcgame.Models.InventorySave -> EntityResultInitializer(com.pdcgame.Models.InventorySave)@1886127662 (SingleTableEntityPersister(com.pdcgame.Models.InventorySave))

12:32:30.291 [main] DEBUG org.hibernate.SQL -- select is1_0.product_name,is1_0.quantity,is1_0.sell_price from inventory_save is1_0 where is1_0.product_name=?
12:32:30.291 [main] DEBUG org.hibernate.orm.results.loading.entity -- (EntityResultInitializer) Hydrated EntityKey (com.pdcgame.Models.InventorySave): Gruyere Cheese
12:32:30.291 [main] DEBUG org.hibernate.orm.results.loading.entity -- (EntityResultInitializer) Created new entity instance [com.pdcgame.Models.InventorySave#Gruyere Cheese] : 1804771537
12:32:30.291 [main] DEBUG org.hibernate.orm.results -- Extracted JDBC value [1] - [0]
12:32:30.291 [main] DEBUG org.hibernate.orm.results -- Extracted JDBC value [2] - [18.0]
12:32:30.291 [main] DEBUG org.hibernate.orm.results.loading.entity -- (EntityResultInitializer) Done materializing entityInstance : com.pdcgame.Models.InventorySave#Gruyere Cheese
12:32:30.291 [main] DEBUG org.hibernate.orm.results.loading -- Calling top-level assembler (0 / 1) : org.hibernate.sql.results.graph.entity.internal.EntityAssembler@4b9ed99d
12:32:30.291 [main] DEBUG org.hibernate.orm.sql.exec -- Skipping reading Query result cache data: cache-enabled = false, cache-mode = IGNORE
12:32:30.291 [main] DEBUG org.hibernate.orm.results -- Initializer list:
	  com.pdcgame.Models.InventorySave -> EntityResultInitializer(com.pdcgame.Models.InventorySave)@968448640 (SingleTableEntityPersister(com.pdcgame.Models.InventorySave))

12:32:30.291 [main] DEBUG org.hibernate.SQL -- select is1_0.product_name,is1_0.quantity,is1_0.sell_price from inventory_save is1_0 where is1_0.product_name=?
12:32:30.291 [main] DEBUG org.hibernate.orm.results.loading.entity -- (EntityResultInitializer) Hydrated EntityKey (com.pdcgame.Models.InventorySave): Sugar
12:32:30.291 [main] DEBUG org.hibernate.orm.results.loading.entity -- (EntityResultInitializer) Created new entity instance [com.pdcgame.Models.InventorySave#Sugar] : 249416123
12:32:30.291 [main] DEBUG org.hibernate.orm.results -- Extracted JDBC value [1] - [0]
12:32:30.291 [main] DEBUG org.hibernate.orm.results -- Extracted JDBC value [2] - [5.96]
12:32:30.291 [main] DEBUG org.hibernate.orm.results.loading.entity -- (EntityResultInitializer) Done materializing entityInstance : com.pdcgame.Models.InventorySave#Sugar
12:32:30.291 [main] DEBUG org.hibernate.orm.results.loading -- Calling top-level assembler (0 / 1) : org.hibernate.sql.results.graph.entity.internal.EntityAssembler@11e3d08
12:32:30.292 [main] DEBUG org.hibernate.orm.sql.exec -- Skipping reading Query result cache data: cache-enabled = false, cache-mode = IGNORE
12:32:30.292 [main] DEBUG org.hibernate.orm.results -- Initializer list:
	  com.pdcgame.Models.InventorySave -> EntityResultInitializer(com.pdcgame.Models.InventorySave)@633686225 (SingleTableEntityPersister(com.pdcgame.Models.InventorySave))

12:32:30.292 [main] DEBUG org.hibernate.SQL -- select is1_0.product_name,is1_0.quantity,is1_0.sell_price from inventory_save is1_0 where is1_0.product_name=?
12:32:30.292 [main] DEBUG org.hibernate.orm.results.loading.entity -- (EntityResultInitializer) Hydrated EntityKey (com.pdcgame.Models.InventorySave): Rice
12:32:30.292 [main] DEBUG org.hibernate.orm.results.loading.entity -- (EntityResultInitializer) Created new entity instance [com.pdcgame.Models.InventorySave#Rice] : 1477474090
12:32:30.292 [main] DEBUG org.hibernate.orm.results -- Extracted JDBC value [1] - [0]
12:32:30.292 [main] DEBUG org.hibernate.orm.results -- Extracted JDBC value [2] - [4.35]
12:32:30.292 [main] DEBUG org.hibernate.orm.results.loading.entity -- (EntityResultInitializer) Done materializing entityInstance : com.pdcgame.Models.InventorySave#Rice
12:32:30.292 [main] DEBUG org.hibernate.orm.results.loading -- Calling top-level assembler (0 / 1) : org.hibernate.sql.results.graph.entity.internal.EntityAssembler@4eacb6d1
12:32:30.292 [main] DEBUG org.hibernate.orm.sql.exec -- Skipping reading Query result cache data: cache-enabled = false, cache-mode = IGNORE
12:32:30.292 [main] DEBUG org.hibernate.orm.results -- Initializer list:
	  com.pdcgame.Models.InventorySave -> EntityResultInitializer(com.pdcgame.Models.InventorySave)@1020198427 (SingleTableEntityPersister(com.pdcgame.Models.InventorySave))

12:32:30.292 [main] DEBUG org.hibernate.SQL -- select is1_0.product_name,is1_0.quantity,is1_0.sell_price from inventory_save is1_0 where is1_0.product_name=?
12:32:30.292 [main] DEBUG org.hibernate.orm.results.loading.entity -- (EntityResultInitializer) Hydrated EntityKey (com.pdcgame.Models.InventorySave): Milk
12:32:30.292 [main] DEBUG org.hibernate.orm.results.loading.entity -- (EntityResultInitializer) Created new entity instance [com.pdcgame.Models.InventorySave#Milk] : 832887631
12:32:30.292 [main] DEBUG org.hibernate.orm.results -- Extracted JDBC value [1] - [0]
12:32:30.292 [main] DEBUG org.hibernate.orm.results -- Extracted JDBC value [2] - [2.73]
12:32:30.292 [main] DEBUG org.hibernate.orm.results.loading.entity -- (EntityResultInitializer) Done materializing entityInstance : com.pdcgame.Models.InventorySave#Milk
12:32:30.292 [main] DEBUG org.hibernate.orm.results.loading -- Calling top-level assembler (0 / 1) : org.hibernate.sql.results.graph.entity.internal.EntityAssembler@2842ef02
12:32:30.292 [main] DEBUG org.hibernate.engine.transaction.internal.TransactionImpl -- committing
12:32:30.292 [main] DEBUG org.hibernate.event.internal.AbstractFlushingEventListener -- Processing flush-time cascades
12:32:30.292 [main] DEBUG org.hibernate.event.internal.AbstractFlushingEventListener -- Dirty checking collections
12:32:30.293 [main] DEBUG org.hibernate.event.internal.AbstractFlushingEventListener -- Flushed: 0 insertions, 0 updates, 0 deletions to 21 objects
12:32:30.293 [main] DEBUG org.hibernate.event.internal.AbstractFlushingEventListener -- Flushed: 0 (re)creations, 0 updates, 0 removals to 0 collections
12:32:30.293 [main] DEBUG org.hibernate.internal.util.EntityPrinter -- Listing entities:
12:32:30.293 [main] DEBUG org.hibernate.internal.util.EntityPrinter -- com.pdcgame.Models.InventorySave{quantity=0, sellPrice=4.05, productName=Pasta}
12:32:30.293 [main] DEBUG org.hibernate.internal.util.EntityPrinter -- com.pdcgame.Models.InventorySave{quantity=0, sellPrice=18.0, productName=Gruyere Cheese}
12:32:30.293 [main] DEBUG org.hibernate.internal.util.EntityPrinter -- com.pdcgame.Models.InventorySave{quantity=0, sellPrice=8.0, productName=Dino Nuggets}
12:32:30.293 [main] DEBUG org.hibernate.internal.util.EntityPrinter -- com.pdcgame.Models.InventorySave{quantity=0, sellPrice=14.64, productName=Emmental Cheese}
12:32:30.293 [main] DEBUG org.hibernate.internal.util.EntityPrinter -- com.pdcgame.Models.InventorySave{quantity=0, sellPrice=5.4, productName=Cola Pack}
12:32:30.293 [main] DEBUG org.hibernate.internal.util.EntityPrinter -- com.pdcgame.Models.InventorySave{quantity=0, sellPrice=6.3, productName=Soda Pack}
12:32:30.293 [main] DEBUG org.hibernate.internal.util.EntityPrinter -- com.pdcgame.Models.InventorySave{quantity=0, sellPrice=3.5, productName=Popsicles}
12:32:30.293 [main] DEBUG org.hibernate.internal.util.EntityPrinter -- com.pdcgame.Models.InventorySave{quantity=0, sellPrice=6.0, productName=Premium Soda}
12:32:30.293 [main] DEBUG org.hibernate.internal.util.EntityPrinter -- com.pdcgame.Models.InventorySave{quantity=0, sellPrice=6.5, productName=Fruit Yoghurt}
12:32:30.293 [main] DEBUG org.hibernate.internal.util.EntityPrinter -- com.pdcgame.Models.InventorySave{quantity=0, sellPrice=3.0, productName=Soda Bottle}
12:32:30.294 [main] DEBUG org.hibernate.internal.util.EntityPrinter -- com.pdcgame.Models.InventorySave{quantity=0, sellPrice=3.6, productName=Cola Bottle}
12:32:30.294 [main] DEBUG org.hibernate.internal.util.EntityPrinter -- com.pdcgame.Models.InventorySave{quantity=0, sellPrice=18.8, productName=Edam Cheese}
12:32:30.294 [main] DEBUG org.hibernate.internal.util.EntityPrinter -- com.pdcgame.Models.InventorySave{quantity=0, sellPrice=10.0, productName=Hashbrowns}
12:32:30.294 [main] DEBUG org.hibernate.internal.util.EntityPrinter -- com.pdcgame.Models.InventorySave{quantity=0, sellPrice=5.0, productName=Chicken}
12:32:30.294 [main] DEBUG org.hibernate.internal.util.EntityPrinter -- com.pdcgame.Models.InventorySave{quantity=0, sellPrice=4.35, productName=Rice}
12:32:30.294 [main] DEBUG org.hibernate.internal.util.EntityPrinter -- com.pdcgame.Models.InventorySave{quantity=0, sellPrice=5.0, productName=Vanilla IceCream}
12:32:30.294 [main] DEBUG org.hibernate.internal.util.EntityPrinter -- com.pdcgame.Models.InventorySave{quantity=0, sellPrice=5.0, productName=Cereal}
12:32:30.294 [main] DEBUG org.hibernate.internal.util.EntityPrinter -- com.pdcgame.Models.InventorySave{quantity=0, sellPrice=2.73, productName=Milk}
12:32:30.294 [main] DEBUG org.hibernate.internal.util.EntityPrinter -- com.pdcgame.Models.InventorySave{quantity=0, sellPrice=5.96, productName=Sugar}
12:32:30.294 [main] DEBUG org.hibernate.internal.util.EntityPrinter -- com.pdcgame.Models.InventorySave{quantity=0, sellPrice=2.67, productName=Water Bottle}
12:32:30.294 [main] DEBUG org.hibernate.internal.util.EntityPrinter -- com.pdcgame.Models.InventorySave{quantity=0, sellPrice=2.25, productName=Salt}
12:32:30.294 [main] DEBUG org.hibernate.resource.jdbc.internal.LogicalConnectionManagedImpl -- Initiating JDBC connection release from afterTransaction
12:32:30.294 [main] DEBUG org.hibernate.resource.jdbc.internal.LogicalConnectionManagedImpl -- Initiating JDBC connection release from afterTransaction
12:32:30.294 [main] DEBUG org.hibernate.engine.transaction.internal.TransactionImpl -- On TransactionImpl creation, JpaCompliance#isJpaTransactionComplianceEnabled == false
12:32:30.294 [main] DEBUG org.hibernate.engine.transaction.internal.TransactionImpl -- begin
12:32:30.294 [main] DEBUG org.hibernate.orm.sql.ast.create -- Created new SQL alias : sis1_0
12:32:30.294 [main] DEBUG org.hibernate.orm.sql.ast.create -- Registration of TableGroup [StandardTableGroup(com.pdcgame.Models.StorageItemSave(356783765657800))] with identifierForTableGroup [com.pdcgame.Models.StorageItemSave] for NavigablePath [com.pdcgame.Models.StorageItemSave] 
12:32:30.294 [main] DEBUG org.hibernate.SQL -- delete from storage_save sis1_0
12:32:30.294 [main] DEBUG org.hibernate.engine.transaction.internal.TransactionImpl -- committing
12:32:30.294 [main] DEBUG org.hibernate.resource.jdbc.internal.LogicalConnectionManagedImpl -- Initiating JDBC connection release from afterTransaction
12:32:30.294 [main] DEBUG org.hibernate.resource.jdbc.internal.LogicalConnectionManagedImpl -- Initiating JDBC connection release from afterTransaction
12:32:30.294 [main] DEBUG org.hibernate.engine.transaction.internal.TransactionImpl -- On TransactionImpl creation, JpaCompliance#isJpaTransactionComplianceEnabled == false
12:32:30.294 [main] DEBUG org.hibernate.engine.transaction.internal.TransactionImpl -- begin
12:32:30.295 [main] DEBUG org.hibernate.orm.sql.exec -- Skipping reading Query result cache data: cache-enabled = false, cache-mode = IGNORE
12:32:30.295 [main] DEBUG org.hibernate.orm.results -- Initializer list:
	  com.pdcgame.Models.GameSave -> EntityResultInitializer(com.pdcgame.Models.GameSave)@480291392 (SingleTableEntityPersister(com.pdcgame.Models.GameSave))

12:32:30.295 [main] DEBUG org.hibernate.SQL -- select gs1_0.id,gs1_0.actions,gs1_0.balance,gs1_0.day,gs1_0.difficulty,gs1_0.gameSeed,gs1_0.rating,gs1_0.totalActions from game_save gs1_0 where gs1_0.id=?
12:32:30.295 [main] DEBUG org.hibernate.orm.results.loading.entity -- (EntityResultInitializer) Hydrated EntityKey (com.pdcgame.Models.GameSave): 1
12:32:30.295 [main] DEBUG org.hibernate.orm.results.loading.entity -- (EntityResultInitializer) Created new entity instance [com.pdcgame.Models.GameSave#1] : 1763619721
12:32:30.295 [main] DEBUG org.hibernate.orm.results -- Extracted JDBC value [1] - [3]
12:32:30.295 [main] DEBUG org.hibernate.orm.results -- Extracted JDBC value [2] - [5000.0]
12:32:30.295 [main] DEBUG org.hibernate.orm.results -- Extracted JDBC value [3] - [0]
12:32:30.295 [main] DEBUG org.hibernate.orm.results -- Extracted JDBC value [4] - [Easy]
12:32:30.295 [main] DEBUG org.hibernate.orm.results -- Extracted JDBC value [5] - [399335631]
12:32:30.295 [main] DEBUG org.hibernate.orm.results -- Extracted JDBC value [6] - [2.5]
12:32:30.295 [main] DEBUG org.hibernate.orm.results -- Extracted JDBC value [7] - [3]
12:32:30.295 [main] DEBUG org.hibernate.orm.results.loading.entity -- (EntityResultInitializer) Done materializing entityInstance : com.pdcgame.Models.GameSave#1
12:32:30.295 [main] DEBUG org.hibernate.orm.results.loading -- Calling top-level assembler (0 / 1) : org.hibernate.sql.results.graph.entity.internal.EntityAssembler@301770d9
12:32:30.295 [main] DEBUG org.hibernate.engine.transaction.internal.TransactionImpl -- committing
12:32:30.295 [main] DEBUG org.hibernate.event.internal.AbstractFlushingEventListener -- Processing flush-time cascades
12:32:30.295 [main] DEBUG org.hibernate.event.internal.AbstractFlushingEventListener -- Dirty checking collections
12:32:30.295 [main] DEBUG org.hibernate.event.internal.AbstractFlushingEventListener -- Flushed: 0 insertions, 0 updates, 0 deletions to 1 objects
12:32:30.295 [main] DEBUG org.hibernate.event.internal.AbstractFlushingEventListener -- Flushed: 0 (re)creations, 0 updates, 0 removals to 0 collections
12:32:30.295 [main] DEBUG org.hibernate.internal.util.EntityPrinter -- Listing entities:
12:32:30.295 [main] DEBUG org.hibernate.internal.util.EntityPrinter -- com.pdcgame.Models.GameSave{difficulty=Easy, balance=5000.0, rating=2.5, id=1, totalActions=3, actions=3, day=0, gameSeed=399335631}
12:32:30.295 [main] DEBUG org.hibernate.resource.jdbc.internal.LogicalConnectionManagedImpl -- Initiating JDBC connection release from afterTransaction
12:32:30.295 [main] DEBUG org.hibernate.resource.jdbc.internal.LogicalConnectionManagedImpl -- Initiating JDBC connection release from afterTransaction
12:32:30.295 [main] DEBUG org.hibernate.engine.transaction.internal.TransactionImpl -- On TransactionImpl creation, JpaCompliance#isJpaTransactionComplianceEnabled == false
12:32:30.295 [main] DEBUG org.hibernate.engine.transaction.internal.TransactionImpl -- begin
12:32:30.295 [main] DEBUG org.hibernate.orm.sql.ast.create -- Created new SQL alias : bs1_0
12:32:30.295 [main] DEBUG org.hibernate.orm.sql.ast.create -- Registration of TableGroup [StandardTableGroup(com.pdcgame.Models.BoardSave(356783720247200))] with identifierForTableGroup [com.pdcgame.Models.BoardSave] for NavigablePath [com.pdcgame.Models.BoardSave] 
12:32:30.295 [main] DEBUG org.hibernate.SQL -- delete from board_save bs1_0
12:32:30.296 [main] DEBUG org.hibernate.engine.transaction.internal.TransactionImpl -- committing
12:32:30.296 [main] DEBUG org.hibernate.resource.jdbc.internal.LogicalConnectionManagedImpl -- Initiating JDBC connection release from afterTransaction
12:32:30.296 [main] DEBUG org.hibernate.resource.jdbc.internal.LogicalConnectionManagedImpl -- Initiating JDBC connection release from afterTransaction
12:32:30.296 [main] DEBUG org.hibernate.engine.transaction.internal.TransactionImpl -- On TransactionImpl creation, JpaCompliance#isJpaTransactionComplianceEnabled == false
12:32:30.296 [main] DEBUG org.hibernate.engine.transaction.internal.TransactionImpl -- begin
12:32:30.296 [main] DEBUG org.hibernate.orm.sql.exec -- Skipping reading Query result cache data: cache-enabled = false, cache-mode = IGNORE
12:32:30.296 [main] DEBUG org.hibernate.orm.results -- Initializer list:
	  com.pdcgame.Models.InventorySave -> EntityResultInitializer(com.pdcgame.Models.InventorySave)@149474995 (SingleTableEntityPersister(com.pdcgame.Models.InventorySave))

12:32:30.296 [main] DEBUG org.hibernate.SQL -- select is1_0.product_name,is1_0.quantity,is1_0.sell_price from inventory_save is1_0 where is1_0.product_name=?
12:32:30.296 [main] DEBUG org.hibernate.orm.results.loading.entity -- (EntityResultInitializer) Hydrated EntityKey (com.pdcgame.Models.InventorySave): Water Bottle
12:32:30.296 [main] DEBUG org.hibernate.orm.results.loading.entity -- (EntityResultInitializer) Created new entity instance [com.pdcgame.Models.InventorySave#Water Bottle] : 133145446
12:32:30.296 [main] DEBUG org.hibernate.orm.results -- Extracted JDBC value [1] - [0]
12:32:30.296 [main] DEBUG org.hibernate.orm.results -- Extracted JDBC value [2] - [2.67]
12:32:30.296 [main] DEBUG org.hibernate.orm.results.loading.entity -- (EntityResultInitializer) Done materializing entityInstance : com.pdcgame.Models.InventorySave#Water Bottle
12:32:30.296 [main] DEBUG org.hibernate.orm.results.loading -- Calling top-level assembler (0 / 1) : org.hibernate.sql.results.graph.entity.internal.EntityAssembler@6c2f8ecb
12:32:30.296 [main] DEBUG org.hibernate.orm.sql.exec -- Skipping reading Query result cache data: cache-enabled = false, cache-mode = IGNORE
12:32:30.296 [main] DEBUG org.hibernate.orm.results -- Initializer list:
	  com.pdcgame.Models.InventorySave -> EntityResultInitializer(com.pdcgame.Models.InventorySave)@205343703 (SingleTableEntityPersister(com.pdcgame.Models.InventorySave))

12:32:30.296 [main] DEBUG org.hibernate.SQL -- select is1_0.product_name,is1_0.quantity,is1_0.sell_price from inventory_save is1_0 where is1_0.product_name=?
12:32:30.296 [main] DEBUG org.hibernate.orm.results.loading.entity -- (EntityResultInitializer) Hydrated EntityKey (com.pdcgame.Models.InventorySave): Cola Pack
12:32:30.297 [main] DEBUG org.hibernate.orm.results.loading.entity -- (EntityResultInitializer) Created new entity instance [com.pdcgame.Models.InventorySave#Cola Pack] : 719635492
12:32:30.297 [main] DEBUG org.hibernate.orm.results -- Extracted JDBC value [1] - [0]
12:32:30.297 [main] DEBUG org.hibernate.orm.results -- Extracted JDBC value [2] - [5.4]
12:32:30.297 [main] DEBUG org.hibernate.orm.results.loading.entity -- (EntityResultInitializer) Done materializing entityInstance : com.pdcgame.Models.InventorySave#Cola Pack
12:32:30.297 [main] DEBUG org.hibernate.orm.results.loading -- Calling top-level assembler (0 / 1) : org.hibernate.sql.results.graph.entity.internal.EntityAssembler@3980b44f
12:32:30.297 [main] DEBUG org.hibernate.orm.sql.exec -- Skipping reading Query result cache data: cache-enabled = false, cache-mode = IGNORE
12:32:30.297 [main] DEBUG org.hibernate.orm.results -- Initializer list:
	  com.pdcgame.Models.InventorySave -> EntityResultInitializer(com.pdcgame.Models.InventorySave)@595245714 (SingleTableEntityPersister(com.pdcgame.Models.InventorySave))

12:32:30.297 [main] DEBUG org.hibernate.SQL -- select is1_0.product_name,is1_0.quantity,is1_0.sell_price from inventory_save is1_0 where is1_0.product_name=?
12:32:30.297 [main] DEBUG org.hibernate.orm.results.loading.entity -- (EntityResultInitializer) Hydrated EntityKey (com.pdcgame.Models.InventorySave): Dino Nuggets
12:32:30.297 [main] DEBUG org.hibernate.orm.results.loading.entity -- (EntityResultInitializer) Created new entity instance [com.pdcgame.Models.InventorySave#Dino Nuggets] : 591318674
12:32:30.297 [main] DEBUG org.hibernate.orm.results -- Extracted JDBC value [1] - [0]
12:32:30.297 [main] DEBUG org.hibernate.orm.results -- Extracted JDBC value [2] - [8.0]
12:32:30.297 [main] DEBUG org.hibernate.orm.results.loading.entity -- (EntityResultInitializer) Done materializing entityInstance : com.pdcgame.Models.InventorySave#Dino Nuggets
12:32:30.297 [main] DEBUG org.hibernate.orm.results.loading -- Calling top-level assembler (0 / 1) : org.hibernate.sql.results.graph.entity.internal.EntityAssembler@4a14f7d7
12:32:30.297 [main] DEBUG org.hibernate.orm.sql.exec -- Skipping reading Query result cache data: cache-enabled = false, cache-mode = IGNORE
12:32:30.297 [main] DEBUG org.hibernate.orm.results -- Initializer list:
	  com.pdcgame.Models.InventorySave -> EntityResultInitializer(com.pdcgame.Models.InventorySave)@1717136460 (SingleTableEntityPersister(com.pdcgame.Models.InventorySave))

12:32:30.297 [main] DEBUG org.hibernate.SQL -- select is1_0.product_name,is1_0.quantity,is1_0.sell_price from inventory_save is1_0 where is1_0.product_name=?
12:32:30.297 [main] DEBUG org.hibernate.orm.results.loading.entity -- (EntityResultInitializer) Hydrated EntityKey (com.pdcgame.Models.InventorySave): Vanilla IceCream
12:32:30.297 [main] DEBUG org.hibernate.orm.results.loading.entity -- (EntityResultInitializer) Created new entity instance [com.pdcgame.Models.InventorySave#Vanilla IceCream] : 336734710
12:32:30.297 [main] DEBUG org.hibernate.orm.results -- Extracted JDBC value [1] - [0]
12:32:30.297 [main] DEBUG org.hibernate.orm.results -- Extracted JDBC value [2] - [5.0]
12:32:30.297 [main] DEBUG org.hibernate.orm.results.loading.entity -- (EntityResultInitializer) Done materializing entityInstance : com.pdcgame.Models.InventorySave#Vanilla IceCream
12:32:30.297 [main] DEBUG org.hibernate.orm.results.loading -- Calling top-level assembler (0 / 1) : org.hibernate.sql.results.graph.entity.internal.EntityAssembler@723b8eff
12:32:30.297 [main] DEBUG org.hibernate.orm.sql.exec -- Skipping reading Query result cache data: cache-enabled = false, cache-mode = IGNORE
12:32:30.297 [main] DEBUG org.hibernate.orm.results -- Initializer list:
	  com.pdcgame.Models.InventorySave -> EntityResultInitializer(com.pdcgame.Models.InventorySave)@965190120 (SingleTableEntityPersister(com.pdcgame.Models.InventorySave))

12:32:30.298 [main] DEBUG org.hibernate.SQL -- select is1_0.product_name,is1_0.quantity,is1_0.sell_price from inventory_save is1_0 where is1_0.product_name=?
12:32:30.298 [main] DEBUG org.hibernate.orm.results.loading.entity -- (EntityResultInitializer) Hydrated EntityKey (com.pdcgame.Models.InventorySave): Soda Bottle
12:32:30.298 [main] DEBUG org.hibernate.orm.results.loading.entity -- (EntityResultInitializer) Created new entity instance [com.pdcgame.Models.InventorySave#Soda Bottle] : 257999182
12:32:30.298 [main] DEBUG org.hibernate.orm.results -- Extracted JDBC value [1] - [0]
12:32:30.298 [main] DEBUG org.hibernate.orm.results -- Extracted JDBC value [2] - [3.0]
12:32:30.298 [main] DEBUG org.hibernate.orm.results.loading.entity -- (EntityResultInitializer) Done materializing entityInstance : com.pdcgame.Models.InventorySave#Soda Bottle
12:32:30.298 [main] DEBUG org.hibernate.orm.results.loading -- Calling top-level assembler (0 / 1) : org.hibernate.sql.results.graph.entity.internal.EntityAssembler@1d1fd2aa
12:32:30.298 [main] DEBUG org.hibernate.orm.sql.exec -- Skipping reading Query result cache data: cache-enabled = false, cache-mode = IGNORE
12:32:30.298 [main] DEBUG org.hibernate.orm.results -- Initializer list:
	  com.pdcgame.Models.InventorySave -> EntityResultInitializer(com.pdcgame.Models.InventorySave)@1282990092 (SingleTableEntityPersister(com.pdcgame.Models.InventorySave))

12:32:30.298 [main] DEBUG org.hibernate.SQL -- select is1_0.product_name,is1_0.quantity,is1_0.sell_price from inventory_save is1_0 where is1_0.product_name=?
12:32:30.298 [main] DEBUG org.hibernate.orm.results.loading.entity -- (EntityResultInitializer) Hydrated EntityKey (com.pdcgame.Models.InventorySave): Edam Cheese
12:32:30.298 [main] DEBUG org.hibernate.orm.results.loading.entity -- (EntityResultInitializer) Created new entity instance [com.pdcgame.Models.InventorySave#Edam Cheese] : 1137350304
12:32:30.298 [main] DEBUG org.hibernate.orm.results -- Extracted JDBC value [1] - [0]
12:32:30.298 [main] DEBUG org.hibernate.orm.results -- Extracted JDBC value [2] - [18.8]
12:32:30.298 [main] DEBUG org.hibernate.orm.results.loading.entity -- (EntityResultInitializer) Done materializing entityInstance : com.pdcgame.Models.InventorySave#Edam Cheese
12:32:30.298 [main] DEBUG org.hibernate.orm.results.loading -- Calling top-level assembler (0 / 1) : org.hibernate.sql.results.graph.entity.internal.EntityAssembler@7c68a63c
12:32:30.298 [main] DEBUG org.hibernate.orm.sql.exec -- Skipping reading Query result cache data: cache-enabled = false, cache-mode = IGNORE
12:32:30.298 [main] DEBUG org.hibernate.orm.results -- Initializer list:
	  com.pdcgame.Models.InventorySave -> EntityResultInitializer(com.pdcgame.Models.InventorySave)@1413679210 (SingleTableEntityPersister(com.pdcgame.Models.InventorySave))

12:32:30.298 [main] DEBUG org.hibernate.SQL -- select is1_0.product_name,is1_0.quantity,is1_0.sell_price from inventory_save is1_0 where is1_0.product_name=?
12:32:30.299 [main] DEBUG org.hibernate.orm.results.loading.entity -- (EntityResultInitializer) Hydrated EntityKey (com.pdcgame.Models.InventorySave): Popsicles
12:32:30.299 [main] DEBUG org.hibernate.orm.results.loading.entity -- (EntityResultInitializer) Created new entity instance [com.pdcgame.Models.InventorySave#Popsicles] : 897846988
12:32:30.299 [main] DEBUG org.hibernate.orm.results -- Extracted JDBC value [1] - [0]
12:32:30.299 [main] DEBUG org.hibernate.orm.results -- Extracted JDBC value [2] - [3.5]
12:32:30.299 [main] DEBUG org.hibernate.orm.results.loading.entity -- (EntityResultInitializer) Done materializing entityInstance : com.pdcgame.Models.InventorySave#Popsicles
12:32:30.299 [main] DEBUG org.hibernate.orm.results.loading -- Calling top-level assembler (0 / 1) : org.hibernate.sql.results.graph.entity.internal.EntityAssembler@67fd2e17
12:32:30.299 [main] DEBUG org.hibernate.orm.sql.exec -- Skipping reading Query result cache data: cache-enabled = false, cache-mode = IGNORE
12:32:30.299 [main] DEBUG org.hibernate.orm.results -- Initializer list:
	  com.pdcgame.Models.InventorySave -> EntityResultInitializer(com.pdcgame.Models.InventorySave)@1705173326 (SingleTableEntityPersister(com.pdcgame.Models.InventorySave))

12:32:30.299 [main] DEBUG org.hibernate.SQL -- select is1_0.product_name,is1_0.quantity,is1_0.sell_price from inventory_save is1_0 where is1_0.product_name=?
12:32:30.299 [main] DEBUG org.hibernate.orm.results.loading.entity -- (EntityResultInitializer) Hydrated EntityKey (com.pdcgame.Models.InventorySave): Soda Pack
12:32:30.299 [main] DEBUG org.hibernate.orm.results.loading.entity -- (EntityResultInitializer) Created new entity instance [com.pdcgame.Models.InventorySave#Soda Pack] : 933346995
12:32:30.299 [main] DEBUG org.hibernate.orm.results -- Extracted JDBC value [1] - [0]
12:32:30.299 [main] DEBUG org.hibernate.orm.results -- Extracted JDBC value [2] - [6.3]
12:32:30.299 [main] DEBUG org.hibernate.orm.results.loading.entity -- (EntityResultInitializer) Done materializing entityInstance : com.pdcgame.Models.InventorySave#Soda Pack
12:32:30.299 [main] DEBUG org.hibernate.orm.results.loading -- Calling top-level assembler (0 / 1) : org.hibernate.sql.results.graph.entity.internal.EntityAssembler@11ca8f71
12:32:30.299 [main] DEBUG org.hibernate.orm.sql.exec -- Skipping reading Query result cache data: cache-enabled = false, cache-mode = IGNORE
12:32:30.299 [main] DEBUG org.hibernate.orm.results -- Initializer list:
	  com.pdcgame.Models.InventorySave -> EntityResultInitializer(com.pdcgame.Models.InventorySave)@508881152 (SingleTableEntityPersister(com.pdcgame.Models.InventorySave))

12:32:30.299 [main] DEBUG org.hibernate.SQL -- select is1_0.product_name,is1_0.quantity,is1_0.sell_price from inventory_save is1_0 where is1_0.product_name=?
12:32:30.299 [main] DEBUG org.hibernate.orm.results.loading.entity -- (EntityResultInitializer) Hydrated EntityKey (com.pdcgame.Models.InventorySave): Salt
12:32:30.299 [main] DEBUG org.hibernate.orm.results.loading.entity -- (EntityResultInitializer) Created new entity instance [com.pdcgame.Models.InventorySave#Salt] : 1098338771
12:32:30.299 [main] DEBUG org.hibernate.orm.results -- Extracted JDBC value [1] - [0]
12:32:30.299 [main] DEBUG org.hibernate.orm.results -- Extracted JDBC value [2] - [2.25]
12:32:30.300 [main] DEBUG org.hibernate.orm.results.loading.entity -- (EntityResultInitializer) Done materializing entityInstance : com.pdcgame.Models.InventorySave#Salt
12:32:30.300 [main] DEBUG org.hibernate.orm.results.loading -- Calling top-level assembler (0 / 1) : org.hibernate.sql.results.graph.entity.internal.EntityAssembler@5bf4dfb
12:32:30.300 [main] DEBUG org.hibernate.orm.sql.exec -- Skipping reading Query result cache data: cache-enabled = false, cache-mode = IGNORE
12:32:30.300 [main] DEBUG org.hibernate.orm.results -- Initializer list:
	  com.pdcgame.Models.InventorySave -> EntityResultInitializer(com.pdcgame.Models.InventorySave)@147043892 (SingleTableEntityPersister(com.pdcgame.Models.InventorySave))

12:32:30.300 [main] DEBUG org.hibernate.SQL -- select is1_0.product_name,is1_0.quantity,is1_0.sell_price from inventory_save is1_0 where is1_0.product_name=?
12:32:30.300 [main] DEBUG org.hibernate.orm.results.loading.entity -- (EntityResultInitializer) Hydrated EntityKey (com.pdcgame.Models.InventorySave): Hashbrowns
12:32:30.300 [main] DEBUG org.hibernate.orm.results.loading.entity -- (EntityResultInitializer) Created new entity instance [com.pdcgame.Models.InventorySave#Hashbrowns] : 1953465632
12:32:30.300 [main] DEBUG org.hibernate.orm.results -- Extracted JDBC value [1] - [0]
12:32:30.300 [main] DEBUG org.hibernate.orm.results -- Extracted JDBC value [2] - [10.0]
12:32:30.300 [main] DEBUG org.hibernate.orm.results.loading.entity -- (EntityResultInitializer) Done materializing entityInstance : com.pdcgame.Models.InventorySave#Hashbrowns
12:32:30.300 [main] DEBUG org.hibernate.orm.results.loading -- Calling top-level assembler (0 / 1) : org.hibernate.sql.results.graph.entity.internal.EntityAssembler@3d3a28b5
12:32:30.300 [main] DEBUG org.hibernate.orm.sql.exec -- Skipping reading Query result cache data: cache-enabled = false, cache-mode = IGNORE
12:32:30.300 [main] DEBUG org.hibernate.orm.results -- Initializer list:
	  com.pdcgame.Models.InventorySave -> EntityResultInitializer(com.pdcgame.Models.InventorySave)@518137704 (SingleTableEntityPersister(com.pdcgame.Models.InventorySave))

12:32:30.300 [main] DEBUG org.hibernate.SQL -- select is1_0.product_name,is1_0.quantity,is1_0.sell_price from inventory_save is1_0 where is1_0.product_name=?
12:32:30.300 [main] DEBUG org.hibernate.orm.results.loading.entity -- (EntityResultInitializer) Hydrated EntityKey (com.pdcgame.Models.InventorySave): Premium Soda
12:32:30.300 [main] DEBUG org.hibernate.orm.results.loading.entity -- (EntityResultInitializer) Created new entity instance [com.pdcgame.Models.InventorySave#Premium Soda] : 1395566699
12:32:30.300 [main] DEBUG org.hibernate.orm.results -- Extracted JDBC value [1] - [0]
12:32:30.300 [main] DEBUG org.hibernate.orm.results -- Extracted JDBC value [2] - [6.0]
12:32:30.300 [main] DEBUG org.hibernate.orm.results.loading.entity -- (EntityResultInitializer) Done materializing entityInstance : com.pdcgame.Models.InventorySave#Premium Soda
12:32:30.300 [main] DEBUG org.hibernate.orm.results.loading -- Calling top-level assembler (0 / 1) : org.hibernate.sql.results.graph.entity.internal.EntityAssembler@4219a4cc
12:32:30.301 [main] DEBUG org.hibernate.orm.sql.exec -- Skipping reading Query result cache data: cache-enabled = false, cache-mode = IGNORE
12:32:30.301 [main] DEBUG org.hibernate.orm.results -- Initializer list:
	  com.pdcgame.Models.InventorySave -> EntityResultInitializer(com.pdcgame.Models.InventorySave)@767266208 (SingleTableEntityPersister(com.pdcgame.Models.InventorySave))

12:32:30.301 [main] DEBUG org.hibernate.SQL -- select is1_0.product_name,is1_0.quantity,is1_0.sell_price from inventory_save is1_0 where is1_0.product_name=?
12:32:30.301 [main] DEBUG org.hibernate.orm.results.loading.entity -- (EntityResultInitializer) Hydrated EntityKey (com.pdcgame.Models.InventorySave): Emmental Cheese
12:32:30.301 [main] DEBUG org.hibernate.orm.results.loading.entity -- (EntityResultInitializer) Created new entity instance [com.pdcgame.Models.InventorySave#Emmental Cheese] : 1768742999
12:32:30.301 [main] DEBUG org.hibernate.orm.results -- Extracted JDBC value [1] - [0]
12:32:30.301 [main] DEBUG org.hibernate.orm.results -- Extracted JDBC value [2] - [14.64]
12:32:30.301 [main] DEBUG org.hibernate.orm.results.loading.entity -- (EntityResultInitializer) Done materializing entityInstance : com.pdcgame.Models.InventorySave#Emmental Cheese
12:32:30.301 [main] DEBUG org.hibernate.orm.results.loading -- Calling top-level assembler (0 / 1) : org.hibernate.sql.results.graph.entity.internal.EntityAssembler@5eba9e41
12:32:30.301 [main] DEBUG org.hibernate.orm.sql.exec -- Skipping reading Query result cache data: cache-enabled = false, cache-mode = IGNORE
12:32:30.301 [main] DEBUG org.hibernate.orm.results -- Initializer list:
	  com.pdcgame.Models.InventorySave -> EntityResultInitializer(com.pdcgame.Models.InventorySave)@327193443 (SingleTableEntityPersister(com.pdcgame.Models.InventorySave))

12:32:30.301 [main] DEBUG org.hibernate.SQL -- select is1_0.product_name,is1_0.quantity,is1_0.sell_price from inventory_save is1_0 where is1_0.product_name=?
12:32:30.301 [main] DEBUG org.hibernate.orm.results.loading.entity -- (EntityResultInitializer) Hydrated EntityKey (com.pdcgame.Models.InventorySave): Cola Bottle
12:32:30.301 [main] DEBUG org.hibernate.orm.results.loading.entity -- (EntityResultInitializer) Created new entity instance [com.pdcgame.Models.InventorySave#Cola Bottle] : 1164139233
12:32:30.301 [main] DEBUG org.hibernate.orm.results -- Extracted JDBC value [1] - [0]
12:32:30.301 [main] DEBUG org.hibernate.orm.results -- Extracted JDBC value [2] - [3.6]
12:32:30.301 [main] DEBUG org.hibernate.orm.results.loading.entity -- (EntityResultInitializer) Done materializing entityInstance : com.pdcgame.Models.InventorySave#Cola Bottle
12:32:30.301 [main] DEBUG org.hibernate.orm.results.loading -- Calling top-level assembler (0 / 1) : org.hibernate.sql.results.graph.entity.internal.EntityAssembler@7adbec34
12:32:30.301 [main] DEBUG org.hibernate.orm.sql.exec -- Skipping reading Query result cache data: cache-enabled = false, cache-mode = IGNORE
12:32:30.301 [main] DEBUG org.hibernate.orm.results -- Initializer list:
	  com.pdcgame.Models.InventorySave -> EntityResultInitializer(com.pdcgame.Models.InventorySave)@1256871900 (SingleTableEntityPersister(com.pdcgame.Models.InventorySave))

12:32:30.301 [main] DEBUG org.hibernate.SQL -- select is1_0.product_name,is1_0.quantity,is1_0.sell_price from inventory_save is1_0 where is1_0.product_name=?
12:32:30.302 [main] DEBUG org.hibernate.orm.results.loading.entity -- (EntityResultInitializer) Hydrated EntityKey (com.pdcgame.Models.InventorySave): Cereal
12:32:30.302 [main] DEBUG org.hibernate.orm.results.loading.entity -- (EntityResultInitializer) Created new entity instance [com.pdcgame.Models.InventorySave#Cereal] : 76757235
12:32:30.302 [main] DEBUG org.hibernate.orm.results -- Extracted JDBC value [1] - [0]
12:32:30.302 [main] DEBUG org.hibernate.orm.results -- Extracted JDBC value [2] - [5.0]
12:32:30.302 [main] DEBUG org.hibernate.orm.results.loading.entity -- (EntityResultInitializer) Done materializing entityInstance : com.pdcgame.Models.InventorySave#Cereal
12:32:30.302 [main] DEBUG org.hibernate.orm.results.loading -- Calling top-level assembler (0 / 1) : org.hibernate.sql.results.graph.entity.internal.EntityAssembler@3c9971af
12:32:30.302 [main] DEBUG org.hibernate.orm.sql.exec -- Skipping reading Query result cache data: cache-enabled = false, cache-mode = IGNORE
12:32:30.302 [main] DEBUG org.hibernate.orm.results -- Initializer list:
	  com.pdcgame.Models.InventorySave -> EntityResultInitializer(com.pdcgame.Models.InventorySave)@78372190 (SingleTableEntityPersister(com.pdcgame.Models.InventorySave))

12:32:30.302 [main] DEBUG org.hibernate.SQL -- select is1_0.product_name,is1_0.quantity,is1_0.sell_price from inventory_save is1_0 where is1_0.product_name=?
12:32:30.302 [main] DEBUG org.hibernate.orm.results.loading.entity -- (EntityResultInitializer) Hydrated EntityKey (com.pdcgame.Models.InventorySave): Fruit Yoghurt
12:32:30.302 [main] DEBUG org.hibernate.orm.results.loading.entity -- (EntityResultInitializer) Created new entity instance [com.pdcgame.Models.InventorySave#Fruit Yoghurt] : 1458013496
12:32:30.302 [main] DEBUG org.hibernate.orm.results -- Extracted JDBC value [1] - [0]
12:32:30.302 [main] DEBUG org.hibernate.orm.results -- Extracted JDBC value [2] - [6.5]
12:32:30.302 [main] DEBUG org.hibernate.orm.results.loading.entity -- (EntityResultInitializer) Done materializing entityInstance : com.pdcgame.Models.InventorySave#Fruit Yoghurt
12:32:30.302 [main] DEBUG org.hibernate.orm.results.loading -- Calling top-level assembler (0 / 1) : org.hibernate.sql.results.graph.entity.internal.EntityAssembler@731fae
12:32:30.302 [main] DEBUG org.hibernate.orm.sql.exec -- Skipping reading Query result cache data: cache-enabled = false, cache-mode = IGNORE
12:32:30.302 [main] DEBUG org.hibernate.orm.results -- Initializer list:
	  com.pdcgame.Models.InventorySave -> EntityResultInitializer(com.pdcgame.Models.InventorySave)@70820563 (SingleTableEntityPersister(com.pdcgame.Models.InventorySave))

12:32:30.302 [main] DEBUG org.hibernate.SQL -- select is1_0.product_name,is1_0.quantity,is1_0.sell_price from inventory_save is1_0 where is1_0.product_name=?
12:32:30.302 [main] DEBUG org.hibernate.orm.results.loading.entity -- (EntityResultInitializer) Hydrated EntityKey (com.pdcgame.Models.InventorySave): Pasta
12:32:30.302 [main] DEBUG org.hibernate.orm.results.loading.entity -- (EntityResultInitializer) Created new entity instance [com.pdcgame.Models.InventorySave#Pasta] : 1546957042
12:32:30.302 [main] DEBUG org.hibernate.orm.results -- Extracted JDBC value [1] - [0]
12:32:30.302 [main] DEBUG org.hibernate.orm.results -- Extracted JDBC value [2] - [4.05]
12:32:30.302 [main] DEBUG org.hibernate.orm.results.loading.entity -- (EntityResultInitializer) Done materializing entityInstance : com.pdcgame.Models.InventorySave#Pasta
12:32:30.302 [main] DEBUG org.hibernate.orm.results.loading -- Calling top-level assembler (0 / 1) : org.hibernate.sql.results.graph.entity.internal.EntityAssembler@7dfec0bc
12:32:30.303 [main] DEBUG org.hibernate.orm.sql.exec -- Skipping reading Query result cache data: cache-enabled = false, cache-mode = IGNORE
12:32:30.303 [main] DEBUG org.hibernate.orm.results -- Initializer list:
	  com.pdcgame.Models.InventorySave -> EntityResultInitializer(com.pdcgame.Models.InventorySave)@317366989 (SingleTableEntityPersister(com.pdcgame.Models.InventorySave))

12:32:30.303 [main] DEBUG org.hibernate.SQL -- select is1_0.product_name,is1_0.quantity,is1_0.sell_price from inventory_save is1_0 where is1_0.product_name=?
12:32:30.303 [main] DEBUG org.hibernate.orm.results.loading.entity -- (EntityResultInitializer) Hydrated EntityKey (com.pdcgame.Models.InventorySave): Chicken
12:32:30.303 [main] DEBUG org.hibernate.orm.results.loading.entity -- (EntityResultInitializer) Created new entity instance [com.pdcgame.Models.InventorySave#Chicken] : 1741522169
12:32:30.303 [main] DEBUG org.hibernate.orm.results -- Extracted JDBC value [1] - [0]
12:32:30.303 [main] DEBUG org.hibernate.orm.results -- Extracted JDBC value [2] - [5.0]
12:32:30.303 [main] DEBUG org.hibernate.orm.results.loading.entity -- (EntityResultInitializer) Done materializing entityInstance : com.pdcgame.Models.InventorySave#Chicken
12:32:30.303 [main] DEBUG org.hibernate.orm.results.loading -- Calling top-level assembler (0 / 1) : org.hibernate.sql.results.graph.entity.internal.EntityAssembler@52b891de
12:32:30.303 [main] DEBUG org.hibernate.orm.sql.exec -- Skipping reading Query result cache data: cache-enabled = false, cache-mode = IGNORE
12:32:30.303 [main] DEBUG org.hibernate.orm.results -- Initializer list:
	  com.pdcgame.Models.InventorySave -> EntityResultInitializer(com.pdcgame.Models.InventorySave)@1256604957 (SingleTableEntityPersister(com.pdcgame.Models.InventorySave))

12:32:30.303 [main] DEBUG org.hibernate.SQL -- select is1_0.product_name,is1_0.quantity,is1_0.sell_price from inventory_save is1_0 where is1_0.product_name=?
12:32:30.303 [main] DEBUG org.hibernate.orm.results.loading.entity -- (EntityResultInitializer) Hydrated EntityKey (com.pdcgame.Models.InventorySave): Gruyere Cheese
12:32:30.303 [main] DEBUG org.hibernate.orm.results.loading.entity -- (EntityResultInitializer) Created new entity instance [com.pdcgame.Models.InventorySave#Gruyere Cheese] : 977612943
12:32:30.303 [main] DEBUG org.hibernate.orm.results -- Extracted JDBC value [1] - [0]
12:32:30.303 [main] DEBUG org.hibernate.orm.results -- Extracted JDBC value [2] - [18.0]
12:32:30.303 [main] DEBUG org.hibernate.orm.results.loading.entity -- (EntityResultInitializer) Done materializing entityInstance : com.pdcgame.Models.InventorySave#Gruyere Cheese
12:32:30.303 [main] DEBUG org.hibernate.orm.results.loading -- Calling top-level assembler (0 / 1) : org.hibernate.sql.results.graph.entity.internal.EntityAssembler@70e54ec3
12:32:30.304 [main] DEBUG org.hibernate.orm.sql.exec -- Skipping reading Query result cache data: cache-enabled = false, cache-mode = IGNORE
12:32:30.304 [main] DEBUG org.hibernate.orm.results -- Initializer list:
	  com.pdcgame.Models.InventorySave -> EntityResultInitializer(com.pdcgame.Models.InventorySave)@1019746237 (SingleTableEntityPersister(com.pdcgame.Models.InventorySave))

12:32:30.304 [main] DEBUG org.hibernate.SQL -- select is1_0.product_name,is1_0.quantity,is1_0.sell_price from inventory_save is1_0 where is1_0.product_name=?
12:32:30.304 [main] DEBUG org.hibernate.orm.results.loading.entity -- (EntityResultInitializer) Hydrated EntityKey (com.pdcgame.Models.InventorySave): Sugar
12:32:30.304 [main] DEBUG org.hibernate.orm.results.loading.entity -- (EntityResultInitializer) Created new entity instance [com.pdcgame.Models.InventorySave#Sugar] : 1370106456
12:32:30.304 [main] DEBUG org.hibernate.orm.results -- Extracted JDBC value [1] - [0]
12:32:30.304 [main] DEBUG org.hibernate.orm.results -- Extracted JDBC value [2] - [5.96]
12:32:30.304 [main] DEBUG org.hibernate.orm.results.loading.entity -- (EntityResultInitializer) Done materializing entityInstance : com.pdcgame.Models.InventorySave#Sugar
12:32:30.304 [main] DEBUG org.hibernate.orm.results.loading -- Calling top-level assembler (0 / 1) : org.hibernate.sql.results.graph.entity.internal.EntityAssembler@726d8fa0
12:32:30.304 [main] DEBUG org.hibernate.orm.sql.exec -- Skipping reading Query result cache data: cache-enabled = false, cache-mode = IGNORE
12:32:30.304 [main] DEBUG org.hibernate.orm.results -- Initializer list:
	  com.pdcgame.Models.InventorySave -> EntityResultInitializer(com.pdcgame.Models.InventorySave)@1448428389 (SingleTableEntityPersister(com.pdcgame.Models.InventorySave))

12:32:30.304 [main] DEBUG org.hibernate.SQL -- select is1_0.product_name,is1_0.quantity,is1_0.sell_price from inventory_save is1_0 where is1_0.product_name=?
12:32:30.304 [main] DEBUG org.hibernate.orm.results.loading.entity -- (EntityResultInitializer) Hydrated EntityKey (com.pdcgame.Models.InventorySave): Rice
12:32:30.304 [main] DEBUG org.hibernate.orm.results.loading.entity -- (EntityResultInitializer) Created new entity instance [com.pdcgame.Models.InventorySave#Rice] : 70231499
12:32:30.304 [main] DEBUG org.hibernate.orm.results -- Extracted JDBC value [1] - [0]
12:32:30.304 [main] DEBUG org.hibernate.orm.results -- Extracted JDBC value [2] - [4.35]
12:32:30.304 [main] DEBUG org.hibernate.orm.results.loading.entity -- (EntityResultInitializer) Done materializing entityInstance : com.pdcgame.Models.InventorySave#Rice
12:32:30.304 [main] DEBUG org.hibernate.orm.results.loading -- Calling top-level assembler (0 / 1) : org.hibernate.sql.results.graph.entity.internal.EntityAssembler@3ae87e38
12:32:30.305 [main] DEBUG org.hibernate.orm.sql.exec -- Skipping reading Query result cache data: cache-enabled = false, cache-mode = IGNORE
12:32:30.305 [main] DEBUG org.hibernate.orm.results -- Initializer list:
	  com.pdcgame.Models.InventorySave -> EntityResultInitializer(com.pdcgame.Models.InventorySave)@1155846026 (SingleTableEntityPersister(com.pdcgame.Models.InventorySave))

12:32:30.305 [main] DEBUG org.hibernate.SQL -- select is1_0.product_name,is1_0.quantity,is1_0.sell_price from inventory_save is1_0 where is1_0.product_name=?
12:32:30.305 [main] DEBUG org.hibernate.orm.results.loading.entity -- (EntityResultInitializer) Hydrated EntityKey (com.pdcgame.Models.InventorySave): Milk
12:32:30.305 [main] DEBUG org.hibernate.orm.results.loading.entity -- (EntityResultInitializer) Created new entity instance [com.pdcgame.Models.InventorySave#Milk] : 854671988
12:32:30.305 [main] DEBUG org.hibernate.orm.results -- Extracted JDBC value [1] - [0]
12:32:30.305 [main] DEBUG org.hibernate.orm.results -- Extracted JDBC value [2] - [2.73]
12:32:30.305 [main] DEBUG org.hibernate.orm.results.loading.entity -- (EntityResultInitializer) Done materializing entityInstance : com.pdcgame.Models.InventorySave#Milk
12:32:30.305 [main] DEBUG org.hibernate.orm.results.loading -- Calling top-level assembler (0 / 1) : org.hibernate.sql.results.graph.entity.internal.EntityAssembler@7af56b26
12:32:30.305 [main] DEBUG org.hibernate.engine.transaction.internal.TransactionImpl -- committing
12:32:30.305 [main] DEBUG org.hibernate.event.internal.AbstractFlushingEventListener -- Processing flush-time cascades
12:32:30.305 [main] DEBUG org.hibernate.event.internal.AbstractFlushingEventListener -- Dirty checking collections
12:32:30.305 [main] DEBUG org.hibernate.event.internal.AbstractFlushingEventListener -- Flushed: 0 insertions, 0 updates, 0 deletions to 21 objects
12:32:30.305 [main] DEBUG org.hibernate.event.internal.AbstractFlushingEventListener -- Flushed: 0 (re)creations, 0 updates, 0 removals to 0 collections
12:32:30.305 [main] DEBUG org.hibernate.internal.util.EntityPrinter -- Listing entities:
12:32:30.305 [main] DEBUG org.hibernate.internal.util.EntityPrinter -- com.pdcgame.Models.InventorySave{quantity=0, sellPrice=4.05, productName=Pasta}
12:32:30.305 [main] DEBUG org.hibernate.internal.util.EntityPrinter -- com.pdcgame.Models.InventorySave{quantity=0, sellPrice=18.0, productName=Gruyere Cheese}
12:32:30.305 [main] DEBUG org.hibernate.internal.util.EntityPrinter -- com.pdcgame.Models.InventorySave{quantity=0, sellPrice=8.0, productName=Dino Nuggets}
12:32:30.306 [main] DEBUG org.hibernate.internal.util.EntityPrinter -- com.pdcgame.Models.InventorySave{quantity=0, sellPrice=14.64, productName=Emmental Cheese}
12:32:30.306 [main] DEBUG org.hibernate.internal.util.EntityPrinter -- com.pdcgame.Models.InventorySave{quantity=0, sellPrice=5.4, productName=Cola Pack}
12:32:30.306 [main] DEBUG org.hibernate.internal.util.EntityPrinter -- com.pdcgame.Models.InventorySave{quantity=0, sellPrice=6.3, productName=Soda Pack}
12:32:30.306 [main] DEBUG org.hibernate.internal.util.EntityPrinter -- com.pdcgame.Models.InventorySave{quantity=0, sellPrice=3.5, productName=Popsicles}
12:32:30.306 [main] DEBUG org.hibernate.internal.util.EntityPrinter -- com.pdcgame.Models.InventorySave{quantity=0, sellPrice=6.0, productName=Premium Soda}
12:32:30.306 [main] DEBUG org.hibernate.internal.util.EntityPrinter -- com.pdcgame.Models.InventorySave{quantity=0, sellPrice=6.5, productName=Fruit Yoghurt}
12:32:30.306 [main] DEBUG org.hibernate.internal.util.EntityPrinter -- com.pdcgame.Models.InventorySave{quantity=0, sellPrice=3.0, productName=Soda Bottle}
12:32:30.306 [main] DEBUG org.hibernate.internal.util.EntityPrinter -- com.pdcgame.Models.InventorySave{quantity=0, sellPrice=3.6, productName=Cola Bottle}
12:32:30.306 [main] DEBUG org.hibernate.internal.util.EntityPrinter -- com.pdcgame.Models.InventorySave{quantity=0, sellPrice=18.8, productName=Edam Cheese}
12:32:30.306 [main] DEBUG org.hibernate.internal.util.EntityPrinter -- com.pdcgame.Models.InventorySave{quantity=0, sellPrice=10.0, productName=Hashbrowns}
12:32:30.306 [main] DEBUG org.hibernate.internal.util.EntityPrinter -- com.pdcgame.Models.InventorySave{quantity=0, sellPrice=5.0, productName=Chicken}
12:32:30.306 [main] DEBUG org.hibernate.internal.util.EntityPrinter -- com.pdcgame.Models.InventorySave{quantity=0, sellPrice=4.35, productName=Rice}
12:32:30.306 [main] DEBUG org.hibernate.internal.util.EntityPrinter -- com.pdcgame.Models.InventorySave{quantity=0, sellPrice=5.0, productName=Vanilla IceCream}
12:32:30.306 [main] DEBUG org.hibernate.internal.util.EntityPrinter -- com.pdcgame.Models.InventorySave{quantity=0, sellPrice=5.0, productName=Cereal}
12:32:30.306 [main] DEBUG org.hibernate.internal.util.EntityPrinter -- com.pdcgame.Models.InventorySave{quantity=0, sellPrice=2.73, productName=Milk}
12:32:30.306 [main] DEBUG org.hibernate.internal.util.EntityPrinter -- com.pdcgame.Models.InventorySave{quantity=0, sellPrice=5.96, productName=Sugar}
12:32:30.306 [main] DEBUG org.hibernate.internal.util.EntityPrinter -- com.pdcgame.Models.InventorySave{quantity=0, sellPrice=2.67, productName=Water Bottle}
12:32:30.306 [main] DEBUG org.hibernate.internal.util.EntityPrinter -- com.pdcgame.Models.InventorySave{quantity=0, sellPrice=2.25, productName=Salt}
12:32:30.306 [main] DEBUG org.hibernate.resource.jdbc.internal.LogicalConnectionManagedImpl -- Initiating JDBC connection release from afterTransaction
12:32:30.306 [main] DEBUG org.hibernate.resource.jdbc.internal.LogicalConnectionManagedImpl -- Initiating JDBC connection release from afterTransaction
12:32:30.306 [main] DEBUG org.hibernate.engine.transaction.internal.TransactionImpl -- On TransactionImpl creation, JpaCompliance#isJpaTransactionComplianceEnabled == false
12:32:30.306 [main] DEBUG org.hibernate.engine.transaction.internal.TransactionImpl -- begin
12:32:30.306 [main] DEBUG org.hibernate.orm.sql.ast.create -- Created new SQL alias : sis1_0
12:32:30.306 [main] DEBUG org.hibernate.orm.sql.ast.create -- Registration of TableGroup [StandardTableGroup(com.pdcgame.Models.StorageItemSave(356783765657800))] with identifierForTableGroup [com.pdcgame.Models.StorageItemSave] for NavigablePath [com.pdcgame.Models.StorageItemSave] 
12:32:30.306 [main] DEBUG org.hibernate.SQL -- delete from storage_save sis1_0
12:32:30.307 [main] DEBUG org.hibernate.engine.transaction.internal.TransactionImpl -- committing
12:32:30.307 [main] DEBUG org.hibernate.resource.jdbc.internal.LogicalConnectionManagedImpl -- Initiating JDBC connection release from afterTransaction
12:32:30.307 [main] DEBUG org.hibernate.resource.jdbc.internal.LogicalConnectionManagedImpl -- Initiating JDBC connection release from afterTransaction
]]></system-out>
  </testcase>
  <testcase name="testShowProductInfoDisplaysDescription" classname="com.pdcgame.Panels.ProductInfoPanelTest" time="0.01">
    <system-out><![CDATA[showing product info for: Banana
]]></system-out>
  </testcase>
  <testcase name="testShowProductInfoDisplaysStorageType" classname="com.pdcgame.Panels.ProductInfoPanelTest" time="0.01">
    <system-out><![CDATA[showing product info for: Ice Cream
]]></system-out>
  </testcase>
</testsuite>