<?xml version="1.0" encoding="UTF-8"?>
<testsuite xmlns:xsi="http://www.w3.org/2001/XMLSchema-instance" xsi:noNamespaceSchemaLocation="https://maven.apache.org/surefire/maven-surefire-plugin/xsd/surefire-test-report-3.0.xsd" version="3.0" name="com.pdcgame.Panels.ProductInfoPanelTest" time="2.442" tests="8" errors="0" skipped="0" failures="0">
  <properties>
    <property name="java.specification.version" value="21"/>
    <property name="sun.cpu.isalist" value="amd64"/>
    <property name="sun.jnu.encoding" value="Cp1252"/>
    <property name="java.class.path" value="C:\Users\prish\Documents\SupermarketSimulatorGUI\SupermarketSimulatorGUI\target\test-classes;C:\Users\prish\Documents\SupermarketSimulatorGUI\SupermarketSimulatorGUI\target\classes;C:\Users\prish\.m2\repository\org\hibernate\orm\hibernate-core\6.5.0.Final\hibernate-core-6.5.0.Final.jar;C:\Users\prish\.m2\repository\jakarta\persistence\jakarta.persistence-api\3.1.0\jakarta.persistence-api-3.1.0.jar;C:\Users\prish\.m2\repository\jakarta\transaction\jakarta.transaction-api\2.0.1\jakarta.transaction-api-2.0.1.jar;C:\Users\prish\.m2\repository\org\jboss\logging\jboss-logging\3.5.0.Final\jboss-logging-3.5.0.Final.jar;C:\Users\prish\.m2\repository\org\hibernate\common\hibernate-commons-annotations\6.0.6.Final\hibernate-commons-annotations-6.0.6.Final.jar;C:\Users\prish\.m2\repository\io\smallrye\jandex\3.1.2\jandex-3.1.2.jar;C:\Users\prish\.m2\repository\com\fasterxml\classmate\1.5.1\classmate-1.5.1.jar;C:\Users\prish\.m2\repository\net\bytebuddy\byte-buddy\1.14.12\byte-buddy-1.14.12.jar;C:\Users\prish\.m2\repository\jakarta\xml\bind\jakarta.xml.bind-api\4.0.0\jakarta.xml.bind-api-4.0.0.jar;C:\Users\prish\.m2\repository\jakarta\activation\jakarta.activation-api\2.1.0\jakarta.activation-api-2.1.0.jar;C:\Users\prish\.m2\repository\org\glassfish\jaxb\jaxb-runtime\4.0.2\jaxb-runtime-4.0.2.jar;C:\Users\prish\.m2\repository\org\glassfish\jaxb\jaxb-core\4.0.2\jaxb-core-4.0.2.jar;C:\Users\prish\.m2\repository\org\eclipse\angus\angus-activation\2.0.0\angus-activation-2.0.0.jar;C:\Users\prish\.m2\repository\org\glassfish\jaxb\txw2\4.0.2\txw2-4.0.2.jar;C:\Users\prish\.m2\repository\com\sun\istack\istack-commons-runtime\4.1.1\istack-commons-runtime-4.1.1.jar;C:\Users\prish\.m2\repository\jakarta\inject\jakarta.inject-api\2.0.1\jakarta.inject-api-2.0.1.jar;C:\Users\prish\.m2\repository\org\antlr\antlr4-runtime\4.13.0\antlr4-runtime-4.13.0.jar;C:\Users\prish\.m2\repository\org\apache\derby\derby\10.17.1.0\derby-10.17.1.0.jar;C:\Users\prish\.m2\repository\org\apache\derby\derbyshared\10.17.1.0\derbyshared-10.17.1.0.jar;C:\Users\prish\.m2\repository\org\apache\derby\derbyclient\10.17.1.0\derbyclient-10.17.1.0.jar;C:\Users\prish\.m2\repository\org\apache\derby\derbytools\10.17.1.0\derbytools-10.17.1.0.jar;C:\Users\prish\.m2\repository\org\slf4j\slf4j-api\2.0.13\slf4j-api-2.0.13.jar;C:\Users\prish\.m2\repository\ch\qos\logback\logback-classic\1.5.6\logback-classic-1.5.6.jar;C:\Users\prish\.m2\repository\ch\qos\logback\logback-core\1.5.6\logback-core-1.5.6.jar;C:\Users\prish\.m2\repository\junit\junit\4.13.2\junit-4.13.2.jar;C:\Users\prish\.m2\repository\org\hamcrest\hamcrest-core\1.3\hamcrest-core-1.3.jar;"/>
    <property name="java.vm.vendor" value="Oracle Corporation"/>
    <property name="sun.arch.data.model" value="64"/>
    <property name="user.variant" value=""/>
    <property name="java.vendor.url" value="https://java.oracle.com/"/>
    <property name="user.timezone" value="Pacific/Auckland"/>
    <property name="os.name" value="Windows 11"/>
    <property name="java.vm.specification.version" value="21"/>
    <property name="user.country" value="AU"/>
    <property name="sun.java.launcher" value="SUN_STANDARD"/>
    <property name="sun.boot.library.path" value="C:\Program Files\Java\jdk-21\bin"/>
    <property name="sun.java.command" value="C:\Users\prish\AppData\Local\Temp\surefire2178601601331851571\surefirebooter-20250616122424464_3.jar C:\Users\prish\AppData\Local\Temp\surefire2178601601331851571 2025-06-16T12-24-24_321-jvmRun1 surefire-20250616122424464_1tmp surefire_0-20250616122424464_2tmp"/>
    <property name="jdk.debug" value="release"/>
    <property name="surefire.test.class.path" value="C:\Users\prish\Documents\SupermarketSimulatorGUI\SupermarketSimulatorGUI\target\test-classes;C:\Users\prish\Documents\SupermarketSimulatorGUI\SupermarketSimulatorGUI\target\classes;C:\Users\prish\.m2\repository\org\hibernate\orm\hibernate-core\6.5.0.Final\hibernate-core-6.5.0.Final.jar;C:\Users\prish\.m2\repository\jakarta\persistence\jakarta.persistence-api\3.1.0\jakarta.persistence-api-3.1.0.jar;C:\Users\prish\.m2\repository\jakarta\transaction\jakarta.transaction-api\2.0.1\jakarta.transaction-api-2.0.1.jar;C:\Users\prish\.m2\repository\org\jboss\logging\jboss-logging\3.5.0.Final\jboss-logging-3.5.0.Final.jar;C:\Users\prish\.m2\repository\org\hibernate\common\hibernate-commons-annotations\6.0.6.Final\hibernate-commons-annotations-6.0.6.Final.jar;C:\Users\prish\.m2\repository\io\smallrye\jandex\3.1.2\jandex-3.1.2.jar;C:\Users\prish\.m2\repository\com\fasterxml\classmate\1.5.1\classmate-1.5.1.jar;C:\Users\prish\.m2\repository\net\bytebuddy\byte-buddy\1.14.12\byte-buddy-1.14.12.jar;C:\Users\prish\.m2\repository\jakarta\xml\bind\jakarta.xml.bind-api\4.0.0\jakarta.xml.bind-api-4.0.0.jar;C:\Users\prish\.m2\repository\jakarta\activation\jakarta.activation-api\2.1.0\jakarta.activation-api-2.1.0.jar;C:\Users\prish\.m2\repository\org\glassfish\jaxb\jaxb-runtime\4.0.2\jaxb-runtime-4.0.2.jar;C:\Users\prish\.m2\repository\org\glassfish\jaxb\jaxb-core\4.0.2\jaxb-core-4.0.2.jar;C:\Users\prish\.m2\repository\org\eclipse\angus\angus-activation\2.0.0\angus-activation-2.0.0.jar;C:\Users\prish\.m2\repository\org\glassfish\jaxb\txw2\4.0.2\txw2-4.0.2.jar;C:\Users\prish\.m2\repository\com\sun\istack\istack-commons-runtime\4.1.1\istack-commons-runtime-4.1.1.jar;C:\Users\prish\.m2\repository\jakarta\inject\jakarta.inject-api\2.0.1\jakarta.inject-api-2.0.1.jar;C:\Users\prish\.m2\repository\org\antlr\antlr4-runtime\4.13.0\antlr4-runtime-4.13.0.jar;C:\Users\prish\.m2\repository\org\apache\derby\derby\10.17.1.0\derby-10.17.1.0.jar;C:\Users\prish\.m2\repository\org\apache\derby\derbyshared\10.17.1.0\derbyshared-10.17.1.0.jar;C:\Users\prish\.m2\repository\org\apache\derby\derbyclient\10.17.1.0\derbyclient-10.17.1.0.jar;C:\Users\prish\.m2\repository\org\apache\derby\derbytools\10.17.1.0\derbytools-10.17.1.0.jar;C:\Users\prish\.m2\repository\org\slf4j\slf4j-api\2.0.13\slf4j-api-2.0.13.jar;C:\Users\prish\.m2\repository\ch\qos\logback\logback-classic\1.5.6\logback-classic-1.5.6.jar;C:\Users\prish\.m2\repository\ch\qos\logback\logback-core\1.5.6\logback-core-1.5.6.jar;C:\Users\prish\.m2\repository\junit\junit\4.13.2\junit-4.13.2.jar;C:\Users\prish\.m2\repository\org\hamcrest\hamcrest-core\1.3\hamcrest-core-1.3.jar;"/>
    <property name="sun.cpu.endian" value="little"/>
    <property name="user.home" value="C:\Users\prish"/>
    <property name="user.language" value="en"/>
    <property name="java.specification.vendor" value="Oracle Corporation"/>
    <property name="java.version.date" value="2024-10-15"/>
    <property name="java.home" value="C:\Program Files\Java\jdk-21"/>
    <property name="file.separator" value="\"/>
    <property name="basedir" value="C:\Users\prish\Documents\SupermarketSimulatorGUI\SupermarketSimulatorGUI"/>
    <property name="java.vm.compressedOopsMode" value="Zero based"/>
    <property name="line.separator" value="&#10;"/>
    <property name="java.vm.specification.vendor" value="Oracle Corporation"/>
    <property name="java.specification.name" value="Java Platform API Specification"/>
    <property name="surefire.real.class.path" value="C:\Users\prish\AppData\Local\Temp\surefire2178601601331851571\surefirebooter-20250616122424464_3.jar"/>
    <property name="user.script" value=""/>
    <property name="sun.management.compiler" value="HotSpot 64-Bit Tiered Compilers"/>
    <property name="java.runtime.version" value="21.0.5+9-LTS-239"/>
    <property name="user.name" value="prish"/>
    <property name="stdout.encoding" value="Cp1252"/>
    <property name="path.separator" value=";"/>
    <property name="os.version" value="10.0"/>
    <property name="java.runtime.name" value="Java(TM) SE Runtime Environment"/>
    <property name="file.encoding" value="UTF-8"/>
    <property name="java.vm.name" value="Java HotSpot(TM) 64-Bit Server VM"/>
    <property name="maven.ext.class.path" value="C:\Program Files\NetBeans-23\netbeans\java\maven-nblib\netbeans-eventspy.jar"/>
    <property name="localRepository" value="C:\Users\prish\.m2\repository"/>
    <property name="java.vendor.url.bug" value="https://bugreport.java.com/bugreport/"/>
    <property name="java.io.tmpdir" value="C:\Users\prish\AppData\Local\Temp\"/>
    <property name="java.version" value="21.0.5"/>
    <property name="user.dir" value="C:\Users\prish\Documents\SupermarketSimulatorGUI\SupermarketSimulatorGUI"/>
    <property name="os.arch" value="amd64"/>
    <property name="java.vm.specification.name" value="Java Virtual Machine Specification"/>
    <property name="sun.os.patch.level" value=""/>
    <property name="native.encoding" value="Cp1252"/>
    <property name="java.library.path" value="C:\Program Files\Java\jdk-21\bin;C:\WINDOWS\Sun\Java\bin;C:\WINDOWS\system32;C:\WINDOWS;C:\Program Files\Common Files\Oracle\Java\javapath;C:\WINDOWS\system32;C:\WINDOWS;C:\WINDOWS\System32\Wbem;C:\WINDOWS\System32\WindowsPowerShell\v1.0\;C:\WINDOWS\System32\OpenSSH\;C:\Program Files (x86)\NVIDIA Corporation\PhysX\Common;C:\Program Files\NVIDIA Corporation\NVIDIA app\NvDLISR;C:\Program Files\Git\cmd;C:\Users\prish\AppData\Local\Microsoft\WindowsApps;C:\Users\prish\AppData\Local\Programs\Microsoft VS Code\bin;C:\Users\prish\AppData\Local\JetBrains\Toolbox\scripts;C:\Users\prish\AppData\Local\GitHubDesktop\bin;."/>
    <property name="java.vm.info" value="mixed mode, sharing"/>
    <property name="stderr.encoding" value="Cp1252"/>
    <property name="java.vendor" value="Oracle Corporation"/>
    <property name="java.vm.version" value="21.0.5+9-LTS-239"/>
    <property name="sun.io.unicode.encoding" value="UnicodeLittle"/>
    <property name="java.class.version" value="65.0"/>
  </properties>
  <testcase name="testAddSameProductTwice" classname="com.pdcgame.Panels.ProductInfoPanelTest" time="0.397">
    <system-out><![CDATA[showing product info for: TestProduct
Adding to cart: TestProduct
Adding to cart: TestProduct
]]></system-out>
  </testcase>
  <testcase name="testAddToCartIncreasesQuantity" classname="com.pdcgame.Panels.ProductInfoPanelTest" time="0.09">
    <system-out><![CDATA[showing product info for: TestProduct
Adding to cart: TestProduct
]]></system-out>
  </testcase>
  <testcase name="testShowProductInfoDisplaysPrice" classname="com.pdcgame.Panels.ProductInfoPanelTest" time="0.014">
    <system-out><![CDATA[showing product info for: Milk
]]></system-out>
  </testcase>
  <testcase name="testShowProductInfoDisplaysQuantity" classname="com.pdcgame.Panels.ProductInfoPanelTest" time="0.008">
    <system-out><![CDATA[showing product info for: Bread
]]></system-out>
  </testcase>
  <testcase name="testShowProductInfoDisplaysCorrectName" classname="com.pdcgame.Panels.ProductInfoPanelTest" time="0.008">
    <system-out><![CDATA[showing product info for: Apple
]]></system-out>
  </testcase>
  <testcase name="testSuccessfulCheckoutClearsCart" classname="com.pdcgame.Panels.ProductInfoPanelTest" time="1.904">
    <system-out><![CDATA[showing product info for: TestProduct
12:24:25.399 [main] DEBUG org.jboss.logging -- Logging Provider: org.jboss.logging.Slf4jLoggerProvider
12:24:25.405 [main] DEBUG org.hibernate.integrator.internal.IntegratorServiceImpl -- Adding Integrator [org.hibernate.boot.beanvalidation.BeanValidationIntegrator].
12:24:25.407 [main] DEBUG org.hibernate.integrator.internal.IntegratorServiceImpl -- Adding Integrator [org.hibernate.cache.internal.CollectionCacheInvalidator].
12:24:25.430 [main] INFO org.hibernate.Version -- HHH000412: Hibernate ORM core version 6.5.0.Final
12:24:25.431 [main] DEBUG org.hibernate.cfg.Environment -- HHH000206: 'hibernate.properties' not found
12:24:25.454 [main] DEBUG org.hibernate.boot.jaxb.internal.stax.LocalXmlResourceResolver -- Checking public/system identifiers `-//Hibernate/Hibernate Configuration DTD 3.0//EN`/`http://hibernate.sourceforge.net/hibernate-configuration-3.0.dtd` as DTD references
12:24:25.455 [main] WARN org.hibernate.orm.deprecation -- HHH90000012: Recognized obsolete hibernate namespace http://hibernate.sourceforge.net/hibernate-configuration. Use namespace http://www.hibernate.org/dtd/hibernate-configuration instead.  Support for obsolete DTD/XSD namespaces may be removed at any time.
12:24:25.459 [main] DEBUG org.hibernate.boot.cfgxml.internal.JaxbCfgProcessor -- cfg.xml document did not define namespaces; wrapping in custom event reader to introduce namespace information
12:24:25.563 [main] DEBUG org.hibernate.cfg.Configuration -- Building session factory using internal StandardServiceRegistryBuilder
12:24:25.566 [main] DEBUG org.hibernate.cfg.Configuration -- Building session factory using provided StandardServiceRegistry
12:24:25.570 [main] DEBUG org.hibernate.orm.idgen.factory -- Ignoring CDI for resolving IdentifierGenerator instances as extended or delayed CDI support was enabled
12:24:25.572 [main] DEBUG org.hibernate.orm.idgen.factory -- Registering IdentifierGenerator strategy [uuid2] -> [org.hibernate.id.UUIDGenerator]
12:24:25.573 [main] DEBUG org.hibernate.orm.idgen.factory -- Registering IdentifierGenerator strategy [guid] -> [org.hibernate.id.GUIDGenerator]
12:24:25.573 [main] DEBUG org.hibernate.orm.idgen.factory -- Registering IdentifierGenerator strategy [uuid] -> [org.hibernate.id.UUIDHexGenerator]
12:24:25.573 [main] DEBUG org.hibernate.orm.idgen.factory -- Registering IdentifierGenerator strategy [uuid.hex] -> [org.hibernate.id.UUIDHexGenerator]
12:24:25.573 [main] DEBUG org.hibernate.orm.idgen.factory -- Registering IdentifierGenerator strategy [assigned] -> [org.hibernate.id.Assigned]
12:24:25.574 [main] DEBUG org.hibernate.orm.idgen.factory -- Registering IdentifierGenerator strategy [identity] -> [org.hibernate.id.IdentityGenerator]
12:24:25.574 [main] DEBUG org.hibernate.orm.idgen.factory -- Registering IdentifierGenerator strategy [select] -> [org.hibernate.id.SelectGenerator]
12:24:25.574 [main] DEBUG org.hibernate.orm.idgen.factory -- Registering IdentifierGenerator strategy [sequence] -> [org.hibernate.id.enhanced.SequenceStyleGenerator]
12:24:25.574 [main] DEBUG org.hibernate.orm.idgen.factory -- Registering IdentifierGenerator strategy [increment] -> [org.hibernate.id.IncrementGenerator]
12:24:25.575 [main] DEBUG org.hibernate.orm.idgen.factory -- Registering IdentifierGenerator strategy [foreign] -> [org.hibernate.id.ForeignGenerator]
12:24:25.575 [main] DEBUG org.hibernate.orm.idgen.factory -- Registering IdentifierGenerator strategy [enhanced-sequence] -> [org.hibernate.id.enhanced.SequenceStyleGenerator]
12:24:25.575 [main] DEBUG org.hibernate.orm.idgen.factory -- Registering IdentifierGenerator strategy [enhanced-table] -> [org.hibernate.id.enhanced.TableGenerator]
12:24:25.579 [main] DEBUG org.hibernate.cache.internal.RegionFactoryInitiator -- Cannot default RegionFactory based on registered strategies as `[]` RegionFactory strategies were registered
12:24:25.579 [main] INFO org.hibernate.cache.internal.RegionFactoryInitiator -- HHH000026: Second-level cache disabled
12:24:25.644 [main] DEBUG org.hibernate.type.BasicTypeRegistry -- Adding type registration boolean -> org.hibernate.type.BasicTypeReference@769d513
12:24:25.645 [main] DEBUG org.hibernate.type.BasicTypeRegistry -- Adding type registration boolean -> org.hibernate.type.BasicTypeReference@769d513
12:24:25.645 [main] DEBUG org.hibernate.type.BasicTypeRegistry -- Adding type registration java.lang.Boolean -> org.hibernate.type.BasicTypeReference@769d513
12:24:25.645 [main] DEBUG org.hibernate.type.BasicTypeRegistry -- Adding type registration numeric_boolean -> org.hibernate.type.BasicTypeReference@5e4fa1da
12:24:25.645 [main] DEBUG org.hibernate.type.BasicTypeRegistry -- Adding type registration org.hibernate.type.NumericBooleanConverter -> org.hibernate.type.BasicTypeReference@5e4fa1da
12:24:25.645 [main] DEBUG org.hibernate.type.BasicTypeRegistry -- Adding type registration true_false -> org.hibernate.type.BasicTypeReference@588cd519
12:24:25.645 [main] DEBUG org.hibernate.type.BasicTypeRegistry -- Adding type registration org.hibernate.type.TrueFalseConverter -> org.hibernate.type.BasicTypeReference@588cd519
12:24:25.645 [main] DEBUG org.hibernate.type.BasicTypeRegistry -- Adding type registration yes_no -> org.hibernate.type.BasicTypeReference@3f92c349
12:24:25.645 [main] DEBUG org.hibernate.type.BasicTypeRegistry -- Adding type registration org.hibernate.type.YesNoConverter -> org.hibernate.type.BasicTypeReference@3f92c349
12:24:25.645 [main] DEBUG org.hibernate.type.BasicTypeRegistry -- Adding type registration byte -> org.hibernate.type.BasicTypeReference@769a58e5
12:24:25.645 [main] DEBUG org.hibernate.type.BasicTypeRegistry -- Adding type registration byte -> org.hibernate.type.BasicTypeReference@769a58e5
12:24:25.645 [main] DEBUG org.hibernate.type.BasicTypeRegistry -- Adding type registration java.lang.Byte -> org.hibernate.type.BasicTypeReference@769a58e5
12:24:25.645 [main] DEBUG org.hibernate.type.BasicTypeRegistry -- Adding type registration binary -> org.hibernate.type.BasicTypeReference@55f8669d
12:24:25.645 [main] DEBUG org.hibernate.type.BasicTypeRegistry -- Adding type registration byte[] -> org.hibernate.type.BasicTypeReference@55f8669d
12:24:25.645 [main] DEBUG org.hibernate.type.BasicTypeRegistry -- Adding type registration [B -> org.hibernate.type.BasicTypeReference@55f8669d
12:24:25.645 [main] DEBUG org.hibernate.type.BasicTypeRegistry -- Adding type registration binary_wrapper -> org.hibernate.type.BasicTypeReference@6be25526
12:24:25.645 [main] DEBUG org.hibernate.type.BasicTypeRegistry -- Adding type registration wrapper-binary -> org.hibernate.type.BasicTypeReference@6be25526
12:24:25.645 [main] DEBUG org.hibernate.type.BasicTypeRegistry -- Adding type registration image -> org.hibernate.type.BasicTypeReference@42435b98
12:24:25.645 [main] DEBUG org.hibernate.type.BasicTypeRegistry -- Adding type registration blob -> org.hibernate.type.BasicTypeReference@66ba7e45
12:24:25.645 [main] DEBUG org.hibernate.type.BasicTypeRegistry -- Adding type registration java.sql.Blob -> org.hibernate.type.BasicTypeReference@66ba7e45
12:24:25.645 [main] DEBUG org.hibernate.type.BasicTypeRegistry -- Adding type registration materialized_blob -> org.hibernate.type.BasicTypeReference@70e02081
12:24:25.645 [main] DEBUG org.hibernate.type.BasicTypeRegistry -- Adding type registration materialized_blob_wrapper -> org.hibernate.type.BasicTypeReference@9d200de
12:24:25.645 [main] DEBUG org.hibernate.type.BasicTypeRegistry -- Adding type registration short -> org.hibernate.type.BasicTypeReference@511505e7
12:24:25.645 [main] DEBUG org.hibernate.type.BasicTypeRegistry -- Adding type registration short -> org.hibernate.type.BasicTypeReference@511505e7
12:24:25.645 [main] DEBUG org.hibernate.type.BasicTypeRegistry -- Adding type registration java.lang.Short -> org.hibernate.type.BasicTypeReference@511505e7
12:24:25.646 [main] DEBUG org.hibernate.type.BasicTypeRegistry -- Adding type registration integer -> org.hibernate.type.BasicTypeReference@646811d6
12:24:25.646 [main] DEBUG org.hibernate.type.BasicTypeRegistry -- Adding type registration int -> org.hibernate.type.BasicTypeReference@646811d6
12:24:25.646 [main] DEBUG org.hibernate.type.BasicTypeRegistry -- Adding type registration java.lang.Integer -> org.hibernate.type.BasicTypeReference@646811d6
12:24:25.646 [main] DEBUG org.hibernate.type.BasicTypeRegistry -- Adding type registration long -> org.hibernate.type.BasicTypeReference@15fdd1f2
12:24:25.646 [main] DEBUG org.hibernate.type.BasicTypeRegistry -- Adding type registration long -> org.hibernate.type.BasicTypeReference@15fdd1f2
12:24:25.646 [main] DEBUG org.hibernate.type.BasicTypeRegistry -- Adding type registration java.lang.Long -> org.hibernate.type.BasicTypeReference@15fdd1f2
12:24:25.646 [main] DEBUG org.hibernate.type.BasicTypeRegistry -- Adding type registration float -> org.hibernate.type.BasicTypeReference@cb0f763
12:24:25.646 [main] DEBUG org.hibernate.type.BasicTypeRegistry -- Adding type registration float -> org.hibernate.type.BasicTypeReference@cb0f763
12:24:25.646 [main] DEBUG org.hibernate.type.BasicTypeRegistry -- Adding type registration java.lang.Float -> org.hibernate.type.BasicTypeReference@cb0f763
12:24:25.646 [main] DEBUG org.hibernate.type.BasicTypeRegistry -- Adding type registration double -> org.hibernate.type.BasicTypeReference@7573e12f
12:24:25.646 [main] DEBUG org.hibernate.type.BasicTypeRegistry -- Adding type registration double -> org.hibernate.type.BasicTypeReference@7573e12f
12:24:25.646 [main] DEBUG org.hibernate.type.BasicTypeRegistry -- Adding type registration java.lang.Double -> org.hibernate.type.BasicTypeReference@7573e12f
12:24:25.646 [main] DEBUG org.hibernate.type.BasicTypeRegistry -- Adding type registration big_integer -> org.hibernate.type.BasicTypeReference@51b1a8f6
12:24:25.646 [main] DEBUG org.hibernate.type.BasicTypeRegistry -- Adding type registration java.math.BigInteger -> org.hibernate.type.BasicTypeReference@51b1a8f6
12:24:25.646 [main] DEBUG org.hibernate.type.BasicTypeRegistry -- Adding type registration big_decimal -> org.hibernate.type.BasicTypeReference@2a389173
12:24:25.646 [main] DEBUG org.hibernate.type.BasicTypeRegistry -- Adding type registration java.math.BigDecimal -> org.hibernate.type.BasicTypeReference@2a389173
12:24:25.646 [main] DEBUG org.hibernate.type.BasicTypeRegistry -- Adding type registration character -> org.hibernate.type.BasicTypeReference@213860b8
12:24:25.646 [main] DEBUG org.hibernate.type.BasicTypeRegistry -- Adding type registration char -> org.hibernate.type.BasicTypeReference@213860b8
12:24:25.646 [main] DEBUG org.hibernate.type.BasicTypeRegistry -- Adding type registration java.lang.Character -> org.hibernate.type.BasicTypeReference@213860b8
12:24:25.646 [main] DEBUG org.hibernate.type.BasicTypeRegistry -- Adding type registration character_nchar -> org.hibernate.type.BasicTypeReference@4ba89729
12:24:25.646 [main] DEBUG org.hibernate.type.BasicTypeRegistry -- Adding type registration string -> org.hibernate.type.BasicTypeReference@178270b2
12:24:25.646 [main] DEBUG org.hibernate.type.BasicTypeRegistry -- Adding type registration java.lang.String -> org.hibernate.type.BasicTypeReference@178270b2
12:24:25.646 [main] DEBUG org.hibernate.type.BasicTypeRegistry -- Adding type registration nstring -> org.hibernate.type.BasicTypeReference@795fd838
12:24:25.646 [main] DEBUG org.hibernate.type.BasicTypeRegistry -- Adding type registration characters -> org.hibernate.type.BasicTypeReference@1b005a0b
12:24:25.646 [main] DEBUG org.hibernate.type.BasicTypeRegistry -- Adding type registration char[] -> org.hibernate.type.BasicTypeReference@1b005a0b
12:24:25.646 [main] DEBUG org.hibernate.type.BasicTypeRegistry -- Adding type registration [C -> org.hibernate.type.BasicTypeReference@1b005a0b
12:24:25.646 [main] DEBUG org.hibernate.type.BasicTypeRegistry -- Adding type registration wrapper-characters -> org.hibernate.type.BasicTypeReference@141e879d
12:24:25.646 [main] DEBUG org.hibernate.type.BasicTypeRegistry -- Adding type registration text -> org.hibernate.type.BasicTypeReference@109d724c
12:24:25.646 [main] DEBUG org.hibernate.type.BasicTypeRegistry -- Adding type registration ntext -> org.hibernate.type.BasicTypeReference@1704f67f
12:24:25.647 [main] DEBUG org.hibernate.type.BasicTypeRegistry -- Adding type registration clob -> org.hibernate.type.BasicTypeReference@e4d2696
12:24:25.647 [main] DEBUG org.hibernate.type.BasicTypeRegistry -- Adding type registration java.sql.Clob -> org.hibernate.type.BasicTypeReference@e4d2696
12:24:25.647 [main] DEBUG org.hibernate.type.BasicTypeRegistry -- Adding type registration nclob -> org.hibernate.type.BasicTypeReference@6e0f7aad
12:24:25.647 [main] DEBUG org.hibernate.type.BasicTypeRegistry -- Adding type registration java.sql.NClob -> org.hibernate.type.BasicTypeReference@6e0f7aad
12:24:25.647 [main] DEBUG org.hibernate.type.BasicTypeRegistry -- Adding type registration materialized_clob -> org.hibernate.type.BasicTypeReference@15fb7a32
12:24:25.647 [main] DEBUG org.hibernate.type.BasicTypeRegistry -- Adding type registration materialized_clob_char_array -> org.hibernate.type.BasicTypeReference@257cc1fc
12:24:25.647 [main] DEBUG org.hibernate.type.BasicTypeRegistry -- Adding type registration materialized_clob_character_array -> org.hibernate.type.BasicTypeReference@42e22a53
12:24:25.647 [main] DEBUG org.hibernate.type.BasicTypeRegistry -- Adding type registration materialized_nclob -> org.hibernate.type.BasicTypeReference@57adfab0
12:24:25.647 [main] DEBUG org.hibernate.type.BasicTypeRegistry -- Adding type registration materialized_nclob_character_array -> org.hibernate.type.BasicTypeReference@1949309d
12:24:25.647 [main] DEBUG org.hibernate.type.BasicTypeRegistry -- Adding type registration materialized_nclob_char_array -> org.hibernate.type.BasicTypeReference@5af97169
12:24:25.647 [main] DEBUG org.hibernate.type.BasicTypeRegistry -- Adding type registration Duration -> org.hibernate.type.BasicTypeReference@99a78d7
12:24:25.647 [main] DEBUG org.hibernate.type.BasicTypeRegistry -- Adding type registration java.time.Duration -> org.hibernate.type.BasicTypeReference@99a78d7
12:24:25.647 [main] DEBUG org.hibernate.type.BasicTypeRegistry -- Adding type registration LocalDateTime -> org.hibernate.type.BasicTypeReference@31da6b2e
12:24:25.647 [main] DEBUG org.hibernate.type.BasicTypeRegistry -- Adding type registration java.time.LocalDateTime -> org.hibernate.type.BasicTypeReference@31da6b2e
12:24:25.647 [main] DEBUG org.hibernate.type.BasicTypeRegistry -- Adding type registration LocalDate -> org.hibernate.type.BasicTypeReference@61c76850
12:24:25.647 [main] DEBUG org.hibernate.type.BasicTypeRegistry -- Adding type registration java.time.LocalDate -> org.hibernate.type.BasicTypeReference@61c76850
12:24:25.647 [main] DEBUG org.hibernate.type.BasicTypeRegistry -- Adding type registration LocalTime -> org.hibernate.type.BasicTypeReference@70242f38
12:24:25.647 [main] DEBUG org.hibernate.type.BasicTypeRegistry -- Adding type registration java.time.LocalTime -> org.hibernate.type.BasicTypeReference@70242f38
12:24:25.647 [main] DEBUG org.hibernate.type.BasicTypeRegistry -- Adding type registration OffsetDateTime -> org.hibernate.type.BasicTypeReference@2a22ad2b
12:24:25.647 [main] DEBUG org.hibernate.type.BasicTypeRegistry -- Adding type registration java.time.OffsetDateTime -> org.hibernate.type.BasicTypeReference@2a22ad2b
12:24:25.647 [main] DEBUG org.hibernate.type.BasicTypeRegistry -- Adding type registration OffsetDateTimeWithTimezone -> org.hibernate.type.BasicTypeReference@48c3205a
12:24:25.647 [main] DEBUG org.hibernate.type.BasicTypeRegistry -- Adding type registration OffsetDateTimeWithoutTimezone -> org.hibernate.type.BasicTypeReference@121c54fa
12:24:25.647 [main] DEBUG org.hibernate.type.BasicTypeRegistry -- Adding type registration OffsetTime -> org.hibernate.type.BasicTypeReference@4390f46e
12:24:25.647 [main] DEBUG org.hibernate.type.BasicTypeRegistry -- Adding type registration java.time.OffsetTime -> org.hibernate.type.BasicTypeReference@4390f46e
12:24:25.647 [main] DEBUG org.hibernate.type.BasicTypeRegistry -- Adding type registration OffsetTimeUtc -> org.hibernate.type.BasicTypeReference@7c6442c2
12:24:25.647 [main] DEBUG org.hibernate.type.BasicTypeRegistry -- Adding type registration OffsetTimeWithTimezone -> org.hibernate.type.BasicTypeReference@2d746ce4
12:24:25.647 [main] DEBUG org.hibernate.type.BasicTypeRegistry -- Adding type registration OffsetTimeWithoutTimezone -> org.hibernate.type.BasicTypeReference@5dbf5634
12:24:25.647 [main] DEBUG org.hibernate.type.BasicTypeRegistry -- Adding type registration ZonedDateTime -> org.hibernate.type.BasicTypeReference@1948ea69
12:24:25.647 [main] DEBUG org.hibernate.type.BasicTypeRegistry -- Adding type registration java.time.ZonedDateTime -> org.hibernate.type.BasicTypeReference@1948ea69
12:24:25.647 [main] DEBUG org.hibernate.type.BasicTypeRegistry -- Adding type registration ZonedDateTimeWithTimezone -> org.hibernate.type.BasicTypeReference@47e4d9d0
12:24:25.647 [main] DEBUG org.hibernate.type.BasicTypeRegistry -- Adding type registration ZonedDateTimeWithoutTimezone -> org.hibernate.type.BasicTypeReference@49798e84
12:24:25.648 [main] DEBUG org.hibernate.type.BasicTypeRegistry -- Adding type registration date -> org.hibernate.type.BasicTypeReference@6ed06f69
12:24:25.648 [main] DEBUG org.hibernate.type.BasicTypeRegistry -- Adding type registration java.sql.Date -> org.hibernate.type.BasicTypeReference@6ed06f69
12:24:25.648 [main] DEBUG org.hibernate.type.BasicTypeRegistry -- Adding type registration time -> org.hibernate.type.BasicTypeReference@3015db78
12:24:25.648 [main] DEBUG org.hibernate.type.BasicTypeRegistry -- Adding type registration java.sql.Time -> org.hibernate.type.BasicTypeReference@3015db78
12:24:25.648 [main] DEBUG org.hibernate.type.BasicTypeRegistry -- Adding type registration timestamp -> org.hibernate.type.BasicTypeReference@515ebef3
12:24:25.648 [main] DEBUG org.hibernate.type.BasicTypeRegistry -- Adding type registration java.sql.Timestamp -> org.hibernate.type.BasicTypeReference@515ebef3
12:24:25.648 [main] DEBUG org.hibernate.type.BasicTypeRegistry -- Adding type registration java.util.Date -> org.hibernate.type.BasicTypeReference@515ebef3
12:24:25.648 [main] DEBUG org.hibernate.type.BasicTypeRegistry -- Adding type registration calendar -> org.hibernate.type.BasicTypeReference@545607f2
12:24:25.648 [main] DEBUG org.hibernate.type.BasicTypeRegistry -- Adding type registration java.util.Calendar -> org.hibernate.type.BasicTypeReference@545607f2
12:24:25.648 [main] DEBUG org.hibernate.type.BasicTypeRegistry -- Adding type registration java.util.GregorianCalendar -> org.hibernate.type.BasicTypeReference@545607f2
12:24:25.648 [main] DEBUG org.hibernate.type.BasicTypeRegistry -- Adding type registration calendar_date -> org.hibernate.type.BasicTypeReference@39109136
12:24:25.648 [main] DEBUG org.hibernate.type.BasicTypeRegistry -- Adding type registration calendar_time -> org.hibernate.type.BasicTypeReference@27c04377
12:24:25.648 [main] DEBUG org.hibernate.type.BasicTypeRegistry -- Adding type registration instant -> org.hibernate.type.BasicTypeReference@34dc85a
12:24:25.648 [main] DEBUG org.hibernate.type.BasicTypeRegistry -- Adding type registration java.time.Instant -> org.hibernate.type.BasicTypeReference@34dc85a
12:24:25.648 [main] DEBUG org.hibernate.type.BasicTypeRegistry -- Adding type registration uuid -> org.hibernate.type.BasicTypeReference@67403656
12:24:25.648 [main] DEBUG org.hibernate.type.BasicTypeRegistry -- Adding type registration java.util.UUID -> org.hibernate.type.BasicTypeReference@67403656
12:24:25.648 [main] DEBUG org.hibernate.type.BasicTypeRegistry -- Adding type registration pg-uuid -> org.hibernate.type.BasicTypeReference@67403656
12:24:25.649 [main] DEBUG org.hibernate.type.BasicTypeRegistry -- Adding type registration uuid-binary -> org.hibernate.type.BasicTypeReference@5a6482a9
12:24:25.649 [main] DEBUG org.hibernate.type.BasicTypeRegistry -- Adding type registration uuid-char -> org.hibernate.type.BasicTypeReference@12f8b1d8
12:24:25.649 [main] DEBUG org.hibernate.type.BasicTypeRegistry -- Adding type registration class -> org.hibernate.type.BasicTypeReference@746cd757
12:24:25.649 [main] DEBUG org.hibernate.type.BasicTypeRegistry -- Adding type registration java.lang.Class -> org.hibernate.type.BasicTypeReference@746cd757
12:24:25.649 [main] DEBUG org.hibernate.type.BasicTypeRegistry -- Adding type registration currency -> org.hibernate.type.BasicTypeReference@ae372b9
12:24:25.649 [main] DEBUG org.hibernate.type.BasicTypeRegistry -- Adding type registration Currency -> org.hibernate.type.BasicTypeReference@ae372b9
12:24:25.649 [main] DEBUG org.hibernate.type.BasicTypeRegistry -- Adding type registration java.util.Currency -> org.hibernate.type.BasicTypeReference@ae372b9
12:24:25.649 [main] DEBUG org.hibernate.type.BasicTypeRegistry -- Adding type registration locale -> org.hibernate.type.BasicTypeReference@2098d37d
12:24:25.649 [main] DEBUG org.hibernate.type.BasicTypeRegistry -- Adding type registration java.util.Locale -> org.hibernate.type.BasicTypeReference@2098d37d
12:24:25.649 [main] DEBUG org.hibernate.type.BasicTypeRegistry -- Adding type registration serializable -> org.hibernate.type.BasicTypeReference@77b9d0c7
12:24:25.649 [main] DEBUG org.hibernate.type.BasicTypeRegistry -- Adding type registration java.io.Serializable -> org.hibernate.type.BasicTypeReference@77b9d0c7
12:24:25.649 [main] DEBUG org.hibernate.type.BasicTypeRegistry -- Adding type registration timezone -> org.hibernate.type.BasicTypeReference@65fd6708
12:24:25.649 [main] DEBUG org.hibernate.type.BasicTypeRegistry -- Adding type registration java.util.TimeZone -> org.hibernate.type.BasicTypeReference@65fd6708
12:24:25.649 [main] DEBUG org.hibernate.type.BasicTypeRegistry -- Adding type registration ZoneOffset -> org.hibernate.type.BasicTypeReference@749ab7b4
12:24:25.649 [main] DEBUG org.hibernate.type.BasicTypeRegistry -- Adding type registration java.time.ZoneOffset -> org.hibernate.type.BasicTypeReference@749ab7b4
12:24:25.649 [main] DEBUG org.hibernate.type.BasicTypeRegistry -- Adding type registration url -> org.hibernate.type.BasicTypeReference@127f9161
12:24:25.649 [main] DEBUG org.hibernate.type.BasicTypeRegistry -- Adding type registration java.net.URL -> org.hibernate.type.BasicTypeReference@127f9161
12:24:25.649 [main] DEBUG org.hibernate.type.BasicTypeRegistry -- Adding type registration vector -> org.hibernate.type.BasicTypeReference@2bf94401
12:24:25.649 [main] DEBUG org.hibernate.type.BasicTypeRegistry -- Adding type registration row_version -> org.hibernate.type.BasicTypeReference@2532b351
12:24:25.652 [main] DEBUG org.hibernate.type.BasicTypeRegistry -- Adding type registration object -> org.hibernate.type.JavaObjectType@6892cc6f
12:24:25.652 [main] DEBUG org.hibernate.type.BasicTypeRegistry -- Adding type registration java.lang.Object -> org.hibernate.type.JavaObjectType@6892cc6f
12:24:25.653 [main] DEBUG org.hibernate.type.BasicTypeRegistry -- Adding type registration null -> org.hibernate.type.NullType@621f89b8
12:24:25.653 [main] DEBUG org.hibernate.type.BasicTypeRegistry -- Adding type registration imm_date -> org.hibernate.type.BasicTypeReference@f339eae
12:24:25.653 [main] DEBUG org.hibernate.type.BasicTypeRegistry -- Adding type registration imm_time -> org.hibernate.type.BasicTypeReference@2822c6ff
12:24:25.653 [main] DEBUG org.hibernate.type.BasicTypeRegistry -- Adding type registration imm_timestamp -> org.hibernate.type.BasicTypeReference@4dafba3e
12:24:25.653 [main] DEBUG org.hibernate.type.BasicTypeRegistry -- Adding type registration imm_calendar -> org.hibernate.type.BasicTypeReference@53e3a87a
12:24:25.653 [main] DEBUG org.hibernate.type.BasicTypeRegistry -- Adding type registration imm_calendar_date -> org.hibernate.type.BasicTypeReference@40368a46
12:24:25.653 [main] DEBUG org.hibernate.type.BasicTypeRegistry -- Adding type registration imm_calendar_time -> org.hibernate.type.BasicTypeReference@7e9da981
12:24:25.653 [main] DEBUG org.hibernate.type.BasicTypeRegistry -- Adding type registration imm_binary -> org.hibernate.type.BasicTypeReference@4ed38226
12:24:25.653 [main] DEBUG org.hibernate.type.BasicTypeRegistry -- Adding type registration imm_serializable -> org.hibernate.type.BasicTypeReference@3d43fe
12:24:25.668 [main] WARN org.hibernate.orm.connections.pooling -- HHH10001002: Using built-in connection pool (not intended for production use)
12:24:25.774 [main] INFO org.hibernate.orm.connections.pooling -- HHH10001005: Loaded JDBC driver class: org.apache.derby.jdbc.EmbeddedDriver
12:24:25.774 [main] INFO org.hibernate.orm.connections.pooling -- HHH10001012: Connecting with JDBC URL [jdbc:derby:database/SupermarketDB;create=true]
12:24:25.774 [main] INFO org.hibernate.orm.connections.pooling -- HHH10001001: Connection properties: {password=, user=}
12:24:25.774 [main] INFO org.hibernate.orm.connections.pooling -- HHH10001003: Autocommit mode: false
12:24:25.776 [main] DEBUG org.hibernate.orm.connections.pooling -- Initializing Connection pool with 1 Connections
12:24:25.776 [main] INFO org.hibernate.orm.connections.pooling -- HHH10001115: Connection pool size: 20 (min=1)
12:24:25.887 [main] DEBUG org.hibernate.engine.jdbc.env.internal.JdbcEnvironmentInitiator -- Database ->
	   name : Apache Derby
	version : 10.17.1.0 - (1913217)
	  major : 10
	  minor : 17
12:24:25.887 [main] DEBUG org.hibernate.engine.jdbc.env.internal.JdbcEnvironmentInitiator -- Driver ->
	   name : Apache Derby Embedded JDBC Driver
	version : 10.17.1.0 - (1913217)
	  major : 10
	  minor : 17
12:24:25.887 [main] DEBUG org.hibernate.engine.jdbc.env.internal.JdbcEnvironmentInitiator -- JDBC version : 4.2
12:24:25.897 [main] WARN org.hibernate.orm.deprecation -- HHH90000025: DerbyDialect does not need to be specified explicitly using 'hibernate.dialect' (remove the property setting and it will be selected by default)
12:24:25.898 [main] DEBUG org.hibernate.orm.dialect -- HHH035001: Using dialect: org.hibernate.dialect.DerbyDialect, version: 10.17.1
12:24:25.911 [main] DEBUG org.hibernate.orm.jdbc.lob -- HHH10010006: Disabling contextual NCLOB creation as createNClob() method threw error : java.sql.SQLFeatureNotSupportedException: Feature not implemented: No details.
12:24:25.916 [main] DEBUG org.hibernate.type.descriptor.sql.spi.DdlTypeRegistry -- addDescriptor(-3, org.hibernate.type.descriptor.sql.internal.CapacityDependentDdlType@39bbd9e0) replaced previous registration(org.hibernate.type.descriptor.sql.internal.CapacityDependentDdlType@27fe9713)
12:24:25.917 [main] DEBUG org.hibernate.type.descriptor.sql.spi.DdlTypeRegistry -- addDescriptor(12, org.hibernate.type.descriptor.sql.internal.CapacityDependentDdlType@11c3ff67) replaced previous registration(org.hibernate.type.descriptor.sql.internal.CapacityDependentDdlType@4397a639)
12:24:25.917 [main] DEBUG org.hibernate.type.descriptor.sql.spi.DdlTypeRegistry -- addDescriptor(-9, org.hibernate.type.descriptor.sql.internal.CapacityDependentDdlType@24841372) replaced previous registration(org.hibernate.type.descriptor.sql.internal.CapacityDependentDdlType@77114efe)
12:24:25.917 [main] DEBUG org.hibernate.type.descriptor.sql.spi.DdlTypeRegistry -- addDescriptor(-2, org.hibernate.type.descriptor.sql.internal.CapacityDependentDdlType@79a7bfbc) replaced previous registration(org.hibernate.type.descriptor.sql.internal.DdlTypeImpl@77f68df)
12:24:25.917 [main] DEBUG org.hibernate.type.descriptor.sql.spi.DdlTypeRegistry -- addDescriptor(1, org.hibernate.type.descriptor.sql.internal.CapacityDependentDdlType@3e4e4c1) replaced previous registration(org.hibernate.type.descriptor.sql.internal.DdlTypeImpl@7e7f3cfd)
12:24:25.917 [main] DEBUG org.hibernate.type.descriptor.sql.spi.DdlTypeRegistry -- addDescriptor(-15, org.hibernate.type.descriptor.sql.internal.CapacityDependentDdlType@3ae126d1) replaced previous registration(org.hibernate.type.descriptor.sql.internal.DdlTypeImpl@46a488c2)
12:24:25.918 [main] DEBUG org.hibernate.type.descriptor.jdbc.spi.JdbcTypeRegistry -- addDescriptor(2005, ClobTypeDescriptor(STREAM_BINDING)) replaced previous registration(ClobTypeDescriptor(DEFAULT))
12:24:25.920 [main] DEBUG org.hibernate.type.descriptor.jdbc.spi.JdbcTypeRegistry -- addDescriptor(2, DecimalTypeDescriptor) replaced previous registration(NumericTypeDescriptor)
12:24:25.920 [main] DEBUG org.hibernate.type.descriptor.jdbc.spi.JdbcTypeRegistry -- addDescriptor(2014, TimestampTypeDescriptor) replaced previous registration(TimestampWithTimeZoneDescriptor)
12:24:25.921 [main] DEBUG org.hibernate.type.BasicTypeRegistry -- BasicTypeRegistry registration overwritten (2000 + org.hibernate.type.descriptor.java.ObjectJavaType@2a27cb34); previous =`org.hibernate.type.NullType@621f89b8`
12:24:25.921 [main] DEBUG org.hibernate.type.BasicTypeRegistry -- Adding type registration JAVA_OBJECT -> org.hibernate.type.JavaObjectType@3662bdff
12:24:25.921 [main] DEBUG org.hibernate.type.BasicTypeRegistry -- Adding type registration java.lang.Object -> org.hibernate.type.JavaObjectType@3662bdff
12:24:25.921 [main] DEBUG org.hibernate.type.BasicTypeRegistry -- Type registration key [java.lang.Object] overrode previous entry : `org.hibernate.type.JavaObjectType@6892cc6f`
12:24:25.925 [main] DEBUG org.hibernate.type.BasicTypeRegistry -- Adding type registration org.hibernate.type.DurationType -> basicType@1(java.time.Duration,3015)
12:24:25.925 [main] DEBUG org.hibernate.type.BasicTypeRegistry -- Adding type registration Duration -> basicType@1(java.time.Duration,3015)
12:24:25.925 [main] DEBUG org.hibernate.type.BasicTypeRegistry -- Adding type registration java.time.Duration -> basicType@1(java.time.Duration,3015)
12:24:25.930 [main] DEBUG org.hibernate.type.BasicTypeRegistry -- Adding type registration org.hibernate.type.OffsetDateTimeType -> basicType@2(java.time.OffsetDateTime,3003)
12:24:25.930 [main] DEBUG org.hibernate.type.BasicTypeRegistry -- Adding type registration OffsetDateTime -> basicType@2(java.time.OffsetDateTime,3003)
12:24:25.930 [main] DEBUG org.hibernate.type.BasicTypeRegistry -- Adding type registration java.time.OffsetDateTime -> basicType@2(java.time.OffsetDateTime,3003)
12:24:25.930 [main] DEBUG org.hibernate.type.BasicTypeRegistry -- Adding type registration org.hibernate.type.ZonedDateTimeType -> basicType@3(java.time.ZonedDateTime,3003)
12:24:25.930 [main] DEBUG org.hibernate.type.BasicTypeRegistry -- Adding type registration ZonedDateTime -> basicType@3(java.time.ZonedDateTime,3003)
12:24:25.930 [main] DEBUG org.hibernate.type.BasicTypeRegistry -- Adding type registration java.time.ZonedDateTime -> basicType@3(java.time.ZonedDateTime,3003)
12:24:25.931 [main] DEBUG org.hibernate.type.BasicTypeRegistry -- Adding type registration org.hibernate.type.OffsetTimeType -> basicType@4(java.time.OffsetTime,3007)
12:24:25.931 [main] DEBUG org.hibernate.type.BasicTypeRegistry -- Adding type registration OffsetTime -> basicType@4(java.time.OffsetTime,3007)
12:24:25.931 [main] DEBUG org.hibernate.type.BasicTypeRegistry -- Adding type registration java.time.OffsetTime -> basicType@4(java.time.OffsetTime,3007)
12:24:25.932 [main] DEBUG org.hibernate.type.spi.TypeConfiguration$Scope -- Scoping TypeConfiguration [org.hibernate.type.spi.TypeConfiguration@59b65dce] to MetadataBuildingContext [org.hibernate.boot.internal.MetadataBuildingContextRootImpl@1386313f]
12:24:25.953 [main] DEBUG org.hibernate.boot.model.relational.Namespace -- Created database namespace [logicalName=Name{catalog=null, schema=null}, physicalName=Name{catalog=null, schema=null}]
12:24:25.973 [main] DEBUG org.hibernate.boot.model.internal.EntityBinder -- Binding entity from annotated class: com.pdcgame.Models.GameSave
12:24:25.978 [main] DEBUG org.hibernate.boot.model.internal.EntityBinder -- Import with entity name GameSave
12:24:25.982 [main] DEBUG org.hibernate.boot.model.internal.EntityBinder -- Bind entity com.pdcgame.Models.GameSave on table game_save
12:24:25.987 [main] DEBUG org.hibernate.boot.model.internal.AnnotatedColumn -- Binding column: AnnotatedDiscriminatorColumn(column='DTYPE')
12:24:25.996 [main] DEBUG org.hibernate.boot.model.internal.AnnotatedColumn -- Binding column: AnnotatedColumn()
12:24:25.996 [main] DEBUG org.hibernate.boot.internal.ClassLoaderAccessImpl -- Not known whether passed class name [com.pdcgame.Models.GameSave] is safe
12:24:25.996 [main] DEBUG org.hibernate.boot.internal.ClassLoaderAccessImpl -- No temp ClassLoader provided; using live ClassLoader for loading potentially unsafe class : com.pdcgame.Models.GameSave
12:24:25.997 [main] DEBUG org.hibernate.boot.model.internal.PropertyBinder -- MetadataSourceProcessor property id with lazy=false
12:24:25.999 [main] DEBUG org.hibernate.boot.model.internal.AbstractPropertyHolder -- Attempting to locate auto-apply AttributeConverter for property [com.pdcgame.Models.GameSave:id]
12:24:26.001 [main] DEBUG org.hibernate.boot.model.internal.BasicValueBinder -- building BasicValue for id
12:24:26.003 [main] DEBUG org.hibernate.mapping.BasicValue -- Skipping column re-registration: game_save.id
12:24:26.003 [main] DEBUG org.hibernate.boot.model.internal.PropertyBinder -- Building property id
12:24:26.004 [main] DEBUG org.hibernate.boot.model.internal.BinderHelper -- #makeIdGenerator(BasicValue([Column(id)]), id, assigned, , ...)
12:24:26.005 [main] DEBUG org.hibernate.boot.model.internal.AnnotatedColumn -- Binding column: AnnotatedColumn()
12:24:26.005 [main] DEBUG org.hibernate.boot.model.internal.PropertyBinder -- MetadataSourceProcessor property actions with lazy=false
12:24:26.005 [main] DEBUG org.hibernate.boot.model.internal.AbstractPropertyHolder -- Attempting to locate auto-apply AttributeConverter for property [com.pdcgame.Models.GameSave:actions]
12:24:26.005 [main] DEBUG org.hibernate.boot.model.internal.BasicValueBinder -- building BasicValue for actions
12:24:26.005 [main] DEBUG org.hibernate.mapping.BasicValue -- Skipping column re-registration: game_save.actions
12:24:26.005 [main] DEBUG org.hibernate.boot.model.internal.PropertyBinder -- Building property actions
12:24:26.005 [main] DEBUG org.hibernate.boot.model.internal.AnnotatedColumn -- Binding column: AnnotatedColumn()
12:24:26.005 [main] DEBUG org.hibernate.boot.model.internal.PropertyBinder -- MetadataSourceProcessor property balance with lazy=false
12:24:26.005 [main] DEBUG org.hibernate.boot.model.internal.AbstractPropertyHolder -- Attempting to locate auto-apply AttributeConverter for property [com.pdcgame.Models.GameSave:balance]
12:24:26.005 [main] DEBUG org.hibernate.boot.model.internal.BasicValueBinder -- building BasicValue for balance
12:24:26.005 [main] DEBUG org.hibernate.mapping.BasicValue -- Skipping column re-registration: game_save.balance
12:24:26.005 [main] DEBUG org.hibernate.boot.model.internal.PropertyBinder -- Building property balance
12:24:26.005 [main] DEBUG org.hibernate.boot.model.internal.AnnotatedColumn -- Binding column: AnnotatedColumn()
12:24:26.005 [main] DEBUG org.hibernate.boot.model.internal.PropertyBinder -- MetadataSourceProcessor property day with lazy=false
12:24:26.005 [main] DEBUG org.hibernate.boot.model.internal.AbstractPropertyHolder -- Attempting to locate auto-apply AttributeConverter for property [com.pdcgame.Models.GameSave:day]
12:24:26.005 [main] DEBUG org.hibernate.boot.model.internal.BasicValueBinder -- building BasicValue for day
12:24:26.005 [main] DEBUG org.hibernate.mapping.BasicValue -- Skipping column re-registration: game_save.day
12:24:26.005 [main] DEBUG org.hibernate.boot.model.internal.PropertyBinder -- Building property day
12:24:26.005 [main] DEBUG org.hibernate.boot.model.internal.AnnotatedColumn -- Binding column: AnnotatedColumn()
12:24:26.005 [main] DEBUG org.hibernate.boot.model.internal.PropertyBinder -- MetadataSourceProcessor property difficulty with lazy=false
12:24:26.007 [main] DEBUG org.hibernate.boot.model.internal.AbstractPropertyHolder -- Attempting to locate auto-apply AttributeConverter for property [com.pdcgame.Models.GameSave:difficulty]
12:24:26.007 [main] DEBUG org.hibernate.boot.model.internal.BasicValueBinder -- building BasicValue for difficulty
12:24:26.007 [main] DEBUG org.hibernate.mapping.BasicValue -- Skipping column re-registration: game_save.difficulty
12:24:26.007 [main] DEBUG org.hibernate.boot.model.internal.PropertyBinder -- Building property difficulty
12:24:26.007 [main] DEBUG org.hibernate.boot.model.internal.AnnotatedColumn -- Binding column: AnnotatedColumn()
12:24:26.007 [main] DEBUG org.hibernate.boot.model.internal.PropertyBinder -- MetadataSourceProcessor property gameSeed with lazy=false
12:24:26.007 [main] DEBUG org.hibernate.boot.model.internal.AbstractPropertyHolder -- Attempting to locate auto-apply AttributeConverter for property [com.pdcgame.Models.GameSave:gameSeed]
12:24:26.008 [main] DEBUG org.hibernate.boot.model.internal.BasicValueBinder -- building BasicValue for gameSeed
12:24:26.008 [main] DEBUG org.hibernate.mapping.BasicValue -- Skipping column re-registration: game_save.gameSeed
12:24:26.008 [main] DEBUG org.hibernate.boot.model.internal.PropertyBinder -- Building property gameSeed
12:24:26.008 [main] DEBUG org.hibernate.boot.model.internal.AnnotatedColumn -- Binding column: AnnotatedColumn()
12:24:26.008 [main] DEBUG org.hibernate.boot.model.internal.PropertyBinder -- MetadataSourceProcessor property rating with lazy=false
12:24:26.008 [main] DEBUG org.hibernate.boot.model.internal.AbstractPropertyHolder -- Attempting to locate auto-apply AttributeConverter for property [com.pdcgame.Models.GameSave:rating]
12:24:26.008 [main] DEBUG org.hibernate.boot.model.internal.BasicValueBinder -- building BasicValue for rating
12:24:26.008 [main] DEBUG org.hibernate.mapping.BasicValue -- Skipping column re-registration: game_save.rating
12:24:26.008 [main] DEBUG org.hibernate.boot.model.internal.PropertyBinder -- Building property rating
12:24:26.008 [main] DEBUG org.hibernate.boot.model.internal.AnnotatedColumn -- Binding column: AnnotatedColumn()
12:24:26.008 [main] DEBUG org.hibernate.boot.model.internal.PropertyBinder -- MetadataSourceProcessor property totalActions with lazy=false
12:24:26.008 [main] DEBUG org.hibernate.boot.model.internal.AbstractPropertyHolder -- Attempting to locate auto-apply AttributeConverter for property [com.pdcgame.Models.GameSave:totalActions]
12:24:26.008 [main] DEBUG org.hibernate.boot.model.internal.BasicValueBinder -- building BasicValue for totalActions
12:24:26.008 [main] DEBUG org.hibernate.mapping.BasicValue -- Skipping column re-registration: game_save.totalActions
12:24:26.008 [main] DEBUG org.hibernate.boot.model.internal.PropertyBinder -- Building property totalActions
12:24:26.009 [main] DEBUG org.hibernate.boot.registry.classloading.internal.ClassLoaderServiceImpl -- HHH000194: Package not found or no package-info.java: com.pdcgame.Models
12:24:26.011 [main] DEBUG org.hibernate.boot.model.internal.EntityBinder -- Binding entity from annotated class: com.pdcgame.Models.InventorySave
12:24:26.012 [main] DEBUG org.hibernate.boot.model.internal.EntityBinder -- Import with entity name InventorySave
12:24:26.012 [main] DEBUG org.hibernate.boot.model.internal.EntityBinder -- Bind entity com.pdcgame.Models.InventorySave on table inventory_save
12:24:26.012 [main] DEBUG org.hibernate.boot.model.internal.AnnotatedColumn -- Binding column: AnnotatedDiscriminatorColumn(column='DTYPE')
12:24:26.014 [main] DEBUG org.hibernate.boot.model.internal.AnnotatedColumn -- Binding column: AnnotatedColumn(column='product_name')
12:24:26.014 [main] DEBUG org.hibernate.boot.internal.ClassLoaderAccessImpl -- Not known whether passed class name [com.pdcgame.Models.InventorySave] is safe
12:24:26.014 [main] DEBUG org.hibernate.boot.internal.ClassLoaderAccessImpl -- No temp ClassLoader provided; using live ClassLoader for loading potentially unsafe class : com.pdcgame.Models.InventorySave
12:24:26.014 [main] DEBUG org.hibernate.boot.model.internal.PropertyBinder -- MetadataSourceProcessor property productName with lazy=false
12:24:26.014 [main] DEBUG org.hibernate.boot.model.internal.AbstractPropertyHolder -- Attempting to locate auto-apply AttributeConverter for property [com.pdcgame.Models.InventorySave:productName]
12:24:26.014 [main] DEBUG org.hibernate.boot.model.internal.BasicValueBinder -- building BasicValue for productName
12:24:26.014 [main] DEBUG org.hibernate.mapping.BasicValue -- Skipping column re-registration: inventory_save.product_name
12:24:26.014 [main] DEBUG org.hibernate.boot.model.internal.PropertyBinder -- Building property productName
12:24:26.014 [main] DEBUG org.hibernate.boot.model.internal.BinderHelper -- #makeIdGenerator(BasicValue([Column(product_name)]), productName, assigned, , ...)
12:24:26.014 [main] DEBUG org.hibernate.boot.model.internal.AnnotatedColumn -- Binding column: AnnotatedColumn(column='quantity')
12:24:26.014 [main] DEBUG org.hibernate.boot.model.internal.PropertyBinder -- MetadataSourceProcessor property quantity with lazy=false
12:24:26.014 [main] DEBUG org.hibernate.boot.model.internal.AbstractPropertyHolder -- Attempting to locate auto-apply AttributeConverter for property [com.pdcgame.Models.InventorySave:quantity]
12:24:26.014 [main] DEBUG org.hibernate.boot.model.internal.BasicValueBinder -- building BasicValue for quantity
12:24:26.014 [main] DEBUG org.hibernate.mapping.BasicValue -- Skipping column re-registration: inventory_save.quantity
12:24:26.014 [main] DEBUG org.hibernate.boot.model.internal.PropertyBinder -- Building property quantity
12:24:26.015 [main] DEBUG org.hibernate.boot.model.internal.AnnotatedColumn -- Binding column: AnnotatedColumn(column='sell_price')
12:24:26.015 [main] DEBUG org.hibernate.boot.model.internal.PropertyBinder -- MetadataSourceProcessor property sellPrice with lazy=false
12:24:26.015 [main] DEBUG org.hibernate.boot.model.internal.AbstractPropertyHolder -- Attempting to locate auto-apply AttributeConverter for property [com.pdcgame.Models.InventorySave:sellPrice]
12:24:26.015 [main] DEBUG org.hibernate.boot.model.internal.BasicValueBinder -- building BasicValue for sellPrice
12:24:26.015 [main] DEBUG org.hibernate.mapping.BasicValue -- Skipping column re-registration: inventory_save.sell_price
12:24:26.015 [main] DEBUG org.hibernate.boot.model.internal.PropertyBinder -- Building property sellPrice
12:24:26.015 [main] DEBUG org.hibernate.boot.registry.classloading.internal.ClassLoaderServiceImpl -- HHH000194: Package not found or no package-info.java: com.pdcgame.Models
12:24:26.015 [main] DEBUG org.hibernate.boot.model.internal.EntityBinder -- Binding entity from annotated class: com.pdcgame.Models.BoardSave
12:24:26.015 [main] DEBUG org.hibernate.boot.model.internal.EntityBinder -- Import with entity name BoardSave
12:24:26.015 [main] DEBUG org.hibernate.boot.model.internal.EntityBinder -- Bind entity com.pdcgame.Models.BoardSave on table board_save
12:24:26.015 [main] DEBUG org.hibernate.boot.model.internal.AnnotatedColumn -- Binding column: AnnotatedDiscriminatorColumn(column='DTYPE')
12:24:26.016 [main] DEBUG org.hibernate.boot.model.internal.AnnotatedColumn -- Binding column: AnnotatedColumn()
12:24:26.016 [main] DEBUG org.hibernate.boot.internal.ClassLoaderAccessImpl -- Not known whether passed class name [com.pdcgame.Models.BoardSave] is safe
12:24:26.016 [main] DEBUG org.hibernate.boot.internal.ClassLoaderAccessImpl -- No temp ClassLoader provided; using live ClassLoader for loading potentially unsafe class : com.pdcgame.Models.BoardSave
12:24:26.016 [main] DEBUG org.hibernate.boot.model.internal.PropertyBinder -- MetadataSourceProcessor property coordinateID with lazy=false
12:24:26.016 [main] DEBUG org.hibernate.boot.model.internal.AbstractPropertyHolder -- Attempting to locate auto-apply AttributeConverter for property [com.pdcgame.Models.BoardSave:coordinateID]
12:24:26.016 [main] DEBUG org.hibernate.boot.model.internal.BasicValueBinder -- building BasicValue for coordinateID
12:24:26.016 [main] DEBUG org.hibernate.mapping.BasicValue -- Skipping column re-registration: board_save.coordinateID
12:24:26.016 [main] DEBUG org.hibernate.boot.model.internal.PropertyBinder -- Building property coordinateID
12:24:26.016 [main] DEBUG org.hibernate.boot.model.internal.BinderHelper -- #makeIdGenerator(BasicValue([Column(coordinateID)]), coordinateID, assigned, , ...)
12:24:26.016 [main] DEBUG org.hibernate.boot.model.internal.AnnotatedColumn -- Binding column: AnnotatedColumn()
12:24:26.016 [main] DEBUG org.hibernate.boot.model.internal.PropertyBinder -- MetadataSourceProcessor property boardCell with lazy=false
12:24:26.016 [main] DEBUG org.hibernate.boot.model.internal.AbstractPropertyHolder -- Attempting to locate auto-apply AttributeConverter for property [com.pdcgame.Models.BoardSave:boardCell]
12:24:26.016 [main] DEBUG org.hibernate.boot.model.internal.BasicValueBinder -- building BasicValue for boardCell
12:24:26.016 [main] DEBUG org.hibernate.mapping.BasicValue -- Skipping column re-registration: board_save.boardCell
12:24:26.016 [main] DEBUG org.hibernate.boot.model.internal.PropertyBinder -- Building property boardCell
12:24:26.016 [main] DEBUG org.hibernate.boot.registry.classloading.internal.ClassLoaderServiceImpl -- HHH000194: Package not found or no package-info.java: com.pdcgame.Models
12:24:26.017 [main] DEBUG org.hibernate.boot.model.internal.EntityBinder -- Binding entity from annotated class: com.pdcgame.Models.StorageItemSave
12:24:26.017 [main] DEBUG org.hibernate.boot.model.internal.EntityBinder -- Import with entity name StorageItemSave
12:24:26.017 [main] DEBUG org.hibernate.boot.model.internal.EntityBinder -- Bind entity com.pdcgame.Models.StorageItemSave on table storage_save
12:24:26.017 [main] DEBUG org.hibernate.boot.model.internal.AnnotatedColumn -- Binding column: AnnotatedDiscriminatorColumn(column='DTYPE')
12:24:26.018 [main] DEBUG org.hibernate.boot.model.internal.AnnotatedColumn -- Binding column: AnnotatedColumn()
12:24:26.018 [main] DEBUG org.hibernate.boot.internal.ClassLoaderAccessImpl -- Not known whether passed class name [com.pdcgame.Models.StorageItemSave] is safe
12:24:26.018 [main] DEBUG org.hibernate.boot.internal.ClassLoaderAccessImpl -- No temp ClassLoader provided; using live ClassLoader for loading potentially unsafe class : com.pdcgame.Models.StorageItemSave
12:24:26.018 [main] DEBUG org.hibernate.boot.model.internal.PropertyBinder -- MetadataSourceProcessor property id with lazy=false
12:24:26.018 [main] DEBUG org.hibernate.boot.model.internal.AbstractPropertyHolder -- Attempting to locate auto-apply AttributeConverter for property [com.pdcgame.Models.StorageItemSave:id]
12:24:26.019 [main] DEBUG org.hibernate.boot.model.internal.BasicValueBinder -- building BasicValue for id
12:24:26.019 [main] DEBUG org.hibernate.mapping.BasicValue -- Skipping column re-registration: storage_save.id
12:24:26.019 [main] DEBUG org.hibernate.boot.model.internal.PropertyBinder -- Building property id
12:24:26.020 [main] DEBUG org.hibernate.boot.model.internal.BinderHelper -- #makeIdGenerator(BasicValue([Column(id)]), id, identity, , ...)
12:24:26.020 [main] DEBUG org.hibernate.boot.model.internal.AnnotatedColumn -- Binding column: AnnotatedColumn(column='coordinate_id')
12:24:26.020 [main] DEBUG org.hibernate.boot.model.internal.PropertyBinder -- MetadataSourceProcessor property coordinateID with lazy=false
12:24:26.020 [main] DEBUG org.hibernate.boot.model.internal.AbstractPropertyHolder -- Attempting to locate auto-apply AttributeConverter for property [com.pdcgame.Models.StorageItemSave:coordinateID]
12:24:26.020 [main] DEBUG org.hibernate.boot.model.internal.BasicValueBinder -- building BasicValue for coordinateID
12:24:26.020 [main] DEBUG org.hibernate.mapping.BasicValue -- Skipping column re-registration: storage_save.coordinate_id
12:24:26.020 [main] DEBUG org.hibernate.boot.model.internal.PropertyBinder -- Building property coordinateID
12:24:26.020 [main] DEBUG org.hibernate.boot.model.internal.AnnotatedColumn -- Binding column: AnnotatedColumn(column='product_name')
12:24:26.020 [main] DEBUG org.hibernate.boot.model.internal.PropertyBinder -- MetadataSourceProcessor property productName with lazy=false
12:24:26.020 [main] DEBUG org.hibernate.boot.model.internal.AbstractPropertyHolder -- Attempting to locate auto-apply AttributeConverter for property [com.pdcgame.Models.StorageItemSave:productName]
12:24:26.020 [main] DEBUG org.hibernate.boot.model.internal.BasicValueBinder -- building BasicValue for productName
12:24:26.020 [main] DEBUG org.hibernate.mapping.BasicValue -- Skipping column re-registration: storage_save.product_name
12:24:26.020 [main] DEBUG org.hibernate.boot.model.internal.PropertyBinder -- Building property productName
12:24:26.021 [main] DEBUG org.hibernate.boot.model.internal.AnnotatedColumn -- Binding column: AnnotatedColumn(column='quantity')
12:24:26.021 [main] DEBUG org.hibernate.boot.model.internal.PropertyBinder -- MetadataSourceProcessor property quantity with lazy=false
12:24:26.021 [main] DEBUG org.hibernate.boot.model.internal.AbstractPropertyHolder -- Attempting to locate auto-apply AttributeConverter for property [com.pdcgame.Models.StorageItemSave:quantity]
12:24:26.021 [main] DEBUG org.hibernate.boot.model.internal.BasicValueBinder -- building BasicValue for quantity
12:24:26.021 [main] DEBUG org.hibernate.mapping.BasicValue -- Skipping column re-registration: storage_save.quantity
12:24:26.021 [main] DEBUG org.hibernate.boot.model.internal.PropertyBinder -- Building property quantity
12:24:26.021 [main] DEBUG org.hibernate.boot.registry.classloading.internal.ClassLoaderServiceImpl -- HHH000194: Package not found or no package-info.java: com.pdcgame.Models
12:24:26.022 [main] DEBUG org.hibernate.boot.model.internal.BasicValueBinder -- Starting `BasicValueBinder#fillSimpleValue` for id
12:24:26.022 [main] DEBUG org.hibernate.boot.model.internal.BasicValueBinder -- Starting `BasicValueBinder#fillSimpleValue` for actions
12:24:26.022 [main] DEBUG org.hibernate.boot.model.internal.BasicValueBinder -- Starting `BasicValueBinder#fillSimpleValue` for balance
12:24:26.022 [main] DEBUG org.hibernate.boot.model.internal.BasicValueBinder -- Starting `BasicValueBinder#fillSimpleValue` for day
12:24:26.022 [main] DEBUG org.hibernate.boot.model.internal.BasicValueBinder -- Starting `BasicValueBinder#fillSimpleValue` for difficulty
12:24:26.023 [main] DEBUG org.hibernate.boot.model.internal.BasicValueBinder -- Starting `BasicValueBinder#fillSimpleValue` for gameSeed
12:24:26.023 [main] DEBUG org.hibernate.boot.model.internal.BasicValueBinder -- Starting `BasicValueBinder#fillSimpleValue` for rating
12:24:26.023 [main] DEBUG org.hibernate.boot.model.internal.BasicValueBinder -- Starting `BasicValueBinder#fillSimpleValue` for totalActions
12:24:26.023 [main] DEBUG org.hibernate.boot.model.internal.BasicValueBinder -- Starting `BasicValueBinder#fillSimpleValue` for productName
12:24:26.023 [main] DEBUG org.hibernate.boot.model.internal.BasicValueBinder -- Starting `BasicValueBinder#fillSimpleValue` for quantity
12:24:26.023 [main] DEBUG org.hibernate.boot.model.internal.BasicValueBinder -- Starting `BasicValueBinder#fillSimpleValue` for sellPrice
12:24:26.023 [main] DEBUG org.hibernate.boot.model.internal.BasicValueBinder -- Starting `BasicValueBinder#fillSimpleValue` for coordinateID
12:24:26.023 [main] DEBUG org.hibernate.boot.model.internal.BasicValueBinder -- Starting `BasicValueBinder#fillSimpleValue` for boardCell
12:24:26.023 [main] DEBUG org.hibernate.boot.model.internal.BasicValueBinder -- Starting `BasicValueBinder#fillSimpleValue` for id
12:24:26.023 [main] DEBUG org.hibernate.boot.model.internal.BasicValueBinder -- Starting `BasicValueBinder#fillSimpleValue` for coordinateID
12:24:26.023 [main] DEBUG org.hibernate.boot.model.internal.BasicValueBinder -- Starting `BasicValueBinder#fillSimpleValue` for productName
12:24:26.023 [main] DEBUG org.hibernate.boot.model.internal.BasicValueBinder -- Starting `BasicValueBinder#fillSimpleValue` for quantity
12:24:26.025 [main] DEBUG org.hibernate.mapping.PrimaryKey -- Forcing column [id] to be non-null as it is part of the primary key for table [game_save]
12:24:26.025 [main] DEBUG org.hibernate.mapping.PrimaryKey -- Forcing column [product_name] to be non-null as it is part of the primary key for table [inventory_save]
12:24:26.025 [main] DEBUG org.hibernate.mapping.PrimaryKey -- Forcing column [coordinateid] to be non-null as it is part of the primary key for table [board_save]
12:24:26.025 [main] DEBUG org.hibernate.mapping.PrimaryKey -- Forcing column [id] to be non-null as it is part of the primary key for table [storage_save]
12:24:26.136 [main] DEBUG org.hibernate.internal.SessionFactoryImpl -- Building session factory
12:24:26.158 [main] DEBUG org.hibernate.service.internal.SessionFactoryServiceRegistryImpl -- EventListenerRegistry access via ServiceRegistry is deprecated.  Use `sessionFactory.getEventEngine().getListenerRegistry()` instead
12:24:26.158 [main] DEBUG org.hibernate.internal.SessionFactoryImpl -- Instantiating SessionFactory with settings: {hibernate.format_sql=false, java.specification.version=21, sun.cpu.isalist=amd64, sun.jnu.encoding=Cp1252, hibernate.dialect=org.hibernate.dialect.DerbyDialect, java.class.path=C:\Users\prish\Documents\SupermarketSimulatorGUI\SupermarketSimulatorGUI\target\test-classes;C:\Users\prish\Documents\SupermarketSimulatorGUI\SupermarketSimulatorGUI\target\classes;C:\Users\prish\.m2\repository\org\hibernate\orm\hibernate-core\6.5.0.Final\hibernate-core-6.5.0.Final.jar;C:\Users\prish\.m2\repository\jakarta\persistence\jakarta.persistence-api\3.1.0\jakarta.persistence-api-3.1.0.jar;C:\Users\prish\.m2\repository\jakarta\transaction\jakarta.transaction-api\2.0.1\jakarta.transaction-api-2.0.1.jar;C:\Users\prish\.m2\repository\org\jboss\logging\jboss-logging\3.5.0.Final\jboss-logging-3.5.0.Final.jar;C:\Users\prish\.m2\repository\org\hibernate\common\hibernate-commons-annotations\6.0.6.Final\hibernate-commons-annotations-6.0.6.Final.jar;C:\Users\prish\.m2\repository\io\smallrye\jandex\3.1.2\jandex-3.1.2.jar;C:\Users\prish\.m2\repository\com\fasterxml\classmate\1.5.1\classmate-1.5.1.jar;C:\Users\prish\.m2\repository\net\bytebuddy\byte-buddy\1.14.12\byte-buddy-1.14.12.jar;C:\Users\prish\.m2\repository\jakarta\xml\bind\jakarta.xml.bind-api\4.0.0\jakarta.xml.bind-api-4.0.0.jar;C:\Users\prish\.m2\repository\jakarta\activation\jakarta.activation-api\2.1.0\jakarta.activation-api-2.1.0.jar;C:\Users\prish\.m2\repository\org\glassfish\jaxb\jaxb-runtime\4.0.2\jaxb-runtime-4.0.2.jar;C:\Users\prish\.m2\repository\org\glassfish\jaxb\jaxb-core\4.0.2\jaxb-core-4.0.2.jar;C:\Users\prish\.m2\repository\org\eclipse\angus\angus-activation\2.0.0\angus-activation-2.0.0.jar;C:\Users\prish\.m2\repository\org\glassfish\jaxb\txw2\4.0.2\txw2-4.0.2.jar;C:\Users\prish\.m2\repository\com\sun\istack\istack-commons-runtime\4.1.1\istack-commons-runtime-4.1.1.jar;C:\Users\prish\.m2\repository\jakarta\inject\jakarta.inject-api\2.0.1\jakarta.inject-api-2.0.1.jar;C:\Users\prish\.m2\repository\org\antlr\antlr4-runtime\4.13.0\antlr4-runtime-4.13.0.jar;C:\Users\prish\.m2\repository\org\apache\derby\derby\10.17.1.0\derby-10.17.1.0.jar;C:\Users\prish\.m2\repository\org\apache\derby\derbyshared\10.17.1.0\derbyshared-10.17.1.0.jar;C:\Users\prish\.m2\repository\org\apache\derby\derbyclient\10.17.1.0\derbyclient-10.17.1.0.jar;C:\Users\prish\.m2\repository\org\apache\derby\derbytools\10.17.1.0\derbytools-10.17.1.0.jar;C:\Users\prish\.m2\repository\org\slf4j\slf4j-api\2.0.13\slf4j-api-2.0.13.jar;C:\Users\prish\.m2\repository\ch\qos\logback\logback-classic\1.5.6\logback-classic-1.5.6.jar;C:\Users\prish\.m2\repository\ch\qos\logback\logback-core\1.5.6\logback-core-1.5.6.jar;C:\Users\prish\.m2\repository\junit\junit\4.13.2\junit-4.13.2.jar;C:\Users\prish\.m2\repository\org\hamcrest\hamcrest-core\1.3\hamcrest-core-1.3.jar;, sun.awt.enableExtraMouseButtons=true, java.vm.vendor=Oracle Corporation, sun.arch.data.model=64, user.variant=, java.vendor.url=https://java.oracle.com/, user.timezone=Pacific/Auckland, java.vm.specification.version=21, os.name=Windows 11, sun.java.launcher=SUN_STANDARD, user.country=AU, sun.boot.library.path=C:\Program Files\Java\jdk-21\bin, sun.java.command=C:\Users\prish\AppData\Local\Temp\surefire2178601601331851571\surefirebooter-20250616122424464_3.jar C:\Users\prish\AppData\Local\Temp\surefire2178601601331851571 2025-06-16T12-24-24_321-jvmRun1 surefire-20250616122424464_1tmp surefire_0-20250616122424464_2tmp, jdk.debug=release, surefire.test.class.path=C:\Users\prish\Documents\SupermarketSimulatorGUI\SupermarketSimulatorGUI\target\test-classes;C:\Users\prish\Documents\SupermarketSimulatorGUI\SupermarketSimulatorGUI\target\classes;C:\Users\prish\.m2\repository\org\hibernate\orm\hibernate-core\6.5.0.Final\hibernate-core-6.5.0.Final.jar;C:\Users\prish\.m2\repository\jakarta\persistence\jakarta.persistence-api\3.1.0\jakarta.persistence-api-3.1.0.jar;C:\Users\prish\.m2\repository\jakarta\transaction\jakarta.transaction-api\2.0.1\jakarta.transaction-api-2.0.1.jar;C:\Users\prish\.m2\repository\org\jboss\logging\jboss-logging\3.5.0.Final\jboss-logging-3.5.0.Final.jar;C:\Users\prish\.m2\repository\org\hibernate\common\hibernate-commons-annotations\6.0.6.Final\hibernate-commons-annotations-6.0.6.Final.jar;C:\Users\prish\.m2\repository\io\smallrye\jandex\3.1.2\jandex-3.1.2.jar;C:\Users\prish\.m2\repository\com\fasterxml\classmate\1.5.1\classmate-1.5.1.jar;C:\Users\prish\.m2\repository\net\bytebuddy\byte-buddy\1.14.12\byte-buddy-1.14.12.jar;C:\Users\prish\.m2\repository\jakarta\xml\bind\jakarta.xml.bind-api\4.0.0\jakarta.xml.bind-api-4.0.0.jar;C:\Users\prish\.m2\repository\jakarta\activation\jakarta.activation-api\2.1.0\jakarta.activation-api-2.1.0.jar;C:\Users\prish\.m2\repository\org\glassfish\jaxb\jaxb-runtime\4.0.2\jaxb-runtime-4.0.2.jar;C:\Users\prish\.m2\repository\org\glassfish\jaxb\jaxb-core\4.0.2\jaxb-core-4.0.2.jar;C:\Users\prish\.m2\repository\org\eclipse\angus\angus-activation\2.0.0\angus-activation-2.0.0.jar;C:\Users\prish\.m2\repository\org\glassfish\jaxb\txw2\4.0.2\txw2-4.0.2.jar;C:\Users\prish\.m2\repository\com\sun\istack\istack-commons-runtime\4.1.1\istack-commons-runtime-4.1.1.jar;C:\Users\prish\.m2\repository\jakarta\inject\jakarta.inject-api\2.0.1\jakarta.inject-api-2.0.1.jar;C:\Users\prish\.m2\repository\org\antlr\antlr4-runtime\4.13.0\antlr4-runtime-4.13.0.jar;C:\Users\prish\.m2\repository\org\apache\derby\derby\10.17.1.0\derby-10.17.1.0.jar;C:\Users\prish\.m2\repository\org\apache\derby\derbyshared\10.17.1.0\derbyshared-10.17.1.0.jar;C:\Users\prish\.m2\repository\org\apache\derby\derbyclient\10.17.1.0\derbyclient-10.17.1.0.jar;C:\Users\prish\.m2\repository\org\apache\derby\derbytools\10.17.1.0\derbytools-10.17.1.0.jar;C:\Users\prish\.m2\repository\org\slf4j\slf4j-api\2.0.13\slf4j-api-2.0.13.jar;C:\Users\prish\.m2\repository\ch\qos\logback\logback-classic\1.5.6\logback-classic-1.5.6.jar;C:\Users\prish\.m2\repository\ch\qos\logback\logback-core\1.5.6\logback-core-1.5.6.jar;C:\Users\prish\.m2\repository\junit\junit\4.13.2\junit-4.13.2.jar;C:\Users\prish\.m2\repository\org\hamcrest\hamcrest-core\1.3\hamcrest-core-1.3.jar;, sun.cpu.endian=little, user.home=C:\Users\prish, user.language=en, java.specification.vendor=Oracle Corporation, java.version.date=2024-10-15, java.home=C:\Program Files\Java\jdk-21, file.separator=\, basedir=C:\Users\prish\Documents\SupermarketSimulatorGUI\SupermarketSimulatorGUI, java.vm.compressedOopsMode=Zero based, line.separator=
, java.vm.specification.vendor=Oracle Corporation, java.specification.name=Java Platform API Specification, surefire.real.class.path=C:\Users\prish\AppData\Local\Temp\surefire2178601601331851571\surefirebooter-20250616122424464_3.jar, hibernate.hbm2ddl.auto=update, user.script=, sun.management.compiler=HotSpot 64-Bit Tiered Compilers, java.runtime.version=21.0.5+9-LTS-239, user.name=prish, stdout.encoding=Cp1252, path.separator=;, hibernate.connection.username=****, os.version=10.0, java.runtime.name=Java(TM) SE Runtime Environment, hibernate.connection.url=jdbc:derby:database/SupermarketDB;create=true, file.encoding=UTF-8, java.vm.name=Java HotSpot(TM) 64-Bit Server VM, hibernate.show_sql=false, maven.ext.class.path=C:\Program Files\NetBeans-23\netbeans\java\maven-nblib\netbeans-eventspy.jar, localRepository=C:\Users\prish\.m2\repository, hibernate.connection.driver_class=org.apache.derby.jdbc.EmbeddedDriver, java.vendor.url.bug=https://bugreport.java.com/bugreport/, java.io.tmpdir=C:\Users\prish\AppData\Local\Temp\, java.version=21.0.5, user.dir=C:\Users\prish\Documents\SupermarketSimulatorGUI\SupermarketSimulatorGUI, os.arch=amd64, java.vm.specification.name=Java Virtual Machine Specification, hibernate.connection.password=****, sun.os.patch.level=, hibernate.boot.CfgXmlAccessService.key=org.hibernate.boot.cfgxml.spi.LoadedConfig@644d1b61, native.encoding=Cp1252, java.library.path=C:\Program Files\Java\jdk-21\bin;C:\WINDOWS\Sun\Java\bin;C:\WINDOWS\system32;C:\WINDOWS;C:\Program Files\Common Files\Oracle\Java\javapath;C:\WINDOWS\system32;C:\WINDOWS;C:\WINDOWS\System32\Wbem;C:\WINDOWS\System32\WindowsPowerShell\v1.0\;C:\WINDOWS\System32\OpenSSH\;C:\Program Files (x86)\NVIDIA Corporation\PhysX\Common;C:\Program Files\NVIDIA Corporation\NVIDIA app\NvDLISR;C:\Program Files\Git\cmd;C:\Users\prish\AppData\Local\Microsoft\WindowsApps;C:\Users\prish\AppData\Local\Programs\Microsoft VS Code\bin;C:\Users\prish\AppData\Local\JetBrains\Toolbox\scripts;C:\Users\prish\AppData\Local\GitHubDesktop\bin;., stderr.encoding=Cp1252, java.vendor=Oracle Corporation, java.vm.info=mixed mode, sharing, java.vm.version=21.0.5+9-LTS-239, sun.io.unicode.encoding=UnicodeLittle, java.class.version=65.0}
12:24:26.160 [main] DEBUG org.hibernate.internal.SessionFactoryImpl -- Session factory constructed with filter configurations : {}
12:24:26.183 [main] DEBUG org.hibernate.query.sqm.function.SqmFunctionRegistry -- Registered SqmFunctionTemplate [NamedSqmFunctionTemplate(max)] under max; prior registration was null
12:24:26.183 [main] DEBUG org.hibernate.query.sqm.function.SqmFunctionRegistry -- Registered SqmFunctionTemplate [NamedSqmFunctionTemplate(min)] under min; prior registration was null
12:24:26.183 [main] DEBUG org.hibernate.query.sqm.function.SqmFunctionRegistry -- Registered SqmFunctionTemplate [NamedSqmFunctionTemplate(sum)] under sum; prior registration was null
12:24:26.184 [main] DEBUG org.hibernate.query.sqm.function.SqmFunctionRegistry -- Registered SqmFunctionTemplate [NamedSqmFunctionTemplate(avg)] under avg; prior registration was null
12:24:26.184 [main] DEBUG org.hibernate.query.sqm.function.SqmFunctionRegistry -- Registered SqmFunctionTemplate [org.hibernate.dialect.function.CountFunction@402f8592] under count; prior registration was null
12:24:26.186 [main] DEBUG org.hibernate.query.sqm.function.SqmFunctionRegistry -- Registered SqmFunctionTemplate [org.hibernate.dialect.function.EveryAnyEmulation@3dbd7107] under every; prior registration was null
12:24:26.187 [main] DEBUG org.hibernate.query.sqm.function.SqmFunctionRegistry -- Registered SqmFunctionTemplate [org.hibernate.dialect.function.EveryAnyEmulation@4a6c0f38] under any; prior registration was null
12:24:26.187 [main] DEBUG org.hibernate.query.sqm.function.SqmFunctionRegistry -- Registered SqmFunctionTemplate [NamedSqmFunctionTemplate(floor)] under floor; prior registration was null
12:24:26.187 [main] DEBUG org.hibernate.query.sqm.function.SqmFunctionRegistry -- Registered SqmFunctionTemplate [NamedSqmFunctionTemplate(ceiling)] under ceiling; prior registration was null
12:24:26.187 [main] DEBUG org.hibernate.query.sqm.function.SqmFunctionRegistry -- Registered SqmFunctionTemplate [NamedSqmFunctionTemplate(mod)] under mod; prior registration was null
12:24:26.187 [main] DEBUG org.hibernate.query.sqm.function.SqmFunctionRegistry -- Registered SqmFunctionTemplate [NamedSqmFunctionTemplate(abs)] under abs; prior registration was null
12:24:26.187 [main] DEBUG org.hibernate.query.sqm.function.SqmFunctionRegistry -- Registered SqmFunctionTemplate [NamedSqmFunctionTemplate(sign)] under sign; prior registration was null
12:24:26.187 [main] DEBUG org.hibernate.query.sqm.function.SqmFunctionRegistry -- Registered SqmFunctionTemplate [NamedSqmFunctionTemplate(sqrt)] under sqrt; prior registration was null
12:24:26.187 [main] DEBUG org.hibernate.query.sqm.function.SqmFunctionRegistry -- Registered SqmFunctionTemplate [NamedSqmFunctionTemplate(ln)] under ln; prior registration was null
12:24:26.187 [main] DEBUG org.hibernate.query.sqm.function.SqmFunctionRegistry -- Registered SqmFunctionTemplate [NamedSqmFunctionTemplate(exp)] under exp; prior registration was null
12:24:26.187 [main] DEBUG org.hibernate.query.sqm.function.SqmFunctionRegistry -- Registered SqmFunctionTemplate [NamedSqmFunctionTemplate(power)] under power; prior registration was null
12:24:26.187 [main] DEBUG org.hibernate.query.sqm.function.SqmFunctionRegistry -- Registered SqmFunctionTemplate [NamedSqmFunctionTemplate(round)] under round; prior registration was null
12:24:26.187 [main] DEBUG org.hibernate.query.sqm.function.SqmFunctionRegistry -- Registered SqmFunctionTemplate [NamedSqmFunctionTemplate(sin)] under sin; prior registration was null
12:24:26.187 [main] DEBUG org.hibernate.query.sqm.function.SqmFunctionRegistry -- Registered SqmFunctionTemplate [NamedSqmFunctionTemplate(cos)] under cos; prior registration was null
12:24:26.187 [main] DEBUG org.hibernate.query.sqm.function.SqmFunctionRegistry -- Registered SqmFunctionTemplate [NamedSqmFunctionTemplate(tan)] under tan; prior registration was null
12:24:26.187 [main] DEBUG org.hibernate.query.sqm.function.SqmFunctionRegistry -- Registered SqmFunctionTemplate [NamedSqmFunctionTemplate(asin)] under asin; prior registration was null
12:24:26.187 [main] DEBUG org.hibernate.query.sqm.function.SqmFunctionRegistry -- Registered SqmFunctionTemplate [NamedSqmFunctionTemplate(acos)] under acos; prior registration was null
12:24:26.187 [main] DEBUG org.hibernate.query.sqm.function.SqmFunctionRegistry -- Registered SqmFunctionTemplate [NamedSqmFunctionTemplate(atan)] under atan; prior registration was null
12:24:26.187 [main] DEBUG org.hibernate.query.sqm.function.SqmFunctionRegistry -- Registered SqmFunctionTemplate [NamedSqmFunctionTemplate(atan2)] under atan2; prior registration was null
12:24:26.188 [main] DEBUG org.hibernate.query.sqm.function.SqmFunctionRegistry -- Registered SqmFunctionTemplate [org.hibernate.query.sqm.function.PatternBasedSqmFunctionDescriptor@5df6163a] under sinh; prior registration was null
12:24:26.188 [main] DEBUG org.hibernate.query.sqm.function.SqmFunctionRegistry -- Registered SqmFunctionTemplate [org.hibernate.query.sqm.function.PatternBasedSqmFunctionDescriptor@2d313c8c] under cosh; prior registration was null
12:24:26.188 [main] DEBUG org.hibernate.query.sqm.function.SqmFunctionRegistry -- Registered SqmFunctionTemplate [org.hibernate.query.sqm.function.PatternBasedSqmFunctionDescriptor@2df65a56] under tanh; prior registration was null
12:24:26.188 [main] DEBUG org.hibernate.query.sqm.function.SqmFunctionRegistry -- Registered SqmFunctionTemplate [org.hibernate.query.sqm.function.PatternBasedSqmFunctionDescriptor@113f9078] under pi; prior registration was null
12:24:26.189 [main] DEBUG org.hibernate.query.sqm.function.SqmFunctionRegistry -- Registered SqmFunctionTemplate [org.hibernate.query.sqm.function.PatternBasedSqmFunctionDescriptor@7c1503a3] under log; prior registration was null
12:24:26.189 [main] DEBUG org.hibernate.query.sqm.function.SqmFunctionRegistry -- Registered SqmFunctionTemplate [NamedSqmFunctionTemplate(coalesce)] under coalesce; prior registration was null
12:24:26.189 [main] DEBUG org.hibernate.query.sqm.function.SqmFunctionRegistry -- Registered SqmFunctionTemplate [NamedSqmFunctionTemplate(nullif)] under nullif; prior registration was null
12:24:26.189 [main] DEBUG org.hibernate.query.sqm.function.SqmFunctionRegistry -- Registered SqmFunctionTemplate [NamedSqmFunctionTemplate(left)] under left; prior registration was null
12:24:26.189 [main] DEBUG org.hibernate.query.sqm.function.SqmFunctionRegistry -- Registered SqmFunctionTemplate [NamedSqmFunctionTemplate(right)] under right; prior registration was null
12:24:26.189 [main] DEBUG org.hibernate.query.sqm.function.SqmFunctionRegistry -- Registered SqmFunctionTemplate [NamedSqmFunctionTemplate(replace)] under replace; prior registration was null
12:24:26.189 [main] DEBUG org.hibernate.query.sqm.function.SqmFunctionRegistry -- Registered SqmFunctionTemplate [NamedSqmFunctionTemplate(concat)] under concat; prior registration was null
12:24:26.189 [main] DEBUG org.hibernate.query.sqm.function.SqmFunctionRegistry -- Registered SqmFunctionTemplate [NamedSqmFunctionTemplate(lower)] under lower; prior registration was null
12:24:26.189 [main] DEBUG org.hibernate.query.sqm.function.SqmFunctionRegistry -- Registered SqmFunctionTemplate [NamedSqmFunctionTemplate(upper)] under upper; prior registration was null
12:24:26.189 [main] DEBUG org.hibernate.query.sqm.function.SqmFunctionRegistry -- Registered SqmFunctionTemplate [NamedSqmFunctionTemplate(substring)] under substring; prior registration was null
12:24:26.189 [main] DEBUG org.hibernate.query.sqm.function.SqmFunctionRegistry -- Registered SqmFunctionTemplate [NamedSqmFunctionTemplate(locate)] under locate; prior registration was null
12:24:26.189 [main] DEBUG org.hibernate.query.sqm.function.SqmFunctionRegistry -- Registered SqmFunctionTemplate [NamedSqmFunctionTemplate(character_length)] under character_length; prior registration was null
12:24:26.189 [main] DEBUG org.hibernate.query.sqm.function.SqmFunctionRegistry -- Registering alternate key : length -> character_length
12:24:26.190 [main] DEBUG org.hibernate.query.sqm.function.SqmFunctionRegistry -- Registered SqmFunctionTemplate [org.hibernate.dialect.function.LocatePositionEmulation@36ad229b] under position; prior registration was null
12:24:26.190 [main] DEBUG org.hibernate.query.sqm.function.SqmFunctionRegistry -- Registered SqmFunctionTemplate [org.hibernate.dialect.function.InsertSubstringOverlayEmulation@50211483] under overlay; prior registration was null
12:24:26.191 [main] DEBUG org.hibernate.query.sqm.function.SqmFunctionRegistry -- Registered SqmFunctionTemplate [org.hibernate.dialect.function.TrimFunction@6de004f1] under trim; prior registration was null
12:24:26.191 [main] DEBUG org.hibernate.query.sqm.function.SqmFunctionRegistry -- Registered SqmFunctionTemplate [org.hibernate.dialect.function.CastFunction@12fcb2c3] under cast; prior registration was null
12:24:26.191 [main] DEBUG org.hibernate.query.sqm.function.SqmFunctionRegistry -- Registered SqmFunctionTemplate [org.hibernate.query.sqm.function.PatternBasedSqmFunctionDescriptor@57bd6a8f] under collate; prior registration was null
12:24:26.191 [main] DEBUG org.hibernate.query.sqm.function.SqmFunctionRegistry -- Registered SqmFunctionTemplate [org.hibernate.dialect.function.ExtractFunction@4b195203] under extract; prior registration was null
12:24:26.191 [main] DEBUG org.hibernate.query.sqm.function.SqmFunctionRegistry -- Registered SqmFunctionTemplate [NamedSqmFunctionTemplate(least)] under least; prior registration was null
12:24:26.191 [main] DEBUG org.hibernate.query.sqm.function.SqmFunctionRegistry -- Registered SqmFunctionTemplate [NamedSqmFunctionTemplate(greatest)] under greatest; prior registration was null
12:24:26.192 [main] DEBUG org.hibernate.query.sqm.function.SqmFunctionRegistry -- Registered SqmFunctionTemplate [org.hibernate.dialect.function.CoalesceIfnullEmulation@30a9e3db] under ifnull; prior registration was null
12:24:26.192 [main] DEBUG org.hibernate.query.sqm.function.SqmFunctionRegistry -- Registered SqmFunctionTemplate [NamedSqmFunctionTemplate(lpad)] under lpad; prior registration was null
12:24:26.192 [main] DEBUG org.hibernate.query.sqm.function.SqmFunctionRegistry -- Registered SqmFunctionTemplate [NamedSqmFunctionTemplate(rpad)] under rpad; prior registration was null
12:24:26.192 [main] DEBUG org.hibernate.query.sqm.function.SqmFunctionRegistry -- Registered SqmFunctionTemplate [org.hibernate.dialect.function.LpadRpadPadEmulation@696b52bc] under pad; prior registration was null
12:24:26.192 [main] DEBUG org.hibernate.query.sqm.function.SqmFunctionRegistry -- Registered SqmFunctionTemplate [org.hibernate.dialect.function.CastStrEmulation@740a0d5e] under str; prior registration was null
12:24:26.193 [main] DEBUG org.hibernate.query.sqm.function.SqmFunctionRegistry -- Registered SqmFunctionTemplate [org.hibernate.dialect.function.FormatFunction@78c262ba] under format; prior registration was null
12:24:26.193 [main] DEBUG org.hibernate.query.sqm.function.SqmFunctionRegistry -- Registered SqmFunctionTemplate [org.hibernate.dialect.function.TimestampaddFunction@64021427] under timestampadd; prior registration was null
12:24:26.193 [main] DEBUG org.hibernate.query.sqm.function.SqmFunctionRegistry -- Registered SqmFunctionTemplate [org.hibernate.dialect.function.TimestampdiffFunction@6d0290d8] under timestampdiff; prior registration was null
12:24:26.193 [main] DEBUG org.hibernate.query.sqm.function.SqmFunctionRegistry -- Registering alternate key : dateadd -> timestampadd
12:24:26.193 [main] DEBUG org.hibernate.query.sqm.function.SqmFunctionRegistry -- Registering alternate key : datediff -> timestampdiff
12:24:26.194 [main] DEBUG org.hibernate.query.sqm.function.SqmFunctionRegistry -- Registered SqmFunctionTemplate [org.hibernate.dialect.function.CurrentFunction@339f3a55] under current_date; prior registration was null
12:24:26.194 [main] DEBUG org.hibernate.query.sqm.function.SqmFunctionRegistry -- Registered SqmFunctionTemplate [org.hibernate.dialect.function.CurrentFunction@2dd63e3] under current_time; prior registration was null
12:24:26.194 [main] DEBUG org.hibernate.query.sqm.function.SqmFunctionRegistry -- Registered SqmFunctionTemplate [org.hibernate.dialect.function.CurrentFunction@7d1c164a] under current_timestamp; prior registration was null
12:24:26.194 [main] DEBUG org.hibernate.query.sqm.function.SqmFunctionRegistry -- Registering alternate key : current date -> current_date
12:24:26.194 [main] DEBUG org.hibernate.query.sqm.function.SqmFunctionRegistry -- Registering alternate key : current time -> current_time
12:24:26.194 [main] DEBUG org.hibernate.query.sqm.function.SqmFunctionRegistry -- Registering alternate key : current timestamp -> current_timestamp
12:24:26.194 [main] DEBUG org.hibernate.query.sqm.function.SqmFunctionRegistry -- Registered SqmFunctionTemplate [org.hibernate.dialect.function.CurrentFunction@209f3887] under local_date; prior registration was null
12:24:26.194 [main] DEBUG org.hibernate.query.sqm.function.SqmFunctionRegistry -- Registered SqmFunctionTemplate [org.hibernate.dialect.function.CurrentFunction@6a98f353] under local_time; prior registration was null
12:24:26.194 [main] DEBUG org.hibernate.query.sqm.function.SqmFunctionRegistry -- Registered SqmFunctionTemplate [org.hibernate.dialect.function.CurrentFunction@3b35798] under local_datetime; prior registration was null
12:24:26.194 [main] DEBUG org.hibernate.query.sqm.function.SqmFunctionRegistry -- Registered SqmFunctionTemplate [org.hibernate.dialect.function.CurrentFunction@1e00bfe2] under offset_datetime; prior registration was null
12:24:26.194 [main] DEBUG org.hibernate.query.sqm.function.SqmFunctionRegistry -- Registering alternate key : local date -> local_date
12:24:26.194 [main] DEBUG org.hibernate.query.sqm.function.SqmFunctionRegistry -- Registering alternate key : local time -> local_time
12:24:26.194 [main] DEBUG org.hibernate.query.sqm.function.SqmFunctionRegistry -- Registering alternate key : local datetime -> local_datetime
12:24:26.194 [main] DEBUG org.hibernate.query.sqm.function.SqmFunctionRegistry -- Registering alternate key : offset datetime -> offset_datetime
12:24:26.194 [main] DEBUG org.hibernate.query.sqm.function.SqmFunctionRegistry -- Registered SqmFunctionTemplate [org.hibernate.dialect.function.CurrentFunction@4702e7a5] under instant; prior registration was null
12:24:26.194 [main] DEBUG org.hibernate.query.sqm.function.SqmFunctionRegistry -- Registering alternate key : current_instant -> instant
12:24:26.194 [main] DEBUG org.hibernate.query.sqm.function.SqmFunctionRegistry -- Registered SqmFunctionTemplate [org.hibernate.dialect.function.SqlFunction@3830b06c] under sql; prior registration was null
12:24:26.194 [main] DEBUG org.hibernate.query.sqm.function.SqmFunctionRegistry -- Registered SqmFunctionTemplate [NamedSqmFunctionTemplate(max)] under max; prior registration was NamedSqmFunctionTemplate(max)
12:24:26.194 [main] DEBUG org.hibernate.query.sqm.function.SqmFunctionRegistry -- Registered SqmFunctionTemplate [NamedSqmFunctionTemplate(min)] under min; prior registration was NamedSqmFunctionTemplate(min)
12:24:26.194 [main] DEBUG org.hibernate.query.sqm.function.SqmFunctionRegistry -- Registered SqmFunctionTemplate [NamedSqmFunctionTemplate(sum)] under sum; prior registration was NamedSqmFunctionTemplate(sum)
12:24:26.194 [main] DEBUG org.hibernate.query.sqm.function.SqmFunctionRegistry -- Registered SqmFunctionTemplate [NamedSqmFunctionTemplate(avg)] under avg; prior registration was NamedSqmFunctionTemplate(avg)
12:24:26.194 [main] DEBUG org.hibernate.query.sqm.function.SqmFunctionRegistry -- Registered SqmFunctionTemplate [org.hibernate.dialect.function.CountFunction@3e28d779] under count; prior registration was org.hibernate.dialect.function.CountFunction@402f8592
12:24:26.194 [main] DEBUG org.hibernate.query.sqm.function.SqmFunctionRegistry -- Registered SqmFunctionTemplate [org.hibernate.dialect.function.CountFunction@15214920] under count; prior registration was org.hibernate.dialect.function.CountFunction@3e28d779
12:24:26.194 [main] DEBUG org.hibernate.query.sqm.function.SqmFunctionRegistry -- Registered SqmFunctionTemplate [org.hibernate.dialect.function.AvgFunction@5d9618f2] under avg; prior registration was NamedSqmFunctionTemplate(avg)
12:24:26.195 [main] DEBUG org.hibernate.query.sqm.function.SqmFunctionRegistry -- Registered SqmFunctionTemplate [org.hibernate.dialect.function.ChrLiteralEmulation@29962b2f] under chr; prior registration was null
12:24:26.195 [main] DEBUG org.hibernate.query.sqm.function.SqmFunctionRegistry -- Registered SqmFunctionTemplate [org.hibernate.query.sqm.function.PatternBasedSqmFunctionDescriptor@491f8831] under concat; prior registration was NamedSqmFunctionTemplate(concat)
12:24:26.195 [main] DEBUG org.hibernate.query.sqm.function.SqmFunctionRegistry -- Registered SqmFunctionTemplate [NamedSqmFunctionTemplate(cot)] under cot; prior registration was null
12:24:26.195 [main] DEBUG org.hibernate.query.sqm.function.SqmFunctionRegistry -- Registered SqmFunctionTemplate [NamedSqmFunctionTemplate(degrees)] under degrees; prior registration was null
12:24:26.195 [main] DEBUG org.hibernate.query.sqm.function.SqmFunctionRegistry -- Registered SqmFunctionTemplate [NamedSqmFunctionTemplate(radians)] under radians; prior registration was null
12:24:26.195 [main] DEBUG org.hibernate.query.sqm.function.SqmFunctionRegistry -- Registered SqmFunctionTemplate [NamedSqmFunctionTemplate(log10)] under log10; prior registration was null
12:24:26.195 [main] DEBUG org.hibernate.query.sqm.function.SqmFunctionRegistry -- Registered SqmFunctionTemplate [NamedSqmFunctionTemplate(sinh)] under sinh; prior registration was org.hibernate.query.sqm.function.PatternBasedSqmFunctionDescriptor@5df6163a
12:24:26.195 [main] DEBUG org.hibernate.query.sqm.function.SqmFunctionRegistry -- Registered SqmFunctionTemplate [NamedSqmFunctionTemplate(cosh)] under cosh; prior registration was org.hibernate.query.sqm.function.PatternBasedSqmFunctionDescriptor@2d313c8c
12:24:26.195 [main] DEBUG org.hibernate.query.sqm.function.SqmFunctionRegistry -- Registered SqmFunctionTemplate [NamedSqmFunctionTemplate(tanh)] under tanh; prior registration was org.hibernate.query.sqm.function.PatternBasedSqmFunctionDescriptor@2df65a56
12:24:26.195 [main] DEBUG org.hibernate.query.sqm.function.SqmFunctionRegistry -- Registered SqmFunctionTemplate [NamedSqmFunctionTemplate(pi)] under pi; prior registration was org.hibernate.query.sqm.function.PatternBasedSqmFunctionDescriptor@113f9078
12:24:26.195 [main] DEBUG org.hibernate.query.sqm.function.SqmFunctionRegistry -- Registered SqmFunctionTemplate [NamedSqmFunctionTemplate(rand)] under rand; prior registration was null
12:24:26.195 [main] DEBUG org.hibernate.query.sqm.function.SqmFunctionRegistry -- Registered SqmFunctionTemplate [NamedSqmFunctionTemplate(ltrim)] under ltrim; prior registration was null
12:24:26.195 [main] DEBUG org.hibernate.query.sqm.function.SqmFunctionRegistry -- Registered SqmFunctionTemplate [NamedSqmFunctionTemplate(rtrim)] under rtrim; prior registration was null
12:24:26.195 [main] DEBUG org.hibernate.query.sqm.function.SqmFunctionRegistry -- Registered SqmFunctionTemplate [NamedSqmFunctionTemplate(hour)] under hour; prior registration was null
12:24:26.195 [main] DEBUG org.hibernate.query.sqm.function.SqmFunctionRegistry -- Registered SqmFunctionTemplate [NamedSqmFunctionTemplate(minute)] under minute; prior registration was null
12:24:26.195 [main] DEBUG org.hibernate.query.sqm.function.SqmFunctionRegistry -- Registered SqmFunctionTemplate [NamedSqmFunctionTemplate(second)] under second; prior registration was null
12:24:26.195 [main] DEBUG org.hibernate.query.sqm.function.SqmFunctionRegistry -- Registered SqmFunctionTemplate [NamedSqmFunctionTemplate(microsecond)] under microsecond; prior registration was null
12:24:26.195 [main] DEBUG org.hibernate.query.sqm.function.SqmFunctionRegistry -- Registered SqmFunctionTemplate [NamedSqmFunctionTemplate(day)] under day; prior registration was null
12:24:26.195 [main] DEBUG org.hibernate.query.sqm.function.SqmFunctionRegistry -- Registered SqmFunctionTemplate [NamedSqmFunctionTemplate(month)] under month; prior registration was null
12:24:26.195 [main] DEBUG org.hibernate.query.sqm.function.SqmFunctionRegistry -- Registered SqmFunctionTemplate [NamedSqmFunctionTemplate(year)] under year; prior registration was null
12:24:26.195 [main] DEBUG org.hibernate.query.sqm.function.SqmFunctionRegistry -- Registered SqmFunctionTemplate [NamedSqmFunctionTemplate(var_pop)] under var_pop; prior registration was null
12:24:26.195 [main] DEBUG org.hibernate.query.sqm.function.SqmFunctionRegistry -- Registered SqmFunctionTemplate [NamedSqmFunctionTemplate(var_samp)] under var_samp; prior registration was null
12:24:26.195 [main] DEBUG org.hibernate.query.sqm.function.SqmFunctionRegistry -- Registered SqmFunctionTemplate [NamedSqmFunctionTemplate(stddev_pop)] under stddev_pop; prior registration was null
12:24:26.195 [main] DEBUG org.hibernate.query.sqm.function.SqmFunctionRegistry -- Registered SqmFunctionTemplate [NamedSqmFunctionTemplate(stddev_samp)] under stddev_samp; prior registration was null
12:24:26.195 [main] DEBUG org.hibernate.query.sqm.function.SqmFunctionRegistry -- Registered SqmFunctionTemplate [NamedSqmFunctionTemplate(substr)] under substring; prior registration was NamedSqmFunctionTemplate(substring)
12:24:26.195 [main] DEBUG org.hibernate.query.sqm.function.SqmFunctionRegistry -- Registered SqmFunctionTemplate [org.hibernate.query.sqm.function.PatternBasedSqmFunctionDescriptor@691541bc] under left; prior registration was NamedSqmFunctionTemplate(left)
12:24:26.195 [main] DEBUG org.hibernate.query.sqm.function.SqmFunctionRegistry -- Registered SqmFunctionTemplate [org.hibernate.query.sqm.function.PatternBasedSqmFunctionDescriptor@5b733ef7] under right; prior registration was NamedSqmFunctionTemplate(right)
12:24:26.195 [main] DEBUG org.hibernate.query.sqm.function.SqmFunctionRegistry -- Registered SqmFunctionTemplate [NamedSqmFunctionTemplate(length)] under length; prior registration was null
12:24:26.195 [main] DEBUG org.hibernate.query.sqm.function.SqmFunctionRegistry -- Registering alternate key : character_length -> length
12:24:26.195 [main] DEBUG org.hibernate.query.sqm.function.SqmFunctionRegistry -- Registered SqmFunctionTemplate [org.hibernate.query.sqm.function.PatternBasedSqmFunctionDescriptor@43a4a9e5] under power; prior registration was NamedSqmFunctionTemplate(power)
12:24:26.196 [main] DEBUG org.hibernate.query.sqm.function.SqmFunctionRegistry -- Registered SqmFunctionTemplate [org.hibernate.query.sqm.function.MultipatternSqmFunctionDescriptor@11df2829] under round; prior registration was NamedSqmFunctionTemplate(round)
12:24:26.196 [main] DEBUG org.hibernate.query.sqm.function.SqmFunctionRegistry -- Registered SqmFunctionTemplate [org.hibernate.dialect.function.TruncFunction@4b957db0] under trunc; prior registration was null
12:24:26.196 [main] DEBUG org.hibernate.query.sqm.function.SqmFunctionRegistry -- Registering alternate key : truncate -> trunc
12:24:26.196 [main] DEBUG org.hibernate.query.sqm.function.SqmFunctionRegistry -- Registered SqmFunctionTemplate [org.hibernate.query.sqm.function.PatternBasedSqmFunctionDescriptor@5d71b500] under octet_length; prior registration was null
12:24:26.196 [main] DEBUG org.hibernate.query.sqm.function.SqmFunctionRegistry -- Registered SqmFunctionTemplate [org.hibernate.query.sqm.function.PatternBasedSqmFunctionDescriptor@8840c98] under bit_length; prior registration was null
12:24:26.197 [main] DEBUG org.hibernate.query.sqm.function.SqmFunctionRegistry -- Registered SqmFunctionTemplate [org.hibernate.dialect.function.CastingConcatFunction@7ab2a07e] under concat; prior registration was org.hibernate.query.sqm.function.PatternBasedSqmFunctionDescriptor@491f8831
12:24:26.197 [main] DEBUG org.hibernate.query.sqm.function.SqmFunctionRegistry -- Registered SqmFunctionTemplate [org.hibernate.dialect.function.DerbyLpadEmulation@3757e8e2] under lpad; prior registration was NamedSqmFunctionTemplate(lpad)
12:24:26.197 [main] DEBUG org.hibernate.query.sqm.function.SqmFunctionRegistry -- Registered SqmFunctionTemplate [org.hibernate.dialect.function.DerbyRpadEmulation@679d0be8] under rpad; prior registration was NamedSqmFunctionTemplate(rpad)
12:24:26.197 [main] DEBUG org.hibernate.query.sqm.function.SqmFunctionRegistry -- Registered SqmFunctionTemplate [org.hibernate.dialect.function.CaseLeastGreatestEmulation@8fcc534] under least; prior registration was NamedSqmFunctionTemplate(least)
12:24:26.197 [main] DEBUG org.hibernate.query.sqm.function.SqmFunctionRegistry -- Registered SqmFunctionTemplate [org.hibernate.dialect.function.CaseLeastGreatestEmulation@5e599100] under greatest; prior registration was NamedSqmFunctionTemplate(greatest)
12:24:26.197 [main] DEBUG org.hibernate.query.sqm.function.SqmFunctionRegistry -- Registered SqmFunctionTemplate [org.hibernate.dialect.function.InsertSubstringOverlayEmulation@3b435211] under overlay; prior registration was org.hibernate.dialect.function.InsertSubstringOverlayEmulation@50211483
12:24:26.198 [main] DEBUG org.hibernate.HQL_FUNCTIONS -- abs(NUMERIC arg)
12:24:26.199 [main] DEBUG org.hibernate.HQL_FUNCTIONS -- Double acos(NUMERIC arg)
12:24:26.199 [main] DEBUG org.hibernate.HQL_FUNCTIONS -- Boolean any(BOOLEAN arg)
12:24:26.199 [main] DEBUG org.hibernate.HQL_FUNCTIONS -- Double asin(NUMERIC arg)
12:24:26.199 [main] DEBUG org.hibernate.HQL_FUNCTIONS -- Double atan(NUMERIC arg)
12:24:26.199 [main] DEBUG org.hibernate.HQL_FUNCTIONS -- Double atan2(NUMERIC arg0, NUMERIC arg1)
12:24:26.199 [main] DEBUG org.hibernate.HQL_FUNCTIONS -- avg(NUMERIC arg)
12:24:26.199 [main] DEBUG org.hibernate.HQL_FUNCTIONS -- Integer bit_length(STRING_OR_CLOB arg)
12:24:26.199 [main] DEBUG org.hibernate.HQL_FUNCTIONS -- cast(arg as Type)
12:24:26.199 [main] DEBUG org.hibernate.HQL_FUNCTIONS -- ceiling(NUMERIC arg)
12:24:26.199 [main] DEBUG org.hibernate.HQL_FUNCTIONS -- Integer character_length(STRING_OR_CLOB arg)
12:24:26.199 [main] DEBUG org.hibernate.HQL_FUNCTIONS -- Character chr( ... )
12:24:26.199 [main] DEBUG org.hibernate.HQL_FUNCTIONS -- coalesce(arg0[, arg1[, ...]])
12:24:26.199 [main] DEBUG org.hibernate.HQL_FUNCTIONS -- String collate(STRING string as COLLATION collation)
12:24:26.199 [main] DEBUG org.hibernate.HQL_FUNCTIONS -- String concat(arg0[, arg1[, ...]])
12:24:26.199 [main] DEBUG org.hibernate.HQL_FUNCTIONS -- Double cos(NUMERIC arg)
12:24:26.199 [main] DEBUG org.hibernate.HQL_FUNCTIONS -- Double cosh(NUMERIC arg)
12:24:26.199 [main] DEBUG org.hibernate.HQL_FUNCTIONS -- Double cot(NUMERIC arg)
12:24:26.199 [main] DEBUG org.hibernate.HQL_FUNCTIONS -- Long count([distinct ]{arg|*})
12:24:26.199 [main] DEBUG org.hibernate.HQL_FUNCTIONS -- Date current date
12:24:26.199 [main] DEBUG org.hibernate.HQL_FUNCTIONS -- Time current time
12:24:26.199 [main] DEBUG org.hibernate.HQL_FUNCTIONS -- Timestamp current timestamp
12:24:26.199 [main] DEBUG org.hibernate.HQL_FUNCTIONS -- Date current_date
12:24:26.199 [main] DEBUG org.hibernate.HQL_FUNCTIONS -- Instant current_instant
12:24:26.199 [main] DEBUG org.hibernate.HQL_FUNCTIONS -- Time current_time
12:24:26.199 [main] DEBUG org.hibernate.HQL_FUNCTIONS -- Timestamp current_timestamp
12:24:26.199 [main] DEBUG org.hibernate.HQL_FUNCTIONS -- dateadd(TEMPORAL_UNIT field, INTEGER magnitude, TEMPORAL datetime)
12:24:26.199 [main] DEBUG org.hibernate.HQL_FUNCTIONS -- Long|Double datediff(TEMPORAL_UNIT field, TEMPORAL start, TEMPORAL end)
12:24:26.199 [main] DEBUG org.hibernate.HQL_FUNCTIONS -- Integer day(DATE arg)
12:24:26.199 [main] DEBUG org.hibernate.HQL_FUNCTIONS -- Double degrees(NUMERIC arg)
12:24:26.199 [main] DEBUG org.hibernate.HQL_FUNCTIONS -- Boolean every(BOOLEAN arg)
12:24:26.199 [main] DEBUG org.hibernate.HQL_FUNCTIONS -- Double exp(NUMERIC arg)
12:24:26.199 [main] DEBUG org.hibernate.HQL_FUNCTIONS -- extract(TEMPORAL_UNIT field from TEMPORAL arg)
12:24:26.199 [main] DEBUG org.hibernate.HQL_FUNCTIONS -- floor(NUMERIC arg)
12:24:26.199 [main] DEBUG org.hibernate.HQL_FUNCTIONS -- String format(TEMPORAL datetime as STRING pattern)
12:24:26.199 [main] DEBUG org.hibernate.HQL_FUNCTIONS -- greatest(COMPARABLE arg0[, COMPARABLE arg1[, ...]])
12:24:26.199 [main] DEBUG org.hibernate.HQL_FUNCTIONS -- Integer hour(TIME arg)
12:24:26.199 [main] DEBUG org.hibernate.HQL_FUNCTIONS -- ifnull(arg0, arg1)
12:24:26.199 [main] DEBUG org.hibernate.HQL_FUNCTIONS -- Instant instant
12:24:26.199 [main] DEBUG org.hibernate.HQL_FUNCTIONS -- least(COMPARABLE arg0[, COMPARABLE arg1[, ...]])
12:24:26.199 [main] DEBUG org.hibernate.HQL_FUNCTIONS -- String left(STRING string, INTEGER length)
12:24:26.199 [main] DEBUG org.hibernate.HQL_FUNCTIONS -- Integer length(STRING_OR_CLOB arg)
12:24:26.199 [main] DEBUG org.hibernate.HQL_FUNCTIONS -- Double ln(NUMERIC arg)
12:24:26.199 [main] DEBUG org.hibernate.HQL_FUNCTIONS -- LocalDate local date
12:24:26.199 [main] DEBUG org.hibernate.HQL_FUNCTIONS -- LocalDateTime local datetime
12:24:26.199 [main] DEBUG org.hibernate.HQL_FUNCTIONS -- LocalTime local time
12:24:26.199 [main] DEBUG org.hibernate.HQL_FUNCTIONS -- LocalDate local_date
12:24:26.199 [main] DEBUG org.hibernate.HQL_FUNCTIONS -- LocalDateTime local_datetime
12:24:26.199 [main] DEBUG org.hibernate.HQL_FUNCTIONS -- LocalTime local_time
12:24:26.199 [main] DEBUG org.hibernate.HQL_FUNCTIONS -- Integer locate(STRING pattern, STRING string[, INTEGER start])
12:24:26.199 [main] DEBUG org.hibernate.HQL_FUNCTIONS -- Double log(NUMERIC base, NUMERIC arg)
12:24:26.199 [main] DEBUG org.hibernate.HQL_FUNCTIONS -- Double log10(NUMERIC arg)
12:24:26.199 [main] DEBUG org.hibernate.HQL_FUNCTIONS -- String lower(STRING string)
12:24:26.199 [main] DEBUG org.hibernate.HQL_FUNCTIONS -- String lpad(STRNG string, INTEGER length)
12:24:26.199 [main] DEBUG org.hibernate.HQL_FUNCTIONS -- String ltrim(STRING string)
12:24:26.199 [main] DEBUG org.hibernate.HQL_FUNCTIONS -- max(COMPARABLE arg)
12:24:26.199 [main] DEBUG org.hibernate.HQL_FUNCTIONS -- Integer microsecond(TIME arg)
12:24:26.199 [main] DEBUG org.hibernate.HQL_FUNCTIONS -- min(COMPARABLE arg)
12:24:26.199 [main] DEBUG org.hibernate.HQL_FUNCTIONS -- Integer minute(TIME arg)
12:24:26.199 [main] DEBUG org.hibernate.HQL_FUNCTIONS -- Integer mod(INTEGER arg0, INTEGER arg1)
12:24:26.199 [main] DEBUG org.hibernate.HQL_FUNCTIONS -- Integer month(DATE arg)
12:24:26.199 [main] DEBUG org.hibernate.HQL_FUNCTIONS -- nullif(arg0, arg1)
12:24:26.200 [main] DEBUG org.hibernate.HQL_FUNCTIONS -- Integer octet_length(STRING_OR_CLOB arg)
12:24:26.200 [main] DEBUG org.hibernate.HQL_FUNCTIONS -- OffsetDateTime offset datetime
12:24:26.200 [main] DEBUG org.hibernate.HQL_FUNCTIONS -- OffsetDateTime offset_datetime
12:24:26.200 [main] DEBUG org.hibernate.HQL_FUNCTIONS -- String overlay(STRING string placing STRING replacement from INTEGER start[ for INTEGER length])
12:24:26.200 [main] DEBUG org.hibernate.HQL_FUNCTIONS -- String pad(STRING string with INTEGER length {leading|trailing}[ STRING character])
12:24:26.200 [main] DEBUG org.hibernate.HQL_FUNCTIONS -- Double pi
12:24:26.200 [main] DEBUG org.hibernate.HQL_FUNCTIONS -- Integer position(STRING pattern in STRING string)
12:24:26.200 [main] DEBUG org.hibernate.HQL_FUNCTIONS -- Double power(NUMERIC arg0, NUMERIC arg1)
12:24:26.200 [main] DEBUG org.hibernate.HQL_FUNCTIONS -- Double radians(NUMERIC arg)
12:24:26.200 [main] DEBUG org.hibernate.HQL_FUNCTIONS -- Double rand([INTEGER seed])
12:24:26.200 [main] DEBUG org.hibernate.HQL_FUNCTIONS -- String replace(STRING string, STRING pattern, STRING replacement)
12:24:26.200 [main] DEBUG org.hibernate.HQL_FUNCTIONS -- String right(STRING string, INTEGER length)
12:24:26.200 [main] DEBUG org.hibernate.HQL_FUNCTIONS -- round(NUMERIC number[, INTEGER places])
12:24:26.200 [main] DEBUG org.hibernate.HQL_FUNCTIONS -- String rpad(STRING string, INTEGER length)
12:24:26.200 [main] DEBUG org.hibernate.HQL_FUNCTIONS -- String rtrim(STRING string)
12:24:26.200 [main] DEBUG org.hibernate.HQL_FUNCTIONS -- Integer second(TIME arg)
12:24:26.200 [main] DEBUG org.hibernate.HQL_FUNCTIONS -- Integer sign(NUMERIC arg)
12:24:26.200 [main] DEBUG org.hibernate.HQL_FUNCTIONS -- Double sin(NUMERIC arg)
12:24:26.200 [main] DEBUG org.hibernate.HQL_FUNCTIONS -- Double sinh(NUMERIC arg)
12:24:26.200 [main] DEBUG org.hibernate.HQL_FUNCTIONS -- Object sql
12:24:26.200 [main] DEBUG org.hibernate.HQL_FUNCTIONS -- Double sqrt(NUMERIC arg)
12:24:26.200 [main] DEBUG org.hibernate.HQL_FUNCTIONS -- Double stddev_pop(NUMERIC arg)
12:24:26.200 [main] DEBUG org.hibernate.HQL_FUNCTIONS -- Double stddev_samp(NUMERIC arg)
12:24:26.200 [main] DEBUG org.hibernate.HQL_FUNCTIONS -- String str(arg)
12:24:26.200 [main] DEBUG org.hibernate.HQL_FUNCTIONS -- String substring(STRING string{ from|,} INTEGER start[{ for|,} INTEGER length])
12:24:26.200 [main] DEBUG org.hibernate.HQL_FUNCTIONS -- sum(arg)
12:24:26.200 [main] DEBUG org.hibernate.HQL_FUNCTIONS -- Double tan(NUMERIC arg)
12:24:26.200 [main] DEBUG org.hibernate.HQL_FUNCTIONS -- Double tanh(NUMERIC arg)
12:24:26.200 [main] DEBUG org.hibernate.HQL_FUNCTIONS -- timestampadd(TEMPORAL_UNIT field, INTEGER magnitude, TEMPORAL datetime)
12:24:26.200 [main] DEBUG org.hibernate.HQL_FUNCTIONS -- Long|Double timestampdiff(TEMPORAL_UNIT field, TEMPORAL start, TEMPORAL end)
12:24:26.200 [main] DEBUG org.hibernate.HQL_FUNCTIONS -- String trim([[{leading|trailing|both} ][STRING arg0 ]from] STRING arg1)
12:24:26.200 [main] DEBUG org.hibernate.HQL_FUNCTIONS -- trunc( ... )
12:24:26.200 [main] DEBUG org.hibernate.HQL_FUNCTIONS -- truncate( ... )
12:24:26.200 [main] DEBUG org.hibernate.HQL_FUNCTIONS -- String upper(STRING string)
12:24:26.200 [main] DEBUG org.hibernate.HQL_FUNCTIONS -- Double var_pop(NUMERIC arg)
12:24:26.200 [main] DEBUG org.hibernate.HQL_FUNCTIONS -- Double var_samp(NUMERIC arg)
12:24:26.200 [main] DEBUG org.hibernate.HQL_FUNCTIONS -- Integer year(DATE arg)
12:24:26.202 [main] DEBUG org.hibernate.orm.query.plan.cache -- Starting QueryInterpretationCache(2048)
12:24:26.237 [main] DEBUG org.hibernate.service.internal.SessionFactoryServiceRegistryImpl -- EventListenerRegistry access via ServiceRegistry is deprecated.  Use `sessionFactory.getEventEngine().getListenerRegistry()` instead
12:24:26.238 [main] DEBUG org.hibernate.event.internal.EntityCopyObserverFactoryInitiator -- Configured EntityCopyObserver strategy: disallow
12:24:26.273 [main] DEBUG org.hibernate.boot.internal.ClassLoaderAccessImpl -- Not known whether passed class name [com.pdcgame.Models.InventorySave] is safe
12:24:26.273 [main] DEBUG org.hibernate.boot.internal.ClassLoaderAccessImpl -- No temp ClassLoader provided; using live ClassLoader for loading potentially unsafe class : com.pdcgame.Models.InventorySave
12:24:26.379 [main] DEBUG org.hibernate.bytecode.internal.bytebuddy.BytecodeProviderImpl -- HHH000513: Unable to create the ReflectionOptimizer for [com.pdcgame.Models.InventorySave]: private accessor [quantity]
12:24:26.392 [main] DEBUG org.hibernate.boot.internal.ClassLoaderAccessImpl -- Not known whether passed class name [com.pdcgame.Models.GameSave] is safe
12:24:26.392 [main] DEBUG org.hibernate.boot.internal.ClassLoaderAccessImpl -- No temp ClassLoader provided; using live ClassLoader for loading potentially unsafe class : com.pdcgame.Models.GameSave
12:24:26.401 [main] DEBUG org.hibernate.bytecode.internal.bytebuddy.BytecodeProviderImpl -- HHH000513: Unable to create the ReflectionOptimizer for [com.pdcgame.Models.GameSave]: private accessor [actions]
12:24:26.402 [main] DEBUG org.hibernate.boot.internal.ClassLoaderAccessImpl -- Not known whether passed class name [com.pdcgame.Models.BoardSave] is safe
12:24:26.402 [main] DEBUG org.hibernate.boot.internal.ClassLoaderAccessImpl -- No temp ClassLoader provided; using live ClassLoader for loading potentially unsafe class : com.pdcgame.Models.BoardSave
12:24:26.407 [main] DEBUG org.hibernate.bytecode.internal.bytebuddy.BytecodeProviderImpl -- HHH000513: Unable to create the ReflectionOptimizer for [com.pdcgame.Models.BoardSave]: private accessor [boardCell]
12:24:26.408 [main] DEBUG org.hibernate.boot.internal.ClassLoaderAccessImpl -- Not known whether passed class name [com.pdcgame.Models.StorageItemSave] is safe
12:24:26.408 [main] DEBUG org.hibernate.boot.internal.ClassLoaderAccessImpl -- No temp ClassLoader provided; using live ClassLoader for loading potentially unsafe class : com.pdcgame.Models.StorageItemSave
12:24:26.412 [main] DEBUG org.hibernate.bytecode.internal.bytebuddy.BytecodeProviderImpl -- HHH000513: Unable to create the ReflectionOptimizer for [com.pdcgame.Models.StorageItemSave]: private accessor [coordinateID]
12:24:26.423 [main] DEBUG org.hibernate.orm.model.mapping.creation -- Starting post-init callbacks
12:24:26.423 [main] DEBUG org.hibernate.orm.model.mapping.creation -- Starting PostInitCallbackEntry : Entity(com.pdcgame.Models.InventorySave) `staticFetchableList` generator
12:24:26.423 [main] DEBUG org.hibernate.orm.model.mapping.creation -- Starting PostInitCallbackEntry : Entity(com.pdcgame.Models.GameSave) `staticFetchableList` generator
12:24:26.423 [main] DEBUG org.hibernate.orm.model.mapping.creation -- Starting PostInitCallbackEntry : Entity(com.pdcgame.Models.BoardSave) `staticFetchableList` generator
12:24:26.423 [main] DEBUG org.hibernate.orm.model.mapping.creation -- Starting PostInitCallbackEntry : Entity(com.pdcgame.Models.StorageItemSave) `staticFetchableList` generator
12:24:26.467 [main] DEBUG org.hibernate.orm.sql.ast.create -- Created new SQL alias : is1_0
12:24:26.468 [main] DEBUG org.hibernate.orm.sql.ast.create -- Registration of TableGroup [StandardTableGroup(com.pdcgame.Models.InventorySave)] with identifierForTableGroup [com.pdcgame.Models.InventorySave] for NavigablePath [com.pdcgame.Models.InventorySave] 
12:24:26.475 [main] DEBUG org.hibernate.orm.results.graph.AST -- DomainResult Graph:
 \-EntityResultImpl [com.pdcgame.Models.InventorySave]
 |  +-BasicFetch [com.pdcgame.Models.InventorySave.quantity]
 |  \-BasicFetch [com.pdcgame.Models.InventorySave.sellPrice]

12:24:26.476 [main] DEBUG org.hibernate.orm.sql.ast.tree -- SQL AST Tree:
    SelectStatement {
      FromClause {
        StandardTableGroup (is1 : com.pdcgame.Models.InventorySave) {
          primaryTableReference : inventory_save as is1_0
        }
      }
    }

12:24:26.480 [main] DEBUG org.hibernate.persister.entity.AbstractEntityPersister -- Static SQL for entity: com.pdcgame.Models.InventorySave
12:24:26.480 [main] DEBUG org.hibernate.persister.entity.AbstractEntityPersister --  Version select: select product_name from inventory_save where product_name=?
12:24:26.480 [main] DEBUG org.hibernate.persister.entity.AbstractEntityPersister --  Insert (0): insert into inventory_save (quantity,sell_price,product_name) values (?,?,?)
12:24:26.480 [main] DEBUG org.hibernate.persister.entity.AbstractEntityPersister --  Update (0): update inventory_save set quantity=?,sell_price=? where product_name=?
12:24:26.480 [main] DEBUG org.hibernate.persister.entity.AbstractEntityPersister --  Delete (0): delete from inventory_save where product_name=?
12:24:26.480 [main] DEBUG org.hibernate.orm.sql.ast.create -- Created new SQL alias : gs1_0
12:24:26.480 [main] DEBUG org.hibernate.orm.sql.ast.create -- Registration of TableGroup [StandardTableGroup(com.pdcgame.Models.GameSave)] with identifierForTableGroup [com.pdcgame.Models.GameSave] for NavigablePath [com.pdcgame.Models.GameSave] 
12:24:26.480 [main] DEBUG org.hibernate.orm.results.graph.AST -- DomainResult Graph:
 \-EntityResultImpl [com.pdcgame.Models.GameSave]
 |  +-BasicFetch [com.pdcgame.Models.GameSave.actions]
 |  +-BasicFetch [com.pdcgame.Models.GameSave.balance]
 |  +-BasicFetch [com.pdcgame.Models.GameSave.day]
 |  +-BasicFetch [com.pdcgame.Models.GameSave.difficulty]
 |  +-BasicFetch [com.pdcgame.Models.GameSave.gameSeed]
 |  +-BasicFetch [com.pdcgame.Models.GameSave.rating]
 |  \-BasicFetch [com.pdcgame.Models.GameSave.totalActions]

12:24:26.480 [main] DEBUG org.hibernate.orm.sql.ast.tree -- SQL AST Tree:
    SelectStatement {
      FromClause {
        StandardTableGroup (gs1 : com.pdcgame.Models.GameSave) {
          primaryTableReference : game_save as gs1_0
        }
      }
    }

12:24:26.480 [main] DEBUG org.hibernate.persister.entity.AbstractEntityPersister -- Static SQL for entity: com.pdcgame.Models.GameSave
12:24:26.480 [main] DEBUG org.hibernate.persister.entity.AbstractEntityPersister --  Version select: select id from game_save where id=?
12:24:26.480 [main] DEBUG org.hibernate.persister.entity.AbstractEntityPersister --  Insert (0): insert into game_save (actions,balance,day,difficulty,gameSeed,rating,totalActions,id) values (?,?,?,?,?,?,?,?)
12:24:26.480 [main] DEBUG org.hibernate.persister.entity.AbstractEntityPersister --  Update (0): update game_save set actions=?,balance=?,day=?,difficulty=?,gameSeed=?,rating=?,totalActions=? where id=?
12:24:26.480 [main] DEBUG org.hibernate.persister.entity.AbstractEntityPersister --  Delete (0): delete from game_save where id=?
12:24:26.480 [main] DEBUG org.hibernate.orm.sql.ast.create -- Created new SQL alias : bs1_0
12:24:26.480 [main] DEBUG org.hibernate.orm.sql.ast.create -- Registration of TableGroup [StandardTableGroup(com.pdcgame.Models.BoardSave)] with identifierForTableGroup [com.pdcgame.Models.BoardSave] for NavigablePath [com.pdcgame.Models.BoardSave] 
12:24:26.480 [main] DEBUG org.hibernate.orm.results.graph.AST -- DomainResult Graph:
 \-EntityResultImpl [com.pdcgame.Models.BoardSave]
 |  \-BasicFetch [com.pdcgame.Models.BoardSave.boardCell]

12:24:26.480 [main] DEBUG org.hibernate.orm.sql.ast.tree -- SQL AST Tree:
    SelectStatement {
      FromClause {
        StandardTableGroup (bs1 : com.pdcgame.Models.BoardSave) {
          primaryTableReference : board_save as bs1_0
        }
      }
    }

12:24:26.480 [main] DEBUG org.hibernate.persister.entity.AbstractEntityPersister -- Static SQL for entity: com.pdcgame.Models.BoardSave
12:24:26.480 [main] DEBUG org.hibernate.persister.entity.AbstractEntityPersister --  Version select: select coordinateID from board_save where coordinateID=?
12:24:26.480 [main] DEBUG org.hibernate.persister.entity.AbstractEntityPersister --  Insert (0): insert into board_save (boardCell,coordinateID) values (?,?)
12:24:26.480 [main] DEBUG org.hibernate.persister.entity.AbstractEntityPersister --  Update (0): update board_save set boardCell=? where coordinateID=?
12:24:26.480 [main] DEBUG org.hibernate.persister.entity.AbstractEntityPersister --  Delete (0): delete from board_save where coordinateID=?
12:24:26.480 [main] DEBUG org.hibernate.orm.sql.ast.create -- Created new SQL alias : sis1_0
12:24:26.480 [main] DEBUG org.hibernate.orm.sql.ast.create -- Registration of TableGroup [StandardTableGroup(com.pdcgame.Models.StorageItemSave)] with identifierForTableGroup [com.pdcgame.Models.StorageItemSave] for NavigablePath [com.pdcgame.Models.StorageItemSave] 
12:24:26.480 [main] DEBUG org.hibernate.orm.results.graph.AST -- DomainResult Graph:
 \-EntityResultImpl [com.pdcgame.Models.StorageItemSave]
 |  +-BasicFetch [com.pdcgame.Models.StorageItemSave.coordinateID]
 |  +-BasicFetch [com.pdcgame.Models.StorageItemSave.productName]
 |  \-BasicFetch [com.pdcgame.Models.StorageItemSave.quantity]

12:24:26.480 [main] DEBUG org.hibernate.orm.sql.ast.tree -- SQL AST Tree:
    SelectStatement {
      FromClause {
        StandardTableGroup (sis1 : com.pdcgame.Models.StorageItemSave) {
          primaryTableReference : storage_save as sis1_0
        }
      }
    }

12:24:26.480 [main] DEBUG org.hibernate.persister.entity.AbstractEntityPersister -- Static SQL for entity: com.pdcgame.Models.StorageItemSave
12:24:26.480 [main] DEBUG org.hibernate.persister.entity.AbstractEntityPersister --  Version select: select id from storage_save where id=?
12:24:26.480 [main] DEBUG org.hibernate.persister.entity.AbstractEntityPersister --  Insert (0): insert into storage_save (coordinate_id,product_name,quantity,id) values (?,?,?,default)
12:24:26.480 [main] DEBUG org.hibernate.persister.entity.AbstractEntityPersister --  Update (0): update storage_save set coordinate_id=?,product_name=?,quantity=? where id=?
12:24:26.480 [main] DEBUG org.hibernate.persister.entity.AbstractEntityPersister --  Delete (0): delete from storage_save where id=?
12:24:26.493 [main] DEBUG org.hibernate.engine.transaction.jta.platform.internal.JtaPlatformInitiator -- No JtaPlatform was specified, checking resolver
12:24:26.493 [main] DEBUG org.hibernate.engine.transaction.jta.platform.internal.JtaPlatformResolverInitiator -- No JtaPlatformResolver was specified, using default [org.hibernate.engine.transaction.jta.platform.internal.StandardJtaPlatformResolver]
12:24:26.495 [main] DEBUG org.hibernate.engine.transaction.jta.platform.internal.StandardJtaPlatformResolver -- Could not resolve JtaPlatform, using default [org.hibernate.engine.transaction.jta.platform.internal.NoJtaPlatform]
12:24:26.495 [main] INFO org.hibernate.engine.transaction.jta.platform.internal.JtaPlatformInitiator -- HHH000489: No JTA platform available (set 'hibernate.transaction.jta.platform' to enable JTA platform integration)
12:24:26.496 [main] DEBUG org.hibernate.type.spi.TypeConfiguration$Scope -- Scoping TypeConfiguration [org.hibernate.type.spi.TypeConfiguration@59b65dce] to SessionFactoryImplementor [org.hibernate.internal.SessionFactoryImpl@194224ca]
12:24:26.496 [main] DEBUG org.hibernate.query.named.NamedObjectRepository -- Checking 0 named HQL queries
12:24:26.496 [main] DEBUG org.hibernate.query.named.NamedObjectRepository -- Checking 0 named SQL queries
12:24:26.507 [main] INFO org.hibernate.orm.connections.access -- HHH10001501: Connection obtained from JdbcConnectionAccess [org.hibernate.engine.jdbc.env.internal.JdbcEnvironmentInitiator$ConnectionProviderJdbcConnectionAccess@177ddd24] for (non-JTA) DDL execution was not in auto-commit mode; the Connection 'local transaction' will be committed and the Connection will be set into auto-commit mode.
12:24:26.627 [main] DEBUG org.hibernate.mapping.Table -- No alter strings for table : board_save
12:24:26.627 [main] DEBUG org.hibernate.mapping.Table -- No alter strings for table : game_save
12:24:26.627 [main] DEBUG org.hibernate.mapping.Table -- No alter strings for table : inventory_save
12:24:26.627 [main] DEBUG org.hibernate.mapping.Table -- No alter strings for table : storage_save
12:24:26.628 [main] DEBUG org.hibernate.internal.SessionFactoryRegistry -- Initializing SessionFactoryRegistry : org.hibernate.internal.SessionFactoryRegistry@4dac40b
12:24:26.628 [main] DEBUG org.hibernate.internal.SessionFactoryRegistry -- Registering SessionFactory: 926140bc-6d7c-44ef-85e3-eee6194666f1 (<unnamed>)
12:24:26.628 [main] DEBUG org.hibernate.internal.SessionFactoryRegistry -- Not binding SessionFactory to JNDI, no JNDI name configured
12:24:26.628 [main] DEBUG org.hibernate.internal.SessionFactoryImpl -- Instantiated SessionFactory
12:24:26.629 [main] DEBUG org.hibernate.integrator.internal.IntegratorServiceImpl -- Adding Integrator [org.hibernate.boot.beanvalidation.BeanValidationIntegrator].
12:24:26.629 [main] DEBUG org.hibernate.integrator.internal.IntegratorServiceImpl -- Adding Integrator [org.hibernate.cache.internal.CollectionCacheInvalidator].
12:24:26.631 [main] DEBUG org.hibernate.boot.jaxb.internal.stax.LocalXmlResourceResolver -- Checking public/system identifiers `-//Hibernate/Hibernate Configuration DTD 3.0//EN`/`http://hibernate.sourceforge.net/hibernate-configuration-3.0.dtd` as DTD references
12:24:26.631 [main] WARN org.hibernate.orm.deprecation -- HHH90000012: Recognized obsolete hibernate namespace http://hibernate.sourceforge.net/hibernate-configuration. Use namespace http://www.hibernate.org/dtd/hibernate-configuration instead.  Support for obsolete DTD/XSD namespaces may be removed at any time.
12:24:26.631 [main] DEBUG org.hibernate.boot.cfgxml.internal.JaxbCfgProcessor -- cfg.xml document did not define namespaces; wrapping in custom event reader to introduce namespace information
12:24:26.639 [main] DEBUG org.hibernate.cfg.Configuration -- Building session factory using internal StandardServiceRegistryBuilder
12:24:26.639 [main] DEBUG org.hibernate.cfg.Configuration -- Building session factory using provided StandardServiceRegistry
12:24:26.639 [main] DEBUG org.hibernate.orm.idgen.factory -- Ignoring CDI for resolving IdentifierGenerator instances as extended or delayed CDI support was enabled
12:24:26.640 [main] DEBUG org.hibernate.orm.idgen.factory -- Registering IdentifierGenerator strategy [uuid2] -> [org.hibernate.id.UUIDGenerator]
12:24:26.640 [main] DEBUG org.hibernate.orm.idgen.factory -- Registering IdentifierGenerator strategy [guid] -> [org.hibernate.id.GUIDGenerator]
12:24:26.640 [main] DEBUG org.hibernate.orm.idgen.factory -- Registering IdentifierGenerator strategy [uuid] -> [org.hibernate.id.UUIDHexGenerator]
12:24:26.640 [main] DEBUG org.hibernate.orm.idgen.factory -- Registering IdentifierGenerator strategy [uuid.hex] -> [org.hibernate.id.UUIDHexGenerator]
12:24:26.640 [main] DEBUG org.hibernate.orm.idgen.factory -- Registering IdentifierGenerator strategy [assigned] -> [org.hibernate.id.Assigned]
12:24:26.640 [main] DEBUG org.hibernate.orm.idgen.factory -- Registering IdentifierGenerator strategy [identity] -> [org.hibernate.id.IdentityGenerator]
12:24:26.640 [main] DEBUG org.hibernate.orm.idgen.factory -- Registering IdentifierGenerator strategy [select] -> [org.hibernate.id.SelectGenerator]
12:24:26.640 [main] DEBUG org.hibernate.orm.idgen.factory -- Registering IdentifierGenerator strategy [sequence] -> [org.hibernate.id.enhanced.SequenceStyleGenerator]
12:24:26.640 [main] DEBUG org.hibernate.orm.idgen.factory -- Registering IdentifierGenerator strategy [increment] -> [org.hibernate.id.IncrementGenerator]
12:24:26.640 [main] DEBUG org.hibernate.orm.idgen.factory -- Registering IdentifierGenerator strategy [foreign] -> [org.hibernate.id.ForeignGenerator]
12:24:26.640 [main] DEBUG org.hibernate.orm.idgen.factory -- Registering IdentifierGenerator strategy [enhanced-sequence] -> [org.hibernate.id.enhanced.SequenceStyleGenerator]
12:24:26.640 [main] DEBUG org.hibernate.orm.idgen.factory -- Registering IdentifierGenerator strategy [enhanced-table] -> [org.hibernate.id.enhanced.TableGenerator]
12:24:26.640 [main] DEBUG org.hibernate.cache.internal.RegionFactoryInitiator -- Cannot default RegionFactory based on registered strategies as `[]` RegionFactory strategies were registered
12:24:26.640 [main] INFO org.hibernate.cache.internal.RegionFactoryInitiator -- HHH000026: Second-level cache disabled
12:24:26.640 [main] DEBUG org.hibernate.type.BasicTypeRegistry -- Adding type registration boolean -> org.hibernate.type.BasicTypeReference@769d513
12:24:26.640 [main] DEBUG org.hibernate.type.BasicTypeRegistry -- Adding type registration boolean -> org.hibernate.type.BasicTypeReference@769d513
12:24:26.640 [main] DEBUG org.hibernate.type.BasicTypeRegistry -- Adding type registration java.lang.Boolean -> org.hibernate.type.BasicTypeReference@769d513
12:24:26.640 [main] DEBUG org.hibernate.type.BasicTypeRegistry -- Adding type registration numeric_boolean -> org.hibernate.type.BasicTypeReference@5e4fa1da
12:24:26.640 [main] DEBUG org.hibernate.type.BasicTypeRegistry -- Adding type registration org.hibernate.type.NumericBooleanConverter -> org.hibernate.type.BasicTypeReference@5e4fa1da
12:24:26.640 [main] DEBUG org.hibernate.type.BasicTypeRegistry -- Adding type registration true_false -> org.hibernate.type.BasicTypeReference@588cd519
12:24:26.640 [main] DEBUG org.hibernate.type.BasicTypeRegistry -- Adding type registration org.hibernate.type.TrueFalseConverter -> org.hibernate.type.BasicTypeReference@588cd519
12:24:26.640 [main] DEBUG org.hibernate.type.BasicTypeRegistry -- Adding type registration yes_no -> org.hibernate.type.BasicTypeReference@3f92c349
12:24:26.640 [main] DEBUG org.hibernate.type.BasicTypeRegistry -- Adding type registration org.hibernate.type.YesNoConverter -> org.hibernate.type.BasicTypeReference@3f92c349
12:24:26.640 [main] DEBUG org.hibernate.type.BasicTypeRegistry -- Adding type registration byte -> org.hibernate.type.BasicTypeReference@769a58e5
12:24:26.640 [main] DEBUG org.hibernate.type.BasicTypeRegistry -- Adding type registration byte -> org.hibernate.type.BasicTypeReference@769a58e5
12:24:26.640 [main] DEBUG org.hibernate.type.BasicTypeRegistry -- Adding type registration java.lang.Byte -> org.hibernate.type.BasicTypeReference@769a58e5
12:24:26.640 [main] DEBUG org.hibernate.type.BasicTypeRegistry -- Adding type registration binary -> org.hibernate.type.BasicTypeReference@55f8669d
12:24:26.640 [main] DEBUG org.hibernate.type.BasicTypeRegistry -- Adding type registration byte[] -> org.hibernate.type.BasicTypeReference@55f8669d
12:24:26.640 [main] DEBUG org.hibernate.type.BasicTypeRegistry -- Adding type registration [B -> org.hibernate.type.BasicTypeReference@55f8669d
12:24:26.640 [main] DEBUG org.hibernate.type.BasicTypeRegistry -- Adding type registration binary_wrapper -> org.hibernate.type.BasicTypeReference@6be25526
12:24:26.640 [main] DEBUG org.hibernate.type.BasicTypeRegistry -- Adding type registration wrapper-binary -> org.hibernate.type.BasicTypeReference@6be25526
12:24:26.640 [main] DEBUG org.hibernate.type.BasicTypeRegistry -- Adding type registration image -> org.hibernate.type.BasicTypeReference@42435b98
12:24:26.640 [main] DEBUG org.hibernate.type.BasicTypeRegistry -- Adding type registration blob -> org.hibernate.type.BasicTypeReference@66ba7e45
12:24:26.640 [main] DEBUG org.hibernate.type.BasicTypeRegistry -- Adding type registration java.sql.Blob -> org.hibernate.type.BasicTypeReference@66ba7e45
12:24:26.640 [main] DEBUG org.hibernate.type.BasicTypeRegistry -- Adding type registration materialized_blob -> org.hibernate.type.BasicTypeReference@70e02081
12:24:26.640 [main] DEBUG org.hibernate.type.BasicTypeRegistry -- Adding type registration materialized_blob_wrapper -> org.hibernate.type.BasicTypeReference@9d200de
12:24:26.640 [main] DEBUG org.hibernate.type.BasicTypeRegistry -- Adding type registration short -> org.hibernate.type.BasicTypeReference@511505e7
12:24:26.640 [main] DEBUG org.hibernate.type.BasicTypeRegistry -- Adding type registration short -> org.hibernate.type.BasicTypeReference@511505e7
12:24:26.640 [main] DEBUG org.hibernate.type.BasicTypeRegistry -- Adding type registration java.lang.Short -> org.hibernate.type.BasicTypeReference@511505e7
12:24:26.640 [main] DEBUG org.hibernate.type.BasicTypeRegistry -- Adding type registration integer -> org.hibernate.type.BasicTypeReference@646811d6
12:24:26.640 [main] DEBUG org.hibernate.type.BasicTypeRegistry -- Adding type registration int -> org.hibernate.type.BasicTypeReference@646811d6
12:24:26.640 [main] DEBUG org.hibernate.type.BasicTypeRegistry -- Adding type registration java.lang.Integer -> org.hibernate.type.BasicTypeReference@646811d6
12:24:26.640 [main] DEBUG org.hibernate.type.BasicTypeRegistry -- Adding type registration long -> org.hibernate.type.BasicTypeReference@15fdd1f2
12:24:26.640 [main] DEBUG org.hibernate.type.BasicTypeRegistry -- Adding type registration long -> org.hibernate.type.BasicTypeReference@15fdd1f2
12:24:26.640 [main] DEBUG org.hibernate.type.BasicTypeRegistry -- Adding type registration java.lang.Long -> org.hibernate.type.BasicTypeReference@15fdd1f2
12:24:26.640 [main] DEBUG org.hibernate.type.BasicTypeRegistry -- Adding type registration float -> org.hibernate.type.BasicTypeReference@cb0f763
12:24:26.640 [main] DEBUG org.hibernate.type.BasicTypeRegistry -- Adding type registration float -> org.hibernate.type.BasicTypeReference@cb0f763
12:24:26.640 [main] DEBUG org.hibernate.type.BasicTypeRegistry -- Adding type registration java.lang.Float -> org.hibernate.type.BasicTypeReference@cb0f763
12:24:26.640 [main] DEBUG org.hibernate.type.BasicTypeRegistry -- Adding type registration double -> org.hibernate.type.BasicTypeReference@7573e12f
12:24:26.640 [main] DEBUG org.hibernate.type.BasicTypeRegistry -- Adding type registration double -> org.hibernate.type.BasicTypeReference@7573e12f
12:24:26.640 [main] DEBUG org.hibernate.type.BasicTypeRegistry -- Adding type registration java.lang.Double -> org.hibernate.type.BasicTypeReference@7573e12f
12:24:26.640 [main] DEBUG org.hibernate.type.BasicTypeRegistry -- Adding type registration big_integer -> org.hibernate.type.BasicTypeReference@51b1a8f6
12:24:26.640 [main] DEBUG org.hibernate.type.BasicTypeRegistry -- Adding type registration java.math.BigInteger -> org.hibernate.type.BasicTypeReference@51b1a8f6
12:24:26.640 [main] DEBUG org.hibernate.type.BasicTypeRegistry -- Adding type registration big_decimal -> org.hibernate.type.BasicTypeReference@2a389173
12:24:26.640 [main] DEBUG org.hibernate.type.BasicTypeRegistry -- Adding type registration java.math.BigDecimal -> org.hibernate.type.BasicTypeReference@2a389173
12:24:26.640 [main] DEBUG org.hibernate.type.BasicTypeRegistry -- Adding type registration character -> org.hibernate.type.BasicTypeReference@213860b8
12:24:26.640 [main] DEBUG org.hibernate.type.BasicTypeRegistry -- Adding type registration char -> org.hibernate.type.BasicTypeReference@213860b8
12:24:26.640 [main] DEBUG org.hibernate.type.BasicTypeRegistry -- Adding type registration java.lang.Character -> org.hibernate.type.BasicTypeReference@213860b8
12:24:26.640 [main] DEBUG org.hibernate.type.BasicTypeRegistry -- Adding type registration character_nchar -> org.hibernate.type.BasicTypeReference@4ba89729
12:24:26.640 [main] DEBUG org.hibernate.type.BasicTypeRegistry -- Adding type registration string -> org.hibernate.type.BasicTypeReference@178270b2
12:24:26.640 [main] DEBUG org.hibernate.type.BasicTypeRegistry -- Adding type registration java.lang.String -> org.hibernate.type.BasicTypeReference@178270b2
12:24:26.640 [main] DEBUG org.hibernate.type.BasicTypeRegistry -- Adding type registration nstring -> org.hibernate.type.BasicTypeReference@795fd838
12:24:26.640 [main] DEBUG org.hibernate.type.BasicTypeRegistry -- Adding type registration characters -> org.hibernate.type.BasicTypeReference@1b005a0b
12:24:26.640 [main] DEBUG org.hibernate.type.BasicTypeRegistry -- Adding type registration char[] -> org.hibernate.type.BasicTypeReference@1b005a0b
12:24:26.640 [main] DEBUG org.hibernate.type.BasicTypeRegistry -- Adding type registration [C -> org.hibernate.type.BasicTypeReference@1b005a0b
12:24:26.640 [main] DEBUG org.hibernate.type.BasicTypeRegistry -- Adding type registration wrapper-characters -> org.hibernate.type.BasicTypeReference@141e879d
12:24:26.640 [main] DEBUG org.hibernate.type.BasicTypeRegistry -- Adding type registration text -> org.hibernate.type.BasicTypeReference@109d724c
12:24:26.640 [main] DEBUG org.hibernate.type.BasicTypeRegistry -- Adding type registration ntext -> org.hibernate.type.BasicTypeReference@1704f67f
12:24:26.640 [main] DEBUG org.hibernate.type.BasicTypeRegistry -- Adding type registration clob -> org.hibernate.type.BasicTypeReference@e4d2696
12:24:26.640 [main] DEBUG org.hibernate.type.BasicTypeRegistry -- Adding type registration java.sql.Clob -> org.hibernate.type.BasicTypeReference@e4d2696
12:24:26.640 [main] DEBUG org.hibernate.type.BasicTypeRegistry -- Adding type registration nclob -> org.hibernate.type.BasicTypeReference@6e0f7aad
12:24:26.640 [main] DEBUG org.hibernate.type.BasicTypeRegistry -- Adding type registration java.sql.NClob -> org.hibernate.type.BasicTypeReference@6e0f7aad
12:24:26.640 [main] DEBUG org.hibernate.type.BasicTypeRegistry -- Adding type registration materialized_clob -> org.hibernate.type.BasicTypeReference@15fb7a32
12:24:26.640 [main] DEBUG org.hibernate.type.BasicTypeRegistry -- Adding type registration materialized_clob_char_array -> org.hibernate.type.BasicTypeReference@257cc1fc
12:24:26.640 [main] DEBUG org.hibernate.type.BasicTypeRegistry -- Adding type registration materialized_clob_character_array -> org.hibernate.type.BasicTypeReference@42e22a53
12:24:26.640 [main] DEBUG org.hibernate.type.BasicTypeRegistry -- Adding type registration materialized_nclob -> org.hibernate.type.BasicTypeReference@57adfab0
12:24:26.640 [main] DEBUG org.hibernate.type.BasicTypeRegistry -- Adding type registration materialized_nclob_character_array -> org.hibernate.type.BasicTypeReference@1949309d
12:24:26.640 [main] DEBUG org.hibernate.type.BasicTypeRegistry -- Adding type registration materialized_nclob_char_array -> org.hibernate.type.BasicTypeReference@5af97169
12:24:26.640 [main] DEBUG org.hibernate.type.BasicTypeRegistry -- Adding type registration Duration -> org.hibernate.type.BasicTypeReference@99a78d7
12:24:26.640 [main] DEBUG org.hibernate.type.BasicTypeRegistry -- Adding type registration java.time.Duration -> org.hibernate.type.BasicTypeReference@99a78d7
12:24:26.640 [main] DEBUG org.hibernate.type.BasicTypeRegistry -- Adding type registration LocalDateTime -> org.hibernate.type.BasicTypeReference@31da6b2e
12:24:26.640 [main] DEBUG org.hibernate.type.BasicTypeRegistry -- Adding type registration java.time.LocalDateTime -> org.hibernate.type.BasicTypeReference@31da6b2e
12:24:26.640 [main] DEBUG org.hibernate.type.BasicTypeRegistry -- Adding type registration LocalDate -> org.hibernate.type.BasicTypeReference@61c76850
12:24:26.640 [main] DEBUG org.hibernate.type.BasicTypeRegistry -- Adding type registration java.time.LocalDate -> org.hibernate.type.BasicTypeReference@61c76850
12:24:26.640 [main] DEBUG org.hibernate.type.BasicTypeRegistry -- Adding type registration LocalTime -> org.hibernate.type.BasicTypeReference@70242f38
12:24:26.640 [main] DEBUG org.hibernate.type.BasicTypeRegistry -- Adding type registration java.time.LocalTime -> org.hibernate.type.BasicTypeReference@70242f38
12:24:26.640 [main] DEBUG org.hibernate.type.BasicTypeRegistry -- Adding type registration OffsetDateTime -> org.hibernate.type.BasicTypeReference@2a22ad2b
12:24:26.640 [main] DEBUG org.hibernate.type.BasicTypeRegistry -- Adding type registration java.time.OffsetDateTime -> org.hibernate.type.BasicTypeReference@2a22ad2b
12:24:26.640 [main] DEBUG org.hibernate.type.BasicTypeRegistry -- Adding type registration OffsetDateTimeWithTimezone -> org.hibernate.type.BasicTypeReference@48c3205a
12:24:26.640 [main] DEBUG org.hibernate.type.BasicTypeRegistry -- Adding type registration OffsetDateTimeWithoutTimezone -> org.hibernate.type.BasicTypeReference@121c54fa
12:24:26.640 [main] DEBUG org.hibernate.type.BasicTypeRegistry -- Adding type registration OffsetTime -> org.hibernate.type.BasicTypeReference@4390f46e
12:24:26.640 [main] DEBUG org.hibernate.type.BasicTypeRegistry -- Adding type registration java.time.OffsetTime -> org.hibernate.type.BasicTypeReference@4390f46e
12:24:26.640 [main] DEBUG org.hibernate.type.BasicTypeRegistry -- Adding type registration OffsetTimeUtc -> org.hibernate.type.BasicTypeReference@7c6442c2
12:24:26.640 [main] DEBUG org.hibernate.type.BasicTypeRegistry -- Adding type registration OffsetTimeWithTimezone -> org.hibernate.type.BasicTypeReference@2d746ce4
12:24:26.640 [main] DEBUG org.hibernate.type.BasicTypeRegistry -- Adding type registration OffsetTimeWithoutTimezone -> org.hibernate.type.BasicTypeReference@5dbf5634
12:24:26.640 [main] DEBUG org.hibernate.type.BasicTypeRegistry -- Adding type registration ZonedDateTime -> org.hibernate.type.BasicTypeReference@1948ea69
12:24:26.640 [main] DEBUG org.hibernate.type.BasicTypeRegistry -- Adding type registration java.time.ZonedDateTime -> org.hibernate.type.BasicTypeReference@1948ea69
12:24:26.640 [main] DEBUG org.hibernate.type.BasicTypeRegistry -- Adding type registration ZonedDateTimeWithTimezone -> org.hibernate.type.BasicTypeReference@47e4d9d0
12:24:26.640 [main] DEBUG org.hibernate.type.BasicTypeRegistry -- Adding type registration ZonedDateTimeWithoutTimezone -> org.hibernate.type.BasicTypeReference@49798e84
12:24:26.640 [main] DEBUG org.hibernate.type.BasicTypeRegistry -- Adding type registration date -> org.hibernate.type.BasicTypeReference@6ed06f69
12:24:26.640 [main] DEBUG org.hibernate.type.BasicTypeRegistry -- Adding type registration java.sql.Date -> org.hibernate.type.BasicTypeReference@6ed06f69
12:24:26.640 [main] DEBUG org.hibernate.type.BasicTypeRegistry -- Adding type registration time -> org.hibernate.type.BasicTypeReference@3015db78
12:24:26.640 [main] DEBUG org.hibernate.type.BasicTypeRegistry -- Adding type registration java.sql.Time -> org.hibernate.type.BasicTypeReference@3015db78
12:24:26.640 [main] DEBUG org.hibernate.type.BasicTypeRegistry -- Adding type registration timestamp -> org.hibernate.type.BasicTypeReference@515ebef3
12:24:26.640 [main] DEBUG org.hibernate.type.BasicTypeRegistry -- Adding type registration java.sql.Timestamp -> org.hibernate.type.BasicTypeReference@515ebef3
12:24:26.640 [main] DEBUG org.hibernate.type.BasicTypeRegistry -- Adding type registration java.util.Date -> org.hibernate.type.BasicTypeReference@515ebef3
12:24:26.640 [main] DEBUG org.hibernate.type.BasicTypeRegistry -- Adding type registration calendar -> org.hibernate.type.BasicTypeReference@545607f2
12:24:26.640 [main] DEBUG org.hibernate.type.BasicTypeRegistry -- Adding type registration java.util.Calendar -> org.hibernate.type.BasicTypeReference@545607f2
12:24:26.640 [main] DEBUG org.hibernate.type.BasicTypeRegistry -- Adding type registration java.util.GregorianCalendar -> org.hibernate.type.BasicTypeReference@545607f2
12:24:26.640 [main] DEBUG org.hibernate.type.BasicTypeRegistry -- Adding type registration calendar_date -> org.hibernate.type.BasicTypeReference@39109136
12:24:26.640 [main] DEBUG org.hibernate.type.BasicTypeRegistry -- Adding type registration calendar_time -> org.hibernate.type.BasicTypeReference@27c04377
12:24:26.640 [main] DEBUG org.hibernate.type.BasicTypeRegistry -- Adding type registration instant -> org.hibernate.type.BasicTypeReference@34dc85a
12:24:26.640 [main] DEBUG org.hibernate.type.BasicTypeRegistry -- Adding type registration java.time.Instant -> org.hibernate.type.BasicTypeReference@34dc85a
12:24:26.640 [main] DEBUG org.hibernate.type.BasicTypeRegistry -- Adding type registration uuid -> org.hibernate.type.BasicTypeReference@67403656
12:24:26.640 [main] DEBUG org.hibernate.type.BasicTypeRegistry -- Adding type registration java.util.UUID -> org.hibernate.type.BasicTypeReference@67403656
12:24:26.640 [main] DEBUG org.hibernate.type.BasicTypeRegistry -- Adding type registration pg-uuid -> org.hibernate.type.BasicTypeReference@67403656
12:24:26.640 [main] DEBUG org.hibernate.type.BasicTypeRegistry -- Adding type registration uuid-binary -> org.hibernate.type.BasicTypeReference@5a6482a9
12:24:26.641 [main] DEBUG org.hibernate.type.BasicTypeRegistry -- Adding type registration uuid-char -> org.hibernate.type.BasicTypeReference@12f8b1d8
12:24:26.641 [main] DEBUG org.hibernate.type.BasicTypeRegistry -- Adding type registration class -> org.hibernate.type.BasicTypeReference@746cd757
12:24:26.641 [main] DEBUG org.hibernate.type.BasicTypeRegistry -- Adding type registration java.lang.Class -> org.hibernate.type.BasicTypeReference@746cd757
12:24:26.641 [main] DEBUG org.hibernate.type.BasicTypeRegistry -- Adding type registration currency -> org.hibernate.type.BasicTypeReference@ae372b9
12:24:26.641 [main] DEBUG org.hibernate.type.BasicTypeRegistry -- Adding type registration Currency -> org.hibernate.type.BasicTypeReference@ae372b9
12:24:26.641 [main] DEBUG org.hibernate.type.BasicTypeRegistry -- Adding type registration java.util.Currency -> org.hibernate.type.BasicTypeReference@ae372b9
12:24:26.641 [main] DEBUG org.hibernate.type.BasicTypeRegistry -- Adding type registration locale -> org.hibernate.type.BasicTypeReference@2098d37d
12:24:26.641 [main] DEBUG org.hibernate.type.BasicTypeRegistry -- Adding type registration java.util.Locale -> org.hibernate.type.BasicTypeReference@2098d37d
12:24:26.641 [main] DEBUG org.hibernate.type.BasicTypeRegistry -- Adding type registration serializable -> org.hibernate.type.BasicTypeReference@77b9d0c7
12:24:26.641 [main] DEBUG org.hibernate.type.BasicTypeRegistry -- Adding type registration java.io.Serializable -> org.hibernate.type.BasicTypeReference@77b9d0c7
12:24:26.641 [main] DEBUG org.hibernate.type.BasicTypeRegistry -- Adding type registration timezone -> org.hibernate.type.BasicTypeReference@65fd6708
12:24:26.641 [main] DEBUG org.hibernate.type.BasicTypeRegistry -- Adding type registration java.util.TimeZone -> org.hibernate.type.BasicTypeReference@65fd6708
12:24:26.641 [main] DEBUG org.hibernate.type.BasicTypeRegistry -- Adding type registration ZoneOffset -> org.hibernate.type.BasicTypeReference@749ab7b4
12:24:26.641 [main] DEBUG org.hibernate.type.BasicTypeRegistry -- Adding type registration java.time.ZoneOffset -> org.hibernate.type.BasicTypeReference@749ab7b4
12:24:26.641 [main] DEBUG org.hibernate.type.BasicTypeRegistry -- Adding type registration url -> org.hibernate.type.BasicTypeReference@127f9161
12:24:26.641 [main] DEBUG org.hibernate.type.BasicTypeRegistry -- Adding type registration java.net.URL -> org.hibernate.type.BasicTypeReference@127f9161
12:24:26.641 [main] DEBUG org.hibernate.type.BasicTypeRegistry -- Adding type registration vector -> org.hibernate.type.BasicTypeReference@2bf94401
12:24:26.641 [main] DEBUG org.hibernate.type.BasicTypeRegistry -- Adding type registration row_version -> org.hibernate.type.BasicTypeReference@2532b351
12:24:26.641 [main] DEBUG org.hibernate.type.BasicTypeRegistry -- Adding type registration object -> org.hibernate.type.JavaObjectType@6892cc6f
12:24:26.641 [main] DEBUG org.hibernate.type.BasicTypeRegistry -- Adding type registration java.lang.Object -> org.hibernate.type.JavaObjectType@6892cc6f
12:24:26.641 [main] DEBUG org.hibernate.type.BasicTypeRegistry -- Adding type registration null -> org.hibernate.type.NullType@621f89b8
12:24:26.641 [main] DEBUG org.hibernate.type.BasicTypeRegistry -- Adding type registration imm_date -> org.hibernate.type.BasicTypeReference@54387873
12:24:26.641 [main] DEBUG org.hibernate.type.BasicTypeRegistry -- Adding type registration imm_time -> org.hibernate.type.BasicTypeReference@3a80c534
12:24:26.641 [main] DEBUG org.hibernate.type.BasicTypeRegistry -- Adding type registration imm_timestamp -> org.hibernate.type.BasicTypeReference@fd5689d
12:24:26.641 [main] DEBUG org.hibernate.type.BasicTypeRegistry -- Adding type registration imm_calendar -> org.hibernate.type.BasicTypeReference@36e3321e
12:24:26.641 [main] DEBUG org.hibernate.type.BasicTypeRegistry -- Adding type registration imm_calendar_date -> org.hibernate.type.BasicTypeReference@218f2f51
12:24:26.641 [main] DEBUG org.hibernate.type.BasicTypeRegistry -- Adding type registration imm_calendar_time -> org.hibernate.type.BasicTypeReference@1d9af731
12:24:26.641 [main] DEBUG org.hibernate.type.BasicTypeRegistry -- Adding type registration imm_binary -> org.hibernate.type.BasicTypeReference@39afe59f
12:24:26.641 [main] DEBUG org.hibernate.type.BasicTypeRegistry -- Adding type registration imm_serializable -> org.hibernate.type.BasicTypeReference@16f34376
12:24:26.642 [main] WARN org.hibernate.orm.connections.pooling -- HHH10001002: Using built-in connection pool (not intended for production use)
12:24:26.642 [main] INFO org.hibernate.orm.connections.pooling -- HHH10001005: Loaded JDBC driver class: org.apache.derby.jdbc.EmbeddedDriver
12:24:26.642 [main] INFO org.hibernate.orm.connections.pooling -- HHH10001012: Connecting with JDBC URL [jdbc:derby:database/SupermarketDB;create=true]
12:24:26.642 [main] INFO org.hibernate.orm.connections.pooling -- HHH10001001: Connection properties: {password=, user=}
12:24:26.642 [main] INFO org.hibernate.orm.connections.pooling -- HHH10001003: Autocommit mode: false
12:24:26.642 [main] DEBUG org.hibernate.orm.connections.pooling -- Initializing Connection pool with 1 Connections
12:24:26.642 [main] INFO org.hibernate.orm.connections.pooling -- HHH10001115: Connection pool size: 20 (min=1)
12:24:26.643 [main] DEBUG org.hibernate.engine.jdbc.env.internal.JdbcEnvironmentInitiator -- Database ->
	   name : Apache Derby
	version : 10.17.1.0 - (1913217)
	  major : 10
	  minor : 17
12:24:26.643 [main] DEBUG org.hibernate.engine.jdbc.env.internal.JdbcEnvironmentInitiator -- Driver ->
	   name : Apache Derby Embedded JDBC Driver
	version : 10.17.1.0 - (1913217)
	  major : 10
	  minor : 17
12:24:26.643 [main] DEBUG org.hibernate.engine.jdbc.env.internal.JdbcEnvironmentInitiator -- JDBC version : 4.2
12:24:26.643 [main] WARN org.hibernate.orm.deprecation -- HHH90000025: DerbyDialect does not need to be specified explicitly using 'hibernate.dialect' (remove the property setting and it will be selected by default)
12:24:26.643 [main] DEBUG org.hibernate.orm.dialect -- HHH035001: Using dialect: org.hibernate.dialect.DerbyDialect, version: 10.17.1
12:24:26.643 [main] DEBUG org.hibernate.orm.jdbc.lob -- HHH10010006: Disabling contextual NCLOB creation as createNClob() method threw error : java.sql.SQLFeatureNotSupportedException: Feature not implemented: No details.
12:24:26.643 [main] DEBUG org.hibernate.type.descriptor.sql.spi.DdlTypeRegistry -- addDescriptor(-3, org.hibernate.type.descriptor.sql.internal.CapacityDependentDdlType@62054faf) replaced previous registration(org.hibernate.type.descriptor.sql.internal.CapacityDependentDdlType@75d539b9)
12:24:26.643 [main] DEBUG org.hibernate.type.descriptor.sql.spi.DdlTypeRegistry -- addDescriptor(12, org.hibernate.type.descriptor.sql.internal.CapacityDependentDdlType@20f63ddc) replaced previous registration(org.hibernate.type.descriptor.sql.internal.CapacityDependentDdlType@210c1b9d)
12:24:26.643 [main] DEBUG org.hibernate.type.descriptor.sql.spi.DdlTypeRegistry -- addDescriptor(-9, org.hibernate.type.descriptor.sql.internal.CapacityDependentDdlType@69bc4024) replaced previous registration(org.hibernate.type.descriptor.sql.internal.CapacityDependentDdlType@3578a45b)
12:24:26.643 [main] DEBUG org.hibernate.type.descriptor.sql.spi.DdlTypeRegistry -- addDescriptor(-2, org.hibernate.type.descriptor.sql.internal.CapacityDependentDdlType@24f177f5) replaced previous registration(org.hibernate.type.descriptor.sql.internal.DdlTypeImpl@65e05005)
12:24:26.643 [main] DEBUG org.hibernate.type.descriptor.sql.spi.DdlTypeRegistry -- addDescriptor(1, org.hibernate.type.descriptor.sql.internal.CapacityDependentDdlType@6ed691fd) replaced previous registration(org.hibernate.type.descriptor.sql.internal.DdlTypeImpl@1efcba00)
12:24:26.643 [main] DEBUG org.hibernate.type.descriptor.sql.spi.DdlTypeRegistry -- addDescriptor(-15, org.hibernate.type.descriptor.sql.internal.CapacityDependentDdlType@311d28f5) replaced previous registration(org.hibernate.type.descriptor.sql.internal.DdlTypeImpl@569a26ab)
12:24:26.643 [main] DEBUG org.hibernate.type.descriptor.jdbc.spi.JdbcTypeRegistry -- addDescriptor(2005, ClobTypeDescriptor(STREAM_BINDING)) replaced previous registration(ClobTypeDescriptor(DEFAULT))
12:24:26.643 [main] DEBUG org.hibernate.type.descriptor.jdbc.spi.JdbcTypeRegistry -- addDescriptor(2, DecimalTypeDescriptor) replaced previous registration(NumericTypeDescriptor)
12:24:26.643 [main] DEBUG org.hibernate.type.descriptor.jdbc.spi.JdbcTypeRegistry -- addDescriptor(2014, TimestampTypeDescriptor) replaced previous registration(TimestampWithTimeZoneDescriptor)
12:24:26.643 [main] DEBUG org.hibernate.type.BasicTypeRegistry -- BasicTypeRegistry registration overwritten (2000 + org.hibernate.type.descriptor.java.ObjectJavaType@2a27cb34); previous =`org.hibernate.type.NullType@621f89b8`
12:24:26.643 [main] DEBUG org.hibernate.type.BasicTypeRegistry -- Adding type registration JAVA_OBJECT -> org.hibernate.type.JavaObjectType@c190cfc
12:24:26.643 [main] DEBUG org.hibernate.type.BasicTypeRegistry -- Adding type registration java.lang.Object -> org.hibernate.type.JavaObjectType@c190cfc
12:24:26.643 [main] DEBUG org.hibernate.type.BasicTypeRegistry -- Type registration key [java.lang.Object] overrode previous entry : `org.hibernate.type.JavaObjectType@6892cc6f`
12:24:26.644 [main] DEBUG org.hibernate.type.BasicTypeRegistry -- Adding type registration org.hibernate.type.DurationType -> basicType@22(java.time.Duration,3015)
12:24:26.644 [main] DEBUG org.hibernate.type.BasicTypeRegistry -- Adding type registration Duration -> basicType@22(java.time.Duration,3015)
12:24:26.644 [main] DEBUG org.hibernate.type.BasicTypeRegistry -- Adding type registration java.time.Duration -> basicType@22(java.time.Duration,3015)
12:24:26.644 [main] DEBUG org.hibernate.type.BasicTypeRegistry -- Adding type registration org.hibernate.type.OffsetDateTimeType -> basicType@23(java.time.OffsetDateTime,3003)
12:24:26.644 [main] DEBUG org.hibernate.type.BasicTypeRegistry -- Adding type registration OffsetDateTime -> basicType@23(java.time.OffsetDateTime,3003)
12:24:26.644 [main] DEBUG org.hibernate.type.BasicTypeRegistry -- Adding type registration java.time.OffsetDateTime -> basicType@23(java.time.OffsetDateTime,3003)
12:24:26.644 [main] DEBUG org.hibernate.type.BasicTypeRegistry -- Adding type registration org.hibernate.type.ZonedDateTimeType -> basicType@24(java.time.ZonedDateTime,3003)
12:24:26.644 [main] DEBUG org.hibernate.type.BasicTypeRegistry -- Adding type registration ZonedDateTime -> basicType@24(java.time.ZonedDateTime,3003)
12:24:26.644 [main] DEBUG org.hibernate.type.BasicTypeRegistry -- Adding type registration java.time.ZonedDateTime -> basicType@24(java.time.ZonedDateTime,3003)
12:24:26.644 [main] DEBUG org.hibernate.type.BasicTypeRegistry -- Adding type registration org.hibernate.type.OffsetTimeType -> basicType@25(java.time.OffsetTime,3007)
12:24:26.644 [main] DEBUG org.hibernate.type.BasicTypeRegistry -- Adding type registration OffsetTime -> basicType@25(java.time.OffsetTime,3007)
12:24:26.644 [main] DEBUG org.hibernate.type.BasicTypeRegistry -- Adding type registration java.time.OffsetTime -> basicType@25(java.time.OffsetTime,3007)
12:24:26.644 [main] DEBUG org.hibernate.type.spi.TypeConfiguration$Scope -- Scoping TypeConfiguration [org.hibernate.type.spi.TypeConfiguration@77ce8bc5] to MetadataBuildingContext [org.hibernate.boot.internal.MetadataBuildingContextRootImpl@2fcc5f49]
12:24:26.644 [main] DEBUG org.hibernate.boot.model.relational.Namespace -- Created database namespace [logicalName=Name{catalog=null, schema=null}, physicalName=Name{catalog=null, schema=null}]
12:24:26.645 [main] DEBUG org.hibernate.boot.model.internal.EntityBinder -- Binding entity from annotated class: com.pdcgame.Models.GameSave
12:24:26.645 [main] DEBUG org.hibernate.boot.model.internal.EntityBinder -- Import with entity name GameSave
12:24:26.645 [main] DEBUG org.hibernate.boot.model.internal.EntityBinder -- Bind entity com.pdcgame.Models.GameSave on table game_save
12:24:26.645 [main] DEBUG org.hibernate.boot.model.internal.AnnotatedColumn -- Binding column: AnnotatedDiscriminatorColumn(column='DTYPE')
12:24:26.645 [main] DEBUG org.hibernate.boot.model.internal.AnnotatedColumn -- Binding column: AnnotatedColumn()
12:24:26.645 [main] DEBUG org.hibernate.boot.internal.ClassLoaderAccessImpl -- Not known whether passed class name [com.pdcgame.Models.GameSave] is safe
12:24:26.645 [main] DEBUG org.hibernate.boot.internal.ClassLoaderAccessImpl -- No temp ClassLoader provided; using live ClassLoader for loading potentially unsafe class : com.pdcgame.Models.GameSave
12:24:26.645 [main] DEBUG org.hibernate.boot.model.internal.PropertyBinder -- MetadataSourceProcessor property id with lazy=false
12:24:26.645 [main] DEBUG org.hibernate.boot.model.internal.AbstractPropertyHolder -- Attempting to locate auto-apply AttributeConverter for property [com.pdcgame.Models.GameSave:id]
12:24:26.645 [main] DEBUG org.hibernate.boot.model.internal.BasicValueBinder -- building BasicValue for id
12:24:26.645 [main] DEBUG org.hibernate.mapping.BasicValue -- Skipping column re-registration: game_save.id
12:24:26.645 [main] DEBUG org.hibernate.boot.model.internal.PropertyBinder -- Building property id
12:24:26.645 [main] DEBUG org.hibernate.boot.model.internal.BinderHelper -- #makeIdGenerator(BasicValue([Column(id)]), id, assigned, , ...)
12:24:26.645 [main] DEBUG org.hibernate.boot.model.internal.AnnotatedColumn -- Binding column: AnnotatedColumn()
12:24:26.646 [main] DEBUG org.hibernate.boot.model.internal.PropertyBinder -- MetadataSourceProcessor property actions with lazy=false
12:24:26.646 [main] DEBUG org.hibernate.boot.model.internal.AbstractPropertyHolder -- Attempting to locate auto-apply AttributeConverter for property [com.pdcgame.Models.GameSave:actions]
12:24:26.646 [main] DEBUG org.hibernate.boot.model.internal.BasicValueBinder -- building BasicValue for actions
12:24:26.646 [main] DEBUG org.hibernate.mapping.BasicValue -- Skipping column re-registration: game_save.actions
12:24:26.646 [main] DEBUG org.hibernate.boot.model.internal.PropertyBinder -- Building property actions
12:24:26.646 [main] DEBUG org.hibernate.boot.model.internal.AnnotatedColumn -- Binding column: AnnotatedColumn()
12:24:26.646 [main] DEBUG org.hibernate.boot.model.internal.PropertyBinder -- MetadataSourceProcessor property balance with lazy=false
12:24:26.646 [main] DEBUG org.hibernate.boot.model.internal.AbstractPropertyHolder -- Attempting to locate auto-apply AttributeConverter for property [com.pdcgame.Models.GameSave:balance]
12:24:26.646 [main] DEBUG org.hibernate.boot.model.internal.BasicValueBinder -- building BasicValue for balance
12:24:26.646 [main] DEBUG org.hibernate.mapping.BasicValue -- Skipping column re-registration: game_save.balance
12:24:26.646 [main] DEBUG org.hibernate.boot.model.internal.PropertyBinder -- Building property balance
12:24:26.646 [main] DEBUG org.hibernate.boot.model.internal.AnnotatedColumn -- Binding column: AnnotatedColumn()
12:24:26.646 [main] DEBUG org.hibernate.boot.model.internal.PropertyBinder -- MetadataSourceProcessor property day with lazy=false
12:24:26.646 [main] DEBUG org.hibernate.boot.model.internal.AbstractPropertyHolder -- Attempting to locate auto-apply AttributeConverter for property [com.pdcgame.Models.GameSave:day]
12:24:26.646 [main] DEBUG org.hibernate.boot.model.internal.BasicValueBinder -- building BasicValue for day
12:24:26.646 [main] DEBUG org.hibernate.mapping.BasicValue -- Skipping column re-registration: game_save.day
12:24:26.646 [main] DEBUG org.hibernate.boot.model.internal.PropertyBinder -- Building property day
12:24:26.646 [main] DEBUG org.hibernate.boot.model.internal.AnnotatedColumn -- Binding column: AnnotatedColumn()
12:24:26.646 [main] DEBUG org.hibernate.boot.model.internal.PropertyBinder -- MetadataSourceProcessor property difficulty with lazy=false
12:24:26.646 [main] DEBUG org.hibernate.boot.model.internal.AbstractPropertyHolder -- Attempting to locate auto-apply AttributeConverter for property [com.pdcgame.Models.GameSave:difficulty]
12:24:26.646 [main] DEBUG org.hibernate.boot.model.internal.BasicValueBinder -- building BasicValue for difficulty
12:24:26.646 [main] DEBUG org.hibernate.mapping.BasicValue -- Skipping column re-registration: game_save.difficulty
12:24:26.646 [main] DEBUG org.hibernate.boot.model.internal.PropertyBinder -- Building property difficulty
12:24:26.646 [main] DEBUG org.hibernate.boot.model.internal.AnnotatedColumn -- Binding column: AnnotatedColumn()
12:24:26.646 [main] DEBUG org.hibernate.boot.model.internal.PropertyBinder -- MetadataSourceProcessor property gameSeed with lazy=false
12:24:26.646 [main] DEBUG org.hibernate.boot.model.internal.AbstractPropertyHolder -- Attempting to locate auto-apply AttributeConverter for property [com.pdcgame.Models.GameSave:gameSeed]
12:24:26.646 [main] DEBUG org.hibernate.boot.model.internal.BasicValueBinder -- building BasicValue for gameSeed
12:24:26.646 [main] DEBUG org.hibernate.mapping.BasicValue -- Skipping column re-registration: game_save.gameSeed
12:24:26.646 [main] DEBUG org.hibernate.boot.model.internal.PropertyBinder -- Building property gameSeed
12:24:26.646 [main] DEBUG org.hibernate.boot.model.internal.AnnotatedColumn -- Binding column: AnnotatedColumn()
12:24:26.646 [main] DEBUG org.hibernate.boot.model.internal.PropertyBinder -- MetadataSourceProcessor property rating with lazy=false
12:24:26.646 [main] DEBUG org.hibernate.boot.model.internal.AbstractPropertyHolder -- Attempting to locate auto-apply AttributeConverter for property [com.pdcgame.Models.GameSave:rating]
12:24:26.646 [main] DEBUG org.hibernate.boot.model.internal.BasicValueBinder -- building BasicValue for rating
12:24:26.646 [main] DEBUG org.hibernate.mapping.BasicValue -- Skipping column re-registration: game_save.rating
12:24:26.646 [main] DEBUG org.hibernate.boot.model.internal.PropertyBinder -- Building property rating
12:24:26.646 [main] DEBUG org.hibernate.boot.model.internal.AnnotatedColumn -- Binding column: AnnotatedColumn()
12:24:26.646 [main] DEBUG org.hibernate.boot.model.internal.PropertyBinder -- MetadataSourceProcessor property totalActions with lazy=false
12:24:26.646 [main] DEBUG org.hibernate.boot.model.internal.AbstractPropertyHolder -- Attempting to locate auto-apply AttributeConverter for property [com.pdcgame.Models.GameSave:totalActions]
12:24:26.646 [main] DEBUG org.hibernate.boot.model.internal.BasicValueBinder -- building BasicValue for totalActions
12:24:26.646 [main] DEBUG org.hibernate.mapping.BasicValue -- Skipping column re-registration: game_save.totalActions
12:24:26.646 [main] DEBUG org.hibernate.boot.model.internal.PropertyBinder -- Building property totalActions
12:24:26.646 [main] DEBUG org.hibernate.boot.registry.classloading.internal.ClassLoaderServiceImpl -- HHH000194: Package not found or no package-info.java: com.pdcgame.Models
12:24:26.647 [main] DEBUG org.hibernate.boot.model.internal.EntityBinder -- Binding entity from annotated class: com.pdcgame.Models.InventorySave
12:24:26.647 [main] DEBUG org.hibernate.boot.model.internal.EntityBinder -- Import with entity name InventorySave
12:24:26.647 [main] DEBUG org.hibernate.boot.model.internal.EntityBinder -- Bind entity com.pdcgame.Models.InventorySave on table inventory_save
12:24:26.647 [main] DEBUG org.hibernate.boot.model.internal.AnnotatedColumn -- Binding column: AnnotatedDiscriminatorColumn(column='DTYPE')
12:24:26.647 [main] DEBUG org.hibernate.boot.model.internal.AnnotatedColumn -- Binding column: AnnotatedColumn(column='product_name')
12:24:26.647 [main] DEBUG org.hibernate.boot.internal.ClassLoaderAccessImpl -- Not known whether passed class name [com.pdcgame.Models.InventorySave] is safe
12:24:26.647 [main] DEBUG org.hibernate.boot.internal.ClassLoaderAccessImpl -- No temp ClassLoader provided; using live ClassLoader for loading potentially unsafe class : com.pdcgame.Models.InventorySave
12:24:26.647 [main] DEBUG org.hibernate.boot.model.internal.PropertyBinder -- MetadataSourceProcessor property productName with lazy=false
12:24:26.647 [main] DEBUG org.hibernate.boot.model.internal.AbstractPropertyHolder -- Attempting to locate auto-apply AttributeConverter for property [com.pdcgame.Models.InventorySave:productName]
12:24:26.647 [main] DEBUG org.hibernate.boot.model.internal.BasicValueBinder -- building BasicValue for productName
12:24:26.647 [main] DEBUG org.hibernate.mapping.BasicValue -- Skipping column re-registration: inventory_save.product_name
12:24:26.647 [main] DEBUG org.hibernate.boot.model.internal.PropertyBinder -- Building property productName
12:24:26.647 [main] DEBUG org.hibernate.boot.model.internal.BinderHelper -- #makeIdGenerator(BasicValue([Column(product_name)]), productName, assigned, , ...)
12:24:26.647 [main] DEBUG org.hibernate.boot.model.internal.AnnotatedColumn -- Binding column: AnnotatedColumn(column='quantity')
12:24:26.647 [main] DEBUG org.hibernate.boot.model.internal.PropertyBinder -- MetadataSourceProcessor property quantity with lazy=false
12:24:26.647 [main] DEBUG org.hibernate.boot.model.internal.AbstractPropertyHolder -- Attempting to locate auto-apply AttributeConverter for property [com.pdcgame.Models.InventorySave:quantity]
12:24:26.647 [main] DEBUG org.hibernate.boot.model.internal.BasicValueBinder -- building BasicValue for quantity
12:24:26.647 [main] DEBUG org.hibernate.mapping.BasicValue -- Skipping column re-registration: inventory_save.quantity
12:24:26.647 [main] DEBUG org.hibernate.boot.model.internal.PropertyBinder -- Building property quantity
12:24:26.647 [main] DEBUG org.hibernate.boot.model.internal.AnnotatedColumn -- Binding column: AnnotatedColumn(column='sell_price')
12:24:26.647 [main] DEBUG org.hibernate.boot.model.internal.PropertyBinder -- MetadataSourceProcessor property sellPrice with lazy=false
12:24:26.647 [main] DEBUG org.hibernate.boot.model.internal.AbstractPropertyHolder -- Attempting to locate auto-apply AttributeConverter for property [com.pdcgame.Models.InventorySave:sellPrice]
12:24:26.647 [main] DEBUG org.hibernate.boot.model.internal.BasicValueBinder -- building BasicValue for sellPrice
12:24:26.647 [main] DEBUG org.hibernate.mapping.BasicValue -- Skipping column re-registration: inventory_save.sell_price
12:24:26.647 [main] DEBUG org.hibernate.boot.model.internal.PropertyBinder -- Building property sellPrice
12:24:26.647 [main] DEBUG org.hibernate.boot.registry.classloading.internal.ClassLoaderServiceImpl -- HHH000194: Package not found or no package-info.java: com.pdcgame.Models
12:24:26.648 [main] DEBUG org.hibernate.boot.model.internal.EntityBinder -- Binding entity from annotated class: com.pdcgame.Models.BoardSave
12:24:26.648 [main] DEBUG org.hibernate.boot.model.internal.EntityBinder -- Import with entity name BoardSave
12:24:26.648 [main] DEBUG org.hibernate.boot.model.internal.EntityBinder -- Bind entity com.pdcgame.Models.BoardSave on table board_save
12:24:26.648 [main] DEBUG org.hibernate.boot.model.internal.AnnotatedColumn -- Binding column: AnnotatedDiscriminatorColumn(column='DTYPE')
12:24:26.648 [main] DEBUG org.hibernate.boot.model.internal.AnnotatedColumn -- Binding column: AnnotatedColumn()
12:24:26.648 [main] DEBUG org.hibernate.boot.internal.ClassLoaderAccessImpl -- Not known whether passed class name [com.pdcgame.Models.BoardSave] is safe
12:24:26.648 [main] DEBUG org.hibernate.boot.internal.ClassLoaderAccessImpl -- No temp ClassLoader provided; using live ClassLoader for loading potentially unsafe class : com.pdcgame.Models.BoardSave
12:24:26.648 [main] DEBUG org.hibernate.boot.model.internal.PropertyBinder -- MetadataSourceProcessor property coordinateID with lazy=false
12:24:26.648 [main] DEBUG org.hibernate.boot.model.internal.AbstractPropertyHolder -- Attempting to locate auto-apply AttributeConverter for property [com.pdcgame.Models.BoardSave:coordinateID]
12:24:26.648 [main] DEBUG org.hibernate.boot.model.internal.BasicValueBinder -- building BasicValue for coordinateID
12:24:26.648 [main] DEBUG org.hibernate.mapping.BasicValue -- Skipping column re-registration: board_save.coordinateID
12:24:26.648 [main] DEBUG org.hibernate.boot.model.internal.PropertyBinder -- Building property coordinateID
12:24:26.648 [main] DEBUG org.hibernate.boot.model.internal.BinderHelper -- #makeIdGenerator(BasicValue([Column(coordinateID)]), coordinateID, assigned, , ...)
12:24:26.648 [main] DEBUG org.hibernate.boot.model.internal.AnnotatedColumn -- Binding column: AnnotatedColumn()
12:24:26.648 [main] DEBUG org.hibernate.boot.model.internal.PropertyBinder -- MetadataSourceProcessor property boardCell with lazy=false
12:24:26.648 [main] DEBUG org.hibernate.boot.model.internal.AbstractPropertyHolder -- Attempting to locate auto-apply AttributeConverter for property [com.pdcgame.Models.BoardSave:boardCell]
12:24:26.648 [main] DEBUG org.hibernate.boot.model.internal.BasicValueBinder -- building BasicValue for boardCell
12:24:26.648 [main] DEBUG org.hibernate.mapping.BasicValue -- Skipping column re-registration: board_save.boardCell
12:24:26.648 [main] DEBUG org.hibernate.boot.model.internal.PropertyBinder -- Building property boardCell
12:24:26.648 [main] DEBUG org.hibernate.boot.registry.classloading.internal.ClassLoaderServiceImpl -- HHH000194: Package not found or no package-info.java: com.pdcgame.Models
12:24:26.648 [main] DEBUG org.hibernate.boot.model.internal.EntityBinder -- Binding entity from annotated class: com.pdcgame.Models.StorageItemSave
12:24:26.648 [main] DEBUG org.hibernate.boot.model.internal.EntityBinder -- Import with entity name StorageItemSave
12:24:26.648 [main] DEBUG org.hibernate.boot.model.internal.EntityBinder -- Bind entity com.pdcgame.Models.StorageItemSave on table storage_save
12:24:26.649 [main] DEBUG org.hibernate.boot.model.internal.AnnotatedColumn -- Binding column: AnnotatedDiscriminatorColumn(column='DTYPE')
12:24:26.649 [main] DEBUG org.hibernate.boot.model.internal.AnnotatedColumn -- Binding column: AnnotatedColumn()
12:24:26.649 [main] DEBUG org.hibernate.boot.internal.ClassLoaderAccessImpl -- Not known whether passed class name [com.pdcgame.Models.StorageItemSave] is safe
12:24:26.649 [main] DEBUG org.hibernate.boot.internal.ClassLoaderAccessImpl -- No temp ClassLoader provided; using live ClassLoader for loading potentially unsafe class : com.pdcgame.Models.StorageItemSave
12:24:26.649 [main] DEBUG org.hibernate.boot.model.internal.PropertyBinder -- MetadataSourceProcessor property id with lazy=false
12:24:26.649 [main] DEBUG org.hibernate.boot.model.internal.AbstractPropertyHolder -- Attempting to locate auto-apply AttributeConverter for property [com.pdcgame.Models.StorageItemSave:id]
12:24:26.649 [main] DEBUG org.hibernate.boot.model.internal.BasicValueBinder -- building BasicValue for id
12:24:26.649 [main] DEBUG org.hibernate.mapping.BasicValue -- Skipping column re-registration: storage_save.id
12:24:26.649 [main] DEBUG org.hibernate.boot.model.internal.PropertyBinder -- Building property id
12:24:26.649 [main] DEBUG org.hibernate.boot.model.internal.BinderHelper -- #makeIdGenerator(BasicValue([Column(id)]), id, identity, , ...)
12:24:26.649 [main] DEBUG org.hibernate.boot.model.internal.AnnotatedColumn -- Binding column: AnnotatedColumn(column='coordinate_id')
12:24:26.649 [main] DEBUG org.hibernate.boot.model.internal.PropertyBinder -- MetadataSourceProcessor property coordinateID with lazy=false
12:24:26.649 [main] DEBUG org.hibernate.boot.model.internal.AbstractPropertyHolder -- Attempting to locate auto-apply AttributeConverter for property [com.pdcgame.Models.StorageItemSave:coordinateID]
12:24:26.649 [main] DEBUG org.hibernate.boot.model.internal.BasicValueBinder -- building BasicValue for coordinateID
12:24:26.649 [main] DEBUG org.hibernate.mapping.BasicValue -- Skipping column re-registration: storage_save.coordinate_id
12:24:26.649 [main] DEBUG org.hibernate.boot.model.internal.PropertyBinder -- Building property coordinateID
12:24:26.649 [main] DEBUG org.hibernate.boot.model.internal.AnnotatedColumn -- Binding column: AnnotatedColumn(column='product_name')
12:24:26.649 [main] DEBUG org.hibernate.boot.model.internal.PropertyBinder -- MetadataSourceProcessor property productName with lazy=false
12:24:26.649 [main] DEBUG org.hibernate.boot.model.internal.AbstractPropertyHolder -- Attempting to locate auto-apply AttributeConverter for property [com.pdcgame.Models.StorageItemSave:productName]
12:24:26.649 [main] DEBUG org.hibernate.boot.model.internal.BasicValueBinder -- building BasicValue for productName
12:24:26.649 [main] DEBUG org.hibernate.mapping.BasicValue -- Skipping column re-registration: storage_save.product_name
12:24:26.649 [main] DEBUG org.hibernate.boot.model.internal.PropertyBinder -- Building property productName
12:24:26.649 [main] DEBUG org.hibernate.boot.model.internal.AnnotatedColumn -- Binding column: AnnotatedColumn(column='quantity')
12:24:26.649 [main] DEBUG org.hibernate.boot.model.internal.PropertyBinder -- MetadataSourceProcessor property quantity with lazy=false
12:24:26.649 [main] DEBUG org.hibernate.boot.model.internal.AbstractPropertyHolder -- Attempting to locate auto-apply AttributeConverter for property [com.pdcgame.Models.StorageItemSave:quantity]
12:24:26.649 [main] DEBUG org.hibernate.boot.model.internal.BasicValueBinder -- building BasicValue for quantity
12:24:26.649 [main] DEBUG org.hibernate.mapping.BasicValue -- Skipping column re-registration: storage_save.quantity
12:24:26.650 [main] DEBUG org.hibernate.boot.model.internal.PropertyBinder -- Building property quantity
12:24:26.650 [main] DEBUG org.hibernate.boot.registry.classloading.internal.ClassLoaderServiceImpl -- HHH000194: Package not found or no package-info.java: com.pdcgame.Models
12:24:26.650 [main] DEBUG org.hibernate.boot.model.internal.BasicValueBinder -- Starting `BasicValueBinder#fillSimpleValue` for id
12:24:26.650 [main] DEBUG org.hibernate.boot.model.internal.BasicValueBinder -- Starting `BasicValueBinder#fillSimpleValue` for actions
12:24:26.650 [main] DEBUG org.hibernate.boot.model.internal.BasicValueBinder -- Starting `BasicValueBinder#fillSimpleValue` for balance
12:24:26.650 [main] DEBUG org.hibernate.boot.model.internal.BasicValueBinder -- Starting `BasicValueBinder#fillSimpleValue` for day
12:24:26.650 [main] DEBUG org.hibernate.boot.model.internal.BasicValueBinder -- Starting `BasicValueBinder#fillSimpleValue` for difficulty
12:24:26.650 [main] DEBUG org.hibernate.boot.model.internal.BasicValueBinder -- Starting `BasicValueBinder#fillSimpleValue` for gameSeed
12:24:26.650 [main] DEBUG org.hibernate.boot.model.internal.BasicValueBinder -- Starting `BasicValueBinder#fillSimpleValue` for rating
12:24:26.650 [main] DEBUG org.hibernate.boot.model.internal.BasicValueBinder -- Starting `BasicValueBinder#fillSimpleValue` for totalActions
12:24:26.650 [main] DEBUG org.hibernate.boot.model.internal.BasicValueBinder -- Starting `BasicValueBinder#fillSimpleValue` for productName
12:24:26.650 [main] DEBUG org.hibernate.boot.model.internal.BasicValueBinder -- Starting `BasicValueBinder#fillSimpleValue` for quantity
12:24:26.650 [main] DEBUG org.hibernate.boot.model.internal.BasicValueBinder -- Starting `BasicValueBinder#fillSimpleValue` for sellPrice
12:24:26.650 [main] DEBUG org.hibernate.boot.model.internal.BasicValueBinder -- Starting `BasicValueBinder#fillSimpleValue` for coordinateID
12:24:26.650 [main] DEBUG org.hibernate.boot.model.internal.BasicValueBinder -- Starting `BasicValueBinder#fillSimpleValue` for boardCell
12:24:26.650 [main] DEBUG org.hibernate.boot.model.internal.BasicValueBinder -- Starting `BasicValueBinder#fillSimpleValue` for id
12:24:26.650 [main] DEBUG org.hibernate.boot.model.internal.BasicValueBinder -- Starting `BasicValueBinder#fillSimpleValue` for coordinateID
12:24:26.650 [main] DEBUG org.hibernate.boot.model.internal.BasicValueBinder -- Starting `BasicValueBinder#fillSimpleValue` for productName
12:24:26.650 [main] DEBUG org.hibernate.boot.model.internal.BasicValueBinder -- Starting `BasicValueBinder#fillSimpleValue` for quantity
12:24:26.650 [main] DEBUG org.hibernate.mapping.PrimaryKey -- Forcing column [id] to be non-null as it is part of the primary key for table [game_save]
12:24:26.650 [main] DEBUG org.hibernate.mapping.PrimaryKey -- Forcing column [product_name] to be non-null as it is part of the primary key for table [inventory_save]
12:24:26.650 [main] DEBUG org.hibernate.mapping.PrimaryKey -- Forcing column [coordinateid] to be non-null as it is part of the primary key for table [board_save]
12:24:26.650 [main] DEBUG org.hibernate.mapping.PrimaryKey -- Forcing column [id] to be non-null as it is part of the primary key for table [storage_save]
12:24:26.655 [main] DEBUG org.hibernate.internal.SessionFactoryImpl -- Building session factory
12:24:26.655 [main] DEBUG org.hibernate.service.internal.SessionFactoryServiceRegistryImpl -- EventListenerRegistry access via ServiceRegistry is deprecated.  Use `sessionFactory.getEventEngine().getListenerRegistry()` instead
12:24:26.655 [main] DEBUG org.hibernate.internal.SessionFactoryImpl -- Instantiating SessionFactory with settings: {hibernate.format_sql=false, java.specification.version=21, sun.cpu.isalist=amd64, sun.jnu.encoding=Cp1252, hibernate.dialect=org.hibernate.dialect.DerbyDialect, java.class.path=C:\Users\prish\Documents\SupermarketSimulatorGUI\SupermarketSimulatorGUI\target\test-classes;C:\Users\prish\Documents\SupermarketSimulatorGUI\SupermarketSimulatorGUI\target\classes;C:\Users\prish\.m2\repository\org\hibernate\orm\hibernate-core\6.5.0.Final\hibernate-core-6.5.0.Final.jar;C:\Users\prish\.m2\repository\jakarta\persistence\jakarta.persistence-api\3.1.0\jakarta.persistence-api-3.1.0.jar;C:\Users\prish\.m2\repository\jakarta\transaction\jakarta.transaction-api\2.0.1\jakarta.transaction-api-2.0.1.jar;C:\Users\prish\.m2\repository\org\jboss\logging\jboss-logging\3.5.0.Final\jboss-logging-3.5.0.Final.jar;C:\Users\prish\.m2\repository\org\hibernate\common\hibernate-commons-annotations\6.0.6.Final\hibernate-commons-annotations-6.0.6.Final.jar;C:\Users\prish\.m2\repository\io\smallrye\jandex\3.1.2\jandex-3.1.2.jar;C:\Users\prish\.m2\repository\com\fasterxml\classmate\1.5.1\classmate-1.5.1.jar;C:\Users\prish\.m2\repository\net\bytebuddy\byte-buddy\1.14.12\byte-buddy-1.14.12.jar;C:\Users\prish\.m2\repository\jakarta\xml\bind\jakarta.xml.bind-api\4.0.0\jakarta.xml.bind-api-4.0.0.jar;C:\Users\prish\.m2\repository\jakarta\activation\jakarta.activation-api\2.1.0\jakarta.activation-api-2.1.0.jar;C:\Users\prish\.m2\repository\org\glassfish\jaxb\jaxb-runtime\4.0.2\jaxb-runtime-4.0.2.jar;C:\Users\prish\.m2\repository\org\glassfish\jaxb\jaxb-core\4.0.2\jaxb-core-4.0.2.jar;C:\Users\prish\.m2\repository\org\eclipse\angus\angus-activation\2.0.0\angus-activation-2.0.0.jar;C:\Users\prish\.m2\repository\org\glassfish\jaxb\txw2\4.0.2\txw2-4.0.2.jar;C:\Users\prish\.m2\repository\com\sun\istack\istack-commons-runtime\4.1.1\istack-commons-runtime-4.1.1.jar;C:\Users\prish\.m2\repository\jakarta\inject\jakarta.inject-api\2.0.1\jakarta.inject-api-2.0.1.jar;C:\Users\prish\.m2\repository\org\antlr\antlr4-runtime\4.13.0\antlr4-runtime-4.13.0.jar;C:\Users\prish\.m2\repository\org\apache\derby\derby\10.17.1.0\derby-10.17.1.0.jar;C:\Users\prish\.m2\repository\org\apache\derby\derbyshared\10.17.1.0\derbyshared-10.17.1.0.jar;C:\Users\prish\.m2\repository\org\apache\derby\derbyclient\10.17.1.0\derbyclient-10.17.1.0.jar;C:\Users\prish\.m2\repository\org\apache\derby\derbytools\10.17.1.0\derbytools-10.17.1.0.jar;C:\Users\prish\.m2\repository\org\slf4j\slf4j-api\2.0.13\slf4j-api-2.0.13.jar;C:\Users\prish\.m2\repository\ch\qos\logback\logback-classic\1.5.6\logback-classic-1.5.6.jar;C:\Users\prish\.m2\repository\ch\qos\logback\logback-core\1.5.6\logback-core-1.5.6.jar;C:\Users\prish\.m2\repository\junit\junit\4.13.2\junit-4.13.2.jar;C:\Users\prish\.m2\repository\org\hamcrest\hamcrest-core\1.3\hamcrest-core-1.3.jar;, sun.awt.enableExtraMouseButtons=true, java.vm.vendor=Oracle Corporation, sun.arch.data.model=64, user.variant=, java.vendor.url=https://java.oracle.com/, user.timezone=Pacific/Auckland, java.vm.specification.version=21, os.name=Windows 11, sun.java.launcher=SUN_STANDARD, user.country=AU, sun.boot.library.path=C:\Program Files\Java\jdk-21\bin, sun.java.command=C:\Users\prish\AppData\Local\Temp\surefire2178601601331851571\surefirebooter-20250616122424464_3.jar C:\Users\prish\AppData\Local\Temp\surefire2178601601331851571 2025-06-16T12-24-24_321-jvmRun1 surefire-20250616122424464_1tmp surefire_0-20250616122424464_2tmp, jdk.debug=release, surefire.test.class.path=C:\Users\prish\Documents\SupermarketSimulatorGUI\SupermarketSimulatorGUI\target\test-classes;C:\Users\prish\Documents\SupermarketSimulatorGUI\SupermarketSimulatorGUI\target\classes;C:\Users\prish\.m2\repository\org\hibernate\orm\hibernate-core\6.5.0.Final\hibernate-core-6.5.0.Final.jar;C:\Users\prish\.m2\repository\jakarta\persistence\jakarta.persistence-api\3.1.0\jakarta.persistence-api-3.1.0.jar;C:\Users\prish\.m2\repository\jakarta\transaction\jakarta.transaction-api\2.0.1\jakarta.transaction-api-2.0.1.jar;C:\Users\prish\.m2\repository\org\jboss\logging\jboss-logging\3.5.0.Final\jboss-logging-3.5.0.Final.jar;C:\Users\prish\.m2\repository\org\hibernate\common\hibernate-commons-annotations\6.0.6.Final\hibernate-commons-annotations-6.0.6.Final.jar;C:\Users\prish\.m2\repository\io\smallrye\jandex\3.1.2\jandex-3.1.2.jar;C:\Users\prish\.m2\repository\com\fasterxml\classmate\1.5.1\classmate-1.5.1.jar;C:\Users\prish\.m2\repository\net\bytebuddy\byte-buddy\1.14.12\byte-buddy-1.14.12.jar;C:\Users\prish\.m2\repository\jakarta\xml\bind\jakarta.xml.bind-api\4.0.0\jakarta.xml.bind-api-4.0.0.jar;C:\Users\prish\.m2\repository\jakarta\activation\jakarta.activation-api\2.1.0\jakarta.activation-api-2.1.0.jar;C:\Users\prish\.m2\repository\org\glassfish\jaxb\jaxb-runtime\4.0.2\jaxb-runtime-4.0.2.jar;C:\Users\prish\.m2\repository\org\glassfish\jaxb\jaxb-core\4.0.2\jaxb-core-4.0.2.jar;C:\Users\prish\.m2\repository\org\eclipse\angus\angus-activation\2.0.0\angus-activation-2.0.0.jar;C:\Users\prish\.m2\repository\org\glassfish\jaxb\txw2\4.0.2\txw2-4.0.2.jar;C:\Users\prish\.m2\repository\com\sun\istack\istack-commons-runtime\4.1.1\istack-commons-runtime-4.1.1.jar;C:\Users\prish\.m2\repository\jakarta\inject\jakarta.inject-api\2.0.1\jakarta.inject-api-2.0.1.jar;C:\Users\prish\.m2\repository\org\antlr\antlr4-runtime\4.13.0\antlr4-runtime-4.13.0.jar;C:\Users\prish\.m2\repository\org\apache\derby\derby\10.17.1.0\derby-10.17.1.0.jar;C:\Users\prish\.m2\repository\org\apache\derby\derbyshared\10.17.1.0\derbyshared-10.17.1.0.jar;C:\Users\prish\.m2\repository\org\apache\derby\derbyclient\10.17.1.0\derbyclient-10.17.1.0.jar;C:\Users\prish\.m2\repository\org\apache\derby\derbytools\10.17.1.0\derbytools-10.17.1.0.jar;C:\Users\prish\.m2\repository\org\slf4j\slf4j-api\2.0.13\slf4j-api-2.0.13.jar;C:\Users\prish\.m2\repository\ch\qos\logback\logback-classic\1.5.6\logback-classic-1.5.6.jar;C:\Users\prish\.m2\repository\ch\qos\logback\logback-core\1.5.6\logback-core-1.5.6.jar;C:\Users\prish\.m2\repository\junit\junit\4.13.2\junit-4.13.2.jar;C:\Users\prish\.m2\repository\org\hamcrest\hamcrest-core\1.3\hamcrest-core-1.3.jar;, sun.cpu.endian=little, user.home=C:\Users\prish, user.language=en, java.specification.vendor=Oracle Corporation, java.version.date=2024-10-15, java.home=C:\Program Files\Java\jdk-21, file.separator=\, basedir=C:\Users\prish\Documents\SupermarketSimulatorGUI\SupermarketSimulatorGUI, java.vm.compressedOopsMode=Zero based, line.separator=
, java.vm.specification.vendor=Oracle Corporation, java.specification.name=Java Platform API Specification, surefire.real.class.path=C:\Users\prish\AppData\Local\Temp\surefire2178601601331851571\surefirebooter-20250616122424464_3.jar, hibernate.hbm2ddl.auto=update, user.script=, sun.management.compiler=HotSpot 64-Bit Tiered Compilers, java.runtime.version=21.0.5+9-LTS-239, user.name=prish, stdout.encoding=Cp1252, path.separator=;, hibernate.connection.username=****, os.version=10.0, java.runtime.name=Java(TM) SE Runtime Environment, hibernate.connection.url=jdbc:derby:database/SupermarketDB;create=true, file.encoding=UTF-8, java.vm.name=Java HotSpot(TM) 64-Bit Server VM, hibernate.show_sql=false, maven.ext.class.path=C:\Program Files\NetBeans-23\netbeans\java\maven-nblib\netbeans-eventspy.jar, localRepository=C:\Users\prish\.m2\repository, hibernate.connection.driver_class=org.apache.derby.jdbc.EmbeddedDriver, java.vendor.url.bug=https://bugreport.java.com/bugreport/, java.io.tmpdir=C:\Users\prish\AppData\Local\Temp\, java.version=21.0.5, user.dir=C:\Users\prish\Documents\SupermarketSimulatorGUI\SupermarketSimulatorGUI, os.arch=amd64, java.vm.specification.name=Java Virtual Machine Specification, hibernate.connection.password=****, sun.os.patch.level=, hibernate.boot.CfgXmlAccessService.key=org.hibernate.boot.cfgxml.spi.LoadedConfig@11295cb1, native.encoding=Cp1252, java.library.path=C:\Program Files\Java\jdk-21\bin;C:\WINDOWS\Sun\Java\bin;C:\WINDOWS\system32;C:\WINDOWS;C:\Program Files\Common Files\Oracle\Java\javapath;C:\WINDOWS\system32;C:\WINDOWS;C:\WINDOWS\System32\Wbem;C:\WINDOWS\System32\WindowsPowerShell\v1.0\;C:\WINDOWS\System32\OpenSSH\;C:\Program Files (x86)\NVIDIA Corporation\PhysX\Common;C:\Program Files\NVIDIA Corporation\NVIDIA app\NvDLISR;C:\Program Files\Git\cmd;C:\Users\prish\AppData\Local\Microsoft\WindowsApps;C:\Users\prish\AppData\Local\Programs\Microsoft VS Code\bin;C:\Users\prish\AppData\Local\JetBrains\Toolbox\scripts;C:\Users\prish\AppData\Local\GitHubDesktop\bin;., stderr.encoding=Cp1252, java.vendor=Oracle Corporation, java.vm.info=mixed mode, sharing, java.vm.version=21.0.5+9-LTS-239, sun.io.unicode.encoding=UnicodeLittle, java.class.version=65.0}
12:24:26.655 [main] DEBUG org.hibernate.internal.SessionFactoryImpl -- Session factory constructed with filter configurations : {}
12:24:26.656 [main] DEBUG org.hibernate.query.sqm.function.SqmFunctionRegistry -- Registered SqmFunctionTemplate [NamedSqmFunctionTemplate(max)] under max; prior registration was null
12:24:26.656 [main] DEBUG org.hibernate.query.sqm.function.SqmFunctionRegistry -- Registered SqmFunctionTemplate [NamedSqmFunctionTemplate(min)] under min; prior registration was null
12:24:26.656 [main] DEBUG org.hibernate.query.sqm.function.SqmFunctionRegistry -- Registered SqmFunctionTemplate [NamedSqmFunctionTemplate(sum)] under sum; prior registration was null
12:24:26.656 [main] DEBUG org.hibernate.query.sqm.function.SqmFunctionRegistry -- Registered SqmFunctionTemplate [NamedSqmFunctionTemplate(avg)] under avg; prior registration was null
12:24:26.656 [main] DEBUG org.hibernate.query.sqm.function.SqmFunctionRegistry -- Registered SqmFunctionTemplate [org.hibernate.dialect.function.CountFunction@5daad59a] under count; prior registration was null
12:24:26.656 [main] DEBUG org.hibernate.query.sqm.function.SqmFunctionRegistry -- Registered SqmFunctionTemplate [org.hibernate.dialect.function.EveryAnyEmulation@5256fbc] under every; prior registration was null
12:24:26.656 [main] DEBUG org.hibernate.query.sqm.function.SqmFunctionRegistry -- Registered SqmFunctionTemplate [org.hibernate.dialect.function.EveryAnyEmulation@58f50dd0] under any; prior registration was null
12:24:26.656 [main] DEBUG org.hibernate.query.sqm.function.SqmFunctionRegistry -- Registered SqmFunctionTemplate [NamedSqmFunctionTemplate(floor)] under floor; prior registration was null
12:24:26.656 [main] DEBUG org.hibernate.query.sqm.function.SqmFunctionRegistry -- Registered SqmFunctionTemplate [NamedSqmFunctionTemplate(ceiling)] under ceiling; prior registration was null
12:24:26.656 [main] DEBUG org.hibernate.query.sqm.function.SqmFunctionRegistry -- Registered SqmFunctionTemplate [NamedSqmFunctionTemplate(mod)] under mod; prior registration was null
12:24:26.656 [main] DEBUG org.hibernate.query.sqm.function.SqmFunctionRegistry -- Registered SqmFunctionTemplate [NamedSqmFunctionTemplate(abs)] under abs; prior registration was null
12:24:26.656 [main] DEBUG org.hibernate.query.sqm.function.SqmFunctionRegistry -- Registered SqmFunctionTemplate [NamedSqmFunctionTemplate(sign)] under sign; prior registration was null
12:24:26.656 [main] DEBUG org.hibernate.query.sqm.function.SqmFunctionRegistry -- Registered SqmFunctionTemplate [NamedSqmFunctionTemplate(sqrt)] under sqrt; prior registration was null
12:24:26.656 [main] DEBUG org.hibernate.query.sqm.function.SqmFunctionRegistry -- Registered SqmFunctionTemplate [NamedSqmFunctionTemplate(ln)] under ln; prior registration was null
12:24:26.656 [main] DEBUG org.hibernate.query.sqm.function.SqmFunctionRegistry -- Registered SqmFunctionTemplate [NamedSqmFunctionTemplate(exp)] under exp; prior registration was null
12:24:26.656 [main] DEBUG org.hibernate.query.sqm.function.SqmFunctionRegistry -- Registered SqmFunctionTemplate [NamedSqmFunctionTemplate(power)] under power; prior registration was null
12:24:26.656 [main] DEBUG org.hibernate.query.sqm.function.SqmFunctionRegistry -- Registered SqmFunctionTemplate [NamedSqmFunctionTemplate(round)] under round; prior registration was null
12:24:26.656 [main] DEBUG org.hibernate.query.sqm.function.SqmFunctionRegistry -- Registered SqmFunctionTemplate [NamedSqmFunctionTemplate(sin)] under sin; prior registration was null
12:24:26.656 [main] DEBUG org.hibernate.query.sqm.function.SqmFunctionRegistry -- Registered SqmFunctionTemplate [NamedSqmFunctionTemplate(cos)] under cos; prior registration was null
12:24:26.656 [main] DEBUG org.hibernate.query.sqm.function.SqmFunctionRegistry -- Registered SqmFunctionTemplate [NamedSqmFunctionTemplate(tan)] under tan; prior registration was null
12:24:26.656 [main] DEBUG org.hibernate.query.sqm.function.SqmFunctionRegistry -- Registered SqmFunctionTemplate [NamedSqmFunctionTemplate(asin)] under asin; prior registration was null
12:24:26.656 [main] DEBUG org.hibernate.query.sqm.function.SqmFunctionRegistry -- Registered SqmFunctionTemplate [NamedSqmFunctionTemplate(acos)] under acos; prior registration was null
12:24:26.656 [main] DEBUG org.hibernate.query.sqm.function.SqmFunctionRegistry -- Registered SqmFunctionTemplate [NamedSqmFunctionTemplate(atan)] under atan; prior registration was null
12:24:26.656 [main] DEBUG org.hibernate.query.sqm.function.SqmFunctionRegistry -- Registered SqmFunctionTemplate [NamedSqmFunctionTemplate(atan2)] under atan2; prior registration was null
12:24:26.656 [main] DEBUG org.hibernate.query.sqm.function.SqmFunctionRegistry -- Registered SqmFunctionTemplate [org.hibernate.query.sqm.function.PatternBasedSqmFunctionDescriptor@3620eab] under sinh; prior registration was null
12:24:26.656 [main] DEBUG org.hibernate.query.sqm.function.SqmFunctionRegistry -- Registered SqmFunctionTemplate [org.hibernate.query.sqm.function.PatternBasedSqmFunctionDescriptor@8ef1d58] under cosh; prior registration was null
12:24:26.656 [main] DEBUG org.hibernate.query.sqm.function.SqmFunctionRegistry -- Registered SqmFunctionTemplate [org.hibernate.query.sqm.function.PatternBasedSqmFunctionDescriptor@2619cb76] under tanh; prior registration was null
12:24:26.656 [main] DEBUG org.hibernate.query.sqm.function.SqmFunctionRegistry -- Registered SqmFunctionTemplate [org.hibernate.query.sqm.function.PatternBasedSqmFunctionDescriptor@56f2c9e8] under pi; prior registration was null
12:24:26.656 [main] DEBUG org.hibernate.query.sqm.function.SqmFunctionRegistry -- Registered SqmFunctionTemplate [org.hibernate.query.sqm.function.PatternBasedSqmFunctionDescriptor@457692cb] under log; prior registration was null
12:24:26.656 [main] DEBUG org.hibernate.query.sqm.function.SqmFunctionRegistry -- Registered SqmFunctionTemplate [NamedSqmFunctionTemplate(coalesce)] under coalesce; prior registration was null
12:24:26.656 [main] DEBUG org.hibernate.query.sqm.function.SqmFunctionRegistry -- Registered SqmFunctionTemplate [NamedSqmFunctionTemplate(nullif)] under nullif; prior registration was null
12:24:26.656 [main] DEBUG org.hibernate.query.sqm.function.SqmFunctionRegistry -- Registered SqmFunctionTemplate [NamedSqmFunctionTemplate(left)] under left; prior registration was null
12:24:26.656 [main] DEBUG org.hibernate.query.sqm.function.SqmFunctionRegistry -- Registered SqmFunctionTemplate [NamedSqmFunctionTemplate(right)] under right; prior registration was null
12:24:26.656 [main] DEBUG org.hibernate.query.sqm.function.SqmFunctionRegistry -- Registered SqmFunctionTemplate [NamedSqmFunctionTemplate(replace)] under replace; prior registration was null
12:24:26.656 [main] DEBUG org.hibernate.query.sqm.function.SqmFunctionRegistry -- Registered SqmFunctionTemplate [NamedSqmFunctionTemplate(concat)] under concat; prior registration was null
12:24:26.656 [main] DEBUG org.hibernate.query.sqm.function.SqmFunctionRegistry -- Registered SqmFunctionTemplate [NamedSqmFunctionTemplate(lower)] under lower; prior registration was null
12:24:26.656 [main] DEBUG org.hibernate.query.sqm.function.SqmFunctionRegistry -- Registered SqmFunctionTemplate [NamedSqmFunctionTemplate(upper)] under upper; prior registration was null
12:24:26.656 [main] DEBUG org.hibernate.query.sqm.function.SqmFunctionRegistry -- Registered SqmFunctionTemplate [NamedSqmFunctionTemplate(substring)] under substring; prior registration was null
12:24:26.656 [main] DEBUG org.hibernate.query.sqm.function.SqmFunctionRegistry -- Registered SqmFunctionTemplate [NamedSqmFunctionTemplate(locate)] under locate; prior registration was null
12:24:26.656 [main] DEBUG org.hibernate.query.sqm.function.SqmFunctionRegistry -- Registered SqmFunctionTemplate [NamedSqmFunctionTemplate(character_length)] under character_length; prior registration was null
12:24:26.656 [main] DEBUG org.hibernate.query.sqm.function.SqmFunctionRegistry -- Registering alternate key : length -> character_length
12:24:26.656 [main] DEBUG org.hibernate.query.sqm.function.SqmFunctionRegistry -- Registered SqmFunctionTemplate [org.hibernate.dialect.function.LocatePositionEmulation@350342e0] under position; prior registration was null
12:24:26.656 [main] DEBUG org.hibernate.query.sqm.function.SqmFunctionRegistry -- Registered SqmFunctionTemplate [org.hibernate.dialect.function.InsertSubstringOverlayEmulation@5d297d4d] under overlay; prior registration was null
12:24:26.656 [main] DEBUG org.hibernate.query.sqm.function.SqmFunctionRegistry -- Registered SqmFunctionTemplate [org.hibernate.dialect.function.TrimFunction@1dd44289] under trim; prior registration was null
12:24:26.656 [main] DEBUG org.hibernate.query.sqm.function.SqmFunctionRegistry -- Registered SqmFunctionTemplate [org.hibernate.dialect.function.CastFunction@6cc56b32] under cast; prior registration was null
12:24:26.656 [main] DEBUG org.hibernate.query.sqm.function.SqmFunctionRegistry -- Registered SqmFunctionTemplate [org.hibernate.query.sqm.function.PatternBasedSqmFunctionDescriptor@43fe2008] under collate; prior registration was null
12:24:26.656 [main] DEBUG org.hibernate.query.sqm.function.SqmFunctionRegistry -- Registered SqmFunctionTemplate [org.hibernate.dialect.function.ExtractFunction@552bee2f] under extract; prior registration was null
12:24:26.656 [main] DEBUG org.hibernate.query.sqm.function.SqmFunctionRegistry -- Registered SqmFunctionTemplate [NamedSqmFunctionTemplate(least)] under least; prior registration was null
12:24:26.656 [main] DEBUG org.hibernate.query.sqm.function.SqmFunctionRegistry -- Registered SqmFunctionTemplate [NamedSqmFunctionTemplate(greatest)] under greatest; prior registration was null
12:24:26.656 [main] DEBUG org.hibernate.query.sqm.function.SqmFunctionRegistry -- Registered SqmFunctionTemplate [org.hibernate.dialect.function.CoalesceIfnullEmulation@6a543e09] under ifnull; prior registration was null
12:24:26.656 [main] DEBUG org.hibernate.query.sqm.function.SqmFunctionRegistry -- Registered SqmFunctionTemplate [NamedSqmFunctionTemplate(lpad)] under lpad; prior registration was null
12:24:26.656 [main] DEBUG org.hibernate.query.sqm.function.SqmFunctionRegistry -- Registered SqmFunctionTemplate [NamedSqmFunctionTemplate(rpad)] under rpad; prior registration was null
12:24:26.656 [main] DEBUG org.hibernate.query.sqm.function.SqmFunctionRegistry -- Registered SqmFunctionTemplate [org.hibernate.dialect.function.LpadRpadPadEmulation@2d0f548a] under pad; prior registration was null
12:24:26.656 [main] DEBUG org.hibernate.query.sqm.function.SqmFunctionRegistry -- Registered SqmFunctionTemplate [org.hibernate.dialect.function.CastStrEmulation@1fc3df43] under str; prior registration was null
12:24:26.656 [main] DEBUG org.hibernate.query.sqm.function.SqmFunctionRegistry -- Registered SqmFunctionTemplate [org.hibernate.dialect.function.FormatFunction@15130002] under format; prior registration was null
12:24:26.656 [main] DEBUG org.hibernate.query.sqm.function.SqmFunctionRegistry -- Registered SqmFunctionTemplate [org.hibernate.dialect.function.TimestampaddFunction@5e7cd0df] under timestampadd; prior registration was null
12:24:26.656 [main] DEBUG org.hibernate.query.sqm.function.SqmFunctionRegistry -- Registered SqmFunctionTemplate [org.hibernate.dialect.function.TimestampdiffFunction@900649e] under timestampdiff; prior registration was null
12:24:26.656 [main] DEBUG org.hibernate.query.sqm.function.SqmFunctionRegistry -- Registering alternate key : dateadd -> timestampadd
12:24:26.656 [main] DEBUG org.hibernate.query.sqm.function.SqmFunctionRegistry -- Registering alternate key : datediff -> timestampdiff
12:24:26.656 [main] DEBUG org.hibernate.query.sqm.function.SqmFunctionRegistry -- Registered SqmFunctionTemplate [org.hibernate.dialect.function.CurrentFunction@8b89b3a] under current_date; prior registration was null
12:24:26.656 [main] DEBUG org.hibernate.query.sqm.function.SqmFunctionRegistry -- Registered SqmFunctionTemplate [org.hibernate.dialect.function.CurrentFunction@526893f] under current_time; prior registration was null
12:24:26.656 [main] DEBUG org.hibernate.query.sqm.function.SqmFunctionRegistry -- Registered SqmFunctionTemplate [org.hibernate.dialect.function.CurrentFunction@3de45b6c] under current_timestamp; prior registration was null
12:24:26.656 [main] DEBUG org.hibernate.query.sqm.function.SqmFunctionRegistry -- Registering alternate key : current date -> current_date
12:24:26.656 [main] DEBUG org.hibernate.query.sqm.function.SqmFunctionRegistry -- Registering alternate key : current time -> current_time
12:24:26.657 [main] DEBUG org.hibernate.query.sqm.function.SqmFunctionRegistry -- Registering alternate key : current timestamp -> current_timestamp
12:24:26.657 [main] DEBUG org.hibernate.query.sqm.function.SqmFunctionRegistry -- Registered SqmFunctionTemplate [org.hibernate.dialect.function.CurrentFunction@37caecda] under local_date; prior registration was null
12:24:26.657 [main] DEBUG org.hibernate.query.sqm.function.SqmFunctionRegistry -- Registered SqmFunctionTemplate [org.hibernate.dialect.function.CurrentFunction@7be7c052] under local_time; prior registration was null
12:24:26.657 [main] DEBUG org.hibernate.query.sqm.function.SqmFunctionRegistry -- Registered SqmFunctionTemplate [org.hibernate.dialect.function.CurrentFunction@4ab9d160] under local_datetime; prior registration was null
12:24:26.657 [main] DEBUG org.hibernate.query.sqm.function.SqmFunctionRegistry -- Registered SqmFunctionTemplate [org.hibernate.dialect.function.CurrentFunction@5599dc60] under offset_datetime; prior registration was null
12:24:26.657 [main] DEBUG org.hibernate.query.sqm.function.SqmFunctionRegistry -- Registering alternate key : local date -> local_date
12:24:26.657 [main] DEBUG org.hibernate.query.sqm.function.SqmFunctionRegistry -- Registering alternate key : local time -> local_time
12:24:26.657 [main] DEBUG org.hibernate.query.sqm.function.SqmFunctionRegistry -- Registering alternate key : local datetime -> local_datetime
12:24:26.657 [main] DEBUG org.hibernate.query.sqm.function.SqmFunctionRegistry -- Registering alternate key : offset datetime -> offset_datetime
12:24:26.657 [main] DEBUG org.hibernate.query.sqm.function.SqmFunctionRegistry -- Registered SqmFunctionTemplate [org.hibernate.dialect.function.CurrentFunction@35554635] under instant; prior registration was null
12:24:26.657 [main] DEBUG org.hibernate.query.sqm.function.SqmFunctionRegistry -- Registering alternate key : current_instant -> instant
12:24:26.657 [main] DEBUG org.hibernate.query.sqm.function.SqmFunctionRegistry -- Registered SqmFunctionTemplate [org.hibernate.dialect.function.SqlFunction@70f5f59d] under sql; prior registration was null
12:24:26.657 [main] DEBUG org.hibernate.query.sqm.function.SqmFunctionRegistry -- Registered SqmFunctionTemplate [NamedSqmFunctionTemplate(max)] under max; prior registration was NamedSqmFunctionTemplate(max)
12:24:26.657 [main] DEBUG org.hibernate.query.sqm.function.SqmFunctionRegistry -- Registered SqmFunctionTemplate [NamedSqmFunctionTemplate(min)] under min; prior registration was NamedSqmFunctionTemplate(min)
12:24:26.657 [main] DEBUG org.hibernate.query.sqm.function.SqmFunctionRegistry -- Registered SqmFunctionTemplate [NamedSqmFunctionTemplate(sum)] under sum; prior registration was NamedSqmFunctionTemplate(sum)
12:24:26.657 [main] DEBUG org.hibernate.query.sqm.function.SqmFunctionRegistry -- Registered SqmFunctionTemplate [NamedSqmFunctionTemplate(avg)] under avg; prior registration was NamedSqmFunctionTemplate(avg)
12:24:26.657 [main] DEBUG org.hibernate.query.sqm.function.SqmFunctionRegistry -- Registered SqmFunctionTemplate [org.hibernate.dialect.function.CountFunction@74431832] under count; prior registration was org.hibernate.dialect.function.CountFunction@5daad59a
12:24:26.657 [main] DEBUG org.hibernate.query.sqm.function.SqmFunctionRegistry -- Registered SqmFunctionTemplate [org.hibernate.dialect.function.CountFunction@6fa2a006] under count; prior registration was org.hibernate.dialect.function.CountFunction@74431832
12:24:26.657 [main] DEBUG org.hibernate.query.sqm.function.SqmFunctionRegistry -- Registered SqmFunctionTemplate [org.hibernate.dialect.function.AvgFunction@70592729] under avg; prior registration was NamedSqmFunctionTemplate(avg)
12:24:26.657 [main] DEBUG org.hibernate.query.sqm.function.SqmFunctionRegistry -- Registered SqmFunctionTemplate [org.hibernate.dialect.function.ChrLiteralEmulation@2fdf7da2] under chr; prior registration was null
12:24:26.657 [main] DEBUG org.hibernate.query.sqm.function.SqmFunctionRegistry -- Registered SqmFunctionTemplate [org.hibernate.query.sqm.function.PatternBasedSqmFunctionDescriptor@43b172e3] under concat; prior registration was NamedSqmFunctionTemplate(concat)
12:24:26.657 [main] DEBUG org.hibernate.query.sqm.function.SqmFunctionRegistry -- Registered SqmFunctionTemplate [NamedSqmFunctionTemplate(cot)] under cot; prior registration was null
12:24:26.657 [main] DEBUG org.hibernate.query.sqm.function.SqmFunctionRegistry -- Registered SqmFunctionTemplate [NamedSqmFunctionTemplate(degrees)] under degrees; prior registration was null
12:24:26.657 [main] DEBUG org.hibernate.query.sqm.function.SqmFunctionRegistry -- Registered SqmFunctionTemplate [NamedSqmFunctionTemplate(radians)] under radians; prior registration was null
12:24:26.657 [main] DEBUG org.hibernate.query.sqm.function.SqmFunctionRegistry -- Registered SqmFunctionTemplate [NamedSqmFunctionTemplate(log10)] under log10; prior registration was null
12:24:26.657 [main] DEBUG org.hibernate.query.sqm.function.SqmFunctionRegistry -- Registered SqmFunctionTemplate [NamedSqmFunctionTemplate(sinh)] under sinh; prior registration was org.hibernate.query.sqm.function.PatternBasedSqmFunctionDescriptor@3620eab
12:24:26.657 [main] DEBUG org.hibernate.query.sqm.function.SqmFunctionRegistry -- Registered SqmFunctionTemplate [NamedSqmFunctionTemplate(cosh)] under cosh; prior registration was org.hibernate.query.sqm.function.PatternBasedSqmFunctionDescriptor@8ef1d58
12:24:26.657 [main] DEBUG org.hibernate.query.sqm.function.SqmFunctionRegistry -- Registered SqmFunctionTemplate [NamedSqmFunctionTemplate(tanh)] under tanh; prior registration was org.hibernate.query.sqm.function.PatternBasedSqmFunctionDescriptor@2619cb76
12:24:26.657 [main] DEBUG org.hibernate.query.sqm.function.SqmFunctionRegistry -- Registered SqmFunctionTemplate [NamedSqmFunctionTemplate(pi)] under pi; prior registration was org.hibernate.query.sqm.function.PatternBasedSqmFunctionDescriptor@56f2c9e8
12:24:26.657 [main] DEBUG org.hibernate.query.sqm.function.SqmFunctionRegistry -- Registered SqmFunctionTemplate [NamedSqmFunctionTemplate(rand)] under rand; prior registration was null
12:24:26.657 [main] DEBUG org.hibernate.query.sqm.function.SqmFunctionRegistry -- Registered SqmFunctionTemplate [NamedSqmFunctionTemplate(ltrim)] under ltrim; prior registration was null
12:24:26.657 [main] DEBUG org.hibernate.query.sqm.function.SqmFunctionRegistry -- Registered SqmFunctionTemplate [NamedSqmFunctionTemplate(rtrim)] under rtrim; prior registration was null
12:24:26.657 [main] DEBUG org.hibernate.query.sqm.function.SqmFunctionRegistry -- Registered SqmFunctionTemplate [NamedSqmFunctionTemplate(hour)] under hour; prior registration was null
12:24:26.657 [main] DEBUG org.hibernate.query.sqm.function.SqmFunctionRegistry -- Registered SqmFunctionTemplate [NamedSqmFunctionTemplate(minute)] under minute; prior registration was null
12:24:26.657 [main] DEBUG org.hibernate.query.sqm.function.SqmFunctionRegistry -- Registered SqmFunctionTemplate [NamedSqmFunctionTemplate(second)] under second; prior registration was null
12:24:26.657 [main] DEBUG org.hibernate.query.sqm.function.SqmFunctionRegistry -- Registered SqmFunctionTemplate [NamedSqmFunctionTemplate(microsecond)] under microsecond; prior registration was null
12:24:26.657 [main] DEBUG org.hibernate.query.sqm.function.SqmFunctionRegistry -- Registered SqmFunctionTemplate [NamedSqmFunctionTemplate(day)] under day; prior registration was null
12:24:26.657 [main] DEBUG org.hibernate.query.sqm.function.SqmFunctionRegistry -- Registered SqmFunctionTemplate [NamedSqmFunctionTemplate(month)] under month; prior registration was null
12:24:26.657 [main] DEBUG org.hibernate.query.sqm.function.SqmFunctionRegistry -- Registered SqmFunctionTemplate [NamedSqmFunctionTemplate(year)] under year; prior registration was null
12:24:26.657 [main] DEBUG org.hibernate.query.sqm.function.SqmFunctionRegistry -- Registered SqmFunctionTemplate [NamedSqmFunctionTemplate(var_pop)] under var_pop; prior registration was null
12:24:26.657 [main] DEBUG org.hibernate.query.sqm.function.SqmFunctionRegistry -- Registered SqmFunctionTemplate [NamedSqmFunctionTemplate(var_samp)] under var_samp; prior registration was null
12:24:26.657 [main] DEBUG org.hibernate.query.sqm.function.SqmFunctionRegistry -- Registered SqmFunctionTemplate [NamedSqmFunctionTemplate(stddev_pop)] under stddev_pop; prior registration was null
12:24:26.657 [main] DEBUG org.hibernate.query.sqm.function.SqmFunctionRegistry -- Registered SqmFunctionTemplate [NamedSqmFunctionTemplate(stddev_samp)] under stddev_samp; prior registration was null
12:24:26.657 [main] DEBUG org.hibernate.query.sqm.function.SqmFunctionRegistry -- Registered SqmFunctionTemplate [NamedSqmFunctionTemplate(substr)] under substring; prior registration was NamedSqmFunctionTemplate(substring)
12:24:26.657 [main] DEBUG org.hibernate.query.sqm.function.SqmFunctionRegistry -- Registered SqmFunctionTemplate [org.hibernate.query.sqm.function.PatternBasedSqmFunctionDescriptor@39695803] under left; prior registration was NamedSqmFunctionTemplate(left)
12:24:26.657 [main] DEBUG org.hibernate.query.sqm.function.SqmFunctionRegistry -- Registered SqmFunctionTemplate [org.hibernate.query.sqm.function.PatternBasedSqmFunctionDescriptor@304068] under right; prior registration was NamedSqmFunctionTemplate(right)
12:24:26.657 [main] DEBUG org.hibernate.query.sqm.function.SqmFunctionRegistry -- Registered SqmFunctionTemplate [NamedSqmFunctionTemplate(length)] under length; prior registration was null
12:24:26.657 [main] DEBUG org.hibernate.query.sqm.function.SqmFunctionRegistry -- Registering alternate key : character_length -> length
12:24:26.657 [main] DEBUG org.hibernate.query.sqm.function.SqmFunctionRegistry -- Registered SqmFunctionTemplate [org.hibernate.query.sqm.function.PatternBasedSqmFunctionDescriptor@54d60fa1] under power; prior registration was NamedSqmFunctionTemplate(power)
12:24:26.657 [main] DEBUG org.hibernate.query.sqm.function.SqmFunctionRegistry -- Registered SqmFunctionTemplate [org.hibernate.query.sqm.function.MultipatternSqmFunctionDescriptor@1cb849b2] under round; prior registration was NamedSqmFunctionTemplate(round)
12:24:26.657 [main] DEBUG org.hibernate.query.sqm.function.SqmFunctionRegistry -- Registered SqmFunctionTemplate [org.hibernate.dialect.function.TruncFunction@6fe2a366] under trunc; prior registration was null
12:24:26.657 [main] DEBUG org.hibernate.query.sqm.function.SqmFunctionRegistry -- Registering alternate key : truncate -> trunc
12:24:26.657 [main] DEBUG org.hibernate.query.sqm.function.SqmFunctionRegistry -- Registered SqmFunctionTemplate [org.hibernate.query.sqm.function.PatternBasedSqmFunctionDescriptor@6dd38df2] under octet_length; prior registration was null
12:24:26.657 [main] DEBUG org.hibernate.query.sqm.function.SqmFunctionRegistry -- Registered SqmFunctionTemplate [org.hibernate.query.sqm.function.PatternBasedSqmFunctionDescriptor@99c3cee] under bit_length; prior registration was null
12:24:26.657 [main] DEBUG org.hibernate.query.sqm.function.SqmFunctionRegistry -- Registered SqmFunctionTemplate [org.hibernate.dialect.function.CastingConcatFunction@57b711b6] under concat; prior registration was org.hibernate.query.sqm.function.PatternBasedSqmFunctionDescriptor@43b172e3
12:24:26.657 [main] DEBUG org.hibernate.query.sqm.function.SqmFunctionRegistry -- Registered SqmFunctionTemplate [org.hibernate.dialect.function.DerbyLpadEmulation@2db461b5] under lpad; prior registration was NamedSqmFunctionTemplate(lpad)
12:24:26.657 [main] DEBUG org.hibernate.query.sqm.function.SqmFunctionRegistry -- Registered SqmFunctionTemplate [org.hibernate.dialect.function.DerbyRpadEmulation@5c79c5ec] under rpad; prior registration was NamedSqmFunctionTemplate(rpad)
12:24:26.657 [main] DEBUG org.hibernate.query.sqm.function.SqmFunctionRegistry -- Registered SqmFunctionTemplate [org.hibernate.dialect.function.CaseLeastGreatestEmulation@34eaf9c1] under least; prior registration was NamedSqmFunctionTemplate(least)
12:24:26.657 [main] DEBUG org.hibernate.query.sqm.function.SqmFunctionRegistry -- Registered SqmFunctionTemplate [org.hibernate.dialect.function.CaseLeastGreatestEmulation@5bbf744b] under greatest; prior registration was NamedSqmFunctionTemplate(greatest)
12:24:26.657 [main] DEBUG org.hibernate.query.sqm.function.SqmFunctionRegistry -- Registered SqmFunctionTemplate [org.hibernate.dialect.function.InsertSubstringOverlayEmulation@55881f40] under overlay; prior registration was org.hibernate.dialect.function.InsertSubstringOverlayEmulation@5d297d4d
12:24:26.657 [main] DEBUG org.hibernate.HQL_FUNCTIONS -- abs(NUMERIC arg)
12:24:26.657 [main] DEBUG org.hibernate.HQL_FUNCTIONS -- Double acos(NUMERIC arg)
12:24:26.657 [main] DEBUG org.hibernate.HQL_FUNCTIONS -- Boolean any(BOOLEAN arg)
12:24:26.657 [main] DEBUG org.hibernate.HQL_FUNCTIONS -- Double asin(NUMERIC arg)
12:24:26.657 [main] DEBUG org.hibernate.HQL_FUNCTIONS -- Double atan(NUMERIC arg)
12:24:26.657 [main] DEBUG org.hibernate.HQL_FUNCTIONS -- Double atan2(NUMERIC arg0, NUMERIC arg1)
12:24:26.657 [main] DEBUG org.hibernate.HQL_FUNCTIONS -- avg(NUMERIC arg)
12:24:26.657 [main] DEBUG org.hibernate.HQL_FUNCTIONS -- Integer bit_length(STRING_OR_CLOB arg)
12:24:26.657 [main] DEBUG org.hibernate.HQL_FUNCTIONS -- cast(arg as Type)
12:24:26.657 [main] DEBUG org.hibernate.HQL_FUNCTIONS -- ceiling(NUMERIC arg)
12:24:26.657 [main] DEBUG org.hibernate.HQL_FUNCTIONS -- Integer character_length(STRING_OR_CLOB arg)
12:24:26.657 [main] DEBUG org.hibernate.HQL_FUNCTIONS -- Character chr( ... )
12:24:26.657 [main] DEBUG org.hibernate.HQL_FUNCTIONS -- coalesce(arg0[, arg1[, ...]])
12:24:26.657 [main] DEBUG org.hibernate.HQL_FUNCTIONS -- String collate(STRING string as COLLATION collation)
12:24:26.657 [main] DEBUG org.hibernate.HQL_FUNCTIONS -- String concat(arg0[, arg1[, ...]])
12:24:26.657 [main] DEBUG org.hibernate.HQL_FUNCTIONS -- Double cos(NUMERIC arg)
12:24:26.657 [main] DEBUG org.hibernate.HQL_FUNCTIONS -- Double cosh(NUMERIC arg)
12:24:26.657 [main] DEBUG org.hibernate.HQL_FUNCTIONS -- Double cot(NUMERIC arg)
12:24:26.657 [main] DEBUG org.hibernate.HQL_FUNCTIONS -- Long count([distinct ]{arg|*})
12:24:26.657 [main] DEBUG org.hibernate.HQL_FUNCTIONS -- Date current date
12:24:26.657 [main] DEBUG org.hibernate.HQL_FUNCTIONS -- Time current time
12:24:26.657 [main] DEBUG org.hibernate.HQL_FUNCTIONS -- Timestamp current timestamp
12:24:26.657 [main] DEBUG org.hibernate.HQL_FUNCTIONS -- Date current_date
12:24:26.657 [main] DEBUG org.hibernate.HQL_FUNCTIONS -- Instant current_instant
12:24:26.657 [main] DEBUG org.hibernate.HQL_FUNCTIONS -- Time current_time
12:24:26.657 [main] DEBUG org.hibernate.HQL_FUNCTIONS -- Timestamp current_timestamp
12:24:26.657 [main] DEBUG org.hibernate.HQL_FUNCTIONS -- dateadd(TEMPORAL_UNIT field, INTEGER magnitude, TEMPORAL datetime)
12:24:26.657 [main] DEBUG org.hibernate.HQL_FUNCTIONS -- Long|Double datediff(TEMPORAL_UNIT field, TEMPORAL start, TEMPORAL end)
12:24:26.657 [main] DEBUG org.hibernate.HQL_FUNCTIONS -- Integer day(DATE arg)
12:24:26.657 [main] DEBUG org.hibernate.HQL_FUNCTIONS -- Double degrees(NUMERIC arg)
12:24:26.657 [main] DEBUG org.hibernate.HQL_FUNCTIONS -- Boolean every(BOOLEAN arg)
12:24:26.657 [main] DEBUG org.hibernate.HQL_FUNCTIONS -- Double exp(NUMERIC arg)
12:24:26.657 [main] DEBUG org.hibernate.HQL_FUNCTIONS -- extract(TEMPORAL_UNIT field from TEMPORAL arg)
12:24:26.657 [main] DEBUG org.hibernate.HQL_FUNCTIONS -- floor(NUMERIC arg)
12:24:26.657 [main] DEBUG org.hibernate.HQL_FUNCTIONS -- String format(TEMPORAL datetime as STRING pattern)
12:24:26.657 [main] DEBUG org.hibernate.HQL_FUNCTIONS -- greatest(COMPARABLE arg0[, COMPARABLE arg1[, ...]])
12:24:26.657 [main] DEBUG org.hibernate.HQL_FUNCTIONS -- Integer hour(TIME arg)
12:24:26.657 [main] DEBUG org.hibernate.HQL_FUNCTIONS -- ifnull(arg0, arg1)
12:24:26.657 [main] DEBUG org.hibernate.HQL_FUNCTIONS -- Instant instant
12:24:26.657 [main] DEBUG org.hibernate.HQL_FUNCTIONS -- least(COMPARABLE arg0[, COMPARABLE arg1[, ...]])
12:24:26.657 [main] DEBUG org.hibernate.HQL_FUNCTIONS -- String left(STRING string, INTEGER length)
12:24:26.657 [main] DEBUG org.hibernate.HQL_FUNCTIONS -- Integer length(STRING_OR_CLOB arg)
12:24:26.657 [main] DEBUG org.hibernate.HQL_FUNCTIONS -- Double ln(NUMERIC arg)
12:24:26.657 [main] DEBUG org.hibernate.HQL_FUNCTIONS -- LocalDate local date
12:24:26.657 [main] DEBUG org.hibernate.HQL_FUNCTIONS -- LocalDateTime local datetime
12:24:26.657 [main] DEBUG org.hibernate.HQL_FUNCTIONS -- LocalTime local time
12:24:26.657 [main] DEBUG org.hibernate.HQL_FUNCTIONS -- LocalDate local_date
12:24:26.657 [main] DEBUG org.hibernate.HQL_FUNCTIONS -- LocalDateTime local_datetime
12:24:26.657 [main] DEBUG org.hibernate.HQL_FUNCTIONS -- LocalTime local_time
12:24:26.657 [main] DEBUG org.hibernate.HQL_FUNCTIONS -- Integer locate(STRING pattern, STRING string[, INTEGER start])
12:24:26.657 [main] DEBUG org.hibernate.HQL_FUNCTIONS -- Double log(NUMERIC base, NUMERIC arg)
12:24:26.657 [main] DEBUG org.hibernate.HQL_FUNCTIONS -- Double log10(NUMERIC arg)
12:24:26.657 [main] DEBUG org.hibernate.HQL_FUNCTIONS -- String lower(STRING string)
12:24:26.657 [main] DEBUG org.hibernate.HQL_FUNCTIONS -- String lpad(STRNG string, INTEGER length)
12:24:26.657 [main] DEBUG org.hibernate.HQL_FUNCTIONS -- String ltrim(STRING string)
12:24:26.657 [main] DEBUG org.hibernate.HQL_FUNCTIONS -- max(COMPARABLE arg)
12:24:26.657 [main] DEBUG org.hibernate.HQL_FUNCTIONS -- Integer microsecond(TIME arg)
12:24:26.657 [main] DEBUG org.hibernate.HQL_FUNCTIONS -- min(COMPARABLE arg)
12:24:26.657 [main] DEBUG org.hibernate.HQL_FUNCTIONS -- Integer minute(TIME arg)
12:24:26.657 [main] DEBUG org.hibernate.HQL_FUNCTIONS -- Integer mod(INTEGER arg0, INTEGER arg1)
12:24:26.657 [main] DEBUG org.hibernate.HQL_FUNCTIONS -- Integer month(DATE arg)
12:24:26.657 [main] DEBUG org.hibernate.HQL_FUNCTIONS -- nullif(arg0, arg1)
12:24:26.657 [main] DEBUG org.hibernate.HQL_FUNCTIONS -- Integer octet_length(STRING_OR_CLOB arg)
12:24:26.657 [main] DEBUG org.hibernate.HQL_FUNCTIONS -- OffsetDateTime offset datetime
12:24:26.657 [main] DEBUG org.hibernate.HQL_FUNCTIONS -- OffsetDateTime offset_datetime
12:24:26.657 [main] DEBUG org.hibernate.HQL_FUNCTIONS -- String overlay(STRING string placing STRING replacement from INTEGER start[ for INTEGER length])
12:24:26.657 [main] DEBUG org.hibernate.HQL_FUNCTIONS -- String pad(STRING string with INTEGER length {leading|trailing}[ STRING character])
12:24:26.657 [main] DEBUG org.hibernate.HQL_FUNCTIONS -- Double pi
12:24:26.657 [main] DEBUG org.hibernate.HQL_FUNCTIONS -- Integer position(STRING pattern in STRING string)
12:24:26.657 [main] DEBUG org.hibernate.HQL_FUNCTIONS -- Double power(NUMERIC arg0, NUMERIC arg1)
12:24:26.657 [main] DEBUG org.hibernate.HQL_FUNCTIONS -- Double radians(NUMERIC arg)
12:24:26.657 [main] DEBUG org.hibernate.HQL_FUNCTIONS -- Double rand([INTEGER seed])
12:24:26.657 [main] DEBUG org.hibernate.HQL_FUNCTIONS -- String replace(STRING string, STRING pattern, STRING replacement)
12:24:26.657 [main] DEBUG org.hibernate.HQL_FUNCTIONS -- String right(STRING string, INTEGER length)
12:24:26.657 [main] DEBUG org.hibernate.HQL_FUNCTIONS -- round(NUMERIC number[, INTEGER places])
12:24:26.657 [main] DEBUG org.hibernate.HQL_FUNCTIONS -- String rpad(STRING string, INTEGER length)
12:24:26.657 [main] DEBUG org.hibernate.HQL_FUNCTIONS -- String rtrim(STRING string)
12:24:26.657 [main] DEBUG org.hibernate.HQL_FUNCTIONS -- Integer second(TIME arg)
12:24:26.657 [main] DEBUG org.hibernate.HQL_FUNCTIONS -- Integer sign(NUMERIC arg)
12:24:26.657 [main] DEBUG org.hibernate.HQL_FUNCTIONS -- Double sin(NUMERIC arg)
12:24:26.657 [main] DEBUG org.hibernate.HQL_FUNCTIONS -- Double sinh(NUMERIC arg)
12:24:26.657 [main] DEBUG org.hibernate.HQL_FUNCTIONS -- Object sql
12:24:26.657 [main] DEBUG org.hibernate.HQL_FUNCTIONS -- Double sqrt(NUMERIC arg)
12:24:26.657 [main] DEBUG org.hibernate.HQL_FUNCTIONS -- Double stddev_pop(NUMERIC arg)
12:24:26.657 [main] DEBUG org.hibernate.HQL_FUNCTIONS -- Double stddev_samp(NUMERIC arg)
12:24:26.657 [main] DEBUG org.hibernate.HQL_FUNCTIONS -- String str(arg)
12:24:26.657 [main] DEBUG org.hibernate.HQL_FUNCTIONS -- String substring(STRING string{ from|,} INTEGER start[{ for|,} INTEGER length])
12:24:26.657 [main] DEBUG org.hibernate.HQL_FUNCTIONS -- sum(arg)
12:24:26.657 [main] DEBUG org.hibernate.HQL_FUNCTIONS -- Double tan(NUMERIC arg)
12:24:26.657 [main] DEBUG org.hibernate.HQL_FUNCTIONS -- Double tanh(NUMERIC arg)
12:24:26.657 [main] DEBUG org.hibernate.HQL_FUNCTIONS -- timestampadd(TEMPORAL_UNIT field, INTEGER magnitude, TEMPORAL datetime)
12:24:26.658 [main] DEBUG org.hibernate.HQL_FUNCTIONS -- Long|Double timestampdiff(TEMPORAL_UNIT field, TEMPORAL start, TEMPORAL end)
12:24:26.658 [main] DEBUG org.hibernate.HQL_FUNCTIONS -- String trim([[{leading|trailing|both} ][STRING arg0 ]from] STRING arg1)
12:24:26.658 [main] DEBUG org.hibernate.HQL_FUNCTIONS -- trunc( ... )
12:24:26.658 [main] DEBUG org.hibernate.HQL_FUNCTIONS -- truncate( ... )
12:24:26.658 [main] DEBUG org.hibernate.HQL_FUNCTIONS -- String upper(STRING string)
12:24:26.658 [main] DEBUG org.hibernate.HQL_FUNCTIONS -- Double var_pop(NUMERIC arg)
12:24:26.658 [main] DEBUG org.hibernate.HQL_FUNCTIONS -- Double var_samp(NUMERIC arg)
12:24:26.658 [main] DEBUG org.hibernate.HQL_FUNCTIONS -- Integer year(DATE arg)
12:24:26.658 [main] DEBUG org.hibernate.orm.query.plan.cache -- Starting QueryInterpretationCache(2048)
12:24:26.658 [main] DEBUG org.hibernate.service.internal.SessionFactoryServiceRegistryImpl -- EventListenerRegistry access via ServiceRegistry is deprecated.  Use `sessionFactory.getEventEngine().getListenerRegistry()` instead
12:24:26.658 [main] DEBUG org.hibernate.event.internal.EntityCopyObserverFactoryInitiator -- Configured EntityCopyObserver strategy: disallow
12:24:26.658 [main] DEBUG org.hibernate.boot.internal.ClassLoaderAccessImpl -- Not known whether passed class name [com.pdcgame.Models.InventorySave] is safe
12:24:26.658 [main] DEBUG org.hibernate.boot.internal.ClassLoaderAccessImpl -- No temp ClassLoader provided; using live ClassLoader for loading potentially unsafe class : com.pdcgame.Models.InventorySave
12:24:26.664 [main] DEBUG org.hibernate.bytecode.internal.bytebuddy.BytecodeProviderImpl -- HHH000513: Unable to create the ReflectionOptimizer for [com.pdcgame.Models.InventorySave]: private accessor [quantity]
12:24:26.664 [main] DEBUG org.hibernate.boot.internal.ClassLoaderAccessImpl -- Not known whether passed class name [com.pdcgame.Models.GameSave] is safe
12:24:26.664 [main] DEBUG org.hibernate.boot.internal.ClassLoaderAccessImpl -- No temp ClassLoader provided; using live ClassLoader for loading potentially unsafe class : com.pdcgame.Models.GameSave
12:24:26.671 [main] DEBUG org.hibernate.bytecode.internal.bytebuddy.BytecodeProviderImpl -- HHH000513: Unable to create the ReflectionOptimizer for [com.pdcgame.Models.GameSave]: private accessor [actions]
12:24:26.671 [main] DEBUG org.hibernate.boot.internal.ClassLoaderAccessImpl -- Not known whether passed class name [com.pdcgame.Models.BoardSave] is safe
12:24:26.671 [main] DEBUG org.hibernate.boot.internal.ClassLoaderAccessImpl -- No temp ClassLoader provided; using live ClassLoader for loading potentially unsafe class : com.pdcgame.Models.BoardSave
12:24:26.675 [main] DEBUG org.hibernate.bytecode.internal.bytebuddy.BytecodeProviderImpl -- HHH000513: Unable to create the ReflectionOptimizer for [com.pdcgame.Models.BoardSave]: private accessor [boardCell]
12:24:26.675 [main] DEBUG org.hibernate.boot.internal.ClassLoaderAccessImpl -- Not known whether passed class name [com.pdcgame.Models.StorageItemSave] is safe
12:24:26.675 [main] DEBUG org.hibernate.boot.internal.ClassLoaderAccessImpl -- No temp ClassLoader provided; using live ClassLoader for loading potentially unsafe class : com.pdcgame.Models.StorageItemSave
12:24:26.679 [main] DEBUG org.hibernate.bytecode.internal.bytebuddy.BytecodeProviderImpl -- HHH000513: Unable to create the ReflectionOptimizer for [com.pdcgame.Models.StorageItemSave]: private accessor [coordinateID]
12:24:26.679 [main] DEBUG org.hibernate.orm.model.mapping.creation -- Starting post-init callbacks
12:24:26.679 [main] DEBUG org.hibernate.orm.model.mapping.creation -- Starting PostInitCallbackEntry : Entity(com.pdcgame.Models.InventorySave) `staticFetchableList` generator
12:24:26.679 [main] DEBUG org.hibernate.orm.model.mapping.creation -- Starting PostInitCallbackEntry : Entity(com.pdcgame.Models.GameSave) `staticFetchableList` generator
12:24:26.679 [main] DEBUG org.hibernate.orm.model.mapping.creation -- Starting PostInitCallbackEntry : Entity(com.pdcgame.Models.BoardSave) `staticFetchableList` generator
12:24:26.679 [main] DEBUG org.hibernate.orm.model.mapping.creation -- Starting PostInitCallbackEntry : Entity(com.pdcgame.Models.StorageItemSave) `staticFetchableList` generator
12:24:26.680 [main] DEBUG org.hibernate.orm.sql.ast.create -- Created new SQL alias : is1_0
12:24:26.680 [main] DEBUG org.hibernate.orm.sql.ast.create -- Registration of TableGroup [StandardTableGroup(com.pdcgame.Models.InventorySave)] with identifierForTableGroup [com.pdcgame.Models.InventorySave] for NavigablePath [com.pdcgame.Models.InventorySave] 
12:24:26.680 [main] DEBUG org.hibernate.orm.results.graph.AST -- DomainResult Graph:
 \-EntityResultImpl [com.pdcgame.Models.InventorySave]
 |  +-BasicFetch [com.pdcgame.Models.InventorySave.quantity]
 |  \-BasicFetch [com.pdcgame.Models.InventorySave.sellPrice]

12:24:26.680 [main] DEBUG org.hibernate.orm.sql.ast.tree -- SQL AST Tree:
    SelectStatement {
      FromClause {
        StandardTableGroup (is1 : com.pdcgame.Models.InventorySave) {
          primaryTableReference : inventory_save as is1_0
        }
      }
    }

12:24:26.680 [main] DEBUG org.hibernate.persister.entity.AbstractEntityPersister -- Static SQL for entity: com.pdcgame.Models.InventorySave
12:24:26.680 [main] DEBUG org.hibernate.persister.entity.AbstractEntityPersister --  Version select: select product_name from inventory_save where product_name=?
12:24:26.680 [main] DEBUG org.hibernate.persister.entity.AbstractEntityPersister --  Insert (0): insert into inventory_save (quantity,sell_price,product_name) values (?,?,?)
12:24:26.680 [main] DEBUG org.hibernate.persister.entity.AbstractEntityPersister --  Update (0): update inventory_save set quantity=?,sell_price=? where product_name=?
12:24:26.680 [main] DEBUG org.hibernate.persister.entity.AbstractEntityPersister --  Delete (0): delete from inventory_save where product_name=?
12:24:26.680 [main] DEBUG org.hibernate.orm.sql.ast.create -- Created new SQL alias : gs1_0
12:24:26.680 [main] DEBUG org.hibernate.orm.sql.ast.create -- Registration of TableGroup [StandardTableGroup(com.pdcgame.Models.GameSave)] with identifierForTableGroup [com.pdcgame.Models.GameSave] for NavigablePath [com.pdcgame.Models.GameSave] 
12:24:26.680 [main] DEBUG org.hibernate.orm.results.graph.AST -- DomainResult Graph:
 \-EntityResultImpl [com.pdcgame.Models.GameSave]
 |  +-BasicFetch [com.pdcgame.Models.GameSave.actions]
 |  +-BasicFetch [com.pdcgame.Models.GameSave.balance]
 |  +-BasicFetch [com.pdcgame.Models.GameSave.day]
 |  +-BasicFetch [com.pdcgame.Models.GameSave.difficulty]
 |  +-BasicFetch [com.pdcgame.Models.GameSave.gameSeed]
 |  +-BasicFetch [com.pdcgame.Models.GameSave.rating]
 |  \-BasicFetch [com.pdcgame.Models.GameSave.totalActions]

12:24:26.681 [main] DEBUG org.hibernate.orm.sql.ast.tree -- SQL AST Tree:
    SelectStatement {
      FromClause {
        StandardTableGroup (gs1 : com.pdcgame.Models.GameSave) {
          primaryTableReference : game_save as gs1_0
        }
      }
    }

12:24:26.681 [main] DEBUG org.hibernate.persister.entity.AbstractEntityPersister -- Static SQL for entity: com.pdcgame.Models.GameSave
12:24:26.681 [main] DEBUG org.hibernate.persister.entity.AbstractEntityPersister --  Version select: select id from game_save where id=?
12:24:26.681 [main] DEBUG org.hibernate.persister.entity.AbstractEntityPersister --  Insert (0): insert into game_save (actions,balance,day,difficulty,gameSeed,rating,totalActions,id) values (?,?,?,?,?,?,?,?)
12:24:26.681 [main] DEBUG org.hibernate.persister.entity.AbstractEntityPersister --  Update (0): update game_save set actions=?,balance=?,day=?,difficulty=?,gameSeed=?,rating=?,totalActions=? where id=?
12:24:26.681 [main] DEBUG org.hibernate.persister.entity.AbstractEntityPersister --  Delete (0): delete from game_save where id=?
12:24:26.681 [main] DEBUG org.hibernate.orm.sql.ast.create -- Created new SQL alias : bs1_0
12:24:26.681 [main] DEBUG org.hibernate.orm.sql.ast.create -- Registration of TableGroup [StandardTableGroup(com.pdcgame.Models.BoardSave)] with identifierForTableGroup [com.pdcgame.Models.BoardSave] for NavigablePath [com.pdcgame.Models.BoardSave] 
12:24:26.681 [main] DEBUG org.hibernate.orm.results.graph.AST -- DomainResult Graph:
 \-EntityResultImpl [com.pdcgame.Models.BoardSave]
 |  \-BasicFetch [com.pdcgame.Models.BoardSave.boardCell]

12:24:26.681 [main] DEBUG org.hibernate.orm.sql.ast.tree -- SQL AST Tree:
    SelectStatement {
      FromClause {
        StandardTableGroup (bs1 : com.pdcgame.Models.BoardSave) {
          primaryTableReference : board_save as bs1_0
        }
      }
    }

12:24:26.681 [main] DEBUG org.hibernate.persister.entity.AbstractEntityPersister -- Static SQL for entity: com.pdcgame.Models.BoardSave
12:24:26.681 [main] DEBUG org.hibernate.persister.entity.AbstractEntityPersister --  Version select: select coordinateID from board_save where coordinateID=?
12:24:26.681 [main] DEBUG org.hibernate.persister.entity.AbstractEntityPersister --  Insert (0): insert into board_save (boardCell,coordinateID) values (?,?)
12:24:26.681 [main] DEBUG org.hibernate.persister.entity.AbstractEntityPersister --  Update (0): update board_save set boardCell=? where coordinateID=?
12:24:26.681 [main] DEBUG org.hibernate.persister.entity.AbstractEntityPersister --  Delete (0): delete from board_save where coordinateID=?
12:24:26.681 [main] DEBUG org.hibernate.orm.sql.ast.create -- Created new SQL alias : sis1_0
12:24:26.681 [main] DEBUG org.hibernate.orm.sql.ast.create -- Registration of TableGroup [StandardTableGroup(com.pdcgame.Models.StorageItemSave)] with identifierForTableGroup [com.pdcgame.Models.StorageItemSave] for NavigablePath [com.pdcgame.Models.StorageItemSave] 
12:24:26.681 [main] DEBUG org.hibernate.orm.results.graph.AST -- DomainResult Graph:
 \-EntityResultImpl [com.pdcgame.Models.StorageItemSave]
 |  +-BasicFetch [com.pdcgame.Models.StorageItemSave.coordinateID]
 |  +-BasicFetch [com.pdcgame.Models.StorageItemSave.productName]
 |  \-BasicFetch [com.pdcgame.Models.StorageItemSave.quantity]

12:24:26.681 [main] DEBUG org.hibernate.orm.sql.ast.tree -- SQL AST Tree:
    SelectStatement {
      FromClause {
        StandardTableGroup (sis1 : com.pdcgame.Models.StorageItemSave) {
          primaryTableReference : storage_save as sis1_0
        }
      }
    }

12:24:26.681 [main] DEBUG org.hibernate.persister.entity.AbstractEntityPersister -- Static SQL for entity: com.pdcgame.Models.StorageItemSave
12:24:26.681 [main] DEBUG org.hibernate.persister.entity.AbstractEntityPersister --  Version select: select id from storage_save where id=?
12:24:26.681 [main] DEBUG org.hibernate.persister.entity.AbstractEntityPersister --  Insert (0): insert into storage_save (coordinate_id,product_name,quantity,id) values (?,?,?,default)
12:24:26.681 [main] DEBUG org.hibernate.persister.entity.AbstractEntityPersister --  Update (0): update storage_save set coordinate_id=?,product_name=?,quantity=? where id=?
12:24:26.681 [main] DEBUG org.hibernate.persister.entity.AbstractEntityPersister --  Delete (0): delete from storage_save where id=?
12:24:26.682 [main] DEBUG org.hibernate.engine.transaction.jta.platform.internal.JtaPlatformInitiator -- No JtaPlatform was specified, checking resolver
12:24:26.682 [main] DEBUG org.hibernate.engine.transaction.jta.platform.internal.JtaPlatformResolverInitiator -- No JtaPlatformResolver was specified, using default [org.hibernate.engine.transaction.jta.platform.internal.StandardJtaPlatformResolver]
12:24:26.683 [main] DEBUG org.hibernate.engine.transaction.jta.platform.internal.StandardJtaPlatformResolver -- Could not resolve JtaPlatform, using default [org.hibernate.engine.transaction.jta.platform.internal.NoJtaPlatform]
12:24:26.683 [main] INFO org.hibernate.engine.transaction.jta.platform.internal.JtaPlatformInitiator -- HHH000489: No JTA platform available (set 'hibernate.transaction.jta.platform' to enable JTA platform integration)
12:24:26.683 [main] DEBUG org.hibernate.type.spi.TypeConfiguration$Scope -- Scoping TypeConfiguration [org.hibernate.type.spi.TypeConfiguration@77ce8bc5] to SessionFactoryImplementor [org.hibernate.internal.SessionFactoryImpl@13390a96]
12:24:26.683 [main] DEBUG org.hibernate.query.named.NamedObjectRepository -- Checking 0 named HQL queries
12:24:26.683 [main] DEBUG org.hibernate.query.named.NamedObjectRepository -- Checking 0 named SQL queries
12:24:26.683 [main] INFO org.hibernate.orm.connections.access -- HHH10001501: Connection obtained from JdbcConnectionAccess [org.hibernate.engine.jdbc.env.internal.JdbcEnvironmentInitiator$ConnectionProviderJdbcConnectionAccess@3a8b9458] for (non-JTA) DDL execution was not in auto-commit mode; the Connection 'local transaction' will be committed and the Connection will be set into auto-commit mode.
12:24:26.687 [main] DEBUG org.hibernate.mapping.Table -- No alter strings for table : board_save
12:24:26.687 [main] DEBUG org.hibernate.mapping.Table -- No alter strings for table : game_save
12:24:26.687 [main] DEBUG org.hibernate.mapping.Table -- No alter strings for table : inventory_save
12:24:26.687 [main] DEBUG org.hibernate.mapping.Table -- No alter strings for table : storage_save
12:24:26.687 [main] DEBUG org.hibernate.internal.SessionFactoryRegistry -- Registering SessionFactory: 179e3e58-979e-41c5-a56c-2c2c65b2f074 (<unnamed>)
12:24:26.687 [main] DEBUG org.hibernate.internal.SessionFactoryRegistry -- Not binding SessionFactory to JNDI, no JNDI name configured
12:24:26.687 [main] DEBUG org.hibernate.internal.SessionFactoryImpl -- Instantiated SessionFactory
12:24:26.689 [main] DEBUG org.hibernate.integrator.internal.IntegratorServiceImpl -- Adding Integrator [org.hibernate.boot.beanvalidation.BeanValidationIntegrator].
12:24:26.689 [main] DEBUG org.hibernate.integrator.internal.IntegratorServiceImpl -- Adding Integrator [org.hibernate.cache.internal.CollectionCacheInvalidator].
12:24:26.690 [main] DEBUG org.hibernate.boot.jaxb.internal.stax.LocalXmlResourceResolver -- Checking public/system identifiers `-//Hibernate/Hibernate Configuration DTD 3.0//EN`/`http://hibernate.sourceforge.net/hibernate-configuration-3.0.dtd` as DTD references
12:24:26.690 [main] WARN org.hibernate.orm.deprecation -- HHH90000012: Recognized obsolete hibernate namespace http://hibernate.sourceforge.net/hibernate-configuration. Use namespace http://www.hibernate.org/dtd/hibernate-configuration instead.  Support for obsolete DTD/XSD namespaces may be removed at any time.
12:24:26.691 [main] DEBUG org.hibernate.boot.cfgxml.internal.JaxbCfgProcessor -- cfg.xml document did not define namespaces; wrapping in custom event reader to introduce namespace information
12:24:26.698 [main] DEBUG org.hibernate.cfg.Configuration -- Building session factory using internal StandardServiceRegistryBuilder
12:24:26.698 [main] DEBUG org.hibernate.cfg.Configuration -- Building session factory using provided StandardServiceRegistry
12:24:26.698 [main] DEBUG org.hibernate.orm.idgen.factory -- Ignoring CDI for resolving IdentifierGenerator instances as extended or delayed CDI support was enabled
12:24:26.698 [main] DEBUG org.hibernate.orm.idgen.factory -- Registering IdentifierGenerator strategy [uuid2] -> [org.hibernate.id.UUIDGenerator]
12:24:26.698 [main] DEBUG org.hibernate.orm.idgen.factory -- Registering IdentifierGenerator strategy [guid] -> [org.hibernate.id.GUIDGenerator]
12:24:26.698 [main] DEBUG org.hibernate.orm.idgen.factory -- Registering IdentifierGenerator strategy [uuid] -> [org.hibernate.id.UUIDHexGenerator]
12:24:26.698 [main] DEBUG org.hibernate.orm.idgen.factory -- Registering IdentifierGenerator strategy [uuid.hex] -> [org.hibernate.id.UUIDHexGenerator]
12:24:26.698 [main] DEBUG org.hibernate.orm.idgen.factory -- Registering IdentifierGenerator strategy [assigned] -> [org.hibernate.id.Assigned]
12:24:26.698 [main] DEBUG org.hibernate.orm.idgen.factory -- Registering IdentifierGenerator strategy [identity] -> [org.hibernate.id.IdentityGenerator]
12:24:26.698 [main] DEBUG org.hibernate.orm.idgen.factory -- Registering IdentifierGenerator strategy [select] -> [org.hibernate.id.SelectGenerator]
12:24:26.698 [main] DEBUG org.hibernate.orm.idgen.factory -- Registering IdentifierGenerator strategy [sequence] -> [org.hibernate.id.enhanced.SequenceStyleGenerator]
12:24:26.698 [main] DEBUG org.hibernate.orm.idgen.factory -- Registering IdentifierGenerator strategy [increment] -> [org.hibernate.id.IncrementGenerator]
12:24:26.698 [main] DEBUG org.hibernate.orm.idgen.factory -- Registering IdentifierGenerator strategy [foreign] -> [org.hibernate.id.ForeignGenerator]
12:24:26.698 [main] DEBUG org.hibernate.orm.idgen.factory -- Registering IdentifierGenerator strategy [enhanced-sequence] -> [org.hibernate.id.enhanced.SequenceStyleGenerator]
12:24:26.698 [main] DEBUG org.hibernate.orm.idgen.factory -- Registering IdentifierGenerator strategy [enhanced-table] -> [org.hibernate.id.enhanced.TableGenerator]
12:24:26.698 [main] DEBUG org.hibernate.cache.internal.RegionFactoryInitiator -- Cannot default RegionFactory based on registered strategies as `[]` RegionFactory strategies were registered
12:24:26.698 [main] INFO org.hibernate.cache.internal.RegionFactoryInitiator -- HHH000026: Second-level cache disabled
12:24:26.698 [main] DEBUG org.hibernate.type.BasicTypeRegistry -- Adding type registration boolean -> org.hibernate.type.BasicTypeReference@769d513
12:24:26.698 [main] DEBUG org.hibernate.type.BasicTypeRegistry -- Adding type registration boolean -> org.hibernate.type.BasicTypeReference@769d513
12:24:26.698 [main] DEBUG org.hibernate.type.BasicTypeRegistry -- Adding type registration java.lang.Boolean -> org.hibernate.type.BasicTypeReference@769d513
12:24:26.698 [main] DEBUG org.hibernate.type.BasicTypeRegistry -- Adding type registration numeric_boolean -> org.hibernate.type.BasicTypeReference@5e4fa1da
12:24:26.698 [main] DEBUG org.hibernate.type.BasicTypeRegistry -- Adding type registration org.hibernate.type.NumericBooleanConverter -> org.hibernate.type.BasicTypeReference@5e4fa1da
12:24:26.698 [main] DEBUG org.hibernate.type.BasicTypeRegistry -- Adding type registration true_false -> org.hibernate.type.BasicTypeReference@588cd519
12:24:26.698 [main] DEBUG org.hibernate.type.BasicTypeRegistry -- Adding type registration org.hibernate.type.TrueFalseConverter -> org.hibernate.type.BasicTypeReference@588cd519
12:24:26.698 [main] DEBUG org.hibernate.type.BasicTypeRegistry -- Adding type registration yes_no -> org.hibernate.type.BasicTypeReference@3f92c349
12:24:26.698 [main] DEBUG org.hibernate.type.BasicTypeRegistry -- Adding type registration org.hibernate.type.YesNoConverter -> org.hibernate.type.BasicTypeReference@3f92c349
12:24:26.698 [main] DEBUG org.hibernate.type.BasicTypeRegistry -- Adding type registration byte -> org.hibernate.type.BasicTypeReference@769a58e5
12:24:26.698 [main] DEBUG org.hibernate.type.BasicTypeRegistry -- Adding type registration byte -> org.hibernate.type.BasicTypeReference@769a58e5
12:24:26.698 [main] DEBUG org.hibernate.type.BasicTypeRegistry -- Adding type registration java.lang.Byte -> org.hibernate.type.BasicTypeReference@769a58e5
12:24:26.698 [main] DEBUG org.hibernate.type.BasicTypeRegistry -- Adding type registration binary -> org.hibernate.type.BasicTypeReference@55f8669d
12:24:26.698 [main] DEBUG org.hibernate.type.BasicTypeRegistry -- Adding type registration byte[] -> org.hibernate.type.BasicTypeReference@55f8669d
12:24:26.698 [main] DEBUG org.hibernate.type.BasicTypeRegistry -- Adding type registration [B -> org.hibernate.type.BasicTypeReference@55f8669d
12:24:26.698 [main] DEBUG org.hibernate.type.BasicTypeRegistry -- Adding type registration binary_wrapper -> org.hibernate.type.BasicTypeReference@6be25526
12:24:26.698 [main] DEBUG org.hibernate.type.BasicTypeRegistry -- Adding type registration wrapper-binary -> org.hibernate.type.BasicTypeReference@6be25526
12:24:26.698 [main] DEBUG org.hibernate.type.BasicTypeRegistry -- Adding type registration image -> org.hibernate.type.BasicTypeReference@42435b98
12:24:26.698 [main] DEBUG org.hibernate.type.BasicTypeRegistry -- Adding type registration blob -> org.hibernate.type.BasicTypeReference@66ba7e45
12:24:26.698 [main] DEBUG org.hibernate.type.BasicTypeRegistry -- Adding type registration java.sql.Blob -> org.hibernate.type.BasicTypeReference@66ba7e45
12:24:26.698 [main] DEBUG org.hibernate.type.BasicTypeRegistry -- Adding type registration materialized_blob -> org.hibernate.type.BasicTypeReference@70e02081
12:24:26.698 [main] DEBUG org.hibernate.type.BasicTypeRegistry -- Adding type registration materialized_blob_wrapper -> org.hibernate.type.BasicTypeReference@9d200de
12:24:26.698 [main] DEBUG org.hibernate.type.BasicTypeRegistry -- Adding type registration short -> org.hibernate.type.BasicTypeReference@511505e7
12:24:26.698 [main] DEBUG org.hibernate.type.BasicTypeRegistry -- Adding type registration short -> org.hibernate.type.BasicTypeReference@511505e7
12:24:26.698 [main] DEBUG org.hibernate.type.BasicTypeRegistry -- Adding type registration java.lang.Short -> org.hibernate.type.BasicTypeReference@511505e7
12:24:26.698 [main] DEBUG org.hibernate.type.BasicTypeRegistry -- Adding type registration integer -> org.hibernate.type.BasicTypeReference@646811d6
12:24:26.698 [main] DEBUG org.hibernate.type.BasicTypeRegistry -- Adding type registration int -> org.hibernate.type.BasicTypeReference@646811d6
12:24:26.698 [main] DEBUG org.hibernate.type.BasicTypeRegistry -- Adding type registration java.lang.Integer -> org.hibernate.type.BasicTypeReference@646811d6
12:24:26.698 [main] DEBUG org.hibernate.type.BasicTypeRegistry -- Adding type registration long -> org.hibernate.type.BasicTypeReference@15fdd1f2
12:24:26.698 [main] DEBUG org.hibernate.type.BasicTypeRegistry -- Adding type registration long -> org.hibernate.type.BasicTypeReference@15fdd1f2
12:24:26.698 [main] DEBUG org.hibernate.type.BasicTypeRegistry -- Adding type registration java.lang.Long -> org.hibernate.type.BasicTypeReference@15fdd1f2
12:24:26.698 [main] DEBUG org.hibernate.type.BasicTypeRegistry -- Adding type registration float -> org.hibernate.type.BasicTypeReference@cb0f763
12:24:26.698 [main] DEBUG org.hibernate.type.BasicTypeRegistry -- Adding type registration float -> org.hibernate.type.BasicTypeReference@cb0f763
12:24:26.698 [main] DEBUG org.hibernate.type.BasicTypeRegistry -- Adding type registration java.lang.Float -> org.hibernate.type.BasicTypeReference@cb0f763
12:24:26.699 [main] DEBUG org.hibernate.type.BasicTypeRegistry -- Adding type registration double -> org.hibernate.type.BasicTypeReference@7573e12f
12:24:26.699 [main] DEBUG org.hibernate.type.BasicTypeRegistry -- Adding type registration double -> org.hibernate.type.BasicTypeReference@7573e12f
12:24:26.699 [main] DEBUG org.hibernate.type.BasicTypeRegistry -- Adding type registration java.lang.Double -> org.hibernate.type.BasicTypeReference@7573e12f
12:24:26.699 [main] DEBUG org.hibernate.type.BasicTypeRegistry -- Adding type registration big_integer -> org.hibernate.type.BasicTypeReference@51b1a8f6
12:24:26.699 [main] DEBUG org.hibernate.type.BasicTypeRegistry -- Adding type registration java.math.BigInteger -> org.hibernate.type.BasicTypeReference@51b1a8f6
12:24:26.699 [main] DEBUG org.hibernate.type.BasicTypeRegistry -- Adding type registration big_decimal -> org.hibernate.type.BasicTypeReference@2a389173
12:24:26.699 [main] DEBUG org.hibernate.type.BasicTypeRegistry -- Adding type registration java.math.BigDecimal -> org.hibernate.type.BasicTypeReference@2a389173
12:24:26.699 [main] DEBUG org.hibernate.type.BasicTypeRegistry -- Adding type registration character -> org.hibernate.type.BasicTypeReference@213860b8
12:24:26.699 [main] DEBUG org.hibernate.type.BasicTypeRegistry -- Adding type registration char -> org.hibernate.type.BasicTypeReference@213860b8
12:24:26.699 [main] DEBUG org.hibernate.type.BasicTypeRegistry -- Adding type registration java.lang.Character -> org.hibernate.type.BasicTypeReference@213860b8
12:24:26.699 [main] DEBUG org.hibernate.type.BasicTypeRegistry -- Adding type registration character_nchar -> org.hibernate.type.BasicTypeReference@4ba89729
12:24:26.699 [main] DEBUG org.hibernate.type.BasicTypeRegistry -- Adding type registration string -> org.hibernate.type.BasicTypeReference@178270b2
12:24:26.699 [main] DEBUG org.hibernate.type.BasicTypeRegistry -- Adding type registration java.lang.String -> org.hibernate.type.BasicTypeReference@178270b2
12:24:26.699 [main] DEBUG org.hibernate.type.BasicTypeRegistry -- Adding type registration nstring -> org.hibernate.type.BasicTypeReference@795fd838
12:24:26.699 [main] DEBUG org.hibernate.type.BasicTypeRegistry -- Adding type registration characters -> org.hibernate.type.BasicTypeReference@1b005a0b
12:24:26.699 [main] DEBUG org.hibernate.type.BasicTypeRegistry -- Adding type registration char[] -> org.hibernate.type.BasicTypeReference@1b005a0b
12:24:26.699 [main] DEBUG org.hibernate.type.BasicTypeRegistry -- Adding type registration [C -> org.hibernate.type.BasicTypeReference@1b005a0b
12:24:26.699 [main] DEBUG org.hibernate.type.BasicTypeRegistry -- Adding type registration wrapper-characters -> org.hibernate.type.BasicTypeReference@141e879d
12:24:26.699 [main] DEBUG org.hibernate.type.BasicTypeRegistry -- Adding type registration text -> org.hibernate.type.BasicTypeReference@109d724c
12:24:26.699 [main] DEBUG org.hibernate.type.BasicTypeRegistry -- Adding type registration ntext -> org.hibernate.type.BasicTypeReference@1704f67f
12:24:26.699 [main] DEBUG org.hibernate.type.BasicTypeRegistry -- Adding type registration clob -> org.hibernate.type.BasicTypeReference@e4d2696
12:24:26.699 [main] DEBUG org.hibernate.type.BasicTypeRegistry -- Adding type registration java.sql.Clob -> org.hibernate.type.BasicTypeReference@e4d2696
12:24:26.699 [main] DEBUG org.hibernate.type.BasicTypeRegistry -- Adding type registration nclob -> org.hibernate.type.BasicTypeReference@6e0f7aad
12:24:26.699 [main] DEBUG org.hibernate.type.BasicTypeRegistry -- Adding type registration java.sql.NClob -> org.hibernate.type.BasicTypeReference@6e0f7aad
12:24:26.699 [main] DEBUG org.hibernate.type.BasicTypeRegistry -- Adding type registration materialized_clob -> org.hibernate.type.BasicTypeReference@15fb7a32
12:24:26.699 [main] DEBUG org.hibernate.type.BasicTypeRegistry -- Adding type registration materialized_clob_char_array -> org.hibernate.type.BasicTypeReference@257cc1fc
12:24:26.699 [main] DEBUG org.hibernate.type.BasicTypeRegistry -- Adding type registration materialized_clob_character_array -> org.hibernate.type.BasicTypeReference@42e22a53
12:24:26.699 [main] DEBUG org.hibernate.type.BasicTypeRegistry -- Adding type registration materialized_nclob -> org.hibernate.type.BasicTypeReference@57adfab0
12:24:26.699 [main] DEBUG org.hibernate.type.BasicTypeRegistry -- Adding type registration materialized_nclob_character_array -> org.hibernate.type.BasicTypeReference@1949309d
12:24:26.699 [main] DEBUG org.hibernate.type.BasicTypeRegistry -- Adding type registration materialized_nclob_char_array -> org.hibernate.type.BasicTypeReference@5af97169
12:24:26.699 [main] DEBUG org.hibernate.type.BasicTypeRegistry -- Adding type registration Duration -> org.hibernate.type.BasicTypeReference@99a78d7
12:24:26.699 [main] DEBUG org.hibernate.type.BasicTypeRegistry -- Adding type registration java.time.Duration -> org.hibernate.type.BasicTypeReference@99a78d7
12:24:26.699 [main] DEBUG org.hibernate.type.BasicTypeRegistry -- Adding type registration LocalDateTime -> org.hibernate.type.BasicTypeReference@31da6b2e
12:24:26.699 [main] DEBUG org.hibernate.type.BasicTypeRegistry -- Adding type registration java.time.LocalDateTime -> org.hibernate.type.BasicTypeReference@31da6b2e
12:24:26.699 [main] DEBUG org.hibernate.type.BasicTypeRegistry -- Adding type registration LocalDate -> org.hibernate.type.BasicTypeReference@61c76850
12:24:26.699 [main] DEBUG org.hibernate.type.BasicTypeRegistry -- Adding type registration java.time.LocalDate -> org.hibernate.type.BasicTypeReference@61c76850
12:24:26.699 [main] DEBUG org.hibernate.type.BasicTypeRegistry -- Adding type registration LocalTime -> org.hibernate.type.BasicTypeReference@70242f38
12:24:26.699 [main] DEBUG org.hibernate.type.BasicTypeRegistry -- Adding type registration java.time.LocalTime -> org.hibernate.type.BasicTypeReference@70242f38
12:24:26.699 [main] DEBUG org.hibernate.type.BasicTypeRegistry -- Adding type registration OffsetDateTime -> org.hibernate.type.BasicTypeReference@2a22ad2b
12:24:26.699 [main] DEBUG org.hibernate.type.BasicTypeRegistry -- Adding type registration java.time.OffsetDateTime -> org.hibernate.type.BasicTypeReference@2a22ad2b
12:24:26.699 [main] DEBUG org.hibernate.type.BasicTypeRegistry -- Adding type registration OffsetDateTimeWithTimezone -> org.hibernate.type.BasicTypeReference@48c3205a
12:24:26.699 [main] DEBUG org.hibernate.type.BasicTypeRegistry -- Adding type registration OffsetDateTimeWithoutTimezone -> org.hibernate.type.BasicTypeReference@121c54fa
12:24:26.699 [main] DEBUG org.hibernate.type.BasicTypeRegistry -- Adding type registration OffsetTime -> org.hibernate.type.BasicTypeReference@4390f46e
12:24:26.699 [main] DEBUG org.hibernate.type.BasicTypeRegistry -- Adding type registration java.time.OffsetTime -> org.hibernate.type.BasicTypeReference@4390f46e
12:24:26.699 [main] DEBUG org.hibernate.type.BasicTypeRegistry -- Adding type registration OffsetTimeUtc -> org.hibernate.type.BasicTypeReference@7c6442c2
12:24:26.699 [main] DEBUG org.hibernate.type.BasicTypeRegistry -- Adding type registration OffsetTimeWithTimezone -> org.hibernate.type.BasicTypeReference@2d746ce4
12:24:26.699 [main] DEBUG org.hibernate.type.BasicTypeRegistry -- Adding type registration OffsetTimeWithoutTimezone -> org.hibernate.type.BasicTypeReference@5dbf5634
12:24:26.699 [main] DEBUG org.hibernate.type.BasicTypeRegistry -- Adding type registration ZonedDateTime -> org.hibernate.type.BasicTypeReference@1948ea69
12:24:26.699 [main] DEBUG org.hibernate.type.BasicTypeRegistry -- Adding type registration java.time.ZonedDateTime -> org.hibernate.type.BasicTypeReference@1948ea69
12:24:26.699 [main] DEBUG org.hibernate.type.BasicTypeRegistry -- Adding type registration ZonedDateTimeWithTimezone -> org.hibernate.type.BasicTypeReference@47e4d9d0
12:24:26.699 [main] DEBUG org.hibernate.type.BasicTypeRegistry -- Adding type registration ZonedDateTimeWithoutTimezone -> org.hibernate.type.BasicTypeReference@49798e84
12:24:26.699 [main] DEBUG org.hibernate.type.BasicTypeRegistry -- Adding type registration date -> org.hibernate.type.BasicTypeReference@6ed06f69
12:24:26.699 [main] DEBUG org.hibernate.type.BasicTypeRegistry -- Adding type registration java.sql.Date -> org.hibernate.type.BasicTypeReference@6ed06f69
12:24:26.699 [main] DEBUG org.hibernate.type.BasicTypeRegistry -- Adding type registration time -> org.hibernate.type.BasicTypeReference@3015db78
12:24:26.699 [main] DEBUG org.hibernate.type.BasicTypeRegistry -- Adding type registration java.sql.Time -> org.hibernate.type.BasicTypeReference@3015db78
12:24:26.699 [main] DEBUG org.hibernate.type.BasicTypeRegistry -- Adding type registration timestamp -> org.hibernate.type.BasicTypeReference@515ebef3
12:24:26.699 [main] DEBUG org.hibernate.type.BasicTypeRegistry -- Adding type registration java.sql.Timestamp -> org.hibernate.type.BasicTypeReference@515ebef3
12:24:26.699 [main] DEBUG org.hibernate.type.BasicTypeRegistry -- Adding type registration java.util.Date -> org.hibernate.type.BasicTypeReference@515ebef3
12:24:26.699 [main] DEBUG org.hibernate.type.BasicTypeRegistry -- Adding type registration calendar -> org.hibernate.type.BasicTypeReference@545607f2
12:24:26.699 [main] DEBUG org.hibernate.type.BasicTypeRegistry -- Adding type registration java.util.Calendar -> org.hibernate.type.BasicTypeReference@545607f2
12:24:26.699 [main] DEBUG org.hibernate.type.BasicTypeRegistry -- Adding type registration java.util.GregorianCalendar -> org.hibernate.type.BasicTypeReference@545607f2
12:24:26.699 [main] DEBUG org.hibernate.type.BasicTypeRegistry -- Adding type registration calendar_date -> org.hibernate.type.BasicTypeReference@39109136
12:24:26.699 [main] DEBUG org.hibernate.type.BasicTypeRegistry -- Adding type registration calendar_time -> org.hibernate.type.BasicTypeReference@27c04377
12:24:26.699 [main] DEBUG org.hibernate.type.BasicTypeRegistry -- Adding type registration instant -> org.hibernate.type.BasicTypeReference@34dc85a
12:24:26.699 [main] DEBUG org.hibernate.type.BasicTypeRegistry -- Adding type registration java.time.Instant -> org.hibernate.type.BasicTypeReference@34dc85a
12:24:26.699 [main] DEBUG org.hibernate.type.BasicTypeRegistry -- Adding type registration uuid -> org.hibernate.type.BasicTypeReference@67403656
12:24:26.699 [main] DEBUG org.hibernate.type.BasicTypeRegistry -- Adding type registration java.util.UUID -> org.hibernate.type.BasicTypeReference@67403656
12:24:26.699 [main] DEBUG org.hibernate.type.BasicTypeRegistry -- Adding type registration pg-uuid -> org.hibernate.type.BasicTypeReference@67403656
12:24:26.699 [main] DEBUG org.hibernate.type.BasicTypeRegistry -- Adding type registration uuid-binary -> org.hibernate.type.BasicTypeReference@5a6482a9
12:24:26.699 [main] DEBUG org.hibernate.type.BasicTypeRegistry -- Adding type registration uuid-char -> org.hibernate.type.BasicTypeReference@12f8b1d8
12:24:26.699 [main] DEBUG org.hibernate.type.BasicTypeRegistry -- Adding type registration class -> org.hibernate.type.BasicTypeReference@746cd757
12:24:26.699 [main] DEBUG org.hibernate.type.BasicTypeRegistry -- Adding type registration java.lang.Class -> org.hibernate.type.BasicTypeReference@746cd757
12:24:26.699 [main] DEBUG org.hibernate.type.BasicTypeRegistry -- Adding type registration currency -> org.hibernate.type.BasicTypeReference@ae372b9
12:24:26.699 [main] DEBUG org.hibernate.type.BasicTypeRegistry -- Adding type registration Currency -> org.hibernate.type.BasicTypeReference@ae372b9
12:24:26.699 [main] DEBUG org.hibernate.type.BasicTypeRegistry -- Adding type registration java.util.Currency -> org.hibernate.type.BasicTypeReference@ae372b9
12:24:26.699 [main] DEBUG org.hibernate.type.BasicTypeRegistry -- Adding type registration locale -> org.hibernate.type.BasicTypeReference@2098d37d
12:24:26.699 [main] DEBUG org.hibernate.type.BasicTypeRegistry -- Adding type registration java.util.Locale -> org.hibernate.type.BasicTypeReference@2098d37d
12:24:26.699 [main] DEBUG org.hibernate.type.BasicTypeRegistry -- Adding type registration serializable -> org.hibernate.type.BasicTypeReference@77b9d0c7
12:24:26.699 [main] DEBUG org.hibernate.type.BasicTypeRegistry -- Adding type registration java.io.Serializable -> org.hibernate.type.BasicTypeReference@77b9d0c7
12:24:26.699 [main] DEBUG org.hibernate.type.BasicTypeRegistry -- Adding type registration timezone -> org.hibernate.type.BasicTypeReference@65fd6708
12:24:26.699 [main] DEBUG org.hibernate.type.BasicTypeRegistry -- Adding type registration java.util.TimeZone -> org.hibernate.type.BasicTypeReference@65fd6708
12:24:26.699 [main] DEBUG org.hibernate.type.BasicTypeRegistry -- Adding type registration ZoneOffset -> org.hibernate.type.BasicTypeReference@749ab7b4
12:24:26.699 [main] DEBUG org.hibernate.type.BasicTypeRegistry -- Adding type registration java.time.ZoneOffset -> org.hibernate.type.BasicTypeReference@749ab7b4
12:24:26.699 [main] DEBUG org.hibernate.type.BasicTypeRegistry -- Adding type registration url -> org.hibernate.type.BasicTypeReference@127f9161
12:24:26.699 [main] DEBUG org.hibernate.type.BasicTypeRegistry -- Adding type registration java.net.URL -> org.hibernate.type.BasicTypeReference@127f9161
12:24:26.699 [main] DEBUG org.hibernate.type.BasicTypeRegistry -- Adding type registration vector -> org.hibernate.type.BasicTypeReference@2bf94401
12:24:26.699 [main] DEBUG org.hibernate.type.BasicTypeRegistry -- Adding type registration row_version -> org.hibernate.type.BasicTypeReference@2532b351
12:24:26.699 [main] DEBUG org.hibernate.type.BasicTypeRegistry -- Adding type registration object -> org.hibernate.type.JavaObjectType@6892cc6f
12:24:26.699 [main] DEBUG org.hibernate.type.BasicTypeRegistry -- Adding type registration java.lang.Object -> org.hibernate.type.JavaObjectType@6892cc6f
12:24:26.699 [main] DEBUG org.hibernate.type.BasicTypeRegistry -- Adding type registration null -> org.hibernate.type.NullType@621f89b8
12:24:26.699 [main] DEBUG org.hibernate.type.BasicTypeRegistry -- Adding type registration imm_date -> org.hibernate.type.BasicTypeReference@197d5a87
12:24:26.699 [main] DEBUG org.hibernate.type.BasicTypeRegistry -- Adding type registration imm_time -> org.hibernate.type.BasicTypeReference@131d977f
12:24:26.699 [main] DEBUG org.hibernate.type.BasicTypeRegistry -- Adding type registration imm_timestamp -> org.hibernate.type.BasicTypeReference@616f81b5
12:24:26.699 [main] DEBUG org.hibernate.type.BasicTypeRegistry -- Adding type registration imm_calendar -> org.hibernate.type.BasicTypeReference@4f552aa2
12:24:26.699 [main] DEBUG org.hibernate.type.BasicTypeRegistry -- Adding type registration imm_calendar_date -> org.hibernate.type.BasicTypeReference@3c8fe8ad
12:24:26.699 [main] DEBUG org.hibernate.type.BasicTypeRegistry -- Adding type registration imm_calendar_time -> org.hibernate.type.BasicTypeReference@43d6262c
12:24:26.699 [main] DEBUG org.hibernate.type.BasicTypeRegistry -- Adding type registration imm_binary -> org.hibernate.type.BasicTypeReference@5e2975ca
12:24:26.699 [main] DEBUG org.hibernate.type.BasicTypeRegistry -- Adding type registration imm_serializable -> org.hibernate.type.BasicTypeReference@38cf4497
12:24:26.700 [main] WARN org.hibernate.orm.connections.pooling -- HHH10001002: Using built-in connection pool (not intended for production use)
12:24:26.700 [main] INFO org.hibernate.orm.connections.pooling -- HHH10001005: Loaded JDBC driver class: org.apache.derby.jdbc.EmbeddedDriver
12:24:26.700 [main] INFO org.hibernate.orm.connections.pooling -- HHH10001012: Connecting with JDBC URL [jdbc:derby:database/SupermarketDB;create=true]
12:24:26.700 [main] INFO org.hibernate.orm.connections.pooling -- HHH10001001: Connection properties: {password=, user=}
12:24:26.700 [main] INFO org.hibernate.orm.connections.pooling -- HHH10001003: Autocommit mode: false
12:24:26.700 [main] DEBUG org.hibernate.orm.connections.pooling -- Initializing Connection pool with 1 Connections
12:24:26.700 [main] INFO org.hibernate.orm.connections.pooling -- HHH10001115: Connection pool size: 20 (min=1)
12:24:26.701 [main] DEBUG org.hibernate.engine.jdbc.env.internal.JdbcEnvironmentInitiator -- Database ->
	   name : Apache Derby
	version : 10.17.1.0 - (1913217)
	  major : 10
	  minor : 17
12:24:26.701 [main] DEBUG org.hibernate.engine.jdbc.env.internal.JdbcEnvironmentInitiator -- Driver ->
	   name : Apache Derby Embedded JDBC Driver
	version : 10.17.1.0 - (1913217)
	  major : 10
	  minor : 17
12:24:26.701 [main] DEBUG org.hibernate.engine.jdbc.env.internal.JdbcEnvironmentInitiator -- JDBC version : 4.2
12:24:26.702 [main] WARN org.hibernate.orm.deprecation -- HHH90000025: DerbyDialect does not need to be specified explicitly using 'hibernate.dialect' (remove the property setting and it will be selected by default)
12:24:26.702 [main] DEBUG org.hibernate.orm.dialect -- HHH035001: Using dialect: org.hibernate.dialect.DerbyDialect, version: 10.17.1
12:24:26.702 [main] DEBUG org.hibernate.orm.jdbc.lob -- HHH10010006: Disabling contextual NCLOB creation as createNClob() method threw error : java.sql.SQLFeatureNotSupportedException: Feature not implemented: No details.
12:24:26.702 [main] DEBUG org.hibernate.type.descriptor.sql.spi.DdlTypeRegistry -- addDescriptor(-3, org.hibernate.type.descriptor.sql.internal.CapacityDependentDdlType@b56c222) replaced previous registration(org.hibernate.type.descriptor.sql.internal.CapacityDependentDdlType@5a2035e1)
12:24:26.702 [main] DEBUG org.hibernate.type.descriptor.sql.spi.DdlTypeRegistry -- addDescriptor(12, org.hibernate.type.descriptor.sql.internal.CapacityDependentDdlType@4df7b4ac) replaced previous registration(org.hibernate.type.descriptor.sql.internal.CapacityDependentDdlType@7c47e077)
12:24:26.702 [main] DEBUG org.hibernate.type.descriptor.sql.spi.DdlTypeRegistry -- addDescriptor(-9, org.hibernate.type.descriptor.sql.internal.CapacityDependentDdlType@41bd6a0f) replaced previous registration(org.hibernate.type.descriptor.sql.internal.CapacityDependentDdlType@1ae9d0e4)
12:24:26.702 [main] DEBUG org.hibernate.type.descriptor.sql.spi.DdlTypeRegistry -- addDescriptor(-2, org.hibernate.type.descriptor.sql.internal.CapacityDependentDdlType@6acb45c1) replaced previous registration(org.hibernate.type.descriptor.sql.internal.DdlTypeImpl@294c44b7)
12:24:26.702 [main] DEBUG org.hibernate.type.descriptor.sql.spi.DdlTypeRegistry -- addDescriptor(1, org.hibernate.type.descriptor.sql.internal.CapacityDependentDdlType@30bbe83) replaced previous registration(org.hibernate.type.descriptor.sql.internal.DdlTypeImpl@57b130f6)
12:24:26.702 [main] DEBUG org.hibernate.type.descriptor.sql.spi.DdlTypeRegistry -- addDescriptor(-15, org.hibernate.type.descriptor.sql.internal.CapacityDependentDdlType@67e4928c) replaced previous registration(org.hibernate.type.descriptor.sql.internal.DdlTypeImpl@2cc61b3b)
12:24:26.702 [main] DEBUG org.hibernate.type.descriptor.jdbc.spi.JdbcTypeRegistry -- addDescriptor(2005, ClobTypeDescriptor(STREAM_BINDING)) replaced previous registration(ClobTypeDescriptor(DEFAULT))
12:24:26.702 [main] DEBUG org.hibernate.type.descriptor.jdbc.spi.JdbcTypeRegistry -- addDescriptor(2, DecimalTypeDescriptor) replaced previous registration(NumericTypeDescriptor)
12:24:26.702 [main] DEBUG org.hibernate.type.descriptor.jdbc.spi.JdbcTypeRegistry -- addDescriptor(2014, TimestampTypeDescriptor) replaced previous registration(TimestampWithTimeZoneDescriptor)
12:24:26.702 [main] DEBUG org.hibernate.type.BasicTypeRegistry -- BasicTypeRegistry registration overwritten (2000 + org.hibernate.type.descriptor.java.ObjectJavaType@2a27cb34); previous =`org.hibernate.type.NullType@621f89b8`
12:24:26.702 [main] DEBUG org.hibernate.type.BasicTypeRegistry -- Adding type registration JAVA_OBJECT -> org.hibernate.type.JavaObjectType@72e75786
12:24:26.702 [main] DEBUG org.hibernate.type.BasicTypeRegistry -- Adding type registration java.lang.Object -> org.hibernate.type.JavaObjectType@72e75786
12:24:26.702 [main] DEBUG org.hibernate.type.BasicTypeRegistry -- Type registration key [java.lang.Object] overrode previous entry : `org.hibernate.type.JavaObjectType@6892cc6f`
12:24:26.702 [main] DEBUG org.hibernate.type.BasicTypeRegistry -- Adding type registration org.hibernate.type.DurationType -> basicType@43(java.time.Duration,3015)
12:24:26.702 [main] DEBUG org.hibernate.type.BasicTypeRegistry -- Adding type registration Duration -> basicType@43(java.time.Duration,3015)
12:24:26.702 [main] DEBUG org.hibernate.type.BasicTypeRegistry -- Adding type registration java.time.Duration -> basicType@43(java.time.Duration,3015)
12:24:26.702 [main] DEBUG org.hibernate.type.BasicTypeRegistry -- Adding type registration org.hibernate.type.OffsetDateTimeType -> basicType@44(java.time.OffsetDateTime,3003)
12:24:26.702 [main] DEBUG org.hibernate.type.BasicTypeRegistry -- Adding type registration OffsetDateTime -> basicType@44(java.time.OffsetDateTime,3003)
12:24:26.702 [main] DEBUG org.hibernate.type.BasicTypeRegistry -- Adding type registration java.time.OffsetDateTime -> basicType@44(java.time.OffsetDateTime,3003)
12:24:26.702 [main] DEBUG org.hibernate.type.BasicTypeRegistry -- Adding type registration org.hibernate.type.ZonedDateTimeType -> basicType@45(java.time.ZonedDateTime,3003)
12:24:26.702 [main] DEBUG org.hibernate.type.BasicTypeRegistry -- Adding type registration ZonedDateTime -> basicType@45(java.time.ZonedDateTime,3003)
12:24:26.702 [main] DEBUG org.hibernate.type.BasicTypeRegistry -- Adding type registration java.time.ZonedDateTime -> basicType@45(java.time.ZonedDateTime,3003)
12:24:26.702 [main] DEBUG org.hibernate.type.BasicTypeRegistry -- Adding type registration org.hibernate.type.OffsetTimeType -> basicType@46(java.time.OffsetTime,3007)
12:24:26.702 [main] DEBUG org.hibernate.type.BasicTypeRegistry -- Adding type registration OffsetTime -> basicType@46(java.time.OffsetTime,3007)
12:24:26.702 [main] DEBUG org.hibernate.type.BasicTypeRegistry -- Adding type registration java.time.OffsetTime -> basicType@46(java.time.OffsetTime,3007)
12:24:26.702 [main] DEBUG org.hibernate.type.spi.TypeConfiguration$Scope -- Scoping TypeConfiguration [org.hibernate.type.spi.TypeConfiguration@2c0fefac] to MetadataBuildingContext [org.hibernate.boot.internal.MetadataBuildingContextRootImpl@6fbc7853]
12:24:26.702 [main] DEBUG org.hibernate.boot.model.relational.Namespace -- Created database namespace [logicalName=Name{catalog=null, schema=null}, physicalName=Name{catalog=null, schema=null}]
12:24:26.703 [main] DEBUG org.hibernate.boot.model.internal.EntityBinder -- Binding entity from annotated class: com.pdcgame.Models.GameSave
12:24:26.703 [main] DEBUG org.hibernate.boot.model.internal.EntityBinder -- Import with entity name GameSave
12:24:26.703 [main] DEBUG org.hibernate.boot.model.internal.EntityBinder -- Bind entity com.pdcgame.Models.GameSave on table game_save
12:24:26.703 [main] DEBUG org.hibernate.boot.model.internal.AnnotatedColumn -- Binding column: AnnotatedDiscriminatorColumn(column='DTYPE')
12:24:26.703 [main] DEBUG org.hibernate.boot.model.internal.AnnotatedColumn -- Binding column: AnnotatedColumn()
12:24:26.703 [main] DEBUG org.hibernate.boot.internal.ClassLoaderAccessImpl -- Not known whether passed class name [com.pdcgame.Models.GameSave] is safe
12:24:26.703 [main] DEBUG org.hibernate.boot.internal.ClassLoaderAccessImpl -- No temp ClassLoader provided; using live ClassLoader for loading potentially unsafe class : com.pdcgame.Models.GameSave
12:24:26.703 [main] DEBUG org.hibernate.boot.model.internal.PropertyBinder -- MetadataSourceProcessor property id with lazy=false
12:24:26.703 [main] DEBUG org.hibernate.boot.model.internal.AbstractPropertyHolder -- Attempting to locate auto-apply AttributeConverter for property [com.pdcgame.Models.GameSave:id]
12:24:26.703 [main] DEBUG org.hibernate.boot.model.internal.BasicValueBinder -- building BasicValue for id
12:24:26.703 [main] DEBUG org.hibernate.mapping.BasicValue -- Skipping column re-registration: game_save.id
12:24:26.703 [main] DEBUG org.hibernate.boot.model.internal.PropertyBinder -- Building property id
12:24:26.703 [main] DEBUG org.hibernate.boot.model.internal.BinderHelper -- #makeIdGenerator(BasicValue([Column(id)]), id, assigned, , ...)
12:24:26.703 [main] DEBUG org.hibernate.boot.model.internal.AnnotatedColumn -- Binding column: AnnotatedColumn()
12:24:26.703 [main] DEBUG org.hibernate.boot.model.internal.PropertyBinder -- MetadataSourceProcessor property actions with lazy=false
12:24:26.703 [main] DEBUG org.hibernate.boot.model.internal.AbstractPropertyHolder -- Attempting to locate auto-apply AttributeConverter for property [com.pdcgame.Models.GameSave:actions]
12:24:26.703 [main] DEBUG org.hibernate.boot.model.internal.BasicValueBinder -- building BasicValue for actions
12:24:26.703 [main] DEBUG org.hibernate.mapping.BasicValue -- Skipping column re-registration: game_save.actions
12:24:26.703 [main] DEBUG org.hibernate.boot.model.internal.PropertyBinder -- Building property actions
12:24:26.703 [main] DEBUG org.hibernate.boot.model.internal.AnnotatedColumn -- Binding column: AnnotatedColumn()
12:24:26.703 [main] DEBUG org.hibernate.boot.model.internal.PropertyBinder -- MetadataSourceProcessor property balance with lazy=false
12:24:26.703 [main] DEBUG org.hibernate.boot.model.internal.AbstractPropertyHolder -- Attempting to locate auto-apply AttributeConverter for property [com.pdcgame.Models.GameSave:balance]
12:24:26.703 [main] DEBUG org.hibernate.boot.model.internal.BasicValueBinder -- building BasicValue for balance
12:24:26.703 [main] DEBUG org.hibernate.mapping.BasicValue -- Skipping column re-registration: game_save.balance
12:24:26.703 [main] DEBUG org.hibernate.boot.model.internal.PropertyBinder -- Building property balance
12:24:26.704 [main] DEBUG org.hibernate.boot.model.internal.AnnotatedColumn -- Binding column: AnnotatedColumn()
12:24:26.704 [main] DEBUG org.hibernate.boot.model.internal.PropertyBinder -- MetadataSourceProcessor property day with lazy=false
12:24:26.704 [main] DEBUG org.hibernate.boot.model.internal.AbstractPropertyHolder -- Attempting to locate auto-apply AttributeConverter for property [com.pdcgame.Models.GameSave:day]
12:24:26.704 [main] DEBUG org.hibernate.boot.model.internal.BasicValueBinder -- building BasicValue for day
12:24:26.704 [main] DEBUG org.hibernate.mapping.BasicValue -- Skipping column re-registration: game_save.day
12:24:26.704 [main] DEBUG org.hibernate.boot.model.internal.PropertyBinder -- Building property day
12:24:26.704 [main] DEBUG org.hibernate.boot.model.internal.AnnotatedColumn -- Binding column: AnnotatedColumn()
12:24:26.704 [main] DEBUG org.hibernate.boot.model.internal.PropertyBinder -- MetadataSourceProcessor property difficulty with lazy=false
12:24:26.704 [main] DEBUG org.hibernate.boot.model.internal.AbstractPropertyHolder -- Attempting to locate auto-apply AttributeConverter for property [com.pdcgame.Models.GameSave:difficulty]
12:24:26.704 [main] DEBUG org.hibernate.boot.model.internal.BasicValueBinder -- building BasicValue for difficulty
12:24:26.704 [main] DEBUG org.hibernate.mapping.BasicValue -- Skipping column re-registration: game_save.difficulty
12:24:26.704 [main] DEBUG org.hibernate.boot.model.internal.PropertyBinder -- Building property difficulty
12:24:26.704 [main] DEBUG org.hibernate.boot.model.internal.AnnotatedColumn -- Binding column: AnnotatedColumn()
12:24:26.704 [main] DEBUG org.hibernate.boot.model.internal.PropertyBinder -- MetadataSourceProcessor property gameSeed with lazy=false
12:24:26.704 [main] DEBUG org.hibernate.boot.model.internal.AbstractPropertyHolder -- Attempting to locate auto-apply AttributeConverter for property [com.pdcgame.Models.GameSave:gameSeed]
12:24:26.704 [main] DEBUG org.hibernate.boot.model.internal.BasicValueBinder -- building BasicValue for gameSeed
12:24:26.704 [main] DEBUG org.hibernate.mapping.BasicValue -- Skipping column re-registration: game_save.gameSeed
12:24:26.704 [main] DEBUG org.hibernate.boot.model.internal.PropertyBinder -- Building property gameSeed
12:24:26.704 [main] DEBUG org.hibernate.boot.model.internal.AnnotatedColumn -- Binding column: AnnotatedColumn()
12:24:26.704 [main] DEBUG org.hibernate.boot.model.internal.PropertyBinder -- MetadataSourceProcessor property rating with lazy=false
12:24:26.704 [main] DEBUG org.hibernate.boot.model.internal.AbstractPropertyHolder -- Attempting to locate auto-apply AttributeConverter for property [com.pdcgame.Models.GameSave:rating]
12:24:26.704 [main] DEBUG org.hibernate.boot.model.internal.BasicValueBinder -- building BasicValue for rating
12:24:26.704 [main] DEBUG org.hibernate.mapping.BasicValue -- Skipping column re-registration: game_save.rating
12:24:26.704 [main] DEBUG org.hibernate.boot.model.internal.PropertyBinder -- Building property rating
12:24:26.704 [main] DEBUG org.hibernate.boot.model.internal.AnnotatedColumn -- Binding column: AnnotatedColumn()
12:24:26.704 [main] DEBUG org.hibernate.boot.model.internal.PropertyBinder -- MetadataSourceProcessor property totalActions with lazy=false
12:24:26.704 [main] DEBUG org.hibernate.boot.model.internal.AbstractPropertyHolder -- Attempting to locate auto-apply AttributeConverter for property [com.pdcgame.Models.GameSave:totalActions]
12:24:26.704 [main] DEBUG org.hibernate.boot.model.internal.BasicValueBinder -- building BasicValue for totalActions
12:24:26.704 [main] DEBUG org.hibernate.mapping.BasicValue -- Skipping column re-registration: game_save.totalActions
12:24:26.704 [main] DEBUG org.hibernate.boot.model.internal.PropertyBinder -- Building property totalActions
12:24:26.704 [main] DEBUG org.hibernate.boot.registry.classloading.internal.ClassLoaderServiceImpl -- HHH000194: Package not found or no package-info.java: com.pdcgame.Models
12:24:26.704 [main] DEBUG org.hibernate.boot.model.internal.EntityBinder -- Binding entity from annotated class: com.pdcgame.Models.InventorySave
12:24:26.704 [main] DEBUG org.hibernate.boot.model.internal.EntityBinder -- Import with entity name InventorySave
12:24:26.704 [main] DEBUG org.hibernate.boot.model.internal.EntityBinder -- Bind entity com.pdcgame.Models.InventorySave on table inventory_save
12:24:26.704 [main] DEBUG org.hibernate.boot.model.internal.AnnotatedColumn -- Binding column: AnnotatedDiscriminatorColumn(column='DTYPE')
12:24:26.704 [main] DEBUG org.hibernate.boot.model.internal.AnnotatedColumn -- Binding column: AnnotatedColumn(column='product_name')
12:24:26.704 [main] DEBUG org.hibernate.boot.internal.ClassLoaderAccessImpl -- Not known whether passed class name [com.pdcgame.Models.InventorySave] is safe
12:24:26.704 [main] DEBUG org.hibernate.boot.internal.ClassLoaderAccessImpl -- No temp ClassLoader provided; using live ClassLoader for loading potentially unsafe class : com.pdcgame.Models.InventorySave
12:24:26.704 [main] DEBUG org.hibernate.boot.model.internal.PropertyBinder -- MetadataSourceProcessor property productName with lazy=false
12:24:26.704 [main] DEBUG org.hibernate.boot.model.internal.AbstractPropertyHolder -- Attempting to locate auto-apply AttributeConverter for property [com.pdcgame.Models.InventorySave:productName]
12:24:26.704 [main] DEBUG org.hibernate.boot.model.internal.BasicValueBinder -- building BasicValue for productName
12:24:26.704 [main] DEBUG org.hibernate.mapping.BasicValue -- Skipping column re-registration: inventory_save.product_name
12:24:26.704 [main] DEBUG org.hibernate.boot.model.internal.PropertyBinder -- Building property productName
12:24:26.704 [main] DEBUG org.hibernate.boot.model.internal.BinderHelper -- #makeIdGenerator(BasicValue([Column(product_name)]), productName, assigned, , ...)
12:24:26.704 [main] DEBUG org.hibernate.boot.model.internal.AnnotatedColumn -- Binding column: AnnotatedColumn(column='quantity')
12:24:26.705 [main] DEBUG org.hibernate.boot.model.internal.PropertyBinder -- MetadataSourceProcessor property quantity with lazy=false
12:24:26.705 [main] DEBUG org.hibernate.boot.model.internal.AbstractPropertyHolder -- Attempting to locate auto-apply AttributeConverter for property [com.pdcgame.Models.InventorySave:quantity]
12:24:26.705 [main] DEBUG org.hibernate.boot.model.internal.BasicValueBinder -- building BasicValue for quantity
12:24:26.705 [main] DEBUG org.hibernate.mapping.BasicValue -- Skipping column re-registration: inventory_save.quantity
12:24:26.705 [main] DEBUG org.hibernate.boot.model.internal.PropertyBinder -- Building property quantity
12:24:26.705 [main] DEBUG org.hibernate.boot.model.internal.AnnotatedColumn -- Binding column: AnnotatedColumn(column='sell_price')
12:24:26.705 [main] DEBUG org.hibernate.boot.model.internal.PropertyBinder -- MetadataSourceProcessor property sellPrice with lazy=false
12:24:26.705 [main] DEBUG org.hibernate.boot.model.internal.AbstractPropertyHolder -- Attempting to locate auto-apply AttributeConverter for property [com.pdcgame.Models.InventorySave:sellPrice]
12:24:26.705 [main] DEBUG org.hibernate.boot.model.internal.BasicValueBinder -- building BasicValue for sellPrice
12:24:26.705 [main] DEBUG org.hibernate.mapping.BasicValue -- Skipping column re-registration: inventory_save.sell_price
12:24:26.705 [main] DEBUG org.hibernate.boot.model.internal.PropertyBinder -- Building property sellPrice
12:24:26.705 [main] DEBUG org.hibernate.boot.registry.classloading.internal.ClassLoaderServiceImpl -- HHH000194: Package not found or no package-info.java: com.pdcgame.Models
12:24:26.705 [main] DEBUG org.hibernate.boot.model.internal.EntityBinder -- Binding entity from annotated class: com.pdcgame.Models.BoardSave
12:24:26.705 [main] DEBUG org.hibernate.boot.model.internal.EntityBinder -- Import with entity name BoardSave
12:24:26.705 [main] DEBUG org.hibernate.boot.model.internal.EntityBinder -- Bind entity com.pdcgame.Models.BoardSave on table board_save
12:24:26.705 [main] DEBUG org.hibernate.boot.model.internal.AnnotatedColumn -- Binding column: AnnotatedDiscriminatorColumn(column='DTYPE')
12:24:26.705 [main] DEBUG org.hibernate.boot.model.internal.AnnotatedColumn -- Binding column: AnnotatedColumn()
12:24:26.705 [main] DEBUG org.hibernate.boot.internal.ClassLoaderAccessImpl -- Not known whether passed class name [com.pdcgame.Models.BoardSave] is safe
12:24:26.705 [main] DEBUG org.hibernate.boot.internal.ClassLoaderAccessImpl -- No temp ClassLoader provided; using live ClassLoader for loading potentially unsafe class : com.pdcgame.Models.BoardSave
12:24:26.705 [main] DEBUG org.hibernate.boot.model.internal.PropertyBinder -- MetadataSourceProcessor property coordinateID with lazy=false
12:24:26.705 [main] DEBUG org.hibernate.boot.model.internal.AbstractPropertyHolder -- Attempting to locate auto-apply AttributeConverter for property [com.pdcgame.Models.BoardSave:coordinateID]
12:24:26.705 [main] DEBUG org.hibernate.boot.model.internal.BasicValueBinder -- building BasicValue for coordinateID
12:24:26.705 [main] DEBUG org.hibernate.mapping.BasicValue -- Skipping column re-registration: board_save.coordinateID
12:24:26.705 [main] DEBUG org.hibernate.boot.model.internal.PropertyBinder -- Building property coordinateID
12:24:26.705 [main] DEBUG org.hibernate.boot.model.internal.BinderHelper -- #makeIdGenerator(BasicValue([Column(coordinateID)]), coordinateID, assigned, , ...)
12:24:26.705 [main] DEBUG org.hibernate.boot.model.internal.AnnotatedColumn -- Binding column: AnnotatedColumn()
12:24:26.705 [main] DEBUG org.hibernate.boot.model.internal.PropertyBinder -- MetadataSourceProcessor property boardCell with lazy=false
12:24:26.705 [main] DEBUG org.hibernate.boot.model.internal.AbstractPropertyHolder -- Attempting to locate auto-apply AttributeConverter for property [com.pdcgame.Models.BoardSave:boardCell]
12:24:26.705 [main] DEBUG org.hibernate.boot.model.internal.BasicValueBinder -- building BasicValue for boardCell
12:24:26.705 [main] DEBUG org.hibernate.mapping.BasicValue -- Skipping column re-registration: board_save.boardCell
12:24:26.705 [main] DEBUG org.hibernate.boot.model.internal.PropertyBinder -- Building property boardCell
12:24:26.705 [main] DEBUG org.hibernate.boot.registry.classloading.internal.ClassLoaderServiceImpl -- HHH000194: Package not found or no package-info.java: com.pdcgame.Models
12:24:26.705 [main] DEBUG org.hibernate.boot.model.internal.EntityBinder -- Binding entity from annotated class: com.pdcgame.Models.StorageItemSave
12:24:26.705 [main] DEBUG org.hibernate.boot.model.internal.EntityBinder -- Import with entity name StorageItemSave
12:24:26.705 [main] DEBUG org.hibernate.boot.model.internal.EntityBinder -- Bind entity com.pdcgame.Models.StorageItemSave on table storage_save
12:24:26.706 [main] DEBUG org.hibernate.boot.model.internal.AnnotatedColumn -- Binding column: AnnotatedDiscriminatorColumn(column='DTYPE')
12:24:26.706 [main] DEBUG org.hibernate.boot.model.internal.AnnotatedColumn -- Binding column: AnnotatedColumn()
12:24:26.706 [main] DEBUG org.hibernate.boot.internal.ClassLoaderAccessImpl -- Not known whether passed class name [com.pdcgame.Models.StorageItemSave] is safe
12:24:26.706 [main] DEBUG org.hibernate.boot.internal.ClassLoaderAccessImpl -- No temp ClassLoader provided; using live ClassLoader for loading potentially unsafe class : com.pdcgame.Models.StorageItemSave
12:24:26.706 [main] DEBUG org.hibernate.boot.model.internal.PropertyBinder -- MetadataSourceProcessor property id with lazy=false
12:24:26.706 [main] DEBUG org.hibernate.boot.model.internal.AbstractPropertyHolder -- Attempting to locate auto-apply AttributeConverter for property [com.pdcgame.Models.StorageItemSave:id]
12:24:26.706 [main] DEBUG org.hibernate.boot.model.internal.BasicValueBinder -- building BasicValue for id
12:24:26.706 [main] DEBUG org.hibernate.mapping.BasicValue -- Skipping column re-registration: storage_save.id
12:24:26.706 [main] DEBUG org.hibernate.boot.model.internal.PropertyBinder -- Building property id
12:24:26.706 [main] DEBUG org.hibernate.boot.model.internal.BinderHelper -- #makeIdGenerator(BasicValue([Column(id)]), id, identity, , ...)
12:24:26.706 [main] DEBUG org.hibernate.boot.model.internal.AnnotatedColumn -- Binding column: AnnotatedColumn(column='coordinate_id')
12:24:26.706 [main] DEBUG org.hibernate.boot.model.internal.PropertyBinder -- MetadataSourceProcessor property coordinateID with lazy=false
12:24:26.706 [main] DEBUG org.hibernate.boot.model.internal.AbstractPropertyHolder -- Attempting to locate auto-apply AttributeConverter for property [com.pdcgame.Models.StorageItemSave:coordinateID]
12:24:26.706 [main] DEBUG org.hibernate.boot.model.internal.BasicValueBinder -- building BasicValue for coordinateID
12:24:26.706 [main] DEBUG org.hibernate.mapping.BasicValue -- Skipping column re-registration: storage_save.coordinate_id
12:24:26.706 [main] DEBUG org.hibernate.boot.model.internal.PropertyBinder -- Building property coordinateID
12:24:26.706 [main] DEBUG org.hibernate.boot.model.internal.AnnotatedColumn -- Binding column: AnnotatedColumn(column='product_name')
12:24:26.706 [main] DEBUG org.hibernate.boot.model.internal.PropertyBinder -- MetadataSourceProcessor property productName with lazy=false
12:24:26.706 [main] DEBUG org.hibernate.boot.model.internal.AbstractPropertyHolder -- Attempting to locate auto-apply AttributeConverter for property [com.pdcgame.Models.StorageItemSave:productName]
12:24:26.706 [main] DEBUG org.hibernate.boot.model.internal.BasicValueBinder -- building BasicValue for productName
12:24:26.706 [main] DEBUG org.hibernate.mapping.BasicValue -- Skipping column re-registration: storage_save.product_name
12:24:26.706 [main] DEBUG org.hibernate.boot.model.internal.PropertyBinder -- Building property productName
12:24:26.706 [main] DEBUG org.hibernate.boot.model.internal.AnnotatedColumn -- Binding column: AnnotatedColumn(column='quantity')
12:24:26.706 [main] DEBUG org.hibernate.boot.model.internal.PropertyBinder -- MetadataSourceProcessor property quantity with lazy=false
12:24:26.706 [main] DEBUG org.hibernate.boot.model.internal.AbstractPropertyHolder -- Attempting to locate auto-apply AttributeConverter for property [com.pdcgame.Models.StorageItemSave:quantity]
12:24:26.706 [main] DEBUG org.hibernate.boot.model.internal.BasicValueBinder -- building BasicValue for quantity
12:24:26.706 [main] DEBUG org.hibernate.mapping.BasicValue -- Skipping column re-registration: storage_save.quantity
12:24:26.706 [main] DEBUG org.hibernate.boot.model.internal.PropertyBinder -- Building property quantity
12:24:26.706 [main] DEBUG org.hibernate.boot.registry.classloading.internal.ClassLoaderServiceImpl -- HHH000194: Package not found or no package-info.java: com.pdcgame.Models
12:24:26.706 [main] DEBUG org.hibernate.boot.model.internal.BasicValueBinder -- Starting `BasicValueBinder#fillSimpleValue` for id
12:24:26.706 [main] DEBUG org.hibernate.boot.model.internal.BasicValueBinder -- Starting `BasicValueBinder#fillSimpleValue` for actions
12:24:26.706 [main] DEBUG org.hibernate.boot.model.internal.BasicValueBinder -- Starting `BasicValueBinder#fillSimpleValue` for balance
12:24:26.706 [main] DEBUG org.hibernate.boot.model.internal.BasicValueBinder -- Starting `BasicValueBinder#fillSimpleValue` for day
12:24:26.706 [main] DEBUG org.hibernate.boot.model.internal.BasicValueBinder -- Starting `BasicValueBinder#fillSimpleValue` for difficulty
12:24:26.706 [main] DEBUG org.hibernate.boot.model.internal.BasicValueBinder -- Starting `BasicValueBinder#fillSimpleValue` for gameSeed
12:24:26.706 [main] DEBUG org.hibernate.boot.model.internal.BasicValueBinder -- Starting `BasicValueBinder#fillSimpleValue` for rating
12:24:26.706 [main] DEBUG org.hibernate.boot.model.internal.BasicValueBinder -- Starting `BasicValueBinder#fillSimpleValue` for totalActions
12:24:26.706 [main] DEBUG org.hibernate.boot.model.internal.BasicValueBinder -- Starting `BasicValueBinder#fillSimpleValue` for productName
12:24:26.706 [main] DEBUG org.hibernate.boot.model.internal.BasicValueBinder -- Starting `BasicValueBinder#fillSimpleValue` for quantity
12:24:26.706 [main] DEBUG org.hibernate.boot.model.internal.BasicValueBinder -- Starting `BasicValueBinder#fillSimpleValue` for sellPrice
12:24:26.706 [main] DEBUG org.hibernate.boot.model.internal.BasicValueBinder -- Starting `BasicValueBinder#fillSimpleValue` for coordinateID
12:24:26.706 [main] DEBUG org.hibernate.boot.model.internal.BasicValueBinder -- Starting `BasicValueBinder#fillSimpleValue` for boardCell
12:24:26.706 [main] DEBUG org.hibernate.boot.model.internal.BasicValueBinder -- Starting `BasicValueBinder#fillSimpleValue` for id
12:24:26.706 [main] DEBUG org.hibernate.boot.model.internal.BasicValueBinder -- Starting `BasicValueBinder#fillSimpleValue` for coordinateID
12:24:26.706 [main] DEBUG org.hibernate.boot.model.internal.BasicValueBinder -- Starting `BasicValueBinder#fillSimpleValue` for productName
12:24:26.706 [main] DEBUG org.hibernate.boot.model.internal.BasicValueBinder -- Starting `BasicValueBinder#fillSimpleValue` for quantity
12:24:26.706 [main] DEBUG org.hibernate.mapping.PrimaryKey -- Forcing column [id] to be non-null as it is part of the primary key for table [game_save]
12:24:26.706 [main] DEBUG org.hibernate.mapping.PrimaryKey -- Forcing column [product_name] to be non-null as it is part of the primary key for table [inventory_save]
12:24:26.707 [main] DEBUG org.hibernate.mapping.PrimaryKey -- Forcing column [coordinateid] to be non-null as it is part of the primary key for table [board_save]
12:24:26.707 [main] DEBUG org.hibernate.mapping.PrimaryKey -- Forcing column [id] to be non-null as it is part of the primary key for table [storage_save]
12:24:26.711 [main] DEBUG org.hibernate.internal.SessionFactoryImpl -- Building session factory
12:24:26.711 [main] DEBUG org.hibernate.service.internal.SessionFactoryServiceRegistryImpl -- EventListenerRegistry access via ServiceRegistry is deprecated.  Use `sessionFactory.getEventEngine().getListenerRegistry()` instead
12:24:26.711 [main] DEBUG org.hibernate.internal.SessionFactoryImpl -- Instantiating SessionFactory with settings: {hibernate.format_sql=false, java.specification.version=21, sun.cpu.isalist=amd64, sun.jnu.encoding=Cp1252, hibernate.dialect=org.hibernate.dialect.DerbyDialect, java.class.path=C:\Users\prish\Documents\SupermarketSimulatorGUI\SupermarketSimulatorGUI\target\test-classes;C:\Users\prish\Documents\SupermarketSimulatorGUI\SupermarketSimulatorGUI\target\classes;C:\Users\prish\.m2\repository\org\hibernate\orm\hibernate-core\6.5.0.Final\hibernate-core-6.5.0.Final.jar;C:\Users\prish\.m2\repository\jakarta\persistence\jakarta.persistence-api\3.1.0\jakarta.persistence-api-3.1.0.jar;C:\Users\prish\.m2\repository\jakarta\transaction\jakarta.transaction-api\2.0.1\jakarta.transaction-api-2.0.1.jar;C:\Users\prish\.m2\repository\org\jboss\logging\jboss-logging\3.5.0.Final\jboss-logging-3.5.0.Final.jar;C:\Users\prish\.m2\repository\org\hibernate\common\hibernate-commons-annotations\6.0.6.Final\hibernate-commons-annotations-6.0.6.Final.jar;C:\Users\prish\.m2\repository\io\smallrye\jandex\3.1.2\jandex-3.1.2.jar;C:\Users\prish\.m2\repository\com\fasterxml\classmate\1.5.1\classmate-1.5.1.jar;C:\Users\prish\.m2\repository\net\bytebuddy\byte-buddy\1.14.12\byte-buddy-1.14.12.jar;C:\Users\prish\.m2\repository\jakarta\xml\bind\jakarta.xml.bind-api\4.0.0\jakarta.xml.bind-api-4.0.0.jar;C:\Users\prish\.m2\repository\jakarta\activation\jakarta.activation-api\2.1.0\jakarta.activation-api-2.1.0.jar;C:\Users\prish\.m2\repository\org\glassfish\jaxb\jaxb-runtime\4.0.2\jaxb-runtime-4.0.2.jar;C:\Users\prish\.m2\repository\org\glassfish\jaxb\jaxb-core\4.0.2\jaxb-core-4.0.2.jar;C:\Users\prish\.m2\repository\org\eclipse\angus\angus-activation\2.0.0\angus-activation-2.0.0.jar;C:\Users\prish\.m2\repository\org\glassfish\jaxb\txw2\4.0.2\txw2-4.0.2.jar;C:\Users\prish\.m2\repository\com\sun\istack\istack-commons-runtime\4.1.1\istack-commons-runtime-4.1.1.jar;C:\Users\prish\.m2\repository\jakarta\inject\jakarta.inject-api\2.0.1\jakarta.inject-api-2.0.1.jar;C:\Users\prish\.m2\repository\org\antlr\antlr4-runtime\4.13.0\antlr4-runtime-4.13.0.jar;C:\Users\prish\.m2\repository\org\apache\derby\derby\10.17.1.0\derby-10.17.1.0.jar;C:\Users\prish\.m2\repository\org\apache\derby\derbyshared\10.17.1.0\derbyshared-10.17.1.0.jar;C:\Users\prish\.m2\repository\org\apache\derby\derbyclient\10.17.1.0\derbyclient-10.17.1.0.jar;C:\Users\prish\.m2\repository\org\apache\derby\derbytools\10.17.1.0\derbytools-10.17.1.0.jar;C:\Users\prish\.m2\repository\org\slf4j\slf4j-api\2.0.13\slf4j-api-2.0.13.jar;C:\Users\prish\.m2\repository\ch\qos\logback\logback-classic\1.5.6\logback-classic-1.5.6.jar;C:\Users\prish\.m2\repository\ch\qos\logback\logback-core\1.5.6\logback-core-1.5.6.jar;C:\Users\prish\.m2\repository\junit\junit\4.13.2\junit-4.13.2.jar;C:\Users\prish\.m2\repository\org\hamcrest\hamcrest-core\1.3\hamcrest-core-1.3.jar;, sun.awt.enableExtraMouseButtons=true, java.vm.vendor=Oracle Corporation, sun.arch.data.model=64, user.variant=, java.vendor.url=https://java.oracle.com/, user.timezone=Pacific/Auckland, java.vm.specification.version=21, os.name=Windows 11, sun.java.launcher=SUN_STANDARD, user.country=AU, sun.boot.library.path=C:\Program Files\Java\jdk-21\bin, sun.java.command=C:\Users\prish\AppData\Local\Temp\surefire2178601601331851571\surefirebooter-20250616122424464_3.jar C:\Users\prish\AppData\Local\Temp\surefire2178601601331851571 2025-06-16T12-24-24_321-jvmRun1 surefire-20250616122424464_1tmp surefire_0-20250616122424464_2tmp, jdk.debug=release, surefire.test.class.path=C:\Users\prish\Documents\SupermarketSimulatorGUI\SupermarketSimulatorGUI\target\test-classes;C:\Users\prish\Documents\SupermarketSimulatorGUI\SupermarketSimulatorGUI\target\classes;C:\Users\prish\.m2\repository\org\hibernate\orm\hibernate-core\6.5.0.Final\hibernate-core-6.5.0.Final.jar;C:\Users\prish\.m2\repository\jakarta\persistence\jakarta.persistence-api\3.1.0\jakarta.persistence-api-3.1.0.jar;C:\Users\prish\.m2\repository\jakarta\transaction\jakarta.transaction-api\2.0.1\jakarta.transaction-api-2.0.1.jar;C:\Users\prish\.m2\repository\org\jboss\logging\jboss-logging\3.5.0.Final\jboss-logging-3.5.0.Final.jar;C:\Users\prish\.m2\repository\org\hibernate\common\hibernate-commons-annotations\6.0.6.Final\hibernate-commons-annotations-6.0.6.Final.jar;C:\Users\prish\.m2\repository\io\smallrye\jandex\3.1.2\jandex-3.1.2.jar;C:\Users\prish\.m2\repository\com\fasterxml\classmate\1.5.1\classmate-1.5.1.jar;C:\Users\prish\.m2\repository\net\bytebuddy\byte-buddy\1.14.12\byte-buddy-1.14.12.jar;C:\Users\prish\.m2\repository\jakarta\xml\bind\jakarta.xml.bind-api\4.0.0\jakarta.xml.bind-api-4.0.0.jar;C:\Users\prish\.m2\repository\jakarta\activation\jakarta.activation-api\2.1.0\jakarta.activation-api-2.1.0.jar;C:\Users\prish\.m2\repository\org\glassfish\jaxb\jaxb-runtime\4.0.2\jaxb-runtime-4.0.2.jar;C:\Users\prish\.m2\repository\org\glassfish\jaxb\jaxb-core\4.0.2\jaxb-core-4.0.2.jar;C:\Users\prish\.m2\repository\org\eclipse\angus\angus-activation\2.0.0\angus-activation-2.0.0.jar;C:\Users\prish\.m2\repository\org\glassfish\jaxb\txw2\4.0.2\txw2-4.0.2.jar;C:\Users\prish\.m2\repository\com\sun\istack\istack-commons-runtime\4.1.1\istack-commons-runtime-4.1.1.jar;C:\Users\prish\.m2\repository\jakarta\inject\jakarta.inject-api\2.0.1\jakarta.inject-api-2.0.1.jar;C:\Users\prish\.m2\repository\org\antlr\antlr4-runtime\4.13.0\antlr4-runtime-4.13.0.jar;C:\Users\prish\.m2\repository\org\apache\derby\derby\10.17.1.0\derby-10.17.1.0.jar;C:\Users\prish\.m2\repository\org\apache\derby\derbyshared\10.17.1.0\derbyshared-10.17.1.0.jar;C:\Users\prish\.m2\repository\org\apache\derby\derbyclient\10.17.1.0\derbyclient-10.17.1.0.jar;C:\Users\prish\.m2\repository\org\apache\derby\derbytools\10.17.1.0\derbytools-10.17.1.0.jar;C:\Users\prish\.m2\repository\org\slf4j\slf4j-api\2.0.13\slf4j-api-2.0.13.jar;C:\Users\prish\.m2\repository\ch\qos\logback\logback-classic\1.5.6\logback-classic-1.5.6.jar;C:\Users\prish\.m2\repository\ch\qos\logback\logback-core\1.5.6\logback-core-1.5.6.jar;C:\Users\prish\.m2\repository\junit\junit\4.13.2\junit-4.13.2.jar;C:\Users\prish\.m2\repository\org\hamcrest\hamcrest-core\1.3\hamcrest-core-1.3.jar;, sun.cpu.endian=little, user.home=C:\Users\prish, user.language=en, java.specification.vendor=Oracle Corporation, java.version.date=2024-10-15, java.home=C:\Program Files\Java\jdk-21, file.separator=\, basedir=C:\Users\prish\Documents\SupermarketSimulatorGUI\SupermarketSimulatorGUI, java.vm.compressedOopsMode=Zero based, line.separator=
, java.vm.specification.vendor=Oracle Corporation, java.specification.name=Java Platform API Specification, surefire.real.class.path=C:\Users\prish\AppData\Local\Temp\surefire2178601601331851571\surefirebooter-20250616122424464_3.jar, hibernate.hbm2ddl.auto=update, user.script=, sun.management.compiler=HotSpot 64-Bit Tiered Compilers, java.runtime.version=21.0.5+9-LTS-239, user.name=prish, stdout.encoding=Cp1252, path.separator=;, hibernate.connection.username=****, os.version=10.0, java.runtime.name=Java(TM) SE Runtime Environment, hibernate.connection.url=jdbc:derby:database/SupermarketDB;create=true, file.encoding=UTF-8, java.vm.name=Java HotSpot(TM) 64-Bit Server VM, hibernate.show_sql=false, maven.ext.class.path=C:\Program Files\NetBeans-23\netbeans\java\maven-nblib\netbeans-eventspy.jar, localRepository=C:\Users\prish\.m2\repository, hibernate.connection.driver_class=org.apache.derby.jdbc.EmbeddedDriver, java.vendor.url.bug=https://bugreport.java.com/bugreport/, java.io.tmpdir=C:\Users\prish\AppData\Local\Temp\, java.version=21.0.5, user.dir=C:\Users\prish\Documents\SupermarketSimulatorGUI\SupermarketSimulatorGUI, os.arch=amd64, java.vm.specification.name=Java Virtual Machine Specification, hibernate.connection.password=****, sun.os.patch.level=, hibernate.boot.CfgXmlAccessService.key=org.hibernate.boot.cfgxml.spi.LoadedConfig@3359c3f6, native.encoding=Cp1252, java.library.path=C:\Program Files\Java\jdk-21\bin;C:\WINDOWS\Sun\Java\bin;C:\WINDOWS\system32;C:\WINDOWS;C:\Program Files\Common Files\Oracle\Java\javapath;C:\WINDOWS\system32;C:\WINDOWS;C:\WINDOWS\System32\Wbem;C:\WINDOWS\System32\WindowsPowerShell\v1.0\;C:\WINDOWS\System32\OpenSSH\;C:\Program Files (x86)\NVIDIA Corporation\PhysX\Common;C:\Program Files\NVIDIA Corporation\NVIDIA app\NvDLISR;C:\Program Files\Git\cmd;C:\Users\prish\AppData\Local\Microsoft\WindowsApps;C:\Users\prish\AppData\Local\Programs\Microsoft VS Code\bin;C:\Users\prish\AppData\Local\JetBrains\Toolbox\scripts;C:\Users\prish\AppData\Local\GitHubDesktop\bin;., stderr.encoding=Cp1252, java.vendor=Oracle Corporation, java.vm.info=mixed mode, sharing, java.vm.version=21.0.5+9-LTS-239, sun.io.unicode.encoding=UnicodeLittle, java.class.version=65.0}
12:24:26.711 [main] DEBUG org.hibernate.internal.SessionFactoryImpl -- Session factory constructed with filter configurations : {}
12:24:26.712 [main] DEBUG org.hibernate.query.sqm.function.SqmFunctionRegistry -- Registered SqmFunctionTemplate [NamedSqmFunctionTemplate(max)] under max; prior registration was null
12:24:26.712 [main] DEBUG org.hibernate.query.sqm.function.SqmFunctionRegistry -- Registered SqmFunctionTemplate [NamedSqmFunctionTemplate(min)] under min; prior registration was null
12:24:26.712 [main] DEBUG org.hibernate.query.sqm.function.SqmFunctionRegistry -- Registered SqmFunctionTemplate [NamedSqmFunctionTemplate(sum)] under sum; prior registration was null
12:24:26.712 [main] DEBUG org.hibernate.query.sqm.function.SqmFunctionRegistry -- Registered SqmFunctionTemplate [NamedSqmFunctionTemplate(avg)] under avg; prior registration was null
12:24:26.712 [main] DEBUG org.hibernate.query.sqm.function.SqmFunctionRegistry -- Registered SqmFunctionTemplate [org.hibernate.dialect.function.CountFunction@3d3b272a] under count; prior registration was null
12:24:26.712 [main] DEBUG org.hibernate.query.sqm.function.SqmFunctionRegistry -- Registered SqmFunctionTemplate [org.hibernate.dialect.function.EveryAnyEmulation@45b27ad3] under every; prior registration was null
12:24:26.712 [main] DEBUG org.hibernate.query.sqm.function.SqmFunctionRegistry -- Registered SqmFunctionTemplate [org.hibernate.dialect.function.EveryAnyEmulation@3f908bc0] under any; prior registration was null
12:24:26.712 [main] DEBUG org.hibernate.query.sqm.function.SqmFunctionRegistry -- Registered SqmFunctionTemplate [NamedSqmFunctionTemplate(floor)] under floor; prior registration was null
12:24:26.712 [main] DEBUG org.hibernate.query.sqm.function.SqmFunctionRegistry -- Registered SqmFunctionTemplate [NamedSqmFunctionTemplate(ceiling)] under ceiling; prior registration was null
12:24:26.712 [main] DEBUG org.hibernate.query.sqm.function.SqmFunctionRegistry -- Registered SqmFunctionTemplate [NamedSqmFunctionTemplate(mod)] under mod; prior registration was null
12:24:26.712 [main] DEBUG org.hibernate.query.sqm.function.SqmFunctionRegistry -- Registered SqmFunctionTemplate [NamedSqmFunctionTemplate(abs)] under abs; prior registration was null
12:24:26.712 [main] DEBUG org.hibernate.query.sqm.function.SqmFunctionRegistry -- Registered SqmFunctionTemplate [NamedSqmFunctionTemplate(sign)] under sign; prior registration was null
12:24:26.712 [main] DEBUG org.hibernate.query.sqm.function.SqmFunctionRegistry -- Registered SqmFunctionTemplate [NamedSqmFunctionTemplate(sqrt)] under sqrt; prior registration was null
12:24:26.712 [main] DEBUG org.hibernate.query.sqm.function.SqmFunctionRegistry -- Registered SqmFunctionTemplate [NamedSqmFunctionTemplate(ln)] under ln; prior registration was null
12:24:26.712 [main] DEBUG org.hibernate.query.sqm.function.SqmFunctionRegistry -- Registered SqmFunctionTemplate [NamedSqmFunctionTemplate(exp)] under exp; prior registration was null
12:24:26.712 [main] DEBUG org.hibernate.query.sqm.function.SqmFunctionRegistry -- Registered SqmFunctionTemplate [NamedSqmFunctionTemplate(power)] under power; prior registration was null
12:24:26.712 [main] DEBUG org.hibernate.query.sqm.function.SqmFunctionRegistry -- Registered SqmFunctionTemplate [NamedSqmFunctionTemplate(round)] under round; prior registration was null
12:24:26.712 [main] DEBUG org.hibernate.query.sqm.function.SqmFunctionRegistry -- Registered SqmFunctionTemplate [NamedSqmFunctionTemplate(sin)] under sin; prior registration was null
12:24:26.712 [main] DEBUG org.hibernate.query.sqm.function.SqmFunctionRegistry -- Registered SqmFunctionTemplate [NamedSqmFunctionTemplate(cos)] under cos; prior registration was null
12:24:26.712 [main] DEBUG org.hibernate.query.sqm.function.SqmFunctionRegistry -- Registered SqmFunctionTemplate [NamedSqmFunctionTemplate(tan)] under tan; prior registration was null
12:24:26.712 [main] DEBUG org.hibernate.query.sqm.function.SqmFunctionRegistry -- Registered SqmFunctionTemplate [NamedSqmFunctionTemplate(asin)] under asin; prior registration was null
12:24:26.712 [main] DEBUG org.hibernate.query.sqm.function.SqmFunctionRegistry -- Registered SqmFunctionTemplate [NamedSqmFunctionTemplate(acos)] under acos; prior registration was null
12:24:26.712 [main] DEBUG org.hibernate.query.sqm.function.SqmFunctionRegistry -- Registered SqmFunctionTemplate [NamedSqmFunctionTemplate(atan)] under atan; prior registration was null
12:24:26.712 [main] DEBUG org.hibernate.query.sqm.function.SqmFunctionRegistry -- Registered SqmFunctionTemplate [NamedSqmFunctionTemplate(atan2)] under atan2; prior registration was null
12:24:26.712 [main] DEBUG org.hibernate.query.sqm.function.SqmFunctionRegistry -- Registered SqmFunctionTemplate [org.hibernate.query.sqm.function.PatternBasedSqmFunctionDescriptor@422ba9b7] under sinh; prior registration was null
12:24:26.712 [main] DEBUG org.hibernate.query.sqm.function.SqmFunctionRegistry -- Registered SqmFunctionTemplate [org.hibernate.query.sqm.function.PatternBasedSqmFunctionDescriptor@26cdd4af] under cosh; prior registration was null
12:24:26.712 [main] DEBUG org.hibernate.query.sqm.function.SqmFunctionRegistry -- Registered SqmFunctionTemplate [org.hibernate.query.sqm.function.PatternBasedSqmFunctionDescriptor@707f4647] under tanh; prior registration was null
12:24:26.712 [main] DEBUG org.hibernate.query.sqm.function.SqmFunctionRegistry -- Registered SqmFunctionTemplate [org.hibernate.query.sqm.function.PatternBasedSqmFunctionDescriptor@4b8a0d03] under pi; prior registration was null
12:24:26.712 [main] DEBUG org.hibernate.query.sqm.function.SqmFunctionRegistry -- Registered SqmFunctionTemplate [org.hibernate.query.sqm.function.PatternBasedSqmFunctionDescriptor@54f373d4] under log; prior registration was null
12:24:26.712 [main] DEBUG org.hibernate.query.sqm.function.SqmFunctionRegistry -- Registered SqmFunctionTemplate [NamedSqmFunctionTemplate(coalesce)] under coalesce; prior registration was null
12:24:26.712 [main] DEBUG org.hibernate.query.sqm.function.SqmFunctionRegistry -- Registered SqmFunctionTemplate [NamedSqmFunctionTemplate(nullif)] under nullif; prior registration was null
12:24:26.712 [main] DEBUG org.hibernate.query.sqm.function.SqmFunctionRegistry -- Registered SqmFunctionTemplate [NamedSqmFunctionTemplate(left)] under left; prior registration was null
12:24:26.712 [main] DEBUG org.hibernate.query.sqm.function.SqmFunctionRegistry -- Registered SqmFunctionTemplate [NamedSqmFunctionTemplate(right)] under right; prior registration was null
12:24:26.712 [main] DEBUG org.hibernate.query.sqm.function.SqmFunctionRegistry -- Registered SqmFunctionTemplate [NamedSqmFunctionTemplate(replace)] under replace; prior registration was null
12:24:26.712 [main] DEBUG org.hibernate.query.sqm.function.SqmFunctionRegistry -- Registered SqmFunctionTemplate [NamedSqmFunctionTemplate(concat)] under concat; prior registration was null
12:24:26.712 [main] DEBUG org.hibernate.query.sqm.function.SqmFunctionRegistry -- Registered SqmFunctionTemplate [NamedSqmFunctionTemplate(lower)] under lower; prior registration was null
12:24:26.712 [main] DEBUG org.hibernate.query.sqm.function.SqmFunctionRegistry -- Registered SqmFunctionTemplate [NamedSqmFunctionTemplate(upper)] under upper; prior registration was null
12:24:26.712 [main] DEBUG org.hibernate.query.sqm.function.SqmFunctionRegistry -- Registered SqmFunctionTemplate [NamedSqmFunctionTemplate(substring)] under substring; prior registration was null
12:24:26.712 [main] DEBUG org.hibernate.query.sqm.function.SqmFunctionRegistry -- Registered SqmFunctionTemplate [NamedSqmFunctionTemplate(locate)] under locate; prior registration was null
12:24:26.712 [main] DEBUG org.hibernate.query.sqm.function.SqmFunctionRegistry -- Registered SqmFunctionTemplate [NamedSqmFunctionTemplate(character_length)] under character_length; prior registration was null
12:24:26.712 [main] DEBUG org.hibernate.query.sqm.function.SqmFunctionRegistry -- Registering alternate key : length -> character_length
12:24:26.712 [main] DEBUG org.hibernate.query.sqm.function.SqmFunctionRegistry -- Registered SqmFunctionTemplate [org.hibernate.dialect.function.LocatePositionEmulation@1c53bd49] under position; prior registration was null
12:24:26.712 [main] DEBUG org.hibernate.query.sqm.function.SqmFunctionRegistry -- Registered SqmFunctionTemplate [org.hibernate.dialect.function.InsertSubstringOverlayEmulation@16949dfa] under overlay; prior registration was null
12:24:26.712 [main] DEBUG org.hibernate.query.sqm.function.SqmFunctionRegistry -- Registered SqmFunctionTemplate [org.hibernate.dialect.function.TrimFunction@d6d683e] under trim; prior registration was null
12:24:26.712 [main] DEBUG org.hibernate.query.sqm.function.SqmFunctionRegistry -- Registered SqmFunctionTemplate [org.hibernate.dialect.function.CastFunction@42cfd794] under cast; prior registration was null
12:24:26.712 [main] DEBUG org.hibernate.query.sqm.function.SqmFunctionRegistry -- Registered SqmFunctionTemplate [org.hibernate.query.sqm.function.PatternBasedSqmFunctionDescriptor@43778371] under collate; prior registration was null
12:24:26.712 [main] DEBUG org.hibernate.query.sqm.function.SqmFunctionRegistry -- Registered SqmFunctionTemplate [org.hibernate.dialect.function.ExtractFunction@71beada8] under extract; prior registration was null
12:24:26.712 [main] DEBUG org.hibernate.query.sqm.function.SqmFunctionRegistry -- Registered SqmFunctionTemplate [NamedSqmFunctionTemplate(least)] under least; prior registration was null
12:24:26.712 [main] DEBUG org.hibernate.query.sqm.function.SqmFunctionRegistry -- Registered SqmFunctionTemplate [NamedSqmFunctionTemplate(greatest)] under greatest; prior registration was null
12:24:26.712 [main] DEBUG org.hibernate.query.sqm.function.SqmFunctionRegistry -- Registered SqmFunctionTemplate [org.hibernate.dialect.function.CoalesceIfnullEmulation@17f41739] under ifnull; prior registration was null
12:24:26.712 [main] DEBUG org.hibernate.query.sqm.function.SqmFunctionRegistry -- Registered SqmFunctionTemplate [NamedSqmFunctionTemplate(lpad)] under lpad; prior registration was null
12:24:26.712 [main] DEBUG org.hibernate.query.sqm.function.SqmFunctionRegistry -- Registered SqmFunctionTemplate [NamedSqmFunctionTemplate(rpad)] under rpad; prior registration was null
12:24:26.712 [main] DEBUG org.hibernate.query.sqm.function.SqmFunctionRegistry -- Registered SqmFunctionTemplate [org.hibernate.dialect.function.LpadRpadPadEmulation@2b3b1124] under pad; prior registration was null
12:24:26.712 [main] DEBUG org.hibernate.query.sqm.function.SqmFunctionRegistry -- Registered SqmFunctionTemplate [org.hibernate.dialect.function.CastStrEmulation@54286339] under str; prior registration was null
12:24:26.712 [main] DEBUG org.hibernate.query.sqm.function.SqmFunctionRegistry -- Registered SqmFunctionTemplate [org.hibernate.dialect.function.FormatFunction@507f47f9] under format; prior registration was null
12:24:26.712 [main] DEBUG org.hibernate.query.sqm.function.SqmFunctionRegistry -- Registered SqmFunctionTemplate [org.hibernate.dialect.function.TimestampaddFunction@6785df10] under timestampadd; prior registration was null
12:24:26.712 [main] DEBUG org.hibernate.query.sqm.function.SqmFunctionRegistry -- Registered SqmFunctionTemplate [org.hibernate.dialect.function.TimestampdiffFunction@144440f5] under timestampdiff; prior registration was null
12:24:26.712 [main] DEBUG org.hibernate.query.sqm.function.SqmFunctionRegistry -- Registering alternate key : dateadd -> timestampadd
12:24:26.712 [main] DEBUG org.hibernate.query.sqm.function.SqmFunctionRegistry -- Registering alternate key : datediff -> timestampdiff
12:24:26.712 [main] DEBUG org.hibernate.query.sqm.function.SqmFunctionRegistry -- Registered SqmFunctionTemplate [org.hibernate.dialect.function.CurrentFunction@3e2c8ef] under current_date; prior registration was null
12:24:26.712 [main] DEBUG org.hibernate.query.sqm.function.SqmFunctionRegistry -- Registered SqmFunctionTemplate [org.hibernate.dialect.function.CurrentFunction@290807e5] under current_time; prior registration was null
12:24:26.712 [main] DEBUG org.hibernate.query.sqm.function.SqmFunctionRegistry -- Registered SqmFunctionTemplate [org.hibernate.dialect.function.CurrentFunction@60bc308b] under current_timestamp; prior registration was null
12:24:26.712 [main] DEBUG org.hibernate.query.sqm.function.SqmFunctionRegistry -- Registering alternate key : current date -> current_date
12:24:26.712 [main] DEBUG org.hibernate.query.sqm.function.SqmFunctionRegistry -- Registering alternate key : current time -> current_time
12:24:26.712 [main] DEBUG org.hibernate.query.sqm.function.SqmFunctionRegistry -- Registering alternate key : current timestamp -> current_timestamp
12:24:26.712 [main] DEBUG org.hibernate.query.sqm.function.SqmFunctionRegistry -- Registered SqmFunctionTemplate [org.hibernate.dialect.function.CurrentFunction@56499781] under local_date; prior registration was null
12:24:26.712 [main] DEBUG org.hibernate.query.sqm.function.SqmFunctionRegistry -- Registered SqmFunctionTemplate [org.hibernate.dialect.function.CurrentFunction@43f99817] under local_time; prior registration was null
12:24:26.712 [main] DEBUG org.hibernate.query.sqm.function.SqmFunctionRegistry -- Registered SqmFunctionTemplate [org.hibernate.dialect.function.CurrentFunction@2a2798a2] under local_datetime; prior registration was null
12:24:26.712 [main] DEBUG org.hibernate.query.sqm.function.SqmFunctionRegistry -- Registered SqmFunctionTemplate [org.hibernate.dialect.function.CurrentFunction@2b9ecd05] under offset_datetime; prior registration was null
12:24:26.712 [main] DEBUG org.hibernate.query.sqm.function.SqmFunctionRegistry -- Registering alternate key : local date -> local_date
12:24:26.712 [main] DEBUG org.hibernate.query.sqm.function.SqmFunctionRegistry -- Registering alternate key : local time -> local_time
12:24:26.712 [main] DEBUG org.hibernate.query.sqm.function.SqmFunctionRegistry -- Registering alternate key : local datetime -> local_datetime
12:24:26.712 [main] DEBUG org.hibernate.query.sqm.function.SqmFunctionRegistry -- Registering alternate key : offset datetime -> offset_datetime
12:24:26.712 [main] DEBUG org.hibernate.query.sqm.function.SqmFunctionRegistry -- Registered SqmFunctionTemplate [org.hibernate.dialect.function.CurrentFunction@31f1b268] under instant; prior registration was null
12:24:26.712 [main] DEBUG org.hibernate.query.sqm.function.SqmFunctionRegistry -- Registering alternate key : current_instant -> instant
12:24:26.712 [main] DEBUG org.hibernate.query.sqm.function.SqmFunctionRegistry -- Registered SqmFunctionTemplate [org.hibernate.dialect.function.SqlFunction@3ec7ad61] under sql; prior registration was null
12:24:26.712 [main] DEBUG org.hibernate.query.sqm.function.SqmFunctionRegistry -- Registered SqmFunctionTemplate [NamedSqmFunctionTemplate(max)] under max; prior registration was NamedSqmFunctionTemplate(max)
12:24:26.712 [main] DEBUG org.hibernate.query.sqm.function.SqmFunctionRegistry -- Registered SqmFunctionTemplate [NamedSqmFunctionTemplate(min)] under min; prior registration was NamedSqmFunctionTemplate(min)
12:24:26.712 [main] DEBUG org.hibernate.query.sqm.function.SqmFunctionRegistry -- Registered SqmFunctionTemplate [NamedSqmFunctionTemplate(sum)] under sum; prior registration was NamedSqmFunctionTemplate(sum)
12:24:26.712 [main] DEBUG org.hibernate.query.sqm.function.SqmFunctionRegistry -- Registered SqmFunctionTemplate [NamedSqmFunctionTemplate(avg)] under avg; prior registration was NamedSqmFunctionTemplate(avg)
12:24:26.712 [main] DEBUG org.hibernate.query.sqm.function.SqmFunctionRegistry -- Registered SqmFunctionTemplate [org.hibernate.dialect.function.CountFunction@2833c093] under count; prior registration was org.hibernate.dialect.function.CountFunction@3d3b272a
12:24:26.712 [main] DEBUG org.hibernate.query.sqm.function.SqmFunctionRegistry -- Registered SqmFunctionTemplate [org.hibernate.dialect.function.CountFunction@7598d675] under count; prior registration was org.hibernate.dialect.function.CountFunction@2833c093
12:24:26.712 [main] DEBUG org.hibernate.query.sqm.function.SqmFunctionRegistry -- Registered SqmFunctionTemplate [org.hibernate.dialect.function.AvgFunction@4946485c] under avg; prior registration was NamedSqmFunctionTemplate(avg)
12:24:26.712 [main] DEBUG org.hibernate.query.sqm.function.SqmFunctionRegistry -- Registered SqmFunctionTemplate [org.hibernate.dialect.function.ChrLiteralEmulation@4ae958b0] under chr; prior registration was null
12:24:26.712 [main] DEBUG org.hibernate.query.sqm.function.SqmFunctionRegistry -- Registered SqmFunctionTemplate [org.hibernate.query.sqm.function.PatternBasedSqmFunctionDescriptor@7c682e26] under concat; prior registration was NamedSqmFunctionTemplate(concat)
12:24:26.712 [main] DEBUG org.hibernate.query.sqm.function.SqmFunctionRegistry -- Registered SqmFunctionTemplate [NamedSqmFunctionTemplate(cot)] under cot; prior registration was null
12:24:26.713 [main] DEBUG org.hibernate.query.sqm.function.SqmFunctionRegistry -- Registered SqmFunctionTemplate [NamedSqmFunctionTemplate(degrees)] under degrees; prior registration was null
12:24:26.713 [main] DEBUG org.hibernate.query.sqm.function.SqmFunctionRegistry -- Registered SqmFunctionTemplate [NamedSqmFunctionTemplate(radians)] under radians; prior registration was null
12:24:26.713 [main] DEBUG org.hibernate.query.sqm.function.SqmFunctionRegistry -- Registered SqmFunctionTemplate [NamedSqmFunctionTemplate(log10)] under log10; prior registration was null
12:24:26.713 [main] DEBUG org.hibernate.query.sqm.function.SqmFunctionRegistry -- Registered SqmFunctionTemplate [NamedSqmFunctionTemplate(sinh)] under sinh; prior registration was org.hibernate.query.sqm.function.PatternBasedSqmFunctionDescriptor@422ba9b7
12:24:26.713 [main] DEBUG org.hibernate.query.sqm.function.SqmFunctionRegistry -- Registered SqmFunctionTemplate [NamedSqmFunctionTemplate(cosh)] under cosh; prior registration was org.hibernate.query.sqm.function.PatternBasedSqmFunctionDescriptor@26cdd4af
12:24:26.713 [main] DEBUG org.hibernate.query.sqm.function.SqmFunctionRegistry -- Registered SqmFunctionTemplate [NamedSqmFunctionTemplate(tanh)] under tanh; prior registration was org.hibernate.query.sqm.function.PatternBasedSqmFunctionDescriptor@707f4647
12:24:26.713 [main] DEBUG org.hibernate.query.sqm.function.SqmFunctionRegistry -- Registered SqmFunctionTemplate [NamedSqmFunctionTemplate(pi)] under pi; prior registration was org.hibernate.query.sqm.function.PatternBasedSqmFunctionDescriptor@4b8a0d03
12:24:26.713 [main] DEBUG org.hibernate.query.sqm.function.SqmFunctionRegistry -- Registered SqmFunctionTemplate [NamedSqmFunctionTemplate(rand)] under rand; prior registration was null
12:24:26.713 [main] DEBUG org.hibernate.query.sqm.function.SqmFunctionRegistry -- Registered SqmFunctionTemplate [NamedSqmFunctionTemplate(ltrim)] under ltrim; prior registration was null
12:24:26.713 [main] DEBUG org.hibernate.query.sqm.function.SqmFunctionRegistry -- Registered SqmFunctionTemplate [NamedSqmFunctionTemplate(rtrim)] under rtrim; prior registration was null
12:24:26.713 [main] DEBUG org.hibernate.query.sqm.function.SqmFunctionRegistry -- Registered SqmFunctionTemplate [NamedSqmFunctionTemplate(hour)] under hour; prior registration was null
12:24:26.713 [main] DEBUG org.hibernate.query.sqm.function.SqmFunctionRegistry -- Registered SqmFunctionTemplate [NamedSqmFunctionTemplate(minute)] under minute; prior registration was null
12:24:26.713 [main] DEBUG org.hibernate.query.sqm.function.SqmFunctionRegistry -- Registered SqmFunctionTemplate [NamedSqmFunctionTemplate(second)] under second; prior registration was null
12:24:26.713 [main] DEBUG org.hibernate.query.sqm.function.SqmFunctionRegistry -- Registered SqmFunctionTemplate [NamedSqmFunctionTemplate(microsecond)] under microsecond; prior registration was null
12:24:26.713 [main] DEBUG org.hibernate.query.sqm.function.SqmFunctionRegistry -- Registered SqmFunctionTemplate [NamedSqmFunctionTemplate(day)] under day; prior registration was null
12:24:26.713 [main] DEBUG org.hibernate.query.sqm.function.SqmFunctionRegistry -- Registered SqmFunctionTemplate [NamedSqmFunctionTemplate(month)] under month; prior registration was null
12:24:26.713 [main] DEBUG org.hibernate.query.sqm.function.SqmFunctionRegistry -- Registered SqmFunctionTemplate [NamedSqmFunctionTemplate(year)] under year; prior registration was null
12:24:26.713 [main] DEBUG org.hibernate.query.sqm.function.SqmFunctionRegistry -- Registered SqmFunctionTemplate [NamedSqmFunctionTemplate(var_pop)] under var_pop; prior registration was null
12:24:26.713 [main] DEBUG org.hibernate.query.sqm.function.SqmFunctionRegistry -- Registered SqmFunctionTemplate [NamedSqmFunctionTemplate(var_samp)] under var_samp; prior registration was null
12:24:26.713 [main] DEBUG org.hibernate.query.sqm.function.SqmFunctionRegistry -- Registered SqmFunctionTemplate [NamedSqmFunctionTemplate(stddev_pop)] under stddev_pop; prior registration was null
12:24:26.713 [main] DEBUG org.hibernate.query.sqm.function.SqmFunctionRegistry -- Registered SqmFunctionTemplate [NamedSqmFunctionTemplate(stddev_samp)] under stddev_samp; prior registration was null
12:24:26.713 [main] DEBUG org.hibernate.query.sqm.function.SqmFunctionRegistry -- Registered SqmFunctionTemplate [NamedSqmFunctionTemplate(substr)] under substring; prior registration was NamedSqmFunctionTemplate(substring)
12:24:26.713 [main] DEBUG org.hibernate.query.sqm.function.SqmFunctionRegistry -- Registered SqmFunctionTemplate [org.hibernate.query.sqm.function.PatternBasedSqmFunctionDescriptor@4ff074a0] under left; prior registration was NamedSqmFunctionTemplate(left)
12:24:26.713 [main] DEBUG org.hibernate.query.sqm.function.SqmFunctionRegistry -- Registered SqmFunctionTemplate [org.hibernate.query.sqm.function.PatternBasedSqmFunctionDescriptor@340fc1aa] under right; prior registration was NamedSqmFunctionTemplate(right)
12:24:26.713 [main] DEBUG org.hibernate.query.sqm.function.SqmFunctionRegistry -- Registered SqmFunctionTemplate [NamedSqmFunctionTemplate(length)] under length; prior registration was null
12:24:26.713 [main] DEBUG org.hibernate.query.sqm.function.SqmFunctionRegistry -- Registering alternate key : character_length -> length
12:24:26.713 [main] DEBUG org.hibernate.query.sqm.function.SqmFunctionRegistry -- Registered SqmFunctionTemplate [org.hibernate.query.sqm.function.PatternBasedSqmFunctionDescriptor@34a33343] under power; prior registration was NamedSqmFunctionTemplate(power)
12:24:26.713 [main] DEBUG org.hibernate.query.sqm.function.SqmFunctionRegistry -- Registered SqmFunctionTemplate [org.hibernate.query.sqm.function.MultipatternSqmFunctionDescriptor@98722ef] under round; prior registration was NamedSqmFunctionTemplate(round)
12:24:26.713 [main] DEBUG org.hibernate.query.sqm.function.SqmFunctionRegistry -- Registered SqmFunctionTemplate [org.hibernate.dialect.function.TruncFunction@459e120b] under trunc; prior registration was null
12:24:26.713 [main] DEBUG org.hibernate.query.sqm.function.SqmFunctionRegistry -- Registering alternate key : truncate -> trunc
12:24:26.713 [main] DEBUG org.hibernate.query.sqm.function.SqmFunctionRegistry -- Registered SqmFunctionTemplate [org.hibernate.query.sqm.function.PatternBasedSqmFunctionDescriptor@fd69983] under octet_length; prior registration was null
12:24:26.713 [main] DEBUG org.hibernate.query.sqm.function.SqmFunctionRegistry -- Registered SqmFunctionTemplate [org.hibernate.query.sqm.function.PatternBasedSqmFunctionDescriptor@22429a11] under bit_length; prior registration was null
12:24:26.713 [main] DEBUG org.hibernate.query.sqm.function.SqmFunctionRegistry -- Registered SqmFunctionTemplate [org.hibernate.dialect.function.CastingConcatFunction@126254ec] under concat; prior registration was org.hibernate.query.sqm.function.PatternBasedSqmFunctionDescriptor@7c682e26
12:24:26.713 [main] DEBUG org.hibernate.query.sqm.function.SqmFunctionRegistry -- Registered SqmFunctionTemplate [org.hibernate.dialect.function.DerbyLpadEmulation@275902e1] under lpad; prior registration was NamedSqmFunctionTemplate(lpad)
12:24:26.713 [main] DEBUG org.hibernate.query.sqm.function.SqmFunctionRegistry -- Registered SqmFunctionTemplate [org.hibernate.dialect.function.DerbyRpadEmulation@1c788d08] under rpad; prior registration was NamedSqmFunctionTemplate(rpad)
12:24:26.713 [main] DEBUG org.hibernate.query.sqm.function.SqmFunctionRegistry -- Registered SqmFunctionTemplate [org.hibernate.dialect.function.CaseLeastGreatestEmulation@2adc1e84] under least; prior registration was NamedSqmFunctionTemplate(least)
12:24:26.713 [main] DEBUG org.hibernate.query.sqm.function.SqmFunctionRegistry -- Registered SqmFunctionTemplate [org.hibernate.dialect.function.CaseLeastGreatestEmulation@2a99fa07] under greatest; prior registration was NamedSqmFunctionTemplate(greatest)
12:24:26.713 [main] DEBUG org.hibernate.query.sqm.function.SqmFunctionRegistry -- Registered SqmFunctionTemplate [org.hibernate.dialect.function.InsertSubstringOverlayEmulation@45b8bbbf] under overlay; prior registration was org.hibernate.dialect.function.InsertSubstringOverlayEmulation@16949dfa
12:24:26.713 [main] DEBUG org.hibernate.HQL_FUNCTIONS -- abs(NUMERIC arg)
12:24:26.713 [main] DEBUG org.hibernate.HQL_FUNCTIONS -- Double acos(NUMERIC arg)
12:24:26.713 [main] DEBUG org.hibernate.HQL_FUNCTIONS -- Boolean any(BOOLEAN arg)
12:24:26.713 [main] DEBUG org.hibernate.HQL_FUNCTIONS -- Double asin(NUMERIC arg)
12:24:26.713 [main] DEBUG org.hibernate.HQL_FUNCTIONS -- Double atan(NUMERIC arg)
12:24:26.713 [main] DEBUG org.hibernate.HQL_FUNCTIONS -- Double atan2(NUMERIC arg0, NUMERIC arg1)
12:24:26.713 [main] DEBUG org.hibernate.HQL_FUNCTIONS -- avg(NUMERIC arg)
12:24:26.713 [main] DEBUG org.hibernate.HQL_FUNCTIONS -- Integer bit_length(STRING_OR_CLOB arg)
12:24:26.713 [main] DEBUG org.hibernate.HQL_FUNCTIONS -- cast(arg as Type)
12:24:26.713 [main] DEBUG org.hibernate.HQL_FUNCTIONS -- ceiling(NUMERIC arg)
12:24:26.713 [main] DEBUG org.hibernate.HQL_FUNCTIONS -- Integer character_length(STRING_OR_CLOB arg)
12:24:26.713 [main] DEBUG org.hibernate.HQL_FUNCTIONS -- Character chr( ... )
12:24:26.713 [main] DEBUG org.hibernate.HQL_FUNCTIONS -- coalesce(arg0[, arg1[, ...]])
12:24:26.713 [main] DEBUG org.hibernate.HQL_FUNCTIONS -- String collate(STRING string as COLLATION collation)
12:24:26.713 [main] DEBUG org.hibernate.HQL_FUNCTIONS -- String concat(arg0[, arg1[, ...]])
12:24:26.713 [main] DEBUG org.hibernate.HQL_FUNCTIONS -- Double cos(NUMERIC arg)
12:24:26.713 [main] DEBUG org.hibernate.HQL_FUNCTIONS -- Double cosh(NUMERIC arg)
12:24:26.713 [main] DEBUG org.hibernate.HQL_FUNCTIONS -- Double cot(NUMERIC arg)
12:24:26.713 [main] DEBUG org.hibernate.HQL_FUNCTIONS -- Long count([distinct ]{arg|*})
12:24:26.713 [main] DEBUG org.hibernate.HQL_FUNCTIONS -- Date current date
12:24:26.713 [main] DEBUG org.hibernate.HQL_FUNCTIONS -- Time current time
12:24:26.713 [main] DEBUG org.hibernate.HQL_FUNCTIONS -- Timestamp current timestamp
12:24:26.713 [main] DEBUG org.hibernate.HQL_FUNCTIONS -- Date current_date
12:24:26.713 [main] DEBUG org.hibernate.HQL_FUNCTIONS -- Instant current_instant
12:24:26.713 [main] DEBUG org.hibernate.HQL_FUNCTIONS -- Time current_time
12:24:26.713 [main] DEBUG org.hibernate.HQL_FUNCTIONS -- Timestamp current_timestamp
12:24:26.713 [main] DEBUG org.hibernate.HQL_FUNCTIONS -- dateadd(TEMPORAL_UNIT field, INTEGER magnitude, TEMPORAL datetime)
12:24:26.713 [main] DEBUG org.hibernate.HQL_FUNCTIONS -- Long|Double datediff(TEMPORAL_UNIT field, TEMPORAL start, TEMPORAL end)
12:24:26.713 [main] DEBUG org.hibernate.HQL_FUNCTIONS -- Integer day(DATE arg)
12:24:26.713 [main] DEBUG org.hibernate.HQL_FUNCTIONS -- Double degrees(NUMERIC arg)
12:24:26.713 [main] DEBUG org.hibernate.HQL_FUNCTIONS -- Boolean every(BOOLEAN arg)
12:24:26.713 [main] DEBUG org.hibernate.HQL_FUNCTIONS -- Double exp(NUMERIC arg)
12:24:26.713 [main] DEBUG org.hibernate.HQL_FUNCTIONS -- extract(TEMPORAL_UNIT field from TEMPORAL arg)
12:24:26.713 [main] DEBUG org.hibernate.HQL_FUNCTIONS -- floor(NUMERIC arg)
12:24:26.713 [main] DEBUG org.hibernate.HQL_FUNCTIONS -- String format(TEMPORAL datetime as STRING pattern)
12:24:26.713 [main] DEBUG org.hibernate.HQL_FUNCTIONS -- greatest(COMPARABLE arg0[, COMPARABLE arg1[, ...]])
12:24:26.713 [main] DEBUG org.hibernate.HQL_FUNCTIONS -- Integer hour(TIME arg)
12:24:26.713 [main] DEBUG org.hibernate.HQL_FUNCTIONS -- ifnull(arg0, arg1)
12:24:26.713 [main] DEBUG org.hibernate.HQL_FUNCTIONS -- Instant instant
12:24:26.713 [main] DEBUG org.hibernate.HQL_FUNCTIONS -- least(COMPARABLE arg0[, COMPARABLE arg1[, ...]])
12:24:26.713 [main] DEBUG org.hibernate.HQL_FUNCTIONS -- String left(STRING string, INTEGER length)
12:24:26.713 [main] DEBUG org.hibernate.HQL_FUNCTIONS -- Integer length(STRING_OR_CLOB arg)
12:24:26.713 [main] DEBUG org.hibernate.HQL_FUNCTIONS -- Double ln(NUMERIC arg)
12:24:26.713 [main] DEBUG org.hibernate.HQL_FUNCTIONS -- LocalDate local date
12:24:26.713 [main] DEBUG org.hibernate.HQL_FUNCTIONS -- LocalDateTime local datetime
12:24:26.713 [main] DEBUG org.hibernate.HQL_FUNCTIONS -- LocalTime local time
12:24:26.713 [main] DEBUG org.hibernate.HQL_FUNCTIONS -- LocalDate local_date
12:24:26.713 [main] DEBUG org.hibernate.HQL_FUNCTIONS -- LocalDateTime local_datetime
12:24:26.713 [main] DEBUG org.hibernate.HQL_FUNCTIONS -- LocalTime local_time
12:24:26.713 [main] DEBUG org.hibernate.HQL_FUNCTIONS -- Integer locate(STRING pattern, STRING string[, INTEGER start])
12:24:26.713 [main] DEBUG org.hibernate.HQL_FUNCTIONS -- Double log(NUMERIC base, NUMERIC arg)
12:24:26.713 [main] DEBUG org.hibernate.HQL_FUNCTIONS -- Double log10(NUMERIC arg)
12:24:26.713 [main] DEBUG org.hibernate.HQL_FUNCTIONS -- String lower(STRING string)
12:24:26.713 [main] DEBUG org.hibernate.HQL_FUNCTIONS -- String lpad(STRNG string, INTEGER length)
12:24:26.713 [main] DEBUG org.hibernate.HQL_FUNCTIONS -- String ltrim(STRING string)
12:24:26.713 [main] DEBUG org.hibernate.HQL_FUNCTIONS -- max(COMPARABLE arg)
12:24:26.713 [main] DEBUG org.hibernate.HQL_FUNCTIONS -- Integer microsecond(TIME arg)
12:24:26.713 [main] DEBUG org.hibernate.HQL_FUNCTIONS -- min(COMPARABLE arg)
12:24:26.713 [main] DEBUG org.hibernate.HQL_FUNCTIONS -- Integer minute(TIME arg)
12:24:26.713 [main] DEBUG org.hibernate.HQL_FUNCTIONS -- Integer mod(INTEGER arg0, INTEGER arg1)
12:24:26.713 [main] DEBUG org.hibernate.HQL_FUNCTIONS -- Integer month(DATE arg)
12:24:26.713 [main] DEBUG org.hibernate.HQL_FUNCTIONS -- nullif(arg0, arg1)
12:24:26.713 [main] DEBUG org.hibernate.HQL_FUNCTIONS -- Integer octet_length(STRING_OR_CLOB arg)
12:24:26.713 [main] DEBUG org.hibernate.HQL_FUNCTIONS -- OffsetDateTime offset datetime
12:24:26.713 [main] DEBUG org.hibernate.HQL_FUNCTIONS -- OffsetDateTime offset_datetime
12:24:26.713 [main] DEBUG org.hibernate.HQL_FUNCTIONS -- String overlay(STRING string placing STRING replacement from INTEGER start[ for INTEGER length])
12:24:26.713 [main] DEBUG org.hibernate.HQL_FUNCTIONS -- String pad(STRING string with INTEGER length {leading|trailing}[ STRING character])
12:24:26.713 [main] DEBUG org.hibernate.HQL_FUNCTIONS -- Double pi
12:24:26.713 [main] DEBUG org.hibernate.HQL_FUNCTIONS -- Integer position(STRING pattern in STRING string)
12:24:26.713 [main] DEBUG org.hibernate.HQL_FUNCTIONS -- Double power(NUMERIC arg0, NUMERIC arg1)
12:24:26.713 [main] DEBUG org.hibernate.HQL_FUNCTIONS -- Double radians(NUMERIC arg)
12:24:26.713 [main] DEBUG org.hibernate.HQL_FUNCTIONS -- Double rand([INTEGER seed])
12:24:26.713 [main] DEBUG org.hibernate.HQL_FUNCTIONS -- String replace(STRING string, STRING pattern, STRING replacement)
12:24:26.713 [main] DEBUG org.hibernate.HQL_FUNCTIONS -- String right(STRING string, INTEGER length)
12:24:26.713 [main] DEBUG org.hibernate.HQL_FUNCTIONS -- round(NUMERIC number[, INTEGER places])
12:24:26.713 [main] DEBUG org.hibernate.HQL_FUNCTIONS -- String rpad(STRING string, INTEGER length)
12:24:26.713 [main] DEBUG org.hibernate.HQL_FUNCTIONS -- String rtrim(STRING string)
12:24:26.713 [main] DEBUG org.hibernate.HQL_FUNCTIONS -- Integer second(TIME arg)
12:24:26.713 [main] DEBUG org.hibernate.HQL_FUNCTIONS -- Integer sign(NUMERIC arg)
12:24:26.713 [main] DEBUG org.hibernate.HQL_FUNCTIONS -- Double sin(NUMERIC arg)
12:24:26.713 [main] DEBUG org.hibernate.HQL_FUNCTIONS -- Double sinh(NUMERIC arg)
12:24:26.713 [main] DEBUG org.hibernate.HQL_FUNCTIONS -- Object sql
12:24:26.713 [main] DEBUG org.hibernate.HQL_FUNCTIONS -- Double sqrt(NUMERIC arg)
12:24:26.713 [main] DEBUG org.hibernate.HQL_FUNCTIONS -- Double stddev_pop(NUMERIC arg)
12:24:26.713 [main] DEBUG org.hibernate.HQL_FUNCTIONS -- Double stddev_samp(NUMERIC arg)
12:24:26.713 [main] DEBUG org.hibernate.HQL_FUNCTIONS -- String str(arg)
12:24:26.713 [main] DEBUG org.hibernate.HQL_FUNCTIONS -- String substring(STRING string{ from|,} INTEGER start[{ for|,} INTEGER length])
12:24:26.713 [main] DEBUG org.hibernate.HQL_FUNCTIONS -- sum(arg)
12:24:26.713 [main] DEBUG org.hibernate.HQL_FUNCTIONS -- Double tan(NUMERIC arg)
12:24:26.713 [main] DEBUG org.hibernate.HQL_FUNCTIONS -- Double tanh(NUMERIC arg)
12:24:26.713 [main] DEBUG org.hibernate.HQL_FUNCTIONS -- timestampadd(TEMPORAL_UNIT field, INTEGER magnitude, TEMPORAL datetime)
12:24:26.713 [main] DEBUG org.hibernate.HQL_FUNCTIONS -- Long|Double timestampdiff(TEMPORAL_UNIT field, TEMPORAL start, TEMPORAL end)
12:24:26.713 [main] DEBUG org.hibernate.HQL_FUNCTIONS -- String trim([[{leading|trailing|both} ][STRING arg0 ]from] STRING arg1)
12:24:26.713 [main] DEBUG org.hibernate.HQL_FUNCTIONS -- trunc( ... )
12:24:26.713 [main] DEBUG org.hibernate.HQL_FUNCTIONS -- truncate( ... )
12:24:26.713 [main] DEBUG org.hibernate.HQL_FUNCTIONS -- String upper(STRING string)
12:24:26.713 [main] DEBUG org.hibernate.HQL_FUNCTIONS -- Double var_pop(NUMERIC arg)
12:24:26.713 [main] DEBUG org.hibernate.HQL_FUNCTIONS -- Double var_samp(NUMERIC arg)
12:24:26.713 [main] DEBUG org.hibernate.HQL_FUNCTIONS -- Integer year(DATE arg)
12:24:26.713 [main] DEBUG org.hibernate.orm.query.plan.cache -- Starting QueryInterpretationCache(2048)
12:24:26.714 [main] DEBUG org.hibernate.service.internal.SessionFactoryServiceRegistryImpl -- EventListenerRegistry access via ServiceRegistry is deprecated.  Use `sessionFactory.getEventEngine().getListenerRegistry()` instead
12:24:26.714 [main] DEBUG org.hibernate.event.internal.EntityCopyObserverFactoryInitiator -- Configured EntityCopyObserver strategy: disallow
12:24:26.714 [main] DEBUG org.hibernate.boot.internal.ClassLoaderAccessImpl -- Not known whether passed class name [com.pdcgame.Models.InventorySave] is safe
12:24:26.714 [main] DEBUG org.hibernate.boot.internal.ClassLoaderAccessImpl -- No temp ClassLoader provided; using live ClassLoader for loading potentially unsafe class : com.pdcgame.Models.InventorySave
12:24:26.721 [main] DEBUG org.hibernate.bytecode.internal.bytebuddy.BytecodeProviderImpl -- HHH000513: Unable to create the ReflectionOptimizer for [com.pdcgame.Models.InventorySave]: private accessor [quantity]
12:24:26.721 [main] DEBUG org.hibernate.boot.internal.ClassLoaderAccessImpl -- Not known whether passed class name [com.pdcgame.Models.GameSave] is safe
12:24:26.722 [main] DEBUG org.hibernate.boot.internal.ClassLoaderAccessImpl -- No temp ClassLoader provided; using live ClassLoader for loading potentially unsafe class : com.pdcgame.Models.GameSave
12:24:26.727 [main] DEBUG org.hibernate.bytecode.internal.bytebuddy.BytecodeProviderImpl -- HHH000513: Unable to create the ReflectionOptimizer for [com.pdcgame.Models.GameSave]: private accessor [actions]
12:24:26.728 [main] DEBUG org.hibernate.boot.internal.ClassLoaderAccessImpl -- Not known whether passed class name [com.pdcgame.Models.BoardSave] is safe
12:24:26.728 [main] DEBUG org.hibernate.boot.internal.ClassLoaderAccessImpl -- No temp ClassLoader provided; using live ClassLoader for loading potentially unsafe class : com.pdcgame.Models.BoardSave
12:24:26.732 [main] DEBUG org.hibernate.bytecode.internal.bytebuddy.BytecodeProviderImpl -- HHH000513: Unable to create the ReflectionOptimizer for [com.pdcgame.Models.BoardSave]: private accessor [boardCell]
12:24:26.732 [main] DEBUG org.hibernate.boot.internal.ClassLoaderAccessImpl -- Not known whether passed class name [com.pdcgame.Models.StorageItemSave] is safe
12:24:26.732 [main] DEBUG org.hibernate.boot.internal.ClassLoaderAccessImpl -- No temp ClassLoader provided; using live ClassLoader for loading potentially unsafe class : com.pdcgame.Models.StorageItemSave
12:24:26.736 [main] DEBUG org.hibernate.bytecode.internal.bytebuddy.BytecodeProviderImpl -- HHH000513: Unable to create the ReflectionOptimizer for [com.pdcgame.Models.StorageItemSave]: private accessor [coordinateID]
12:24:26.737 [main] DEBUG org.hibernate.orm.model.mapping.creation -- Starting post-init callbacks
12:24:26.737 [main] DEBUG org.hibernate.orm.model.mapping.creation -- Starting PostInitCallbackEntry : Entity(com.pdcgame.Models.InventorySave) `staticFetchableList` generator
12:24:26.737 [main] DEBUG org.hibernate.orm.model.mapping.creation -- Starting PostInitCallbackEntry : Entity(com.pdcgame.Models.GameSave) `staticFetchableList` generator
12:24:26.737 [main] DEBUG org.hibernate.orm.model.mapping.creation -- Starting PostInitCallbackEntry : Entity(com.pdcgame.Models.BoardSave) `staticFetchableList` generator
12:24:26.737 [main] DEBUG org.hibernate.orm.model.mapping.creation -- Starting PostInitCallbackEntry : Entity(com.pdcgame.Models.StorageItemSave) `staticFetchableList` generator
12:24:26.737 [main] DEBUG org.hibernate.orm.sql.ast.create -- Created new SQL alias : is1_0
12:24:26.737 [main] DEBUG org.hibernate.orm.sql.ast.create -- Registration of TableGroup [StandardTableGroup(com.pdcgame.Models.InventorySave)] with identifierForTableGroup [com.pdcgame.Models.InventorySave] for NavigablePath [com.pdcgame.Models.InventorySave] 
12:24:26.737 [main] DEBUG org.hibernate.orm.results.graph.AST -- DomainResult Graph:
 \-EntityResultImpl [com.pdcgame.Models.InventorySave]
 |  +-BasicFetch [com.pdcgame.Models.InventorySave.quantity]
 |  \-BasicFetch [com.pdcgame.Models.InventorySave.sellPrice]

12:24:26.738 [main] DEBUG org.hibernate.orm.sql.ast.tree -- SQL AST Tree:
    SelectStatement {
      FromClause {
        StandardTableGroup (is1 : com.pdcgame.Models.InventorySave) {
          primaryTableReference : inventory_save as is1_0
        }
      }
    }

12:24:26.738 [main] DEBUG org.hibernate.persister.entity.AbstractEntityPersister -- Static SQL for entity: com.pdcgame.Models.InventorySave
12:24:26.738 [main] DEBUG org.hibernate.persister.entity.AbstractEntityPersister --  Version select: select product_name from inventory_save where product_name=?
12:24:26.738 [main] DEBUG org.hibernate.persister.entity.AbstractEntityPersister --  Insert (0): insert into inventory_save (quantity,sell_price,product_name) values (?,?,?)
12:24:26.738 [main] DEBUG org.hibernate.persister.entity.AbstractEntityPersister --  Update (0): update inventory_save set quantity=?,sell_price=? where product_name=?
12:24:26.738 [main] DEBUG org.hibernate.persister.entity.AbstractEntityPersister --  Delete (0): delete from inventory_save where product_name=?
12:24:26.738 [main] DEBUG org.hibernate.orm.sql.ast.create -- Created new SQL alias : gs1_0
12:24:26.738 [main] DEBUG org.hibernate.orm.sql.ast.create -- Registration of TableGroup [StandardTableGroup(com.pdcgame.Models.GameSave)] with identifierForTableGroup [com.pdcgame.Models.GameSave] for NavigablePath [com.pdcgame.Models.GameSave] 
12:24:26.738 [main] DEBUG org.hibernate.orm.results.graph.AST -- DomainResult Graph:
 \-EntityResultImpl [com.pdcgame.Models.GameSave]
 |  +-BasicFetch [com.pdcgame.Models.GameSave.actions]
 |  +-BasicFetch [com.pdcgame.Models.GameSave.balance]
 |  +-BasicFetch [com.pdcgame.Models.GameSave.day]
 |  +-BasicFetch [com.pdcgame.Models.GameSave.difficulty]
 |  +-BasicFetch [com.pdcgame.Models.GameSave.gameSeed]
 |  +-BasicFetch [com.pdcgame.Models.GameSave.rating]
 |  \-BasicFetch [com.pdcgame.Models.GameSave.totalActions]

12:24:26.738 [main] DEBUG org.hibernate.orm.sql.ast.tree -- SQL AST Tree:
    SelectStatement {
      FromClause {
        StandardTableGroup (gs1 : com.pdcgame.Models.GameSave) {
          primaryTableReference : game_save as gs1_0
        }
      }
    }

12:24:26.738 [main] DEBUG org.hibernate.persister.entity.AbstractEntityPersister -- Static SQL for entity: com.pdcgame.Models.GameSave
12:24:26.738 [main] DEBUG org.hibernate.persister.entity.AbstractEntityPersister --  Version select: select id from game_save where id=?
12:24:26.738 [main] DEBUG org.hibernate.persister.entity.AbstractEntityPersister --  Insert (0): insert into game_save (actions,balance,day,difficulty,gameSeed,rating,totalActions,id) values (?,?,?,?,?,?,?,?)
12:24:26.738 [main] DEBUG org.hibernate.persister.entity.AbstractEntityPersister --  Update (0): update game_save set actions=?,balance=?,day=?,difficulty=?,gameSeed=?,rating=?,totalActions=? where id=?
12:24:26.738 [main] DEBUG org.hibernate.persister.entity.AbstractEntityPersister --  Delete (0): delete from game_save where id=?
12:24:26.738 [main] DEBUG org.hibernate.orm.sql.ast.create -- Created new SQL alias : bs1_0
12:24:26.738 [main] DEBUG org.hibernate.orm.sql.ast.create -- Registration of TableGroup [StandardTableGroup(com.pdcgame.Models.BoardSave)] with identifierForTableGroup [com.pdcgame.Models.BoardSave] for NavigablePath [com.pdcgame.Models.BoardSave] 
12:24:26.738 [main] DEBUG org.hibernate.orm.results.graph.AST -- DomainResult Graph:
 \-EntityResultImpl [com.pdcgame.Models.BoardSave]
 |  \-BasicFetch [com.pdcgame.Models.BoardSave.boardCell]

12:24:26.738 [main] DEBUG org.hibernate.orm.sql.ast.tree -- SQL AST Tree:
    SelectStatement {
      FromClause {
        StandardTableGroup (bs1 : com.pdcgame.Models.BoardSave) {
          primaryTableReference : board_save as bs1_0
        }
      }
    }

12:24:26.738 [main] DEBUG org.hibernate.persister.entity.AbstractEntityPersister -- Static SQL for entity: com.pdcgame.Models.BoardSave
12:24:26.738 [main] DEBUG org.hibernate.persister.entity.AbstractEntityPersister --  Version select: select coordinateID from board_save where coordinateID=?
12:24:26.738 [main] DEBUG org.hibernate.persister.entity.AbstractEntityPersister --  Insert (0): insert into board_save (boardCell,coordinateID) values (?,?)
12:24:26.738 [main] DEBUG org.hibernate.persister.entity.AbstractEntityPersister --  Update (0): update board_save set boardCell=? where coordinateID=?
12:24:26.738 [main] DEBUG org.hibernate.persister.entity.AbstractEntityPersister --  Delete (0): delete from board_save where coordinateID=?
12:24:26.738 [main] DEBUG org.hibernate.orm.sql.ast.create -- Created new SQL alias : sis1_0
12:24:26.738 [main] DEBUG org.hibernate.orm.sql.ast.create -- Registration of TableGroup [StandardTableGroup(com.pdcgame.Models.StorageItemSave)] with identifierForTableGroup [com.pdcgame.Models.StorageItemSave] for NavigablePath [com.pdcgame.Models.StorageItemSave] 
12:24:26.738 [main] DEBUG org.hibernate.orm.results.graph.AST -- DomainResult Graph:
 \-EntityResultImpl [com.pdcgame.Models.StorageItemSave]
 |  +-BasicFetch [com.pdcgame.Models.StorageItemSave.coordinateID]
 |  +-BasicFetch [com.pdcgame.Models.StorageItemSave.productName]
 |  \-BasicFetch [com.pdcgame.Models.StorageItemSave.quantity]

12:24:26.738 [main] DEBUG org.hibernate.orm.sql.ast.tree -- SQL AST Tree:
    SelectStatement {
      FromClause {
        StandardTableGroup (sis1 : com.pdcgame.Models.StorageItemSave) {
          primaryTableReference : storage_save as sis1_0
        }
      }
    }

12:24:26.738 [main] DEBUG org.hibernate.persister.entity.AbstractEntityPersister -- Static SQL for entity: com.pdcgame.Models.StorageItemSave
12:24:26.738 [main] DEBUG org.hibernate.persister.entity.AbstractEntityPersister --  Version select: select id from storage_save where id=?
12:24:26.738 [main] DEBUG org.hibernate.persister.entity.AbstractEntityPersister --  Insert (0): insert into storage_save (coordinate_id,product_name,quantity,id) values (?,?,?,default)
12:24:26.738 [main] DEBUG org.hibernate.persister.entity.AbstractEntityPersister --  Update (0): update storage_save set coordinate_id=?,product_name=?,quantity=? where id=?
12:24:26.738 [main] DEBUG org.hibernate.persister.entity.AbstractEntityPersister --  Delete (0): delete from storage_save where id=?
12:24:26.739 [main] DEBUG org.hibernate.engine.transaction.jta.platform.internal.JtaPlatformInitiator -- No JtaPlatform was specified, checking resolver
12:24:26.739 [main] DEBUG org.hibernate.engine.transaction.jta.platform.internal.JtaPlatformResolverInitiator -- No JtaPlatformResolver was specified, using default [org.hibernate.engine.transaction.jta.platform.internal.StandardJtaPlatformResolver]
12:24:26.740 [main] DEBUG org.hibernate.engine.transaction.jta.platform.internal.StandardJtaPlatformResolver -- Could not resolve JtaPlatform, using default [org.hibernate.engine.transaction.jta.platform.internal.NoJtaPlatform]
12:24:26.740 [main] INFO org.hibernate.engine.transaction.jta.platform.internal.JtaPlatformInitiator -- HHH000489: No JTA platform available (set 'hibernate.transaction.jta.platform' to enable JTA platform integration)
12:24:26.740 [main] DEBUG org.hibernate.type.spi.TypeConfiguration$Scope -- Scoping TypeConfiguration [org.hibernate.type.spi.TypeConfiguration@2c0fefac] to SessionFactoryImplementor [org.hibernate.internal.SessionFactoryImpl@448892f1]
12:24:26.741 [main] DEBUG org.hibernate.query.named.NamedObjectRepository -- Checking 0 named HQL queries
12:24:26.741 [main] DEBUG org.hibernate.query.named.NamedObjectRepository -- Checking 0 named SQL queries
12:24:26.741 [main] INFO org.hibernate.orm.connections.access -- HHH10001501: Connection obtained from JdbcConnectionAccess [org.hibernate.engine.jdbc.env.internal.JdbcEnvironmentInitiator$ConnectionProviderJdbcConnectionAccess@1626bddf] for (non-JTA) DDL execution was not in auto-commit mode; the Connection 'local transaction' will be committed and the Connection will be set into auto-commit mode.
12:24:26.744 [main] DEBUG org.hibernate.mapping.Table -- No alter strings for table : board_save
12:24:26.744 [main] DEBUG org.hibernate.mapping.Table -- No alter strings for table : game_save
12:24:26.744 [main] DEBUG org.hibernate.mapping.Table -- No alter strings for table : inventory_save
12:24:26.744 [main] DEBUG org.hibernate.mapping.Table -- No alter strings for table : storage_save
12:24:26.744 [main] DEBUG org.hibernate.internal.SessionFactoryRegistry -- Registering SessionFactory: a29734e1-5b86-4378-ae7a-3a46364ae5d7 (<unnamed>)
12:24:26.744 [main] DEBUG org.hibernate.internal.SessionFactoryRegistry -- Not binding SessionFactory to JNDI, no JNDI name configured
12:24:26.744 [main] DEBUG org.hibernate.internal.SessionFactoryImpl -- Instantiated SessionFactory
12:24:26.745 [main] DEBUG org.hibernate.integrator.internal.IntegratorServiceImpl -- Adding Integrator [org.hibernate.boot.beanvalidation.BeanValidationIntegrator].
12:24:26.745 [main] DEBUG org.hibernate.integrator.internal.IntegratorServiceImpl -- Adding Integrator [org.hibernate.cache.internal.CollectionCacheInvalidator].
12:24:26.747 [main] DEBUG org.hibernate.boot.jaxb.internal.stax.LocalXmlResourceResolver -- Checking public/system identifiers `-//Hibernate/Hibernate Configuration DTD 3.0//EN`/`http://hibernate.sourceforge.net/hibernate-configuration-3.0.dtd` as DTD references
12:24:26.747 [main] WARN org.hibernate.orm.deprecation -- HHH90000012: Recognized obsolete hibernate namespace http://hibernate.sourceforge.net/hibernate-configuration. Use namespace http://www.hibernate.org/dtd/hibernate-configuration instead.  Support for obsolete DTD/XSD namespaces may be removed at any time.
12:24:26.747 [main] DEBUG org.hibernate.boot.cfgxml.internal.JaxbCfgProcessor -- cfg.xml document did not define namespaces; wrapping in custom event reader to introduce namespace information
12:24:26.755 [main] DEBUG org.hibernate.cfg.Configuration -- Building session factory using internal StandardServiceRegistryBuilder
12:24:26.755 [main] DEBUG org.hibernate.cfg.Configuration -- Building session factory using provided StandardServiceRegistry
12:24:26.755 [main] DEBUG org.hibernate.orm.idgen.factory -- Ignoring CDI for resolving IdentifierGenerator instances as extended or delayed CDI support was enabled
12:24:26.755 [main] DEBUG org.hibernate.orm.idgen.factory -- Registering IdentifierGenerator strategy [uuid2] -> [org.hibernate.id.UUIDGenerator]
12:24:26.755 [main] DEBUG org.hibernate.orm.idgen.factory -- Registering IdentifierGenerator strategy [guid] -> [org.hibernate.id.GUIDGenerator]
12:24:26.755 [main] DEBUG org.hibernate.orm.idgen.factory -- Registering IdentifierGenerator strategy [uuid] -> [org.hibernate.id.UUIDHexGenerator]
12:24:26.755 [main] DEBUG org.hibernate.orm.idgen.factory -- Registering IdentifierGenerator strategy [uuid.hex] -> [org.hibernate.id.UUIDHexGenerator]
12:24:26.755 [main] DEBUG org.hibernate.orm.idgen.factory -- Registering IdentifierGenerator strategy [assigned] -> [org.hibernate.id.Assigned]
12:24:26.755 [main] DEBUG org.hibernate.orm.idgen.factory -- Registering IdentifierGenerator strategy [identity] -> [org.hibernate.id.IdentityGenerator]
12:24:26.755 [main] DEBUG org.hibernate.orm.idgen.factory -- Registering IdentifierGenerator strategy [select] -> [org.hibernate.id.SelectGenerator]
12:24:26.755 [main] DEBUG org.hibernate.orm.idgen.factory -- Registering IdentifierGenerator strategy [sequence] -> [org.hibernate.id.enhanced.SequenceStyleGenerator]
12:24:26.755 [main] DEBUG org.hibernate.orm.idgen.factory -- Registering IdentifierGenerator strategy [increment] -> [org.hibernate.id.IncrementGenerator]
12:24:26.755 [main] DEBUG org.hibernate.orm.idgen.factory -- Registering IdentifierGenerator strategy [foreign] -> [org.hibernate.id.ForeignGenerator]
12:24:26.755 [main] DEBUG org.hibernate.orm.idgen.factory -- Registering IdentifierGenerator strategy [enhanced-sequence] -> [org.hibernate.id.enhanced.SequenceStyleGenerator]
12:24:26.755 [main] DEBUG org.hibernate.orm.idgen.factory -- Registering IdentifierGenerator strategy [enhanced-table] -> [org.hibernate.id.enhanced.TableGenerator]
12:24:26.755 [main] DEBUG org.hibernate.cache.internal.RegionFactoryInitiator -- Cannot default RegionFactory based on registered strategies as `[]` RegionFactory strategies were registered
12:24:26.756 [main] INFO org.hibernate.cache.internal.RegionFactoryInitiator -- HHH000026: Second-level cache disabled
12:24:26.756 [main] DEBUG org.hibernate.type.BasicTypeRegistry -- Adding type registration boolean -> org.hibernate.type.BasicTypeReference@769d513
12:24:26.756 [main] DEBUG org.hibernate.type.BasicTypeRegistry -- Adding type registration boolean -> org.hibernate.type.BasicTypeReference@769d513
12:24:26.756 [main] DEBUG org.hibernate.type.BasicTypeRegistry -- Adding type registration java.lang.Boolean -> org.hibernate.type.BasicTypeReference@769d513
12:24:26.756 [main] DEBUG org.hibernate.type.BasicTypeRegistry -- Adding type registration numeric_boolean -> org.hibernate.type.BasicTypeReference@5e4fa1da
12:24:26.756 [main] DEBUG org.hibernate.type.BasicTypeRegistry -- Adding type registration org.hibernate.type.NumericBooleanConverter -> org.hibernate.type.BasicTypeReference@5e4fa1da
12:24:26.756 [main] DEBUG org.hibernate.type.BasicTypeRegistry -- Adding type registration true_false -> org.hibernate.type.BasicTypeReference@588cd519
12:24:26.756 [main] DEBUG org.hibernate.type.BasicTypeRegistry -- Adding type registration org.hibernate.type.TrueFalseConverter -> org.hibernate.type.BasicTypeReference@588cd519
12:24:26.756 [main] DEBUG org.hibernate.type.BasicTypeRegistry -- Adding type registration yes_no -> org.hibernate.type.BasicTypeReference@3f92c349
12:24:26.756 [main] DEBUG org.hibernate.type.BasicTypeRegistry -- Adding type registration org.hibernate.type.YesNoConverter -> org.hibernate.type.BasicTypeReference@3f92c349
12:24:26.756 [main] DEBUG org.hibernate.type.BasicTypeRegistry -- Adding type registration byte -> org.hibernate.type.BasicTypeReference@769a58e5
12:24:26.756 [main] DEBUG org.hibernate.type.BasicTypeRegistry -- Adding type registration byte -> org.hibernate.type.BasicTypeReference@769a58e5
12:24:26.756 [main] DEBUG org.hibernate.type.BasicTypeRegistry -- Adding type registration java.lang.Byte -> org.hibernate.type.BasicTypeReference@769a58e5
12:24:26.756 [main] DEBUG org.hibernate.type.BasicTypeRegistry -- Adding type registration binary -> org.hibernate.type.BasicTypeReference@55f8669d
12:24:26.756 [main] DEBUG org.hibernate.type.BasicTypeRegistry -- Adding type registration byte[] -> org.hibernate.type.BasicTypeReference@55f8669d
12:24:26.756 [main] DEBUG org.hibernate.type.BasicTypeRegistry -- Adding type registration [B -> org.hibernate.type.BasicTypeReference@55f8669d
12:24:26.756 [main] DEBUG org.hibernate.type.BasicTypeRegistry -- Adding type registration binary_wrapper -> org.hibernate.type.BasicTypeReference@6be25526
12:24:26.756 [main] DEBUG org.hibernate.type.BasicTypeRegistry -- Adding type registration wrapper-binary -> org.hibernate.type.BasicTypeReference@6be25526
12:24:26.756 [main] DEBUG org.hibernate.type.BasicTypeRegistry -- Adding type registration image -> org.hibernate.type.BasicTypeReference@42435b98
12:24:26.756 [main] DEBUG org.hibernate.type.BasicTypeRegistry -- Adding type registration blob -> org.hibernate.type.BasicTypeReference@66ba7e45
12:24:26.756 [main] DEBUG org.hibernate.type.BasicTypeRegistry -- Adding type registration java.sql.Blob -> org.hibernate.type.BasicTypeReference@66ba7e45
12:24:26.756 [main] DEBUG org.hibernate.type.BasicTypeRegistry -- Adding type registration materialized_blob -> org.hibernate.type.BasicTypeReference@70e02081
12:24:26.756 [main] DEBUG org.hibernate.type.BasicTypeRegistry -- Adding type registration materialized_blob_wrapper -> org.hibernate.type.BasicTypeReference@9d200de
12:24:26.756 [main] DEBUG org.hibernate.type.BasicTypeRegistry -- Adding type registration short -> org.hibernate.type.BasicTypeReference@511505e7
12:24:26.756 [main] DEBUG org.hibernate.type.BasicTypeRegistry -- Adding type registration short -> org.hibernate.type.BasicTypeReference@511505e7
12:24:26.756 [main] DEBUG org.hibernate.type.BasicTypeRegistry -- Adding type registration java.lang.Short -> org.hibernate.type.BasicTypeReference@511505e7
12:24:26.756 [main] DEBUG org.hibernate.type.BasicTypeRegistry -- Adding type registration integer -> org.hibernate.type.BasicTypeReference@646811d6
12:24:26.756 [main] DEBUG org.hibernate.type.BasicTypeRegistry -- Adding type registration int -> org.hibernate.type.BasicTypeReference@646811d6
12:24:26.756 [main] DEBUG org.hibernate.type.BasicTypeRegistry -- Adding type registration java.lang.Integer -> org.hibernate.type.BasicTypeReference@646811d6
12:24:26.756 [main] DEBUG org.hibernate.type.BasicTypeRegistry -- Adding type registration long -> org.hibernate.type.BasicTypeReference@15fdd1f2
12:24:26.756 [main] DEBUG org.hibernate.type.BasicTypeRegistry -- Adding type registration long -> org.hibernate.type.BasicTypeReference@15fdd1f2
12:24:26.756 [main] DEBUG org.hibernate.type.BasicTypeRegistry -- Adding type registration java.lang.Long -> org.hibernate.type.BasicTypeReference@15fdd1f2
12:24:26.756 [main] DEBUG org.hibernate.type.BasicTypeRegistry -- Adding type registration float -> org.hibernate.type.BasicTypeReference@cb0f763
12:24:26.756 [main] DEBUG org.hibernate.type.BasicTypeRegistry -- Adding type registration float -> org.hibernate.type.BasicTypeReference@cb0f763
12:24:26.756 [main] DEBUG org.hibernate.type.BasicTypeRegistry -- Adding type registration java.lang.Float -> org.hibernate.type.BasicTypeReference@cb0f763
12:24:26.756 [main] DEBUG org.hibernate.type.BasicTypeRegistry -- Adding type registration double -> org.hibernate.type.BasicTypeReference@7573e12f
12:24:26.756 [main] DEBUG org.hibernate.type.BasicTypeRegistry -- Adding type registration double -> org.hibernate.type.BasicTypeReference@7573e12f
12:24:26.756 [main] DEBUG org.hibernate.type.BasicTypeRegistry -- Adding type registration java.lang.Double -> org.hibernate.type.BasicTypeReference@7573e12f
12:24:26.756 [main] DEBUG org.hibernate.type.BasicTypeRegistry -- Adding type registration big_integer -> org.hibernate.type.BasicTypeReference@51b1a8f6
12:24:26.756 [main] DEBUG org.hibernate.type.BasicTypeRegistry -- Adding type registration java.math.BigInteger -> org.hibernate.type.BasicTypeReference@51b1a8f6
12:24:26.756 [main] DEBUG org.hibernate.type.BasicTypeRegistry -- Adding type registration big_decimal -> org.hibernate.type.BasicTypeReference@2a389173
12:24:26.756 [main] DEBUG org.hibernate.type.BasicTypeRegistry -- Adding type registration java.math.BigDecimal -> org.hibernate.type.BasicTypeReference@2a389173
12:24:26.756 [main] DEBUG org.hibernate.type.BasicTypeRegistry -- Adding type registration character -> org.hibernate.type.BasicTypeReference@213860b8
12:24:26.756 [main] DEBUG org.hibernate.type.BasicTypeRegistry -- Adding type registration char -> org.hibernate.type.BasicTypeReference@213860b8
12:24:26.756 [main] DEBUG org.hibernate.type.BasicTypeRegistry -- Adding type registration java.lang.Character -> org.hibernate.type.BasicTypeReference@213860b8
12:24:26.756 [main] DEBUG org.hibernate.type.BasicTypeRegistry -- Adding type registration character_nchar -> org.hibernate.type.BasicTypeReference@4ba89729
12:24:26.756 [main] DEBUG org.hibernate.type.BasicTypeRegistry -- Adding type registration string -> org.hibernate.type.BasicTypeReference@178270b2
12:24:26.756 [main] DEBUG org.hibernate.type.BasicTypeRegistry -- Adding type registration java.lang.String -> org.hibernate.type.BasicTypeReference@178270b2
12:24:26.756 [main] DEBUG org.hibernate.type.BasicTypeRegistry -- Adding type registration nstring -> org.hibernate.type.BasicTypeReference@795fd838
12:24:26.756 [main] DEBUG org.hibernate.type.BasicTypeRegistry -- Adding type registration characters -> org.hibernate.type.BasicTypeReference@1b005a0b
12:24:26.756 [main] DEBUG org.hibernate.type.BasicTypeRegistry -- Adding type registration char[] -> org.hibernate.type.BasicTypeReference@1b005a0b
12:24:26.756 [main] DEBUG org.hibernate.type.BasicTypeRegistry -- Adding type registration [C -> org.hibernate.type.BasicTypeReference@1b005a0b
12:24:26.756 [main] DEBUG org.hibernate.type.BasicTypeRegistry -- Adding type registration wrapper-characters -> org.hibernate.type.BasicTypeReference@141e879d
12:24:26.756 [main] DEBUG org.hibernate.type.BasicTypeRegistry -- Adding type registration text -> org.hibernate.type.BasicTypeReference@109d724c
12:24:26.756 [main] DEBUG org.hibernate.type.BasicTypeRegistry -- Adding type registration ntext -> org.hibernate.type.BasicTypeReference@1704f67f
12:24:26.756 [main] DEBUG org.hibernate.type.BasicTypeRegistry -- Adding type registration clob -> org.hibernate.type.BasicTypeReference@e4d2696
12:24:26.756 [main] DEBUG org.hibernate.type.BasicTypeRegistry -- Adding type registration java.sql.Clob -> org.hibernate.type.BasicTypeReference@e4d2696
12:24:26.756 [main] DEBUG org.hibernate.type.BasicTypeRegistry -- Adding type registration nclob -> org.hibernate.type.BasicTypeReference@6e0f7aad
12:24:26.756 [main] DEBUG org.hibernate.type.BasicTypeRegistry -- Adding type registration java.sql.NClob -> org.hibernate.type.BasicTypeReference@6e0f7aad
12:24:26.756 [main] DEBUG org.hibernate.type.BasicTypeRegistry -- Adding type registration materialized_clob -> org.hibernate.type.BasicTypeReference@15fb7a32
12:24:26.756 [main] DEBUG org.hibernate.type.BasicTypeRegistry -- Adding type registration materialized_clob_char_array -> org.hibernate.type.BasicTypeReference@257cc1fc
12:24:26.756 [main] DEBUG org.hibernate.type.BasicTypeRegistry -- Adding type registration materialized_clob_character_array -> org.hibernate.type.BasicTypeReference@42e22a53
12:24:26.756 [main] DEBUG org.hibernate.type.BasicTypeRegistry -- Adding type registration materialized_nclob -> org.hibernate.type.BasicTypeReference@57adfab0
12:24:26.756 [main] DEBUG org.hibernate.type.BasicTypeRegistry -- Adding type registration materialized_nclob_character_array -> org.hibernate.type.BasicTypeReference@1949309d
12:24:26.756 [main] DEBUG org.hibernate.type.BasicTypeRegistry -- Adding type registration materialized_nclob_char_array -> org.hibernate.type.BasicTypeReference@5af97169
12:24:26.756 [main] DEBUG org.hibernate.type.BasicTypeRegistry -- Adding type registration Duration -> org.hibernate.type.BasicTypeReference@99a78d7
12:24:26.756 [main] DEBUG org.hibernate.type.BasicTypeRegistry -- Adding type registration java.time.Duration -> org.hibernate.type.BasicTypeReference@99a78d7
12:24:26.756 [main] DEBUG org.hibernate.type.BasicTypeRegistry -- Adding type registration LocalDateTime -> org.hibernate.type.BasicTypeReference@31da6b2e
12:24:26.756 [main] DEBUG org.hibernate.type.BasicTypeRegistry -- Adding type registration java.time.LocalDateTime -> org.hibernate.type.BasicTypeReference@31da6b2e
12:24:26.756 [main] DEBUG org.hibernate.type.BasicTypeRegistry -- Adding type registration LocalDate -> org.hibernate.type.BasicTypeReference@61c76850
12:24:26.756 [main] DEBUG org.hibernate.type.BasicTypeRegistry -- Adding type registration java.time.LocalDate -> org.hibernate.type.BasicTypeReference@61c76850
12:24:26.756 [main] DEBUG org.hibernate.type.BasicTypeRegistry -- Adding type registration LocalTime -> org.hibernate.type.BasicTypeReference@70242f38
12:24:26.756 [main] DEBUG org.hibernate.type.BasicTypeRegistry -- Adding type registration java.time.LocalTime -> org.hibernate.type.BasicTypeReference@70242f38
12:24:26.756 [main] DEBUG org.hibernate.type.BasicTypeRegistry -- Adding type registration OffsetDateTime -> org.hibernate.type.BasicTypeReference@2a22ad2b
12:24:26.756 [main] DEBUG org.hibernate.type.BasicTypeRegistry -- Adding type registration java.time.OffsetDateTime -> org.hibernate.type.BasicTypeReference@2a22ad2b
12:24:26.756 [main] DEBUG org.hibernate.type.BasicTypeRegistry -- Adding type registration OffsetDateTimeWithTimezone -> org.hibernate.type.BasicTypeReference@48c3205a
12:24:26.756 [main] DEBUG org.hibernate.type.BasicTypeRegistry -- Adding type registration OffsetDateTimeWithoutTimezone -> org.hibernate.type.BasicTypeReference@121c54fa
12:24:26.756 [main] DEBUG org.hibernate.type.BasicTypeRegistry -- Adding type registration OffsetTime -> org.hibernate.type.BasicTypeReference@4390f46e
12:24:26.756 [main] DEBUG org.hibernate.type.BasicTypeRegistry -- Adding type registration java.time.OffsetTime -> org.hibernate.type.BasicTypeReference@4390f46e
12:24:26.756 [main] DEBUG org.hibernate.type.BasicTypeRegistry -- Adding type registration OffsetTimeUtc -> org.hibernate.type.BasicTypeReference@7c6442c2
12:24:26.756 [main] DEBUG org.hibernate.type.BasicTypeRegistry -- Adding type registration OffsetTimeWithTimezone -> org.hibernate.type.BasicTypeReference@2d746ce4
12:24:26.756 [main] DEBUG org.hibernate.type.BasicTypeRegistry -- Adding type registration OffsetTimeWithoutTimezone -> org.hibernate.type.BasicTypeReference@5dbf5634
12:24:26.756 [main] DEBUG org.hibernate.type.BasicTypeRegistry -- Adding type registration ZonedDateTime -> org.hibernate.type.BasicTypeReference@1948ea69
12:24:26.756 [main] DEBUG org.hibernate.type.BasicTypeRegistry -- Adding type registration java.time.ZonedDateTime -> org.hibernate.type.BasicTypeReference@1948ea69
12:24:26.756 [main] DEBUG org.hibernate.type.BasicTypeRegistry -- Adding type registration ZonedDateTimeWithTimezone -> org.hibernate.type.BasicTypeReference@47e4d9d0
12:24:26.756 [main] DEBUG org.hibernate.type.BasicTypeRegistry -- Adding type registration ZonedDateTimeWithoutTimezone -> org.hibernate.type.BasicTypeReference@49798e84
12:24:26.756 [main] DEBUG org.hibernate.type.BasicTypeRegistry -- Adding type registration date -> org.hibernate.type.BasicTypeReference@6ed06f69
12:24:26.756 [main] DEBUG org.hibernate.type.BasicTypeRegistry -- Adding type registration java.sql.Date -> org.hibernate.type.BasicTypeReference@6ed06f69
12:24:26.756 [main] DEBUG org.hibernate.type.BasicTypeRegistry -- Adding type registration time -> org.hibernate.type.BasicTypeReference@3015db78
12:24:26.756 [main] DEBUG org.hibernate.type.BasicTypeRegistry -- Adding type registration java.sql.Time -> org.hibernate.type.BasicTypeReference@3015db78
12:24:26.756 [main] DEBUG org.hibernate.type.BasicTypeRegistry -- Adding type registration timestamp -> org.hibernate.type.BasicTypeReference@515ebef3
12:24:26.756 [main] DEBUG org.hibernate.type.BasicTypeRegistry -- Adding type registration java.sql.Timestamp -> org.hibernate.type.BasicTypeReference@515ebef3
12:24:26.756 [main] DEBUG org.hibernate.type.BasicTypeRegistry -- Adding type registration java.util.Date -> org.hibernate.type.BasicTypeReference@515ebef3
12:24:26.756 [main] DEBUG org.hibernate.type.BasicTypeRegistry -- Adding type registration calendar -> org.hibernate.type.BasicTypeReference@545607f2
12:24:26.756 [main] DEBUG org.hibernate.type.BasicTypeRegistry -- Adding type registration java.util.Calendar -> org.hibernate.type.BasicTypeReference@545607f2
12:24:26.756 [main] DEBUG org.hibernate.type.BasicTypeRegistry -- Adding type registration java.util.GregorianCalendar -> org.hibernate.type.BasicTypeReference@545607f2
12:24:26.756 [main] DEBUG org.hibernate.type.BasicTypeRegistry -- Adding type registration calendar_date -> org.hibernate.type.BasicTypeReference@39109136
12:24:26.756 [main] DEBUG org.hibernate.type.BasicTypeRegistry -- Adding type registration calendar_time -> org.hibernate.type.BasicTypeReference@27c04377
12:24:26.756 [main] DEBUG org.hibernate.type.BasicTypeRegistry -- Adding type registration instant -> org.hibernate.type.BasicTypeReference@34dc85a
12:24:26.756 [main] DEBUG org.hibernate.type.BasicTypeRegistry -- Adding type registration java.time.Instant -> org.hibernate.type.BasicTypeReference@34dc85a
12:24:26.756 [main] DEBUG org.hibernate.type.BasicTypeRegistry -- Adding type registration uuid -> org.hibernate.type.BasicTypeReference@67403656
12:24:26.756 [main] DEBUG org.hibernate.type.BasicTypeRegistry -- Adding type registration java.util.UUID -> org.hibernate.type.BasicTypeReference@67403656
12:24:26.756 [main] DEBUG org.hibernate.type.BasicTypeRegistry -- Adding type registration pg-uuid -> org.hibernate.type.BasicTypeReference@67403656
12:24:26.756 [main] DEBUG org.hibernate.type.BasicTypeRegistry -- Adding type registration uuid-binary -> org.hibernate.type.BasicTypeReference@5a6482a9
12:24:26.756 [main] DEBUG org.hibernate.type.BasicTypeRegistry -- Adding type registration uuid-char -> org.hibernate.type.BasicTypeReference@12f8b1d8
12:24:26.756 [main] DEBUG org.hibernate.type.BasicTypeRegistry -- Adding type registration class -> org.hibernate.type.BasicTypeReference@746cd757
12:24:26.756 [main] DEBUG org.hibernate.type.BasicTypeRegistry -- Adding type registration java.lang.Class -> org.hibernate.type.BasicTypeReference@746cd757
12:24:26.756 [main] DEBUG org.hibernate.type.BasicTypeRegistry -- Adding type registration currency -> org.hibernate.type.BasicTypeReference@ae372b9
12:24:26.756 [main] DEBUG org.hibernate.type.BasicTypeRegistry -- Adding type registration Currency -> org.hibernate.type.BasicTypeReference@ae372b9
12:24:26.756 [main] DEBUG org.hibernate.type.BasicTypeRegistry -- Adding type registration java.util.Currency -> org.hibernate.type.BasicTypeReference@ae372b9
12:24:26.756 [main] DEBUG org.hibernate.type.BasicTypeRegistry -- Adding type registration locale -> org.hibernate.type.BasicTypeReference@2098d37d
12:24:26.756 [main] DEBUG org.hibernate.type.BasicTypeRegistry -- Adding type registration java.util.Locale -> org.hibernate.type.BasicTypeReference@2098d37d
12:24:26.756 [main] DEBUG org.hibernate.type.BasicTypeRegistry -- Adding type registration serializable -> org.hibernate.type.BasicTypeReference@77b9d0c7
12:24:26.756 [main] DEBUG org.hibernate.type.BasicTypeRegistry -- Adding type registration java.io.Serializable -> org.hibernate.type.BasicTypeReference@77b9d0c7
12:24:26.756 [main] DEBUG org.hibernate.type.BasicTypeRegistry -- Adding type registration timezone -> org.hibernate.type.BasicTypeReference@65fd6708
12:24:26.756 [main] DEBUG org.hibernate.type.BasicTypeRegistry -- Adding type registration java.util.TimeZone -> org.hibernate.type.BasicTypeReference@65fd6708
12:24:26.756 [main] DEBUG org.hibernate.type.BasicTypeRegistry -- Adding type registration ZoneOffset -> org.hibernate.type.BasicTypeReference@749ab7b4
12:24:26.756 [main] DEBUG org.hibernate.type.BasicTypeRegistry -- Adding type registration java.time.ZoneOffset -> org.hibernate.type.BasicTypeReference@749ab7b4
12:24:26.756 [main] DEBUG org.hibernate.type.BasicTypeRegistry -- Adding type registration url -> org.hibernate.type.BasicTypeReference@127f9161
12:24:26.756 [main] DEBUG org.hibernate.type.BasicTypeRegistry -- Adding type registration java.net.URL -> org.hibernate.type.BasicTypeReference@127f9161
12:24:26.756 [main] DEBUG org.hibernate.type.BasicTypeRegistry -- Adding type registration vector -> org.hibernate.type.BasicTypeReference@2bf94401
12:24:26.756 [main] DEBUG org.hibernate.type.BasicTypeRegistry -- Adding type registration row_version -> org.hibernate.type.BasicTypeReference@2532b351
12:24:26.756 [main] DEBUG org.hibernate.type.BasicTypeRegistry -- Adding type registration object -> org.hibernate.type.JavaObjectType@6892cc6f
12:24:26.756 [main] DEBUG org.hibernate.type.BasicTypeRegistry -- Adding type registration java.lang.Object -> org.hibernate.type.JavaObjectType@6892cc6f
12:24:26.756 [main] DEBUG org.hibernate.type.BasicTypeRegistry -- Adding type registration null -> org.hibernate.type.NullType@621f89b8
12:24:26.756 [main] DEBUG org.hibernate.type.BasicTypeRegistry -- Adding type registration imm_date -> org.hibernate.type.BasicTypeReference@4bbc02ef
12:24:26.756 [main] DEBUG org.hibernate.type.BasicTypeRegistry -- Adding type registration imm_time -> org.hibernate.type.BasicTypeReference@f0c1ae1
12:24:26.756 [main] DEBUG org.hibernate.type.BasicTypeRegistry -- Adding type registration imm_timestamp -> org.hibernate.type.BasicTypeReference@783dc0e7
12:24:26.756 [main] DEBUG org.hibernate.type.BasicTypeRegistry -- Adding type registration imm_calendar -> org.hibernate.type.BasicTypeReference@361f26b4
12:24:26.756 [main] DEBUG org.hibernate.type.BasicTypeRegistry -- Adding type registration imm_calendar_date -> org.hibernate.type.BasicTypeReference@1d9ff1e2
12:24:26.756 [main] DEBUG org.hibernate.type.BasicTypeRegistry -- Adding type registration imm_calendar_time -> org.hibernate.type.BasicTypeReference@722b3ba2
12:24:26.756 [main] DEBUG org.hibernate.type.BasicTypeRegistry -- Adding type registration imm_binary -> org.hibernate.type.BasicTypeReference@6487f7f8
12:24:26.756 [main] DEBUG org.hibernate.type.BasicTypeRegistry -- Adding type registration imm_serializable -> org.hibernate.type.BasicTypeReference@2b62475a
12:24:26.757 [main] WARN org.hibernate.orm.connections.pooling -- HHH10001002: Using built-in connection pool (not intended for production use)
12:24:26.758 [main] INFO org.hibernate.orm.connections.pooling -- HHH10001005: Loaded JDBC driver class: org.apache.derby.jdbc.EmbeddedDriver
12:24:26.758 [main] INFO org.hibernate.orm.connections.pooling -- HHH10001012: Connecting with JDBC URL [jdbc:derby:database/SupermarketDB;create=true]
12:24:26.758 [main] INFO org.hibernate.orm.connections.pooling -- HHH10001001: Connection properties: {password=, user=}
12:24:26.758 [main] INFO org.hibernate.orm.connections.pooling -- HHH10001003: Autocommit mode: false
12:24:26.758 [main] DEBUG org.hibernate.orm.connections.pooling -- Initializing Connection pool with 1 Connections
12:24:26.758 [main] INFO org.hibernate.orm.connections.pooling -- HHH10001115: Connection pool size: 20 (min=1)
12:24:26.759 [main] DEBUG org.hibernate.engine.jdbc.env.internal.JdbcEnvironmentInitiator -- Database ->
	   name : Apache Derby
	version : 10.17.1.0 - (1913217)
	  major : 10
	  minor : 17
12:24:26.759 [main] DEBUG org.hibernate.engine.jdbc.env.internal.JdbcEnvironmentInitiator -- Driver ->
	   name : Apache Derby Embedded JDBC Driver
	version : 10.17.1.0 - (1913217)
	  major : 10
	  minor : 17
12:24:26.759 [main] DEBUG org.hibernate.engine.jdbc.env.internal.JdbcEnvironmentInitiator -- JDBC version : 4.2
12:24:26.759 [main] WARN org.hibernate.orm.deprecation -- HHH90000025: DerbyDialect does not need to be specified explicitly using 'hibernate.dialect' (remove the property setting and it will be selected by default)
12:24:26.759 [main] DEBUG org.hibernate.orm.dialect -- HHH035001: Using dialect: org.hibernate.dialect.DerbyDialect, version: 10.17.1
12:24:26.759 [main] DEBUG org.hibernate.orm.jdbc.lob -- HHH10010006: Disabling contextual NCLOB creation as createNClob() method threw error : java.sql.SQLFeatureNotSupportedException: Feature not implemented: No details.
12:24:26.760 [main] DEBUG org.hibernate.type.descriptor.sql.spi.DdlTypeRegistry -- addDescriptor(-3, org.hibernate.type.descriptor.sql.internal.CapacityDependentDdlType@72e36677) replaced previous registration(org.hibernate.type.descriptor.sql.internal.CapacityDependentDdlType@6b86826a)
12:24:26.760 [main] DEBUG org.hibernate.type.descriptor.sql.spi.DdlTypeRegistry -- addDescriptor(12, org.hibernate.type.descriptor.sql.internal.CapacityDependentDdlType@3c2dda7c) replaced previous registration(org.hibernate.type.descriptor.sql.internal.CapacityDependentDdlType@4b9fa2f)
12:24:26.760 [main] DEBUG org.hibernate.type.descriptor.sql.spi.DdlTypeRegistry -- addDescriptor(-9, org.hibernate.type.descriptor.sql.internal.CapacityDependentDdlType@6d80e411) replaced previous registration(org.hibernate.type.descriptor.sql.internal.CapacityDependentDdlType@32caae19)
12:24:26.760 [main] DEBUG org.hibernate.type.descriptor.sql.spi.DdlTypeRegistry -- addDescriptor(-2, org.hibernate.type.descriptor.sql.internal.CapacityDependentDdlType@60e67c06) replaced previous registration(org.hibernate.type.descriptor.sql.internal.DdlTypeImpl@2bc59ab7)
12:24:26.760 [main] DEBUG org.hibernate.type.descriptor.sql.spi.DdlTypeRegistry -- addDescriptor(1, org.hibernate.type.descriptor.sql.internal.CapacityDependentDdlType@410f53b2) replaced previous registration(org.hibernate.type.descriptor.sql.internal.DdlTypeImpl@265287ec)
12:24:26.760 [main] DEBUG org.hibernate.type.descriptor.sql.spi.DdlTypeRegistry -- addDescriptor(-15, org.hibernate.type.descriptor.sql.internal.CapacityDependentDdlType@7507d96c) replaced previous registration(org.hibernate.type.descriptor.sql.internal.DdlTypeImpl@7210f559)
12:24:26.760 [main] DEBUG org.hibernate.type.descriptor.jdbc.spi.JdbcTypeRegistry -- addDescriptor(2005, ClobTypeDescriptor(STREAM_BINDING)) replaced previous registration(ClobTypeDescriptor(DEFAULT))
12:24:26.760 [main] DEBUG org.hibernate.type.descriptor.jdbc.spi.JdbcTypeRegistry -- addDescriptor(2, DecimalTypeDescriptor) replaced previous registration(NumericTypeDescriptor)
12:24:26.760 [main] DEBUG org.hibernate.type.descriptor.jdbc.spi.JdbcTypeRegistry -- addDescriptor(2014, TimestampTypeDescriptor) replaced previous registration(TimestampWithTimeZoneDescriptor)
12:24:26.760 [main] DEBUG org.hibernate.type.BasicTypeRegistry -- BasicTypeRegistry registration overwritten (2000 + org.hibernate.type.descriptor.java.ObjectJavaType@2a27cb34); previous =`org.hibernate.type.NullType@621f89b8`
12:24:26.760 [main] DEBUG org.hibernate.type.BasicTypeRegistry -- Adding type registration JAVA_OBJECT -> org.hibernate.type.JavaObjectType@49b9ba6a
12:24:26.760 [main] DEBUG org.hibernate.type.BasicTypeRegistry -- Adding type registration java.lang.Object -> org.hibernate.type.JavaObjectType@49b9ba6a
12:24:26.760 [main] DEBUG org.hibernate.type.BasicTypeRegistry -- Type registration key [java.lang.Object] overrode previous entry : `org.hibernate.type.JavaObjectType@6892cc6f`
12:24:26.760 [main] DEBUG org.hibernate.type.BasicTypeRegistry -- Adding type registration org.hibernate.type.DurationType -> basicType@64(java.time.Duration,3015)
12:24:26.760 [main] DEBUG org.hibernate.type.BasicTypeRegistry -- Adding type registration Duration -> basicType@64(java.time.Duration,3015)
12:24:26.760 [main] DEBUG org.hibernate.type.BasicTypeRegistry -- Adding type registration java.time.Duration -> basicType@64(java.time.Duration,3015)
12:24:26.760 [main] DEBUG org.hibernate.type.BasicTypeRegistry -- Adding type registration org.hibernate.type.OffsetDateTimeType -> basicType@65(java.time.OffsetDateTime,3003)
12:24:26.760 [main] DEBUG org.hibernate.type.BasicTypeRegistry -- Adding type registration OffsetDateTime -> basicType@65(java.time.OffsetDateTime,3003)
12:24:26.760 [main] DEBUG org.hibernate.type.BasicTypeRegistry -- Adding type registration java.time.OffsetDateTime -> basicType@65(java.time.OffsetDateTime,3003)
12:24:26.760 [main] DEBUG org.hibernate.type.BasicTypeRegistry -- Adding type registration org.hibernate.type.ZonedDateTimeType -> basicType@66(java.time.ZonedDateTime,3003)
12:24:26.760 [main] DEBUG org.hibernate.type.BasicTypeRegistry -- Adding type registration ZonedDateTime -> basicType@66(java.time.ZonedDateTime,3003)
12:24:26.760 [main] DEBUG org.hibernate.type.BasicTypeRegistry -- Adding type registration java.time.ZonedDateTime -> basicType@66(java.time.ZonedDateTime,3003)
12:24:26.760 [main] DEBUG org.hibernate.type.BasicTypeRegistry -- Adding type registration org.hibernate.type.OffsetTimeType -> basicType@67(java.time.OffsetTime,3007)
12:24:26.760 [main] DEBUG org.hibernate.type.BasicTypeRegistry -- Adding type registration OffsetTime -> basicType@67(java.time.OffsetTime,3007)
12:24:26.760 [main] DEBUG org.hibernate.type.BasicTypeRegistry -- Adding type registration java.time.OffsetTime -> basicType@67(java.time.OffsetTime,3007)
12:24:26.760 [main] DEBUG org.hibernate.type.spi.TypeConfiguration$Scope -- Scoping TypeConfiguration [org.hibernate.type.spi.TypeConfiguration@7be62956] to MetadataBuildingContext [org.hibernate.boot.internal.MetadataBuildingContextRootImpl@30e143ff]
12:24:26.760 [main] DEBUG org.hibernate.boot.model.relational.Namespace -- Created database namespace [logicalName=Name{catalog=null, schema=null}, physicalName=Name{catalog=null, schema=null}]
12:24:26.761 [main] DEBUG org.hibernate.boot.model.internal.EntityBinder -- Binding entity from annotated class: com.pdcgame.Models.GameSave
12:24:26.761 [main] DEBUG org.hibernate.boot.model.internal.EntityBinder -- Import with entity name GameSave
12:24:26.761 [main] DEBUG org.hibernate.boot.model.internal.EntityBinder -- Bind entity com.pdcgame.Models.GameSave on table game_save
12:24:26.761 [main] DEBUG org.hibernate.boot.model.internal.AnnotatedColumn -- Binding column: AnnotatedDiscriminatorColumn(column='DTYPE')
12:24:26.761 [main] DEBUG org.hibernate.boot.model.internal.AnnotatedColumn -- Binding column: AnnotatedColumn()
12:24:26.761 [main] DEBUG org.hibernate.boot.internal.ClassLoaderAccessImpl -- Not known whether passed class name [com.pdcgame.Models.GameSave] is safe
12:24:26.761 [main] DEBUG org.hibernate.boot.internal.ClassLoaderAccessImpl -- No temp ClassLoader provided; using live ClassLoader for loading potentially unsafe class : com.pdcgame.Models.GameSave
12:24:26.761 [main] DEBUG org.hibernate.boot.model.internal.PropertyBinder -- MetadataSourceProcessor property id with lazy=false
12:24:26.761 [main] DEBUG org.hibernate.boot.model.internal.AbstractPropertyHolder -- Attempting to locate auto-apply AttributeConverter for property [com.pdcgame.Models.GameSave:id]
12:24:26.761 [main] DEBUG org.hibernate.boot.model.internal.BasicValueBinder -- building BasicValue for id
12:24:26.761 [main] DEBUG org.hibernate.mapping.BasicValue -- Skipping column re-registration: game_save.id
12:24:26.761 [main] DEBUG org.hibernate.boot.model.internal.PropertyBinder -- Building property id
12:24:26.761 [main] DEBUG org.hibernate.boot.model.internal.BinderHelper -- #makeIdGenerator(BasicValue([Column(id)]), id, assigned, , ...)
12:24:26.761 [main] DEBUG org.hibernate.boot.model.internal.AnnotatedColumn -- Binding column: AnnotatedColumn()
12:24:26.761 [main] DEBUG org.hibernate.boot.model.internal.PropertyBinder -- MetadataSourceProcessor property actions with lazy=false
12:24:26.761 [main] DEBUG org.hibernate.boot.model.internal.AbstractPropertyHolder -- Attempting to locate auto-apply AttributeConverter for property [com.pdcgame.Models.GameSave:actions]
12:24:26.761 [main] DEBUG org.hibernate.boot.model.internal.BasicValueBinder -- building BasicValue for actions
12:24:26.761 [main] DEBUG org.hibernate.mapping.BasicValue -- Skipping column re-registration: game_save.actions
12:24:26.761 [main] DEBUG org.hibernate.boot.model.internal.PropertyBinder -- Building property actions
12:24:26.761 [main] DEBUG org.hibernate.boot.model.internal.AnnotatedColumn -- Binding column: AnnotatedColumn()
12:24:26.761 [main] DEBUG org.hibernate.boot.model.internal.PropertyBinder -- MetadataSourceProcessor property balance with lazy=false
12:24:26.761 [main] DEBUG org.hibernate.boot.model.internal.AbstractPropertyHolder -- Attempting to locate auto-apply AttributeConverter for property [com.pdcgame.Models.GameSave:balance]
12:24:26.761 [main] DEBUG org.hibernate.boot.model.internal.BasicValueBinder -- building BasicValue for balance
12:24:26.761 [main] DEBUG org.hibernate.mapping.BasicValue -- Skipping column re-registration: game_save.balance
12:24:26.761 [main] DEBUG org.hibernate.boot.model.internal.PropertyBinder -- Building property balance
12:24:26.762 [main] DEBUG org.hibernate.boot.model.internal.AnnotatedColumn -- Binding column: AnnotatedColumn()
12:24:26.762 [main] DEBUG org.hibernate.boot.model.internal.PropertyBinder -- MetadataSourceProcessor property day with lazy=false
12:24:26.762 [main] DEBUG org.hibernate.boot.model.internal.AbstractPropertyHolder -- Attempting to locate auto-apply AttributeConverter for property [com.pdcgame.Models.GameSave:day]
12:24:26.762 [main] DEBUG org.hibernate.boot.model.internal.BasicValueBinder -- building BasicValue for day
12:24:26.762 [main] DEBUG org.hibernate.mapping.BasicValue -- Skipping column re-registration: game_save.day
12:24:26.762 [main] DEBUG org.hibernate.boot.model.internal.PropertyBinder -- Building property day
12:24:26.762 [main] DEBUG org.hibernate.boot.model.internal.AnnotatedColumn -- Binding column: AnnotatedColumn()
12:24:26.762 [main] DEBUG org.hibernate.boot.model.internal.PropertyBinder -- MetadataSourceProcessor property difficulty with lazy=false
12:24:26.762 [main] DEBUG org.hibernate.boot.model.internal.AbstractPropertyHolder -- Attempting to locate auto-apply AttributeConverter for property [com.pdcgame.Models.GameSave:difficulty]
12:24:26.762 [main] DEBUG org.hibernate.boot.model.internal.BasicValueBinder -- building BasicValue for difficulty
12:24:26.762 [main] DEBUG org.hibernate.mapping.BasicValue -- Skipping column re-registration: game_save.difficulty
12:24:26.762 [main] DEBUG org.hibernate.boot.model.internal.PropertyBinder -- Building property difficulty
12:24:26.762 [main] DEBUG org.hibernate.boot.model.internal.AnnotatedColumn -- Binding column: AnnotatedColumn()
12:24:26.762 [main] DEBUG org.hibernate.boot.model.internal.PropertyBinder -- MetadataSourceProcessor property gameSeed with lazy=false
12:24:26.762 [main] DEBUG org.hibernate.boot.model.internal.AbstractPropertyHolder -- Attempting to locate auto-apply AttributeConverter for property [com.pdcgame.Models.GameSave:gameSeed]
12:24:26.762 [main] DEBUG org.hibernate.boot.model.internal.BasicValueBinder -- building BasicValue for gameSeed
12:24:26.762 [main] DEBUG org.hibernate.mapping.BasicValue -- Skipping column re-registration: game_save.gameSeed
12:24:26.762 [main] DEBUG org.hibernate.boot.model.internal.PropertyBinder -- Building property gameSeed
12:24:26.762 [main] DEBUG org.hibernate.boot.model.internal.AnnotatedColumn -- Binding column: AnnotatedColumn()
12:24:26.762 [main] DEBUG org.hibernate.boot.model.internal.PropertyBinder -- MetadataSourceProcessor property rating with lazy=false
12:24:26.762 [main] DEBUG org.hibernate.boot.model.internal.AbstractPropertyHolder -- Attempting to locate auto-apply AttributeConverter for property [com.pdcgame.Models.GameSave:rating]
12:24:26.762 [main] DEBUG org.hibernate.boot.model.internal.BasicValueBinder -- building BasicValue for rating
12:24:26.762 [main] DEBUG org.hibernate.mapping.BasicValue -- Skipping column re-registration: game_save.rating
12:24:26.762 [main] DEBUG org.hibernate.boot.model.internal.PropertyBinder -- Building property rating
12:24:26.762 [main] DEBUG org.hibernate.boot.model.internal.AnnotatedColumn -- Binding column: AnnotatedColumn()
12:24:26.762 [main] DEBUG org.hibernate.boot.model.internal.PropertyBinder -- MetadataSourceProcessor property totalActions with lazy=false
12:24:26.762 [main] DEBUG org.hibernate.boot.model.internal.AbstractPropertyHolder -- Attempting to locate auto-apply AttributeConverter for property [com.pdcgame.Models.GameSave:totalActions]
12:24:26.762 [main] DEBUG org.hibernate.boot.model.internal.BasicValueBinder -- building BasicValue for totalActions
12:24:26.762 [main] DEBUG org.hibernate.mapping.BasicValue -- Skipping column re-registration: game_save.totalActions
12:24:26.762 [main] DEBUG org.hibernate.boot.model.internal.PropertyBinder -- Building property totalActions
12:24:26.762 [main] DEBUG org.hibernate.boot.registry.classloading.internal.ClassLoaderServiceImpl -- HHH000194: Package not found or no package-info.java: com.pdcgame.Models
12:24:26.762 [main] DEBUG org.hibernate.boot.model.internal.EntityBinder -- Binding entity from annotated class: com.pdcgame.Models.InventorySave
12:24:26.762 [main] DEBUG org.hibernate.boot.model.internal.EntityBinder -- Import with entity name InventorySave
12:24:26.762 [main] DEBUG org.hibernate.boot.model.internal.EntityBinder -- Bind entity com.pdcgame.Models.InventorySave on table inventory_save
12:24:26.762 [main] DEBUG org.hibernate.boot.model.internal.AnnotatedColumn -- Binding column: AnnotatedDiscriminatorColumn(column='DTYPE')
12:24:26.763 [main] DEBUG org.hibernate.boot.model.internal.AnnotatedColumn -- Binding column: AnnotatedColumn(column='product_name')
12:24:26.763 [main] DEBUG org.hibernate.boot.internal.ClassLoaderAccessImpl -- Not known whether passed class name [com.pdcgame.Models.InventorySave] is safe
12:24:26.763 [main] DEBUG org.hibernate.boot.internal.ClassLoaderAccessImpl -- No temp ClassLoader provided; using live ClassLoader for loading potentially unsafe class : com.pdcgame.Models.InventorySave
12:24:26.763 [main] DEBUG org.hibernate.boot.model.internal.PropertyBinder -- MetadataSourceProcessor property productName with lazy=false
12:24:26.763 [main] DEBUG org.hibernate.boot.model.internal.AbstractPropertyHolder -- Attempting to locate auto-apply AttributeConverter for property [com.pdcgame.Models.InventorySave:productName]
12:24:26.763 [main] DEBUG org.hibernate.boot.model.internal.BasicValueBinder -- building BasicValue for productName
12:24:26.763 [main] DEBUG org.hibernate.mapping.BasicValue -- Skipping column re-registration: inventory_save.product_name
12:24:26.763 [main] DEBUG org.hibernate.boot.model.internal.PropertyBinder -- Building property productName
12:24:26.763 [main] DEBUG org.hibernate.boot.model.internal.BinderHelper -- #makeIdGenerator(BasicValue([Column(product_name)]), productName, assigned, , ...)
12:24:26.763 [main] DEBUG org.hibernate.boot.model.internal.AnnotatedColumn -- Binding column: AnnotatedColumn(column='quantity')
12:24:26.763 [main] DEBUG org.hibernate.boot.model.internal.PropertyBinder -- MetadataSourceProcessor property quantity with lazy=false
12:24:26.763 [main] DEBUG org.hibernate.boot.model.internal.AbstractPropertyHolder -- Attempting to locate auto-apply AttributeConverter for property [com.pdcgame.Models.InventorySave:quantity]
12:24:26.763 [main] DEBUG org.hibernate.boot.model.internal.BasicValueBinder -- building BasicValue for quantity
12:24:26.763 [main] DEBUG org.hibernate.mapping.BasicValue -- Skipping column re-registration: inventory_save.quantity
12:24:26.763 [main] DEBUG org.hibernate.boot.model.internal.PropertyBinder -- Building property quantity
12:24:26.763 [main] DEBUG org.hibernate.boot.model.internal.AnnotatedColumn -- Binding column: AnnotatedColumn(column='sell_price')
12:24:26.763 [main] DEBUG org.hibernate.boot.model.internal.PropertyBinder -- MetadataSourceProcessor property sellPrice with lazy=false
12:24:26.763 [main] DEBUG org.hibernate.boot.model.internal.AbstractPropertyHolder -- Attempting to locate auto-apply AttributeConverter for property [com.pdcgame.Models.InventorySave:sellPrice]
12:24:26.763 [main] DEBUG org.hibernate.boot.model.internal.BasicValueBinder -- building BasicValue for sellPrice
12:24:26.763 [main] DEBUG org.hibernate.mapping.BasicValue -- Skipping column re-registration: inventory_save.sell_price
12:24:26.763 [main] DEBUG org.hibernate.boot.model.internal.PropertyBinder -- Building property sellPrice
12:24:26.763 [main] DEBUG org.hibernate.boot.registry.classloading.internal.ClassLoaderServiceImpl -- HHH000194: Package not found or no package-info.java: com.pdcgame.Models
12:24:26.763 [main] DEBUG org.hibernate.boot.model.internal.EntityBinder -- Binding entity from annotated class: com.pdcgame.Models.BoardSave
12:24:26.763 [main] DEBUG org.hibernate.boot.model.internal.EntityBinder -- Import with entity name BoardSave
12:24:26.763 [main] DEBUG org.hibernate.boot.model.internal.EntityBinder -- Bind entity com.pdcgame.Models.BoardSave on table board_save
12:24:26.763 [main] DEBUG org.hibernate.boot.model.internal.AnnotatedColumn -- Binding column: AnnotatedDiscriminatorColumn(column='DTYPE')
12:24:26.763 [main] DEBUG org.hibernate.boot.model.internal.AnnotatedColumn -- Binding column: AnnotatedColumn()
12:24:26.763 [main] DEBUG org.hibernate.boot.internal.ClassLoaderAccessImpl -- Not known whether passed class name [com.pdcgame.Models.BoardSave] is safe
12:24:26.763 [main] DEBUG org.hibernate.boot.internal.ClassLoaderAccessImpl -- No temp ClassLoader provided; using live ClassLoader for loading potentially unsafe class : com.pdcgame.Models.BoardSave
12:24:26.763 [main] DEBUG org.hibernate.boot.model.internal.PropertyBinder -- MetadataSourceProcessor property coordinateID with lazy=false
12:24:26.763 [main] DEBUG org.hibernate.boot.model.internal.AbstractPropertyHolder -- Attempting to locate auto-apply AttributeConverter for property [com.pdcgame.Models.BoardSave:coordinateID]
12:24:26.763 [main] DEBUG org.hibernate.boot.model.internal.BasicValueBinder -- building BasicValue for coordinateID
12:24:26.763 [main] DEBUG org.hibernate.mapping.BasicValue -- Skipping column re-registration: board_save.coordinateID
12:24:26.763 [main] DEBUG org.hibernate.boot.model.internal.PropertyBinder -- Building property coordinateID
12:24:26.763 [main] DEBUG org.hibernate.boot.model.internal.BinderHelper -- #makeIdGenerator(BasicValue([Column(coordinateID)]), coordinateID, assigned, , ...)
12:24:26.763 [main] DEBUG org.hibernate.boot.model.internal.AnnotatedColumn -- Binding column: AnnotatedColumn()
12:24:26.763 [main] DEBUG org.hibernate.boot.model.internal.PropertyBinder -- MetadataSourceProcessor property boardCell with lazy=false
12:24:26.763 [main] DEBUG org.hibernate.boot.model.internal.AbstractPropertyHolder -- Attempting to locate auto-apply AttributeConverter for property [com.pdcgame.Models.BoardSave:boardCell]
12:24:26.763 [main] DEBUG org.hibernate.boot.model.internal.BasicValueBinder -- building BasicValue for boardCell
12:24:26.763 [main] DEBUG org.hibernate.mapping.BasicValue -- Skipping column re-registration: board_save.boardCell
12:24:26.763 [main] DEBUG org.hibernate.boot.model.internal.PropertyBinder -- Building property boardCell
12:24:26.764 [main] DEBUG org.hibernate.boot.registry.classloading.internal.ClassLoaderServiceImpl -- HHH000194: Package not found or no package-info.java: com.pdcgame.Models
12:24:26.764 [main] DEBUG org.hibernate.boot.model.internal.EntityBinder -- Binding entity from annotated class: com.pdcgame.Models.StorageItemSave
12:24:26.764 [main] DEBUG org.hibernate.boot.model.internal.EntityBinder -- Import with entity name StorageItemSave
12:24:26.764 [main] DEBUG org.hibernate.boot.model.internal.EntityBinder -- Bind entity com.pdcgame.Models.StorageItemSave on table storage_save
12:24:26.764 [main] DEBUG org.hibernate.boot.model.internal.AnnotatedColumn -- Binding column: AnnotatedDiscriminatorColumn(column='DTYPE')
12:24:26.764 [main] DEBUG org.hibernate.boot.model.internal.AnnotatedColumn -- Binding column: AnnotatedColumn()
12:24:26.764 [main] DEBUG org.hibernate.boot.internal.ClassLoaderAccessImpl -- Not known whether passed class name [com.pdcgame.Models.StorageItemSave] is safe
12:24:26.764 [main] DEBUG org.hibernate.boot.internal.ClassLoaderAccessImpl -- No temp ClassLoader provided; using live ClassLoader for loading potentially unsafe class : com.pdcgame.Models.StorageItemSave
12:24:26.764 [main] DEBUG org.hibernate.boot.model.internal.PropertyBinder -- MetadataSourceProcessor property id with lazy=false
12:24:26.764 [main] DEBUG org.hibernate.boot.model.internal.AbstractPropertyHolder -- Attempting to locate auto-apply AttributeConverter for property [com.pdcgame.Models.StorageItemSave:id]
12:24:26.764 [main] DEBUG org.hibernate.boot.model.internal.BasicValueBinder -- building BasicValue for id
12:24:26.764 [main] DEBUG org.hibernate.mapping.BasicValue -- Skipping column re-registration: storage_save.id
12:24:26.764 [main] DEBUG org.hibernate.boot.model.internal.PropertyBinder -- Building property id
12:24:26.764 [main] DEBUG org.hibernate.boot.model.internal.BinderHelper -- #makeIdGenerator(BasicValue([Column(id)]), id, identity, , ...)
12:24:26.764 [main] DEBUG org.hibernate.boot.model.internal.AnnotatedColumn -- Binding column: AnnotatedColumn(column='coordinate_id')
12:24:26.764 [main] DEBUG org.hibernate.boot.model.internal.PropertyBinder -- MetadataSourceProcessor property coordinateID with lazy=false
12:24:26.764 [main] DEBUG org.hibernate.boot.model.internal.AbstractPropertyHolder -- Attempting to locate auto-apply AttributeConverter for property [com.pdcgame.Models.StorageItemSave:coordinateID]
12:24:26.764 [main] DEBUG org.hibernate.boot.model.internal.BasicValueBinder -- building BasicValue for coordinateID
12:24:26.764 [main] DEBUG org.hibernate.mapping.BasicValue -- Skipping column re-registration: storage_save.coordinate_id
12:24:26.764 [main] DEBUG org.hibernate.boot.model.internal.PropertyBinder -- Building property coordinateID
12:24:26.764 [main] DEBUG org.hibernate.boot.model.internal.AnnotatedColumn -- Binding column: AnnotatedColumn(column='product_name')
12:24:26.764 [main] DEBUG org.hibernate.boot.model.internal.PropertyBinder -- MetadataSourceProcessor property productName with lazy=false
12:24:26.764 [main] DEBUG org.hibernate.boot.model.internal.AbstractPropertyHolder -- Attempting to locate auto-apply AttributeConverter for property [com.pdcgame.Models.StorageItemSave:productName]
12:24:26.764 [main] DEBUG org.hibernate.boot.model.internal.BasicValueBinder -- building BasicValue for productName
12:24:26.764 [main] DEBUG org.hibernate.mapping.BasicValue -- Skipping column re-registration: storage_save.product_name
12:24:26.764 [main] DEBUG org.hibernate.boot.model.internal.PropertyBinder -- Building property productName
12:24:26.764 [main] DEBUG org.hibernate.boot.model.internal.AnnotatedColumn -- Binding column: AnnotatedColumn(column='quantity')
12:24:26.764 [main] DEBUG org.hibernate.boot.model.internal.PropertyBinder -- MetadataSourceProcessor property quantity with lazy=false
12:24:26.764 [main] DEBUG org.hibernate.boot.model.internal.AbstractPropertyHolder -- Attempting to locate auto-apply AttributeConverter for property [com.pdcgame.Models.StorageItemSave:quantity]
12:24:26.764 [main] DEBUG org.hibernate.boot.model.internal.BasicValueBinder -- building BasicValue for quantity
12:24:26.764 [main] DEBUG org.hibernate.mapping.BasicValue -- Skipping column re-registration: storage_save.quantity
12:24:26.764 [main] DEBUG org.hibernate.boot.model.internal.PropertyBinder -- Building property quantity
12:24:26.764 [main] DEBUG org.hibernate.boot.registry.classloading.internal.ClassLoaderServiceImpl -- HHH000194: Package not found or no package-info.java: com.pdcgame.Models
12:24:26.765 [main] DEBUG org.hibernate.boot.model.internal.BasicValueBinder -- Starting `BasicValueBinder#fillSimpleValue` for id
12:24:26.765 [main] DEBUG org.hibernate.boot.model.internal.BasicValueBinder -- Starting `BasicValueBinder#fillSimpleValue` for actions
12:24:26.765 [main] DEBUG org.hibernate.boot.model.internal.BasicValueBinder -- Starting `BasicValueBinder#fillSimpleValue` for balance
12:24:26.765 [main] DEBUG org.hibernate.boot.model.internal.BasicValueBinder -- Starting `BasicValueBinder#fillSimpleValue` for day
12:24:26.765 [main] DEBUG org.hibernate.boot.model.internal.BasicValueBinder -- Starting `BasicValueBinder#fillSimpleValue` for difficulty
12:24:26.765 [main] DEBUG org.hibernate.boot.model.internal.BasicValueBinder -- Starting `BasicValueBinder#fillSimpleValue` for gameSeed
12:24:26.765 [main] DEBUG org.hibernate.boot.model.internal.BasicValueBinder -- Starting `BasicValueBinder#fillSimpleValue` for rating
12:24:26.765 [main] DEBUG org.hibernate.boot.model.internal.BasicValueBinder -- Starting `BasicValueBinder#fillSimpleValue` for totalActions
12:24:26.765 [main] DEBUG org.hibernate.boot.model.internal.BasicValueBinder -- Starting `BasicValueBinder#fillSimpleValue` for productName
12:24:26.765 [main] DEBUG org.hibernate.boot.model.internal.BasicValueBinder -- Starting `BasicValueBinder#fillSimpleValue` for quantity
12:24:26.765 [main] DEBUG org.hibernate.boot.model.internal.BasicValueBinder -- Starting `BasicValueBinder#fillSimpleValue` for sellPrice
12:24:26.765 [main] DEBUG org.hibernate.boot.model.internal.BasicValueBinder -- Starting `BasicValueBinder#fillSimpleValue` for coordinateID
12:24:26.765 [main] DEBUG org.hibernate.boot.model.internal.BasicValueBinder -- Starting `BasicValueBinder#fillSimpleValue` for boardCell
12:24:26.765 [main] DEBUG org.hibernate.boot.model.internal.BasicValueBinder -- Starting `BasicValueBinder#fillSimpleValue` for id
12:24:26.765 [main] DEBUG org.hibernate.boot.model.internal.BasicValueBinder -- Starting `BasicValueBinder#fillSimpleValue` for coordinateID
12:24:26.765 [main] DEBUG org.hibernate.boot.model.internal.BasicValueBinder -- Starting `BasicValueBinder#fillSimpleValue` for productName
12:24:26.765 [main] DEBUG org.hibernate.boot.model.internal.BasicValueBinder -- Starting `BasicValueBinder#fillSimpleValue` for quantity
12:24:26.765 [main] DEBUG org.hibernate.mapping.PrimaryKey -- Forcing column [id] to be non-null as it is part of the primary key for table [game_save]
12:24:26.765 [main] DEBUG org.hibernate.mapping.PrimaryKey -- Forcing column [product_name] to be non-null as it is part of the primary key for table [inventory_save]
12:24:26.765 [main] DEBUG org.hibernate.mapping.PrimaryKey -- Forcing column [coordinateid] to be non-null as it is part of the primary key for table [board_save]
12:24:26.765 [main] DEBUG org.hibernate.mapping.PrimaryKey -- Forcing column [id] to be non-null as it is part of the primary key for table [storage_save]
12:24:26.769 [main] DEBUG org.hibernate.internal.SessionFactoryImpl -- Building session factory
12:24:26.770 [main] DEBUG org.hibernate.service.internal.SessionFactoryServiceRegistryImpl -- EventListenerRegistry access via ServiceRegistry is deprecated.  Use `sessionFactory.getEventEngine().getListenerRegistry()` instead
12:24:26.770 [main] DEBUG org.hibernate.internal.SessionFactoryImpl -- Instantiating SessionFactory with settings: {hibernate.format_sql=false, java.specification.version=21, sun.cpu.isalist=amd64, sun.jnu.encoding=Cp1252, hibernate.dialect=org.hibernate.dialect.DerbyDialect, java.class.path=C:\Users\prish\Documents\SupermarketSimulatorGUI\SupermarketSimulatorGUI\target\test-classes;C:\Users\prish\Documents\SupermarketSimulatorGUI\SupermarketSimulatorGUI\target\classes;C:\Users\prish\.m2\repository\org\hibernate\orm\hibernate-core\6.5.0.Final\hibernate-core-6.5.0.Final.jar;C:\Users\prish\.m2\repository\jakarta\persistence\jakarta.persistence-api\3.1.0\jakarta.persistence-api-3.1.0.jar;C:\Users\prish\.m2\repository\jakarta\transaction\jakarta.transaction-api\2.0.1\jakarta.transaction-api-2.0.1.jar;C:\Users\prish\.m2\repository\org\jboss\logging\jboss-logging\3.5.0.Final\jboss-logging-3.5.0.Final.jar;C:\Users\prish\.m2\repository\org\hibernate\common\hibernate-commons-annotations\6.0.6.Final\hibernate-commons-annotations-6.0.6.Final.jar;C:\Users\prish\.m2\repository\io\smallrye\jandex\3.1.2\jandex-3.1.2.jar;C:\Users\prish\.m2\repository\com\fasterxml\classmate\1.5.1\classmate-1.5.1.jar;C:\Users\prish\.m2\repository\net\bytebuddy\byte-buddy\1.14.12\byte-buddy-1.14.12.jar;C:\Users\prish\.m2\repository\jakarta\xml\bind\jakarta.xml.bind-api\4.0.0\jakarta.xml.bind-api-4.0.0.jar;C:\Users\prish\.m2\repository\jakarta\activation\jakarta.activation-api\2.1.0\jakarta.activation-api-2.1.0.jar;C:\Users\prish\.m2\repository\org\glassfish\jaxb\jaxb-runtime\4.0.2\jaxb-runtime-4.0.2.jar;C:\Users\prish\.m2\repository\org\glassfish\jaxb\jaxb-core\4.0.2\jaxb-core-4.0.2.jar;C:\Users\prish\.m2\repository\org\eclipse\angus\angus-activation\2.0.0\angus-activation-2.0.0.jar;C:\Users\prish\.m2\repository\org\glassfish\jaxb\txw2\4.0.2\txw2-4.0.2.jar;C:\Users\prish\.m2\repository\com\sun\istack\istack-commons-runtime\4.1.1\istack-commons-runtime-4.1.1.jar;C:\Users\prish\.m2\repository\jakarta\inject\jakarta.inject-api\2.0.1\jakarta.inject-api-2.0.1.jar;C:\Users\prish\.m2\repository\org\antlr\antlr4-runtime\4.13.0\antlr4-runtime-4.13.0.jar;C:\Users\prish\.m2\repository\org\apache\derby\derby\10.17.1.0\derby-10.17.1.0.jar;C:\Users\prish\.m2\repository\org\apache\derby\derbyshared\10.17.1.0\derbyshared-10.17.1.0.jar;C:\Users\prish\.m2\repository\org\apache\derby\derbyclient\10.17.1.0\derbyclient-10.17.1.0.jar;C:\Users\prish\.m2\repository\org\apache\derby\derbytools\10.17.1.0\derbytools-10.17.1.0.jar;C:\Users\prish\.m2\repository\org\slf4j\slf4j-api\2.0.13\slf4j-api-2.0.13.jar;C:\Users\prish\.m2\repository\ch\qos\logback\logback-classic\1.5.6\logback-classic-1.5.6.jar;C:\Users\prish\.m2\repository\ch\qos\logback\logback-core\1.5.6\logback-core-1.5.6.jar;C:\Users\prish\.m2\repository\junit\junit\4.13.2\junit-4.13.2.jar;C:\Users\prish\.m2\repository\org\hamcrest\hamcrest-core\1.3\hamcrest-core-1.3.jar;, sun.awt.enableExtraMouseButtons=true, java.vm.vendor=Oracle Corporation, sun.arch.data.model=64, user.variant=, java.vendor.url=https://java.oracle.com/, user.timezone=Pacific/Auckland, java.vm.specification.version=21, os.name=Windows 11, sun.java.launcher=SUN_STANDARD, user.country=AU, sun.boot.library.path=C:\Program Files\Java\jdk-21\bin, sun.java.command=C:\Users\prish\AppData\Local\Temp\surefire2178601601331851571\surefirebooter-20250616122424464_3.jar C:\Users\prish\AppData\Local\Temp\surefire2178601601331851571 2025-06-16T12-24-24_321-jvmRun1 surefire-20250616122424464_1tmp surefire_0-20250616122424464_2tmp, jdk.debug=release, surefire.test.class.path=C:\Users\prish\Documents\SupermarketSimulatorGUI\SupermarketSimulatorGUI\target\test-classes;C:\Users\prish\Documents\SupermarketSimulatorGUI\SupermarketSimulatorGUI\target\classes;C:\Users\prish\.m2\repository\org\hibernate\orm\hibernate-core\6.5.0.Final\hibernate-core-6.5.0.Final.jar;C:\Users\prish\.m2\repository\jakarta\persistence\jakarta.persistence-api\3.1.0\jakarta.persistence-api-3.1.0.jar;C:\Users\prish\.m2\repository\jakarta\transaction\jakarta.transaction-api\2.0.1\jakarta.transaction-api-2.0.1.jar;C:\Users\prish\.m2\repository\org\jboss\logging\jboss-logging\3.5.0.Final\jboss-logging-3.5.0.Final.jar;C:\Users\prish\.m2\repository\org\hibernate\common\hibernate-commons-annotations\6.0.6.Final\hibernate-commons-annotations-6.0.6.Final.jar;C:\Users\prish\.m2\repository\io\smallrye\jandex\3.1.2\jandex-3.1.2.jar;C:\Users\prish\.m2\repository\com\fasterxml\classmate\1.5.1\classmate-1.5.1.jar;C:\Users\prish\.m2\repository\net\bytebuddy\byte-buddy\1.14.12\byte-buddy-1.14.12.jar;C:\Users\prish\.m2\repository\jakarta\xml\bind\jakarta.xml.bind-api\4.0.0\jakarta.xml.bind-api-4.0.0.jar;C:\Users\prish\.m2\repository\jakarta\activation\jakarta.activation-api\2.1.0\jakarta.activation-api-2.1.0.jar;C:\Users\prish\.m2\repository\org\glassfish\jaxb\jaxb-runtime\4.0.2\jaxb-runtime-4.0.2.jar;C:\Users\prish\.m2\repository\org\glassfish\jaxb\jaxb-core\4.0.2\jaxb-core-4.0.2.jar;C:\Users\prish\.m2\repository\org\eclipse\angus\angus-activation\2.0.0\angus-activation-2.0.0.jar;C:\Users\prish\.m2\repository\org\glassfish\jaxb\txw2\4.0.2\txw2-4.0.2.jar;C:\Users\prish\.m2\repository\com\sun\istack\istack-commons-runtime\4.1.1\istack-commons-runtime-4.1.1.jar;C:\Users\prish\.m2\repository\jakarta\inject\jakarta.inject-api\2.0.1\jakarta.inject-api-2.0.1.jar;C:\Users\prish\.m2\repository\org\antlr\antlr4-runtime\4.13.0\antlr4-runtime-4.13.0.jar;C:\Users\prish\.m2\repository\org\apache\derby\derby\10.17.1.0\derby-10.17.1.0.jar;C:\Users\prish\.m2\repository\org\apache\derby\derbyshared\10.17.1.0\derbyshared-10.17.1.0.jar;C:\Users\prish\.m2\repository\org\apache\derby\derbyclient\10.17.1.0\derbyclient-10.17.1.0.jar;C:\Users\prish\.m2\repository\org\apache\derby\derbytools\10.17.1.0\derbytools-10.17.1.0.jar;C:\Users\prish\.m2\repository\org\slf4j\slf4j-api\2.0.13\slf4j-api-2.0.13.jar;C:\Users\prish\.m2\repository\ch\qos\logback\logback-classic\1.5.6\logback-classic-1.5.6.jar;C:\Users\prish\.m2\repository\ch\qos\logback\logback-core\1.5.6\logback-core-1.5.6.jar;C:\Users\prish\.m2\repository\junit\junit\4.13.2\junit-4.13.2.jar;C:\Users\prish\.m2\repository\org\hamcrest\hamcrest-core\1.3\hamcrest-core-1.3.jar;, sun.cpu.endian=little, user.home=C:\Users\prish, user.language=en, java.specification.vendor=Oracle Corporation, java.version.date=2024-10-15, java.home=C:\Program Files\Java\jdk-21, file.separator=\, basedir=C:\Users\prish\Documents\SupermarketSimulatorGUI\SupermarketSimulatorGUI, java.vm.compressedOopsMode=Zero based, line.separator=
, java.vm.specification.vendor=Oracle Corporation, java.specification.name=Java Platform API Specification, surefire.real.class.path=C:\Users\prish\AppData\Local\Temp\surefire2178601601331851571\surefirebooter-20250616122424464_3.jar, hibernate.hbm2ddl.auto=update, user.script=, sun.management.compiler=HotSpot 64-Bit Tiered Compilers, java.runtime.version=21.0.5+9-LTS-239, user.name=prish, stdout.encoding=Cp1252, path.separator=;, hibernate.connection.username=****, os.version=10.0, java.runtime.name=Java(TM) SE Runtime Environment, hibernate.connection.url=jdbc:derby:database/SupermarketDB;create=true, file.encoding=UTF-8, java.vm.name=Java HotSpot(TM) 64-Bit Server VM, hibernate.show_sql=false, maven.ext.class.path=C:\Program Files\NetBeans-23\netbeans\java\maven-nblib\netbeans-eventspy.jar, localRepository=C:\Users\prish\.m2\repository, hibernate.connection.driver_class=org.apache.derby.jdbc.EmbeddedDriver, java.vendor.url.bug=https://bugreport.java.com/bugreport/, java.io.tmpdir=C:\Users\prish\AppData\Local\Temp\, java.version=21.0.5, user.dir=C:\Users\prish\Documents\SupermarketSimulatorGUI\SupermarketSimulatorGUI, os.arch=amd64, java.vm.specification.name=Java Virtual Machine Specification, hibernate.connection.password=****, sun.os.patch.level=, hibernate.boot.CfgXmlAccessService.key=org.hibernate.boot.cfgxml.spi.LoadedConfig@74b7497b, native.encoding=Cp1252, java.library.path=C:\Program Files\Java\jdk-21\bin;C:\WINDOWS\Sun\Java\bin;C:\WINDOWS\system32;C:\WINDOWS;C:\Program Files\Common Files\Oracle\Java\javapath;C:\WINDOWS\system32;C:\WINDOWS;C:\WINDOWS\System32\Wbem;C:\WINDOWS\System32\WindowsPowerShell\v1.0\;C:\WINDOWS\System32\OpenSSH\;C:\Program Files (x86)\NVIDIA Corporation\PhysX\Common;C:\Program Files\NVIDIA Corporation\NVIDIA app\NvDLISR;C:\Program Files\Git\cmd;C:\Users\prish\AppData\Local\Microsoft\WindowsApps;C:\Users\prish\AppData\Local\Programs\Microsoft VS Code\bin;C:\Users\prish\AppData\Local\JetBrains\Toolbox\scripts;C:\Users\prish\AppData\Local\GitHubDesktop\bin;., stderr.encoding=Cp1252, java.vendor=Oracle Corporation, java.vm.info=mixed mode, sharing, java.vm.version=21.0.5+9-LTS-239, sun.io.unicode.encoding=UnicodeLittle, java.class.version=65.0}
12:24:26.770 [main] DEBUG org.hibernate.internal.SessionFactoryImpl -- Session factory constructed with filter configurations : {}
12:24:26.771 [main] DEBUG org.hibernate.query.sqm.function.SqmFunctionRegistry -- Registered SqmFunctionTemplate [NamedSqmFunctionTemplate(max)] under max; prior registration was null
12:24:26.771 [main] DEBUG org.hibernate.query.sqm.function.SqmFunctionRegistry -- Registered SqmFunctionTemplate [NamedSqmFunctionTemplate(min)] under min; prior registration was null
12:24:26.771 [main] DEBUG org.hibernate.query.sqm.function.SqmFunctionRegistry -- Registered SqmFunctionTemplate [NamedSqmFunctionTemplate(sum)] under sum; prior registration was null
12:24:26.771 [main] DEBUG org.hibernate.query.sqm.function.SqmFunctionRegistry -- Registered SqmFunctionTemplate [NamedSqmFunctionTemplate(avg)] under avg; prior registration was null
12:24:26.771 [main] DEBUG org.hibernate.query.sqm.function.SqmFunctionRegistry -- Registered SqmFunctionTemplate [org.hibernate.dialect.function.CountFunction@74f649a7] under count; prior registration was null
12:24:26.771 [main] DEBUG org.hibernate.query.sqm.function.SqmFunctionRegistry -- Registered SqmFunctionTemplate [org.hibernate.dialect.function.EveryAnyEmulation@308c65e0] under every; prior registration was null
12:24:26.771 [main] DEBUG org.hibernate.query.sqm.function.SqmFunctionRegistry -- Registered SqmFunctionTemplate [org.hibernate.dialect.function.EveryAnyEmulation@50fa5938] under any; prior registration was null
12:24:26.771 [main] DEBUG org.hibernate.query.sqm.function.SqmFunctionRegistry -- Registered SqmFunctionTemplate [NamedSqmFunctionTemplate(floor)] under floor; prior registration was null
12:24:26.771 [main] DEBUG org.hibernate.query.sqm.function.SqmFunctionRegistry -- Registered SqmFunctionTemplate [NamedSqmFunctionTemplate(ceiling)] under ceiling; prior registration was null
12:24:26.771 [main] DEBUG org.hibernate.query.sqm.function.SqmFunctionRegistry -- Registered SqmFunctionTemplate [NamedSqmFunctionTemplate(mod)] under mod; prior registration was null
12:24:26.771 [main] DEBUG org.hibernate.query.sqm.function.SqmFunctionRegistry -- Registered SqmFunctionTemplate [NamedSqmFunctionTemplate(abs)] under abs; prior registration was null
12:24:26.771 [main] DEBUG org.hibernate.query.sqm.function.SqmFunctionRegistry -- Registered SqmFunctionTemplate [NamedSqmFunctionTemplate(sign)] under sign; prior registration was null
12:24:26.771 [main] DEBUG org.hibernate.query.sqm.function.SqmFunctionRegistry -- Registered SqmFunctionTemplate [NamedSqmFunctionTemplate(sqrt)] under sqrt; prior registration was null
12:24:26.771 [main] DEBUG org.hibernate.query.sqm.function.SqmFunctionRegistry -- Registered SqmFunctionTemplate [NamedSqmFunctionTemplate(ln)] under ln; prior registration was null
12:24:26.771 [main] DEBUG org.hibernate.query.sqm.function.SqmFunctionRegistry -- Registered SqmFunctionTemplate [NamedSqmFunctionTemplate(exp)] under exp; prior registration was null
12:24:26.771 [main] DEBUG org.hibernate.query.sqm.function.SqmFunctionRegistry -- Registered SqmFunctionTemplate [NamedSqmFunctionTemplate(power)] under power; prior registration was null
12:24:26.771 [main] DEBUG org.hibernate.query.sqm.function.SqmFunctionRegistry -- Registered SqmFunctionTemplate [NamedSqmFunctionTemplate(round)] under round; prior registration was null
12:24:26.771 [main] DEBUG org.hibernate.query.sqm.function.SqmFunctionRegistry -- Registered SqmFunctionTemplate [NamedSqmFunctionTemplate(sin)] under sin; prior registration was null
12:24:26.771 [main] DEBUG org.hibernate.query.sqm.function.SqmFunctionRegistry -- Registered SqmFunctionTemplate [NamedSqmFunctionTemplate(cos)] under cos; prior registration was null
12:24:26.771 [main] DEBUG org.hibernate.query.sqm.function.SqmFunctionRegistry -- Registered SqmFunctionTemplate [NamedSqmFunctionTemplate(tan)] under tan; prior registration was null
12:24:26.771 [main] DEBUG org.hibernate.query.sqm.function.SqmFunctionRegistry -- Registered SqmFunctionTemplate [NamedSqmFunctionTemplate(asin)] under asin; prior registration was null
12:24:26.771 [main] DEBUG org.hibernate.query.sqm.function.SqmFunctionRegistry -- Registered SqmFunctionTemplate [NamedSqmFunctionTemplate(acos)] under acos; prior registration was null
12:24:26.771 [main] DEBUG org.hibernate.query.sqm.function.SqmFunctionRegistry -- Registered SqmFunctionTemplate [NamedSqmFunctionTemplate(atan)] under atan; prior registration was null
12:24:26.771 [main] DEBUG org.hibernate.query.sqm.function.SqmFunctionRegistry -- Registered SqmFunctionTemplate [NamedSqmFunctionTemplate(atan2)] under atan2; prior registration was null
12:24:26.771 [main] DEBUG org.hibernate.query.sqm.function.SqmFunctionRegistry -- Registered SqmFunctionTemplate [org.hibernate.query.sqm.function.PatternBasedSqmFunctionDescriptor@1e482ecd] under sinh; prior registration was null
12:24:26.771 [main] DEBUG org.hibernate.query.sqm.function.SqmFunctionRegistry -- Registered SqmFunctionTemplate [org.hibernate.query.sqm.function.PatternBasedSqmFunctionDescriptor@58b5f7d2] under cosh; prior registration was null
12:24:26.771 [main] DEBUG org.hibernate.query.sqm.function.SqmFunctionRegistry -- Registered SqmFunctionTemplate [org.hibernate.query.sqm.function.PatternBasedSqmFunctionDescriptor@bc52a41] under tanh; prior registration was null
12:24:26.771 [main] DEBUG org.hibernate.query.sqm.function.SqmFunctionRegistry -- Registered SqmFunctionTemplate [org.hibernate.query.sqm.function.PatternBasedSqmFunctionDescriptor@9f48198] under pi; prior registration was null
12:24:26.771 [main] DEBUG org.hibernate.query.sqm.function.SqmFunctionRegistry -- Registered SqmFunctionTemplate [org.hibernate.query.sqm.function.PatternBasedSqmFunctionDescriptor@5615f82d] under log; prior registration was null
12:24:26.771 [main] DEBUG org.hibernate.query.sqm.function.SqmFunctionRegistry -- Registered SqmFunctionTemplate [NamedSqmFunctionTemplate(coalesce)] under coalesce; prior registration was null
12:24:26.771 [main] DEBUG org.hibernate.query.sqm.function.SqmFunctionRegistry -- Registered SqmFunctionTemplate [NamedSqmFunctionTemplate(nullif)] under nullif; prior registration was null
12:24:26.771 [main] DEBUG org.hibernate.query.sqm.function.SqmFunctionRegistry -- Registered SqmFunctionTemplate [NamedSqmFunctionTemplate(left)] under left; prior registration was null
12:24:26.771 [main] DEBUG org.hibernate.query.sqm.function.SqmFunctionRegistry -- Registered SqmFunctionTemplate [NamedSqmFunctionTemplate(right)] under right; prior registration was null
12:24:26.771 [main] DEBUG org.hibernate.query.sqm.function.SqmFunctionRegistry -- Registered SqmFunctionTemplate [NamedSqmFunctionTemplate(replace)] under replace; prior registration was null
12:24:26.771 [main] DEBUG org.hibernate.query.sqm.function.SqmFunctionRegistry -- Registered SqmFunctionTemplate [NamedSqmFunctionTemplate(concat)] under concat; prior registration was null
12:24:26.771 [main] DEBUG org.hibernate.query.sqm.function.SqmFunctionRegistry -- Registered SqmFunctionTemplate [NamedSqmFunctionTemplate(lower)] under lower; prior registration was null
12:24:26.771 [main] DEBUG org.hibernate.query.sqm.function.SqmFunctionRegistry -- Registered SqmFunctionTemplate [NamedSqmFunctionTemplate(upper)] under upper; prior registration was null
12:24:26.771 [main] DEBUG org.hibernate.query.sqm.function.SqmFunctionRegistry -- Registered SqmFunctionTemplate [NamedSqmFunctionTemplate(substring)] under substring; prior registration was null
12:24:26.771 [main] DEBUG org.hibernate.query.sqm.function.SqmFunctionRegistry -- Registered SqmFunctionTemplate [NamedSqmFunctionTemplate(locate)] under locate; prior registration was null
12:24:26.771 [main] DEBUG org.hibernate.query.sqm.function.SqmFunctionRegistry -- Registered SqmFunctionTemplate [NamedSqmFunctionTemplate(character_length)] under character_length; prior registration was null
12:24:26.771 [main] DEBUG org.hibernate.query.sqm.function.SqmFunctionRegistry -- Registering alternate key : length -> character_length
12:24:26.771 [main] DEBUG org.hibernate.query.sqm.function.SqmFunctionRegistry -- Registered SqmFunctionTemplate [org.hibernate.dialect.function.LocatePositionEmulation@21698e5a] under position; prior registration was null
12:24:26.771 [main] DEBUG org.hibernate.query.sqm.function.SqmFunctionRegistry -- Registered SqmFunctionTemplate [org.hibernate.dialect.function.InsertSubstringOverlayEmulation@3dc2f14] under overlay; prior registration was null
12:24:26.771 [main] DEBUG org.hibernate.query.sqm.function.SqmFunctionRegistry -- Registered SqmFunctionTemplate [org.hibernate.dialect.function.TrimFunction@2e8986b6] under trim; prior registration was null
12:24:26.771 [main] DEBUG org.hibernate.query.sqm.function.SqmFunctionRegistry -- Registered SqmFunctionTemplate [org.hibernate.dialect.function.CastFunction@5724c7da] under cast; prior registration was null
12:24:26.771 [main] DEBUG org.hibernate.query.sqm.function.SqmFunctionRegistry -- Registered SqmFunctionTemplate [org.hibernate.query.sqm.function.PatternBasedSqmFunctionDescriptor@3ad2883a] under collate; prior registration was null
12:24:26.771 [main] DEBUG org.hibernate.query.sqm.function.SqmFunctionRegistry -- Registered SqmFunctionTemplate [org.hibernate.dialect.function.ExtractFunction@5814b4fb] under extract; prior registration was null
12:24:26.771 [main] DEBUG org.hibernate.query.sqm.function.SqmFunctionRegistry -- Registered SqmFunctionTemplate [NamedSqmFunctionTemplate(least)] under least; prior registration was null
12:24:26.771 [main] DEBUG org.hibernate.query.sqm.function.SqmFunctionRegistry -- Registered SqmFunctionTemplate [NamedSqmFunctionTemplate(greatest)] under greatest; prior registration was null
12:24:26.771 [main] DEBUG org.hibernate.query.sqm.function.SqmFunctionRegistry -- Registered SqmFunctionTemplate [org.hibernate.dialect.function.CoalesceIfnullEmulation@3aca2579] under ifnull; prior registration was null
12:24:26.771 [main] DEBUG org.hibernate.query.sqm.function.SqmFunctionRegistry -- Registered SqmFunctionTemplate [NamedSqmFunctionTemplate(lpad)] under lpad; prior registration was null
12:24:26.771 [main] DEBUG org.hibernate.query.sqm.function.SqmFunctionRegistry -- Registered SqmFunctionTemplate [NamedSqmFunctionTemplate(rpad)] under rpad; prior registration was null
12:24:26.771 [main] DEBUG org.hibernate.query.sqm.function.SqmFunctionRegistry -- Registered SqmFunctionTemplate [org.hibernate.dialect.function.LpadRpadPadEmulation@4ba13fed] under pad; prior registration was null
12:24:26.771 [main] DEBUG org.hibernate.query.sqm.function.SqmFunctionRegistry -- Registered SqmFunctionTemplate [org.hibernate.dialect.function.CastStrEmulation@651cedfb] under str; prior registration was null
12:24:26.771 [main] DEBUG org.hibernate.query.sqm.function.SqmFunctionRegistry -- Registered SqmFunctionTemplate [org.hibernate.dialect.function.FormatFunction@18d22ecf] under format; prior registration was null
12:24:26.771 [main] DEBUG org.hibernate.query.sqm.function.SqmFunctionRegistry -- Registered SqmFunctionTemplate [org.hibernate.dialect.function.TimestampaddFunction@73d83141] under timestampadd; prior registration was null
12:24:26.771 [main] DEBUG org.hibernate.query.sqm.function.SqmFunctionRegistry -- Registered SqmFunctionTemplate [org.hibernate.dialect.function.TimestampdiffFunction@31443680] under timestampdiff; prior registration was null
12:24:26.771 [main] DEBUG org.hibernate.query.sqm.function.SqmFunctionRegistry -- Registering alternate key : dateadd -> timestampadd
12:24:26.771 [main] DEBUG org.hibernate.query.sqm.function.SqmFunctionRegistry -- Registering alternate key : datediff -> timestampdiff
12:24:26.771 [main] DEBUG org.hibernate.query.sqm.function.SqmFunctionRegistry -- Registered SqmFunctionTemplate [org.hibernate.dialect.function.CurrentFunction@33356666] under current_date; prior registration was null
12:24:26.771 [main] DEBUG org.hibernate.query.sqm.function.SqmFunctionRegistry -- Registered SqmFunctionTemplate [org.hibernate.dialect.function.CurrentFunction@3a988299] under current_time; prior registration was null
12:24:26.771 [main] DEBUG org.hibernate.query.sqm.function.SqmFunctionRegistry -- Registered SqmFunctionTemplate [org.hibernate.dialect.function.CurrentFunction@878feb2] under current_timestamp; prior registration was null
12:24:26.771 [main] DEBUG org.hibernate.query.sqm.function.SqmFunctionRegistry -- Registering alternate key : current date -> current_date
12:24:26.771 [main] DEBUG org.hibernate.query.sqm.function.SqmFunctionRegistry -- Registering alternate key : current time -> current_time
12:24:26.771 [main] DEBUG org.hibernate.query.sqm.function.SqmFunctionRegistry -- Registering alternate key : current timestamp -> current_timestamp
12:24:26.771 [main] DEBUG org.hibernate.query.sqm.function.SqmFunctionRegistry -- Registered SqmFunctionTemplate [org.hibernate.dialect.function.CurrentFunction@1818390b] under local_date; prior registration was null
12:24:26.771 [main] DEBUG org.hibernate.query.sqm.function.SqmFunctionRegistry -- Registered SqmFunctionTemplate [org.hibernate.dialect.function.CurrentFunction@67a38] under local_time; prior registration was null
12:24:26.771 [main] DEBUG org.hibernate.query.sqm.function.SqmFunctionRegistry -- Registered SqmFunctionTemplate [org.hibernate.dialect.function.CurrentFunction@7ef4aceb] under local_datetime; prior registration was null
12:24:26.771 [main] DEBUG org.hibernate.query.sqm.function.SqmFunctionRegistry -- Registered SqmFunctionTemplate [org.hibernate.dialect.function.CurrentFunction@31b650e9] under offset_datetime; prior registration was null
12:24:26.771 [main] DEBUG org.hibernate.query.sqm.function.SqmFunctionRegistry -- Registering alternate key : local date -> local_date
12:24:26.771 [main] DEBUG org.hibernate.query.sqm.function.SqmFunctionRegistry -- Registering alternate key : local time -> local_time
12:24:26.771 [main] DEBUG org.hibernate.query.sqm.function.SqmFunctionRegistry -- Registering alternate key : local datetime -> local_datetime
12:24:26.771 [main] DEBUG org.hibernate.query.sqm.function.SqmFunctionRegistry -- Registering alternate key : offset datetime -> offset_datetime
12:24:26.771 [main] DEBUG org.hibernate.query.sqm.function.SqmFunctionRegistry -- Registered SqmFunctionTemplate [org.hibernate.dialect.function.CurrentFunction@683fe7b5] under instant; prior registration was null
12:24:26.771 [main] DEBUG org.hibernate.query.sqm.function.SqmFunctionRegistry -- Registering alternate key : current_instant -> instant
12:24:26.771 [main] DEBUG org.hibernate.query.sqm.function.SqmFunctionRegistry -- Registered SqmFunctionTemplate [org.hibernate.dialect.function.SqlFunction@5b5b8730] under sql; prior registration was null
12:24:26.771 [main] DEBUG org.hibernate.query.sqm.function.SqmFunctionRegistry -- Registered SqmFunctionTemplate [NamedSqmFunctionTemplate(max)] under max; prior registration was NamedSqmFunctionTemplate(max)
12:24:26.771 [main] DEBUG org.hibernate.query.sqm.function.SqmFunctionRegistry -- Registered SqmFunctionTemplate [NamedSqmFunctionTemplate(min)] under min; prior registration was NamedSqmFunctionTemplate(min)
12:24:26.771 [main] DEBUG org.hibernate.query.sqm.function.SqmFunctionRegistry -- Registered SqmFunctionTemplate [NamedSqmFunctionTemplate(sum)] under sum; prior registration was NamedSqmFunctionTemplate(sum)
12:24:26.771 [main] DEBUG org.hibernate.query.sqm.function.SqmFunctionRegistry -- Registered SqmFunctionTemplate [NamedSqmFunctionTemplate(avg)] under avg; prior registration was NamedSqmFunctionTemplate(avg)
12:24:26.771 [main] DEBUG org.hibernate.query.sqm.function.SqmFunctionRegistry -- Registered SqmFunctionTemplate [org.hibernate.dialect.function.CountFunction@93fb44] under count; prior registration was org.hibernate.dialect.function.CountFunction@74f649a7
12:24:26.771 [main] DEBUG org.hibernate.query.sqm.function.SqmFunctionRegistry -- Registered SqmFunctionTemplate [org.hibernate.dialect.function.CountFunction@321c2a7] under count; prior registration was org.hibernate.dialect.function.CountFunction@93fb44
12:24:26.771 [main] DEBUG org.hibernate.query.sqm.function.SqmFunctionRegistry -- Registered SqmFunctionTemplate [org.hibernate.dialect.function.AvgFunction@14b48f39] under avg; prior registration was NamedSqmFunctionTemplate(avg)
12:24:26.771 [main] DEBUG org.hibernate.query.sqm.function.SqmFunctionRegistry -- Registered SqmFunctionTemplate [org.hibernate.dialect.function.ChrLiteralEmulation@13d1f898] under chr; prior registration was null
12:24:26.771 [main] DEBUG org.hibernate.query.sqm.function.SqmFunctionRegistry -- Registered SqmFunctionTemplate [org.hibernate.query.sqm.function.PatternBasedSqmFunctionDescriptor@c87787d] under concat; prior registration was NamedSqmFunctionTemplate(concat)
12:24:26.771 [main] DEBUG org.hibernate.query.sqm.function.SqmFunctionRegistry -- Registered SqmFunctionTemplate [NamedSqmFunctionTemplate(cot)] under cot; prior registration was null
12:24:26.771 [main] DEBUG org.hibernate.query.sqm.function.SqmFunctionRegistry -- Registered SqmFunctionTemplate [NamedSqmFunctionTemplate(degrees)] under degrees; prior registration was null
12:24:26.771 [main] DEBUG org.hibernate.query.sqm.function.SqmFunctionRegistry -- Registered SqmFunctionTemplate [NamedSqmFunctionTemplate(radians)] under radians; prior registration was null
12:24:26.771 [main] DEBUG org.hibernate.query.sqm.function.SqmFunctionRegistry -- Registered SqmFunctionTemplate [NamedSqmFunctionTemplate(log10)] under log10; prior registration was null
12:24:26.771 [main] DEBUG org.hibernate.query.sqm.function.SqmFunctionRegistry -- Registered SqmFunctionTemplate [NamedSqmFunctionTemplate(sinh)] under sinh; prior registration was org.hibernate.query.sqm.function.PatternBasedSqmFunctionDescriptor@1e482ecd
12:24:26.771 [main] DEBUG org.hibernate.query.sqm.function.SqmFunctionRegistry -- Registered SqmFunctionTemplate [NamedSqmFunctionTemplate(cosh)] under cosh; prior registration was org.hibernate.query.sqm.function.PatternBasedSqmFunctionDescriptor@58b5f7d2
12:24:26.771 [main] DEBUG org.hibernate.query.sqm.function.SqmFunctionRegistry -- Registered SqmFunctionTemplate [NamedSqmFunctionTemplate(tanh)] under tanh; prior registration was org.hibernate.query.sqm.function.PatternBasedSqmFunctionDescriptor@bc52a41
12:24:26.771 [main] DEBUG org.hibernate.query.sqm.function.SqmFunctionRegistry -- Registered SqmFunctionTemplate [NamedSqmFunctionTemplate(pi)] under pi; prior registration was org.hibernate.query.sqm.function.PatternBasedSqmFunctionDescriptor@9f48198
12:24:26.771 [main] DEBUG org.hibernate.query.sqm.function.SqmFunctionRegistry -- Registered SqmFunctionTemplate [NamedSqmFunctionTemplate(rand)] under rand; prior registration was null
12:24:26.771 [main] DEBUG org.hibernate.query.sqm.function.SqmFunctionRegistry -- Registered SqmFunctionTemplate [NamedSqmFunctionTemplate(ltrim)] under ltrim; prior registration was null
12:24:26.771 [main] DEBUG org.hibernate.query.sqm.function.SqmFunctionRegistry -- Registered SqmFunctionTemplate [NamedSqmFunctionTemplate(rtrim)] under rtrim; prior registration was null
12:24:26.771 [main] DEBUG org.hibernate.query.sqm.function.SqmFunctionRegistry -- Registered SqmFunctionTemplate [NamedSqmFunctionTemplate(hour)] under hour; prior registration was null
12:24:26.771 [main] DEBUG org.hibernate.query.sqm.function.SqmFunctionRegistry -- Registered SqmFunctionTemplate [NamedSqmFunctionTemplate(minute)] under minute; prior registration was null
12:24:26.771 [main] DEBUG org.hibernate.query.sqm.function.SqmFunctionRegistry -- Registered SqmFunctionTemplate [NamedSqmFunctionTemplate(second)] under second; prior registration was null
12:24:26.771 [main] DEBUG org.hibernate.query.sqm.function.SqmFunctionRegistry -- Registered SqmFunctionTemplate [NamedSqmFunctionTemplate(microsecond)] under microsecond; prior registration was null
12:24:26.771 [main] DEBUG org.hibernate.query.sqm.function.SqmFunctionRegistry -- Registered SqmFunctionTemplate [NamedSqmFunctionTemplate(day)] under day; prior registration was null
12:24:26.771 [main] DEBUG org.hibernate.query.sqm.function.SqmFunctionRegistry -- Registered SqmFunctionTemplate [NamedSqmFunctionTemplate(month)] under month; prior registration was null
12:24:26.771 [main] DEBUG org.hibernate.query.sqm.function.SqmFunctionRegistry -- Registered SqmFunctionTemplate [NamedSqmFunctionTemplate(year)] under year; prior registration was null
12:24:26.771 [main] DEBUG org.hibernate.query.sqm.function.SqmFunctionRegistry -- Registered SqmFunctionTemplate [NamedSqmFunctionTemplate(var_pop)] under var_pop; prior registration was null
12:24:26.771 [main] DEBUG org.hibernate.query.sqm.function.SqmFunctionRegistry -- Registered SqmFunctionTemplate [NamedSqmFunctionTemplate(var_samp)] under var_samp; prior registration was null
12:24:26.771 [main] DEBUG org.hibernate.query.sqm.function.SqmFunctionRegistry -- Registered SqmFunctionTemplate [NamedSqmFunctionTemplate(stddev_pop)] under stddev_pop; prior registration was null
12:24:26.771 [main] DEBUG org.hibernate.query.sqm.function.SqmFunctionRegistry -- Registered SqmFunctionTemplate [NamedSqmFunctionTemplate(stddev_samp)] under stddev_samp; prior registration was null
12:24:26.771 [main] DEBUG org.hibernate.query.sqm.function.SqmFunctionRegistry -- Registered SqmFunctionTemplate [NamedSqmFunctionTemplate(substr)] under substring; prior registration was NamedSqmFunctionTemplate(substring)
12:24:26.771 [main] DEBUG org.hibernate.query.sqm.function.SqmFunctionRegistry -- Registered SqmFunctionTemplate [org.hibernate.query.sqm.function.PatternBasedSqmFunctionDescriptor@1bea7b0] under left; prior registration was NamedSqmFunctionTemplate(left)
12:24:26.771 [main] DEBUG org.hibernate.query.sqm.function.SqmFunctionRegistry -- Registered SqmFunctionTemplate [org.hibernate.query.sqm.function.PatternBasedSqmFunctionDescriptor@31433df9] under right; prior registration was NamedSqmFunctionTemplate(right)
12:24:26.771 [main] DEBUG org.hibernate.query.sqm.function.SqmFunctionRegistry -- Registered SqmFunctionTemplate [NamedSqmFunctionTemplate(length)] under length; prior registration was null
12:24:26.771 [main] DEBUG org.hibernate.query.sqm.function.SqmFunctionRegistry -- Registering alternate key : character_length -> length
12:24:26.771 [main] DEBUG org.hibernate.query.sqm.function.SqmFunctionRegistry -- Registered SqmFunctionTemplate [org.hibernate.query.sqm.function.PatternBasedSqmFunctionDescriptor@2d4a0671] under power; prior registration was NamedSqmFunctionTemplate(power)
12:24:26.771 [main] DEBUG org.hibernate.query.sqm.function.SqmFunctionRegistry -- Registered SqmFunctionTemplate [org.hibernate.query.sqm.function.MultipatternSqmFunctionDescriptor@1ab9c735] under round; prior registration was NamedSqmFunctionTemplate(round)
12:24:26.772 [main] DEBUG org.hibernate.query.sqm.function.SqmFunctionRegistry -- Registered SqmFunctionTemplate [org.hibernate.dialect.function.TruncFunction@6e4e60f5] under trunc; prior registration was null
12:24:26.772 [main] DEBUG org.hibernate.query.sqm.function.SqmFunctionRegistry -- Registering alternate key : truncate -> trunc
12:24:26.772 [main] DEBUG org.hibernate.query.sqm.function.SqmFunctionRegistry -- Registered SqmFunctionTemplate [org.hibernate.query.sqm.function.PatternBasedSqmFunctionDescriptor@464a3430] under octet_length; prior registration was null
12:24:26.772 [main] DEBUG org.hibernate.query.sqm.function.SqmFunctionRegistry -- Registered SqmFunctionTemplate [org.hibernate.query.sqm.function.PatternBasedSqmFunctionDescriptor@3bcedb06] under bit_length; prior registration was null
12:24:26.772 [main] DEBUG org.hibernate.query.sqm.function.SqmFunctionRegistry -- Registered SqmFunctionTemplate [org.hibernate.dialect.function.CastingConcatFunction@6f9a3325] under concat; prior registration was org.hibernate.query.sqm.function.PatternBasedSqmFunctionDescriptor@c87787d
12:24:26.772 [main] DEBUG org.hibernate.query.sqm.function.SqmFunctionRegistry -- Registered SqmFunctionTemplate [org.hibernate.dialect.function.DerbyLpadEmulation@72ceafeb] under lpad; prior registration was NamedSqmFunctionTemplate(lpad)
12:24:26.772 [main] DEBUG org.hibernate.query.sqm.function.SqmFunctionRegistry -- Registered SqmFunctionTemplate [org.hibernate.dialect.function.DerbyRpadEmulation@65b2ee36] under rpad; prior registration was NamedSqmFunctionTemplate(rpad)
12:24:26.772 [main] DEBUG org.hibernate.query.sqm.function.SqmFunctionRegistry -- Registered SqmFunctionTemplate [org.hibernate.dialect.function.CaseLeastGreatestEmulation@28e91f6d] under least; prior registration was NamedSqmFunctionTemplate(least)
12:24:26.772 [main] DEBUG org.hibernate.query.sqm.function.SqmFunctionRegistry -- Registered SqmFunctionTemplate [org.hibernate.dialect.function.CaseLeastGreatestEmulation@16d4024e] under greatest; prior registration was NamedSqmFunctionTemplate(greatest)
12:24:26.772 [main] DEBUG org.hibernate.query.sqm.function.SqmFunctionRegistry -- Registered SqmFunctionTemplate [org.hibernate.dialect.function.InsertSubstringOverlayEmulation@11e24688] under overlay; prior registration was org.hibernate.dialect.function.InsertSubstringOverlayEmulation@3dc2f14
12:24:26.772 [main] DEBUG org.hibernate.HQL_FUNCTIONS -- abs(NUMERIC arg)
12:24:26.772 [main] DEBUG org.hibernate.HQL_FUNCTIONS -- Double acos(NUMERIC arg)
12:24:26.772 [main] DEBUG org.hibernate.HQL_FUNCTIONS -- Boolean any(BOOLEAN arg)
12:24:26.772 [main] DEBUG org.hibernate.HQL_FUNCTIONS -- Double asin(NUMERIC arg)
12:24:26.772 [main] DEBUG org.hibernate.HQL_FUNCTIONS -- Double atan(NUMERIC arg)
12:24:26.772 [main] DEBUG org.hibernate.HQL_FUNCTIONS -- Double atan2(NUMERIC arg0, NUMERIC arg1)
12:24:26.772 [main] DEBUG org.hibernate.HQL_FUNCTIONS -- avg(NUMERIC arg)
12:24:26.772 [main] DEBUG org.hibernate.HQL_FUNCTIONS -- Integer bit_length(STRING_OR_CLOB arg)
12:24:26.772 [main] DEBUG org.hibernate.HQL_FUNCTIONS -- cast(arg as Type)
12:24:26.772 [main] DEBUG org.hibernate.HQL_FUNCTIONS -- ceiling(NUMERIC arg)
12:24:26.772 [main] DEBUG org.hibernate.HQL_FUNCTIONS -- Integer character_length(STRING_OR_CLOB arg)
12:24:26.772 [main] DEBUG org.hibernate.HQL_FUNCTIONS -- Character chr( ... )
12:24:26.772 [main] DEBUG org.hibernate.HQL_FUNCTIONS -- coalesce(arg0[, arg1[, ...]])
12:24:26.772 [main] DEBUG org.hibernate.HQL_FUNCTIONS -- String collate(STRING string as COLLATION collation)
12:24:26.772 [main] DEBUG org.hibernate.HQL_FUNCTIONS -- String concat(arg0[, arg1[, ...]])
12:24:26.772 [main] DEBUG org.hibernate.HQL_FUNCTIONS -- Double cos(NUMERIC arg)
12:24:26.772 [main] DEBUG org.hibernate.HQL_FUNCTIONS -- Double cosh(NUMERIC arg)
12:24:26.772 [main] DEBUG org.hibernate.HQL_FUNCTIONS -- Double cot(NUMERIC arg)
12:24:26.772 [main] DEBUG org.hibernate.HQL_FUNCTIONS -- Long count([distinct ]{arg|*})
12:24:26.772 [main] DEBUG org.hibernate.HQL_FUNCTIONS -- Date current date
12:24:26.772 [main] DEBUG org.hibernate.HQL_FUNCTIONS -- Time current time
12:24:26.772 [main] DEBUG org.hibernate.HQL_FUNCTIONS -- Timestamp current timestamp
12:24:26.772 [main] DEBUG org.hibernate.HQL_FUNCTIONS -- Date current_date
12:24:26.772 [main] DEBUG org.hibernate.HQL_FUNCTIONS -- Instant current_instant
12:24:26.772 [main] DEBUG org.hibernate.HQL_FUNCTIONS -- Time current_time
12:24:26.772 [main] DEBUG org.hibernate.HQL_FUNCTIONS -- Timestamp current_timestamp
12:24:26.772 [main] DEBUG org.hibernate.HQL_FUNCTIONS -- dateadd(TEMPORAL_UNIT field, INTEGER magnitude, TEMPORAL datetime)
12:24:26.772 [main] DEBUG org.hibernate.HQL_FUNCTIONS -- Long|Double datediff(TEMPORAL_UNIT field, TEMPORAL start, TEMPORAL end)
12:24:26.772 [main] DEBUG org.hibernate.HQL_FUNCTIONS -- Integer day(DATE arg)
12:24:26.772 [main] DEBUG org.hibernate.HQL_FUNCTIONS -- Double degrees(NUMERIC arg)
12:24:26.772 [main] DEBUG org.hibernate.HQL_FUNCTIONS -- Boolean every(BOOLEAN arg)
12:24:26.772 [main] DEBUG org.hibernate.HQL_FUNCTIONS -- Double exp(NUMERIC arg)
12:24:26.772 [main] DEBUG org.hibernate.HQL_FUNCTIONS -- extract(TEMPORAL_UNIT field from TEMPORAL arg)
12:24:26.772 [main] DEBUG org.hibernate.HQL_FUNCTIONS -- floor(NUMERIC arg)
12:24:26.772 [main] DEBUG org.hibernate.HQL_FUNCTIONS -- String format(TEMPORAL datetime as STRING pattern)
12:24:26.772 [main] DEBUG org.hibernate.HQL_FUNCTIONS -- greatest(COMPARABLE arg0[, COMPARABLE arg1[, ...]])
12:24:26.772 [main] DEBUG org.hibernate.HQL_FUNCTIONS -- Integer hour(TIME arg)
12:24:26.772 [main] DEBUG org.hibernate.HQL_FUNCTIONS -- ifnull(arg0, arg1)
12:24:26.772 [main] DEBUG org.hibernate.HQL_FUNCTIONS -- Instant instant
12:24:26.772 [main] DEBUG org.hibernate.HQL_FUNCTIONS -- least(COMPARABLE arg0[, COMPARABLE arg1[, ...]])
12:24:26.772 [main] DEBUG org.hibernate.HQL_FUNCTIONS -- String left(STRING string, INTEGER length)
12:24:26.772 [main] DEBUG org.hibernate.HQL_FUNCTIONS -- Integer length(STRING_OR_CLOB arg)
12:24:26.772 [main] DEBUG org.hibernate.HQL_FUNCTIONS -- Double ln(NUMERIC arg)
12:24:26.772 [main] DEBUG org.hibernate.HQL_FUNCTIONS -- LocalDate local date
12:24:26.772 [main] DEBUG org.hibernate.HQL_FUNCTIONS -- LocalDateTime local datetime
12:24:26.772 [main] DEBUG org.hibernate.HQL_FUNCTIONS -- LocalTime local time
12:24:26.772 [main] DEBUG org.hibernate.HQL_FUNCTIONS -- LocalDate local_date
12:24:26.772 [main] DEBUG org.hibernate.HQL_FUNCTIONS -- LocalDateTime local_datetime
12:24:26.772 [main] DEBUG org.hibernate.HQL_FUNCTIONS -- LocalTime local_time
12:24:26.772 [main] DEBUG org.hibernate.HQL_FUNCTIONS -- Integer locate(STRING pattern, STRING string[, INTEGER start])
12:24:26.772 [main] DEBUG org.hibernate.HQL_FUNCTIONS -- Double log(NUMERIC base, NUMERIC arg)
12:24:26.772 [main] DEBUG org.hibernate.HQL_FUNCTIONS -- Double log10(NUMERIC arg)
12:24:26.772 [main] DEBUG org.hibernate.HQL_FUNCTIONS -- String lower(STRING string)
12:24:26.772 [main] DEBUG org.hibernate.HQL_FUNCTIONS -- String lpad(STRNG string, INTEGER length)
12:24:26.772 [main] DEBUG org.hibernate.HQL_FUNCTIONS -- String ltrim(STRING string)
12:24:26.772 [main] DEBUG org.hibernate.HQL_FUNCTIONS -- max(COMPARABLE arg)
12:24:26.772 [main] DEBUG org.hibernate.HQL_FUNCTIONS -- Integer microsecond(TIME arg)
12:24:26.772 [main] DEBUG org.hibernate.HQL_FUNCTIONS -- min(COMPARABLE arg)
12:24:26.772 [main] DEBUG org.hibernate.HQL_FUNCTIONS -- Integer minute(TIME arg)
12:24:26.772 [main] DEBUG org.hibernate.HQL_FUNCTIONS -- Integer mod(INTEGER arg0, INTEGER arg1)
12:24:26.772 [main] DEBUG org.hibernate.HQL_FUNCTIONS -- Integer month(DATE arg)
12:24:26.772 [main] DEBUG org.hibernate.HQL_FUNCTIONS -- nullif(arg0, arg1)
12:24:26.772 [main] DEBUG org.hibernate.HQL_FUNCTIONS -- Integer octet_length(STRING_OR_CLOB arg)
12:24:26.772 [main] DEBUG org.hibernate.HQL_FUNCTIONS -- OffsetDateTime offset datetime
12:24:26.772 [main] DEBUG org.hibernate.HQL_FUNCTIONS -- OffsetDateTime offset_datetime
12:24:26.772 [main] DEBUG org.hibernate.HQL_FUNCTIONS -- String overlay(STRING string placing STRING replacement from INTEGER start[ for INTEGER length])
12:24:26.772 [main] DEBUG org.hibernate.HQL_FUNCTIONS -- String pad(STRING string with INTEGER length {leading|trailing}[ STRING character])
12:24:26.772 [main] DEBUG org.hibernate.HQL_FUNCTIONS -- Double pi
12:24:26.772 [main] DEBUG org.hibernate.HQL_FUNCTIONS -- Integer position(STRING pattern in STRING string)
12:24:26.772 [main] DEBUG org.hibernate.HQL_FUNCTIONS -- Double power(NUMERIC arg0, NUMERIC arg1)
12:24:26.772 [main] DEBUG org.hibernate.HQL_FUNCTIONS -- Double radians(NUMERIC arg)
12:24:26.772 [main] DEBUG org.hibernate.HQL_FUNCTIONS -- Double rand([INTEGER seed])
12:24:26.772 [main] DEBUG org.hibernate.HQL_FUNCTIONS -- String replace(STRING string, STRING pattern, STRING replacement)
12:24:26.772 [main] DEBUG org.hibernate.HQL_FUNCTIONS -- String right(STRING string, INTEGER length)
12:24:26.772 [main] DEBUG org.hibernate.HQL_FUNCTIONS -- round(NUMERIC number[, INTEGER places])
12:24:26.772 [main] DEBUG org.hibernate.HQL_FUNCTIONS -- String rpad(STRING string, INTEGER length)
12:24:26.772 [main] DEBUG org.hibernate.HQL_FUNCTIONS -- String rtrim(STRING string)
12:24:26.772 [main] DEBUG org.hibernate.HQL_FUNCTIONS -- Integer second(TIME arg)
12:24:26.772 [main] DEBUG org.hibernate.HQL_FUNCTIONS -- Integer sign(NUMERIC arg)
12:24:26.772 [main] DEBUG org.hibernate.HQL_FUNCTIONS -- Double sin(NUMERIC arg)
12:24:26.772 [main] DEBUG org.hibernate.HQL_FUNCTIONS -- Double sinh(NUMERIC arg)
12:24:26.772 [main] DEBUG org.hibernate.HQL_FUNCTIONS -- Object sql
12:24:26.772 [main] DEBUG org.hibernate.HQL_FUNCTIONS -- Double sqrt(NUMERIC arg)
12:24:26.772 [main] DEBUG org.hibernate.HQL_FUNCTIONS -- Double stddev_pop(NUMERIC arg)
12:24:26.772 [main] DEBUG org.hibernate.HQL_FUNCTIONS -- Double stddev_samp(NUMERIC arg)
12:24:26.772 [main] DEBUG org.hibernate.HQL_FUNCTIONS -- String str(arg)
12:24:26.772 [main] DEBUG org.hibernate.HQL_FUNCTIONS -- String substring(STRING string{ from|,} INTEGER start[{ for|,} INTEGER length])
12:24:26.772 [main] DEBUG org.hibernate.HQL_FUNCTIONS -- sum(arg)
12:24:26.772 [main] DEBUG org.hibernate.HQL_FUNCTIONS -- Double tan(NUMERIC arg)
12:24:26.772 [main] DEBUG org.hibernate.HQL_FUNCTIONS -- Double tanh(NUMERIC arg)
12:24:26.772 [main] DEBUG org.hibernate.HQL_FUNCTIONS -- timestampadd(TEMPORAL_UNIT field, INTEGER magnitude, TEMPORAL datetime)
12:24:26.772 [main] DEBUG org.hibernate.HQL_FUNCTIONS -- Long|Double timestampdiff(TEMPORAL_UNIT field, TEMPORAL start, TEMPORAL end)
12:24:26.772 [main] DEBUG org.hibernate.HQL_FUNCTIONS -- String trim([[{leading|trailing|both} ][STRING arg0 ]from] STRING arg1)
12:24:26.772 [main] DEBUG org.hibernate.HQL_FUNCTIONS -- trunc( ... )
12:24:26.772 [main] DEBUG org.hibernate.HQL_FUNCTIONS -- truncate( ... )
12:24:26.772 [main] DEBUG org.hibernate.HQL_FUNCTIONS -- String upper(STRING string)
12:24:26.772 [main] DEBUG org.hibernate.HQL_FUNCTIONS -- Double var_pop(NUMERIC arg)
12:24:26.772 [main] DEBUG org.hibernate.HQL_FUNCTIONS -- Double var_samp(NUMERIC arg)
12:24:26.772 [main] DEBUG org.hibernate.HQL_FUNCTIONS -- Integer year(DATE arg)
12:24:26.772 [main] DEBUG org.hibernate.orm.query.plan.cache -- Starting QueryInterpretationCache(2048)
12:24:26.773 [main] DEBUG org.hibernate.service.internal.SessionFactoryServiceRegistryImpl -- EventListenerRegistry access via ServiceRegistry is deprecated.  Use `sessionFactory.getEventEngine().getListenerRegistry()` instead
12:24:26.773 [main] DEBUG org.hibernate.event.internal.EntityCopyObserverFactoryInitiator -- Configured EntityCopyObserver strategy: disallow
12:24:26.773 [main] DEBUG org.hibernate.boot.internal.ClassLoaderAccessImpl -- Not known whether passed class name [com.pdcgame.Models.InventorySave] is safe
12:24:26.773 [main] DEBUG org.hibernate.boot.internal.ClassLoaderAccessImpl -- No temp ClassLoader provided; using live ClassLoader for loading potentially unsafe class : com.pdcgame.Models.InventorySave
12:24:26.778 [main] DEBUG org.hibernate.bytecode.internal.bytebuddy.BytecodeProviderImpl -- HHH000513: Unable to create the ReflectionOptimizer for [com.pdcgame.Models.InventorySave]: private accessor [quantity]
12:24:26.779 [main] DEBUG org.hibernate.boot.internal.ClassLoaderAccessImpl -- Not known whether passed class name [com.pdcgame.Models.GameSave] is safe
12:24:26.779 [main] DEBUG org.hibernate.boot.internal.ClassLoaderAccessImpl -- No temp ClassLoader provided; using live ClassLoader for loading potentially unsafe class : com.pdcgame.Models.GameSave
12:24:26.783 [main] DEBUG org.hibernate.bytecode.internal.bytebuddy.BytecodeProviderImpl -- HHH000513: Unable to create the ReflectionOptimizer for [com.pdcgame.Models.GameSave]: private accessor [actions]
12:24:26.784 [main] DEBUG org.hibernate.boot.internal.ClassLoaderAccessImpl -- Not known whether passed class name [com.pdcgame.Models.BoardSave] is safe
12:24:26.784 [main] DEBUG org.hibernate.boot.internal.ClassLoaderAccessImpl -- No temp ClassLoader provided; using live ClassLoader for loading potentially unsafe class : com.pdcgame.Models.BoardSave
12:24:26.787 [main] DEBUG org.hibernate.bytecode.internal.bytebuddy.BytecodeProviderImpl -- HHH000513: Unable to create the ReflectionOptimizer for [com.pdcgame.Models.BoardSave]: private accessor [boardCell]
12:24:26.788 [main] DEBUG org.hibernate.boot.internal.ClassLoaderAccessImpl -- Not known whether passed class name [com.pdcgame.Models.StorageItemSave] is safe
12:24:26.788 [main] DEBUG org.hibernate.boot.internal.ClassLoaderAccessImpl -- No temp ClassLoader provided; using live ClassLoader for loading potentially unsafe class : com.pdcgame.Models.StorageItemSave
12:24:26.791 [main] DEBUG org.hibernate.bytecode.internal.bytebuddy.BytecodeProviderImpl -- HHH000513: Unable to create the ReflectionOptimizer for [com.pdcgame.Models.StorageItemSave]: private accessor [coordinateID]
12:24:26.791 [main] DEBUG org.hibernate.orm.model.mapping.creation -- Starting post-init callbacks
12:24:26.791 [main] DEBUG org.hibernate.orm.model.mapping.creation -- Starting PostInitCallbackEntry : Entity(com.pdcgame.Models.InventorySave) `staticFetchableList` generator
12:24:26.791 [main] DEBUG org.hibernate.orm.model.mapping.creation -- Starting PostInitCallbackEntry : Entity(com.pdcgame.Models.GameSave) `staticFetchableList` generator
12:24:26.791 [main] DEBUG org.hibernate.orm.model.mapping.creation -- Starting PostInitCallbackEntry : Entity(com.pdcgame.Models.BoardSave) `staticFetchableList` generator
12:24:26.791 [main] DEBUG org.hibernate.orm.model.mapping.creation -- Starting PostInitCallbackEntry : Entity(com.pdcgame.Models.StorageItemSave) `staticFetchableList` generator
12:24:26.792 [main] DEBUG org.hibernate.orm.sql.ast.create -- Created new SQL alias : is1_0
12:24:26.792 [main] DEBUG org.hibernate.orm.sql.ast.create -- Registration of TableGroup [StandardTableGroup(com.pdcgame.Models.InventorySave)] with identifierForTableGroup [com.pdcgame.Models.InventorySave] for NavigablePath [com.pdcgame.Models.InventorySave] 
12:24:26.792 [main] DEBUG org.hibernate.orm.results.graph.AST -- DomainResult Graph:
 \-EntityResultImpl [com.pdcgame.Models.InventorySave]
 |  +-BasicFetch [com.pdcgame.Models.InventorySave.quantity]
 |  \-BasicFetch [com.pdcgame.Models.InventorySave.sellPrice]

12:24:26.792 [main] DEBUG org.hibernate.orm.sql.ast.tree -- SQL AST Tree:
    SelectStatement {
      FromClause {
        StandardTableGroup (is1 : com.pdcgame.Models.InventorySave) {
          primaryTableReference : inventory_save as is1_0
        }
      }
    }

12:24:26.793 [main] DEBUG org.hibernate.persister.entity.AbstractEntityPersister -- Static SQL for entity: com.pdcgame.Models.InventorySave
12:24:26.793 [main] DEBUG org.hibernate.persister.entity.AbstractEntityPersister --  Version select: select product_name from inventory_save where product_name=?
12:24:26.793 [main] DEBUG org.hibernate.persister.entity.AbstractEntityPersister --  Insert (0): insert into inventory_save (quantity,sell_price,product_name) values (?,?,?)
12:24:26.793 [main] DEBUG org.hibernate.persister.entity.AbstractEntityPersister --  Update (0): update inventory_save set quantity=?,sell_price=? where product_name=?
12:24:26.793 [main] DEBUG org.hibernate.persister.entity.AbstractEntityPersister --  Delete (0): delete from inventory_save where product_name=?
12:24:26.793 [main] DEBUG org.hibernate.orm.sql.ast.create -- Created new SQL alias : gs1_0
12:24:26.793 [main] DEBUG org.hibernate.orm.sql.ast.create -- Registration of TableGroup [StandardTableGroup(com.pdcgame.Models.GameSave)] with identifierForTableGroup [com.pdcgame.Models.GameSave] for NavigablePath [com.pdcgame.Models.GameSave] 
12:24:26.793 [main] DEBUG org.hibernate.orm.results.graph.AST -- DomainResult Graph:
 \-EntityResultImpl [com.pdcgame.Models.GameSave]
 |  +-BasicFetch [com.pdcgame.Models.GameSave.actions]
 |  +-BasicFetch [com.pdcgame.Models.GameSave.balance]
 |  +-BasicFetch [com.pdcgame.Models.GameSave.day]
 |  +-BasicFetch [com.pdcgame.Models.GameSave.difficulty]
 |  +-BasicFetch [com.pdcgame.Models.GameSave.gameSeed]
 |  +-BasicFetch [com.pdcgame.Models.GameSave.rating]
 |  \-BasicFetch [com.pdcgame.Models.GameSave.totalActions]

12:24:26.793 [main] DEBUG org.hibernate.orm.sql.ast.tree -- SQL AST Tree:
    SelectStatement {
      FromClause {
        StandardTableGroup (gs1 : com.pdcgame.Models.GameSave) {
          primaryTableReference : game_save as gs1_0
        }
      }
    }

12:24:26.793 [main] DEBUG org.hibernate.persister.entity.AbstractEntityPersister -- Static SQL for entity: com.pdcgame.Models.GameSave
12:24:26.793 [main] DEBUG org.hibernate.persister.entity.AbstractEntityPersister --  Version select: select id from game_save where id=?
12:24:26.793 [main] DEBUG org.hibernate.persister.entity.AbstractEntityPersister --  Insert (0): insert into game_save (actions,balance,day,difficulty,gameSeed,rating,totalActions,id) values (?,?,?,?,?,?,?,?)
12:24:26.793 [main] DEBUG org.hibernate.persister.entity.AbstractEntityPersister --  Update (0): update game_save set actions=?,balance=?,day=?,difficulty=?,gameSeed=?,rating=?,totalActions=? where id=?
12:24:26.793 [main] DEBUG org.hibernate.persister.entity.AbstractEntityPersister --  Delete (0): delete from game_save where id=?
12:24:26.793 [main] DEBUG org.hibernate.orm.sql.ast.create -- Created new SQL alias : bs1_0
12:24:26.793 [main] DEBUG org.hibernate.orm.sql.ast.create -- Registration of TableGroup [StandardTableGroup(com.pdcgame.Models.BoardSave)] with identifierForTableGroup [com.pdcgame.Models.BoardSave] for NavigablePath [com.pdcgame.Models.BoardSave] 
12:24:26.793 [main] DEBUG org.hibernate.orm.results.graph.AST -- DomainResult Graph:
 \-EntityResultImpl [com.pdcgame.Models.BoardSave]
 |  \-BasicFetch [com.pdcgame.Models.BoardSave.boardCell]

12:24:26.793 [main] DEBUG org.hibernate.orm.sql.ast.tree -- SQL AST Tree:
    SelectStatement {
      FromClause {
        StandardTableGroup (bs1 : com.pdcgame.Models.BoardSave) {
          primaryTableReference : board_save as bs1_0
        }
      }
    }

12:24:26.793 [main] DEBUG org.hibernate.persister.entity.AbstractEntityPersister -- Static SQL for entity: com.pdcgame.Models.BoardSave
12:24:26.793 [main] DEBUG org.hibernate.persister.entity.AbstractEntityPersister --  Version select: select coordinateID from board_save where coordinateID=?
12:24:26.793 [main] DEBUG org.hibernate.persister.entity.AbstractEntityPersister --  Insert (0): insert into board_save (boardCell,coordinateID) values (?,?)
12:24:26.793 [main] DEBUG org.hibernate.persister.entity.AbstractEntityPersister --  Update (0): update board_save set boardCell=? where coordinateID=?
12:24:26.793 [main] DEBUG org.hibernate.persister.entity.AbstractEntityPersister --  Delete (0): delete from board_save where coordinateID=?
12:24:26.793 [main] DEBUG org.hibernate.orm.sql.ast.create -- Created new SQL alias : sis1_0
12:24:26.793 [main] DEBUG org.hibernate.orm.sql.ast.create -- Registration of TableGroup [StandardTableGroup(com.pdcgame.Models.StorageItemSave)] with identifierForTableGroup [com.pdcgame.Models.StorageItemSave] for NavigablePath [com.pdcgame.Models.StorageItemSave] 
12:24:26.793 [main] DEBUG org.hibernate.orm.results.graph.AST -- DomainResult Graph:
 \-EntityResultImpl [com.pdcgame.Models.StorageItemSave]
 |  +-BasicFetch [com.pdcgame.Models.StorageItemSave.coordinateID]
 |  +-BasicFetch [com.pdcgame.Models.StorageItemSave.productName]
 |  \-BasicFetch [com.pdcgame.Models.StorageItemSave.quantity]

12:24:26.793 [main] DEBUG org.hibernate.orm.sql.ast.tree -- SQL AST Tree:
    SelectStatement {
      FromClause {
        StandardTableGroup (sis1 : com.pdcgame.Models.StorageItemSave) {
          primaryTableReference : storage_save as sis1_0
        }
      }
    }

12:24:26.793 [main] DEBUG org.hibernate.persister.entity.AbstractEntityPersister -- Static SQL for entity: com.pdcgame.Models.StorageItemSave
12:24:26.793 [main] DEBUG org.hibernate.persister.entity.AbstractEntityPersister --  Version select: select id from storage_save where id=?
12:24:26.793 [main] DEBUG org.hibernate.persister.entity.AbstractEntityPersister --  Insert (0): insert into storage_save (coordinate_id,product_name,quantity,id) values (?,?,?,default)
12:24:26.793 [main] DEBUG org.hibernate.persister.entity.AbstractEntityPersister --  Update (0): update storage_save set coordinate_id=?,product_name=?,quantity=? where id=?
12:24:26.793 [main] DEBUG org.hibernate.persister.entity.AbstractEntityPersister --  Delete (0): delete from storage_save where id=?
12:24:26.794 [main] DEBUG org.hibernate.engine.transaction.jta.platform.internal.JtaPlatformInitiator -- No JtaPlatform was specified, checking resolver
12:24:26.794 [main] DEBUG org.hibernate.engine.transaction.jta.platform.internal.JtaPlatformResolverInitiator -- No JtaPlatformResolver was specified, using default [org.hibernate.engine.transaction.jta.platform.internal.StandardJtaPlatformResolver]
12:24:26.795 [main] DEBUG org.hibernate.engine.transaction.jta.platform.internal.StandardJtaPlatformResolver -- Could not resolve JtaPlatform, using default [org.hibernate.engine.transaction.jta.platform.internal.NoJtaPlatform]
12:24:26.796 [main] INFO org.hibernate.engine.transaction.jta.platform.internal.JtaPlatformInitiator -- HHH000489: No JTA platform available (set 'hibernate.transaction.jta.platform' to enable JTA platform integration)
12:24:26.796 [main] DEBUG org.hibernate.type.spi.TypeConfiguration$Scope -- Scoping TypeConfiguration [org.hibernate.type.spi.TypeConfiguration@7be62956] to SessionFactoryImplementor [org.hibernate.internal.SessionFactoryImpl@11c999da]
12:24:26.796 [main] DEBUG org.hibernate.query.named.NamedObjectRepository -- Checking 0 named HQL queries
12:24:26.796 [main] DEBUG org.hibernate.query.named.NamedObjectRepository -- Checking 0 named SQL queries
12:24:26.796 [main] INFO org.hibernate.orm.connections.access -- HHH10001501: Connection obtained from JdbcConnectionAccess [org.hibernate.engine.jdbc.env.internal.JdbcEnvironmentInitiator$ConnectionProviderJdbcConnectionAccess@54f69311] for (non-JTA) DDL execution was not in auto-commit mode; the Connection 'local transaction' will be committed and the Connection will be set into auto-commit mode.
12:24:26.799 [main] DEBUG org.hibernate.mapping.Table -- No alter strings for table : board_save
12:24:26.799 [main] DEBUG org.hibernate.mapping.Table -- No alter strings for table : game_save
12:24:26.799 [main] DEBUG org.hibernate.mapping.Table -- No alter strings for table : inventory_save
12:24:26.799 [main] DEBUG org.hibernate.mapping.Table -- No alter strings for table : storage_save
12:24:26.799 [main] DEBUG org.hibernate.internal.SessionFactoryRegistry -- Registering SessionFactory: a4bffbdd-3c66-4fb9-94d9-c8082df11a10 (<unnamed>)
12:24:26.799 [main] DEBUG org.hibernate.internal.SessionFactoryRegistry -- Not binding SessionFactory to JNDI, no JNDI name configured
12:24:26.799 [main] DEBUG org.hibernate.internal.SessionFactoryImpl -- Instantiated SessionFactory
12:24:26.837 [main] DEBUG org.hibernate.stat.internal.StatisticsInitiator -- Statistics initialized [enabled=false]
12:24:26.842 [main] DEBUG org.hibernate.engine.transaction.internal.TransactionImpl -- On TransactionImpl creation, JpaCompliance#isJpaTransactionComplianceEnabled == false
12:24:26.842 [main] DEBUG org.hibernate.engine.transaction.internal.TransactionImpl -- begin
12:24:26.842 [main] DEBUG org.hibernate.orm.query.hql -- HQL : delete from BoardSave
12:24:26.963 [main] DEBUG org.hibernate.orm.query.sqm.ast -- SqmStatement Tree :
    -> [delete]
      [target = com.pdcgame.Models.BoardSave(356300506446800)]
    <- [delete]

12:24:26.982 [main] DEBUG org.hibernate.orm.sql.ast.create -- Created new SQL alias : bs1_0
12:24:26.983 [main] DEBUG org.hibernate.orm.sql.ast.create -- Registration of TableGroup [StandardTableGroup(com.pdcgame.Models.BoardSave(356300506446800))] with identifierForTableGroup [com.pdcgame.Models.BoardSave] for NavigablePath [com.pdcgame.Models.BoardSave] 
12:24:26.986 [main] DEBUG org.hibernate.SQL -- delete from board_save bs1_0
12:24:27.003 [main] DEBUG org.hibernate.engine.transaction.internal.TransactionImpl -- committing
12:24:27.003 [main] DEBUG org.hibernate.resource.jdbc.internal.LogicalConnectionManagedImpl -- Initiating JDBC connection release from afterTransaction
12:24:27.003 [main] DEBUG org.hibernate.resource.jdbc.internal.LogicalConnectionManagedImpl -- Initiating JDBC connection release from afterTransaction
12:24:27.004 [main] DEBUG org.hibernate.stat.internal.StatisticsInitiator -- Statistics initialized [enabled=false]
12:24:27.004 [main] DEBUG org.hibernate.engine.transaction.internal.TransactionImpl -- On TransactionImpl creation, JpaCompliance#isJpaTransactionComplianceEnabled == false
12:24:27.004 [main] DEBUG org.hibernate.engine.transaction.internal.TransactionImpl -- begin
12:24:27.004 [main] DEBUG org.hibernate.orm.query.hql -- HQL : delete from StorageItemSave
12:24:27.004 [main] DEBUG org.hibernate.orm.query.sqm.ast -- SqmStatement Tree :
    -> [delete]
      [target = com.pdcgame.Models.StorageItemSave(356300552777700)]
    <- [delete]

12:24:27.004 [main] DEBUG org.hibernate.orm.sql.ast.create -- Created new SQL alias : sis1_0
12:24:27.004 [main] DEBUG org.hibernate.orm.sql.ast.create -- Registration of TableGroup [StandardTableGroup(com.pdcgame.Models.StorageItemSave(356300552777700))] with identifierForTableGroup [com.pdcgame.Models.StorageItemSave] for NavigablePath [com.pdcgame.Models.StorageItemSave] 
12:24:27.004 [main] DEBUG org.hibernate.SQL -- delete from storage_save sis1_0
12:24:27.008 [main] DEBUG org.hibernate.engine.transaction.internal.TransactionImpl -- committing
12:24:27.008 [main] DEBUG org.hibernate.resource.jdbc.internal.LogicalConnectionManagedImpl -- Initiating JDBC connection release from afterTransaction
12:24:27.008 [main] DEBUG org.hibernate.resource.jdbc.internal.LogicalConnectionManagedImpl -- Initiating JDBC connection release from afterTransaction
12:24:27.008 [main] DEBUG org.hibernate.stat.internal.StatisticsInitiator -- Statistics initialized [enabled=false]
12:24:27.008 [main] DEBUG org.hibernate.engine.transaction.internal.TransactionImpl -- On TransactionImpl creation, JpaCompliance#isJpaTransactionComplianceEnabled == false
12:24:27.008 [main] DEBUG org.hibernate.engine.transaction.internal.TransactionImpl -- begin
12:24:27.013 [main] DEBUG org.hibernate.orm.sql.ast.create -- Created new SQL alias : gs1_0
12:24:27.013 [main] DEBUG org.hibernate.orm.sql.ast.create -- Registration of TableGroup [StandardTableGroup(com.pdcgame.Models.GameSave)] with identifierForTableGroup [com.pdcgame.Models.GameSave] for NavigablePath [com.pdcgame.Models.GameSave] 
12:24:27.013 [main] DEBUG org.hibernate.orm.results.graph.AST -- DomainResult Graph:
 \-EntityResultImpl [com.pdcgame.Models.GameSave]
 |  +-BasicFetch [com.pdcgame.Models.GameSave.actions]
 |  +-BasicFetch [com.pdcgame.Models.GameSave.balance]
 |  +-BasicFetch [com.pdcgame.Models.GameSave.day]
 |  +-BasicFetch [com.pdcgame.Models.GameSave.difficulty]
 |  +-BasicFetch [com.pdcgame.Models.GameSave.gameSeed]
 |  +-BasicFetch [com.pdcgame.Models.GameSave.rating]
 |  \-BasicFetch [com.pdcgame.Models.GameSave.totalActions]

12:24:27.013 [main] DEBUG org.hibernate.orm.sql.ast.tree -- SQL AST Tree:
    SelectStatement {
      FromClause {
        StandardTableGroup (gs1 : com.pdcgame.Models.GameSave) {
          primaryTableReference : game_save as gs1_0
        }
      }
    }

12:24:27.017 [main] DEBUG org.hibernate.orm.sql.exec -- Skipping reading Query result cache data: cache-enabled = false, cache-mode = IGNORE
12:24:27.028 [main] DEBUG org.hibernate.orm.results -- Initializer list:
	  com.pdcgame.Models.GameSave -> EntityResultInitializer(com.pdcgame.Models.GameSave)@834717669 (SingleTableEntityPersister(com.pdcgame.Models.GameSave))

12:24:27.030 [main] DEBUG org.hibernate.SQL -- select gs1_0.id,gs1_0.actions,gs1_0.balance,gs1_0.day,gs1_0.difficulty,gs1_0.gameSeed,gs1_0.rating,gs1_0.totalActions from game_save gs1_0 where gs1_0.id=?
12:24:27.037 [main] DEBUG org.hibernate.orm.results.loading.entity -- (EntityResultInitializer) Hydrated EntityKey (com.pdcgame.Models.GameSave): 1
12:24:27.038 [main] DEBUG org.hibernate.orm.results.loading.entity -- (EntityResultInitializer) Created new entity instance [com.pdcgame.Models.GameSave#1] : 2091029265
12:24:27.038 [main] DEBUG org.hibernate.orm.results -- Extracted JDBC value [1] - [3]
12:24:27.038 [main] DEBUG org.hibernate.orm.results -- Extracted JDBC value [2] - [5000.0]
12:24:27.038 [main] DEBUG org.hibernate.orm.results -- Extracted JDBC value [3] - [0]
12:24:27.038 [main] DEBUG org.hibernate.orm.results -- Extracted JDBC value [4] - [Easy]
12:24:27.038 [main] DEBUG org.hibernate.orm.results -- Extracted JDBC value [5] - [454396483]
12:24:27.038 [main] DEBUG org.hibernate.orm.results -- Extracted JDBC value [6] - [2.5]
12:24:27.038 [main] DEBUG org.hibernate.orm.results -- Extracted JDBC value [7] - [3]
12:24:27.041 [main] DEBUG org.hibernate.orm.results.loading.entity -- (EntityResultInitializer) Done materializing entityInstance : com.pdcgame.Models.GameSave#1
12:24:27.041 [main] DEBUG org.hibernate.orm.results.loading -- Calling top-level assembler (0 / 1) : org.hibernate.sql.results.graph.entity.internal.EntityAssembler@1ab21633
12:24:27.043 [main] DEBUG org.hibernate.engine.transaction.internal.TransactionImpl -- committing
12:24:27.043 [main] DEBUG org.hibernate.event.internal.AbstractFlushingEventListener -- Processing flush-time cascades
12:24:27.043 [main] DEBUG org.hibernate.event.internal.AbstractFlushingEventListener -- Dirty checking collections
12:24:27.047 [main] DEBUG org.hibernate.event.internal.AbstractFlushingEventListener -- Flushed: 0 insertions, 1 updates, 0 deletions to 1 objects
12:24:27.047 [main] DEBUG org.hibernate.event.internal.AbstractFlushingEventListener -- Flushed: 0 (re)creations, 0 updates, 0 removals to 0 collections
12:24:27.048 [main] DEBUG org.hibernate.internal.util.EntityPrinter -- Listing entities:
12:24:27.048 [main] DEBUG org.hibernate.internal.util.EntityPrinter -- com.pdcgame.Models.GameSave{difficulty=Easy, balance=5000.0, rating=2.5, id=1, totalActions=3, actions=3, day=0, gameSeed=512527164}
12:24:27.053 [main] DEBUG org.hibernate.SQL -- update game_save set actions=?,balance=?,day=?,difficulty=?,gameSeed=?,rating=?,totalActions=? where id=?
12:24:27.066 [main] DEBUG org.hibernate.resource.jdbc.internal.LogicalConnectionManagedImpl -- Initiating JDBC connection release from afterTransaction
12:24:27.066 [main] DEBUG org.hibernate.resource.jdbc.internal.LogicalConnectionManagedImpl -- Initiating JDBC connection release from afterTransaction
12:24:27.066 [main] DEBUG org.hibernate.engine.transaction.internal.TransactionImpl -- On TransactionImpl creation, JpaCompliance#isJpaTransactionComplianceEnabled == false
12:24:27.066 [main] DEBUG org.hibernate.engine.transaction.internal.TransactionImpl -- begin
12:24:27.066 [main] DEBUG org.hibernate.orm.sql.ast.create -- Created new SQL alias : bs1_0
12:24:27.066 [main] DEBUG org.hibernate.orm.sql.ast.create -- Registration of TableGroup [StandardTableGroup(com.pdcgame.Models.BoardSave(356300506446800))] with identifierForTableGroup [com.pdcgame.Models.BoardSave] for NavigablePath [com.pdcgame.Models.BoardSave] 
12:24:27.066 [main] DEBUG org.hibernate.SQL -- delete from board_save bs1_0
12:24:27.066 [main] DEBUG org.hibernate.engine.transaction.internal.TransactionImpl -- committing
12:24:27.067 [main] DEBUG org.hibernate.resource.jdbc.internal.LogicalConnectionManagedImpl -- Initiating JDBC connection release from afterTransaction
12:24:27.067 [main] DEBUG org.hibernate.resource.jdbc.internal.LogicalConnectionManagedImpl -- Initiating JDBC connection release from afterTransaction
12:24:27.067 [main] DEBUG org.hibernate.stat.internal.StatisticsInitiator -- Statistics initialized [enabled=false]
12:24:27.067 [main] DEBUG org.hibernate.engine.transaction.internal.TransactionImpl -- On TransactionImpl creation, JpaCompliance#isJpaTransactionComplianceEnabled == false
12:24:27.067 [main] DEBUG org.hibernate.engine.transaction.internal.TransactionImpl -- begin
12:24:27.067 [main] DEBUG org.hibernate.orm.sql.exec -- Skipping reading Query result cache data: cache-enabled = false, cache-mode = IGNORE
12:24:27.067 [main] DEBUG org.hibernate.orm.results -- Initializer list:
	  com.pdcgame.Models.InventorySave -> EntityResultInitializer(com.pdcgame.Models.InventorySave)@2118457232 (SingleTableEntityPersister(com.pdcgame.Models.InventorySave))

12:24:27.067 [main] DEBUG org.hibernate.SQL -- select is1_0.product_name,is1_0.quantity,is1_0.sell_price from inventory_save is1_0 where is1_0.product_name=?
12:24:27.071 [main] DEBUG org.hibernate.orm.results.loading.entity -- (EntityResultInitializer) Hydrated EntityKey (com.pdcgame.Models.InventorySave): Water Bottle
12:24:27.071 [main] DEBUG org.hibernate.orm.results.loading.entity -- (EntityResultInitializer) Created new entity instance [com.pdcgame.Models.InventorySave#Water Bottle] : 1309147872
12:24:27.071 [main] DEBUG org.hibernate.orm.results -- Extracted JDBC value [1] - [0]
12:24:27.071 [main] DEBUG org.hibernate.orm.results -- Extracted JDBC value [2] - [2.67]
12:24:27.071 [main] DEBUG org.hibernate.orm.results.loading.entity -- (EntityResultInitializer) Done materializing entityInstance : com.pdcgame.Models.InventorySave#Water Bottle
12:24:27.071 [main] DEBUG org.hibernate.orm.results.loading -- Calling top-level assembler (0 / 1) : org.hibernate.sql.results.graph.entity.internal.EntityAssembler@4a18e0f1
12:24:27.071 [main] DEBUG org.hibernate.orm.sql.exec -- Skipping reading Query result cache data: cache-enabled = false, cache-mode = IGNORE
12:24:27.071 [main] DEBUG org.hibernate.orm.results -- Initializer list:
	  com.pdcgame.Models.InventorySave -> EntityResultInitializer(com.pdcgame.Models.InventorySave)@1753178789 (SingleTableEntityPersister(com.pdcgame.Models.InventorySave))

12:24:27.071 [main] DEBUG org.hibernate.SQL -- select is1_0.product_name,is1_0.quantity,is1_0.sell_price from inventory_save is1_0 where is1_0.product_name=?
12:24:27.072 [main] DEBUG org.hibernate.orm.results.loading.entity -- (EntityResultInitializer) Hydrated EntityKey (com.pdcgame.Models.InventorySave): Cola Pack
12:24:27.072 [main] DEBUG org.hibernate.orm.results.loading.entity -- (EntityResultInitializer) Created new entity instance [com.pdcgame.Models.InventorySave#Cola Pack] : 1747820321
12:24:27.072 [main] DEBUG org.hibernate.orm.results -- Extracted JDBC value [1] - [0]
12:24:27.072 [main] DEBUG org.hibernate.orm.results -- Extracted JDBC value [2] - [5.4]
12:24:27.072 [main] DEBUG org.hibernate.orm.results.loading.entity -- (EntityResultInitializer) Done materializing entityInstance : com.pdcgame.Models.InventorySave#Cola Pack
12:24:27.072 [main] DEBUG org.hibernate.orm.results.loading -- Calling top-level assembler (0 / 1) : org.hibernate.sql.results.graph.entity.internal.EntityAssembler@2e64ae1a
12:24:27.072 [main] DEBUG org.hibernate.orm.sql.exec -- Skipping reading Query result cache data: cache-enabled = false, cache-mode = IGNORE
12:24:27.072 [main] DEBUG org.hibernate.orm.results -- Initializer list:
	  com.pdcgame.Models.InventorySave -> EntityResultInitializer(com.pdcgame.Models.InventorySave)@1856885570 (SingleTableEntityPersister(com.pdcgame.Models.InventorySave))

12:24:27.072 [main] DEBUG org.hibernate.SQL -- select is1_0.product_name,is1_0.quantity,is1_0.sell_price from inventory_save is1_0 where is1_0.product_name=?
12:24:27.072 [main] DEBUG org.hibernate.orm.results.loading.entity -- (EntityResultInitializer) Hydrated EntityKey (com.pdcgame.Models.InventorySave): Dino Nuggets
12:24:27.072 [main] DEBUG org.hibernate.orm.results.loading.entity -- (EntityResultInitializer) Created new entity instance [com.pdcgame.Models.InventorySave#Dino Nuggets] : 1062913415
12:24:27.072 [main] DEBUG org.hibernate.orm.results -- Extracted JDBC value [1] - [0]
12:24:27.072 [main] DEBUG org.hibernate.orm.results -- Extracted JDBC value [2] - [8.0]
12:24:27.072 [main] DEBUG org.hibernate.orm.results.loading.entity -- (EntityResultInitializer) Done materializing entityInstance : com.pdcgame.Models.InventorySave#Dino Nuggets
12:24:27.072 [main] DEBUG org.hibernate.orm.results.loading -- Calling top-level assembler (0 / 1) : org.hibernate.sql.results.graph.entity.internal.EntityAssembler@1fa58a48
12:24:27.072 [main] DEBUG org.hibernate.orm.sql.exec -- Skipping reading Query result cache data: cache-enabled = false, cache-mode = IGNORE
12:24:27.072 [main] DEBUG org.hibernate.orm.results -- Initializer list:
	  com.pdcgame.Models.InventorySave -> EntityResultInitializer(com.pdcgame.Models.InventorySave)@958523759 (SingleTableEntityPersister(com.pdcgame.Models.InventorySave))

12:24:27.072 [main] DEBUG org.hibernate.SQL -- select is1_0.product_name,is1_0.quantity,is1_0.sell_price from inventory_save is1_0 where is1_0.product_name=?
12:24:27.073 [main] DEBUG org.hibernate.orm.results.loading.entity -- (EntityResultInitializer) Hydrated EntityKey (com.pdcgame.Models.InventorySave): Vanilla IceCream
12:24:27.073 [main] DEBUG org.hibernate.orm.results.loading.entity -- (EntityResultInitializer) Created new entity instance [com.pdcgame.Models.InventorySave#Vanilla IceCream] : 61480005
12:24:27.073 [main] DEBUG org.hibernate.orm.results -- Extracted JDBC value [1] - [0]
12:24:27.073 [main] DEBUG org.hibernate.orm.results -- Extracted JDBC value [2] - [5.0]
12:24:27.073 [main] DEBUG org.hibernate.orm.results.loading.entity -- (EntityResultInitializer) Done materializing entityInstance : com.pdcgame.Models.InventorySave#Vanilla IceCream
12:24:27.073 [main] DEBUG org.hibernate.orm.results.loading -- Calling top-level assembler (0 / 1) : org.hibernate.sql.results.graph.entity.internal.EntityAssembler@6d45dd4
12:24:27.073 [main] DEBUG org.hibernate.orm.sql.exec -- Skipping reading Query result cache data: cache-enabled = false, cache-mode = IGNORE
12:24:27.073 [main] DEBUG org.hibernate.orm.results -- Initializer list:
	  com.pdcgame.Models.InventorySave -> EntityResultInitializer(com.pdcgame.Models.InventorySave)@370428315 (SingleTableEntityPersister(com.pdcgame.Models.InventorySave))

12:24:27.073 [main] DEBUG org.hibernate.SQL -- select is1_0.product_name,is1_0.quantity,is1_0.sell_price from inventory_save is1_0 where is1_0.product_name=?
12:24:27.073 [main] DEBUG org.hibernate.orm.results.loading.entity -- (EntityResultInitializer) Hydrated EntityKey (com.pdcgame.Models.InventorySave): Soda Bottle
12:24:27.073 [main] DEBUG org.hibernate.orm.results.loading.entity -- (EntityResultInitializer) Created new entity instance [com.pdcgame.Models.InventorySave#Soda Bottle] : 1468111065
12:24:27.073 [main] DEBUG org.hibernate.orm.results -- Extracted JDBC value [1] - [0]
12:24:27.073 [main] DEBUG org.hibernate.orm.results -- Extracted JDBC value [2] - [3.0]
12:24:27.073 [main] DEBUG org.hibernate.orm.results.loading.entity -- (EntityResultInitializer) Done materializing entityInstance : com.pdcgame.Models.InventorySave#Soda Bottle
12:24:27.073 [main] DEBUG org.hibernate.orm.results.loading -- Calling top-level assembler (0 / 1) : org.hibernate.sql.results.graph.entity.internal.EntityAssembler@4deca78
12:24:27.074 [main] DEBUG org.hibernate.orm.sql.exec -- Skipping reading Query result cache data: cache-enabled = false, cache-mode = IGNORE
12:24:27.074 [main] DEBUG org.hibernate.orm.results -- Initializer list:
	  com.pdcgame.Models.InventorySave -> EntityResultInitializer(com.pdcgame.Models.InventorySave)@1600512192 (SingleTableEntityPersister(com.pdcgame.Models.InventorySave))

12:24:27.074 [main] DEBUG org.hibernate.SQL -- select is1_0.product_name,is1_0.quantity,is1_0.sell_price from inventory_save is1_0 where is1_0.product_name=?
12:24:27.074 [main] DEBUG org.hibernate.orm.results.loading.entity -- (EntityResultInitializer) Hydrated EntityKey (com.pdcgame.Models.InventorySave): Edam Cheese
12:24:27.074 [main] DEBUG org.hibernate.orm.results.loading.entity -- (EntityResultInitializer) Created new entity instance [com.pdcgame.Models.InventorySave#Edam Cheese] : 261935590
12:24:27.074 [main] DEBUG org.hibernate.orm.results -- Extracted JDBC value [1] - [0]
12:24:27.074 [main] DEBUG org.hibernate.orm.results -- Extracted JDBC value [2] - [18.8]
12:24:27.074 [main] DEBUG org.hibernate.orm.results.loading.entity -- (EntityResultInitializer) Done materializing entityInstance : com.pdcgame.Models.InventorySave#Edam Cheese
12:24:27.074 [main] DEBUG org.hibernate.orm.results.loading -- Calling top-level assembler (0 / 1) : org.hibernate.sql.results.graph.entity.internal.EntityAssembler@3ff53704
12:24:27.074 [main] DEBUG org.hibernate.orm.sql.exec -- Skipping reading Query result cache data: cache-enabled = false, cache-mode = IGNORE
12:24:27.074 [main] DEBUG org.hibernate.orm.results -- Initializer list:
	  com.pdcgame.Models.InventorySave -> EntityResultInitializer(com.pdcgame.Models.InventorySave)@886119570 (SingleTableEntityPersister(com.pdcgame.Models.InventorySave))

12:24:27.074 [main] DEBUG org.hibernate.SQL -- select is1_0.product_name,is1_0.quantity,is1_0.sell_price from inventory_save is1_0 where is1_0.product_name=?
12:24:27.074 [main] DEBUG org.hibernate.orm.results.loading.entity -- (EntityResultInitializer) Hydrated EntityKey (com.pdcgame.Models.InventorySave): Popsicles
12:24:27.074 [main] DEBUG org.hibernate.orm.results.loading.entity -- (EntityResultInitializer) Created new entity instance [com.pdcgame.Models.InventorySave#Popsicles] : 1922735165
12:24:27.074 [main] DEBUG org.hibernate.orm.results -- Extracted JDBC value [1] - [0]
12:24:27.074 [main] DEBUG org.hibernate.orm.results -- Extracted JDBC value [2] - [3.5]
12:24:27.074 [main] DEBUG org.hibernate.orm.results.loading.entity -- (EntityResultInitializer) Done materializing entityInstance : com.pdcgame.Models.InventorySave#Popsicles
12:24:27.074 [main] DEBUG org.hibernate.orm.results.loading -- Calling top-level assembler (0 / 1) : org.hibernate.sql.results.graph.entity.internal.EntityAssembler@574327ed
12:24:27.075 [main] DEBUG org.hibernate.orm.sql.exec -- Skipping reading Query result cache data: cache-enabled = false, cache-mode = IGNORE
12:24:27.075 [main] DEBUG org.hibernate.orm.results -- Initializer list:
	  com.pdcgame.Models.InventorySave -> EntityResultInitializer(com.pdcgame.Models.InventorySave)@1283403739 (SingleTableEntityPersister(com.pdcgame.Models.InventorySave))

12:24:27.075 [main] DEBUG org.hibernate.SQL -- select is1_0.product_name,is1_0.quantity,is1_0.sell_price from inventory_save is1_0 where is1_0.product_name=?
12:24:27.075 [main] DEBUG org.hibernate.orm.results.loading.entity -- (EntityResultInitializer) Hydrated EntityKey (com.pdcgame.Models.InventorySave): Soda Pack
12:24:27.075 [main] DEBUG org.hibernate.orm.results.loading.entity -- (EntityResultInitializer) Created new entity instance [com.pdcgame.Models.InventorySave#Soda Pack] : 1183266411
12:24:27.075 [main] DEBUG org.hibernate.orm.results -- Extracted JDBC value [1] - [0]
12:24:27.075 [main] DEBUG org.hibernate.orm.results -- Extracted JDBC value [2] - [6.3]
12:24:27.075 [main] DEBUG org.hibernate.orm.results.loading.entity -- (EntityResultInitializer) Done materializing entityInstance : com.pdcgame.Models.InventorySave#Soda Pack
12:24:27.075 [main] DEBUG org.hibernate.orm.results.loading -- Calling top-level assembler (0 / 1) : org.hibernate.sql.results.graph.entity.internal.EntityAssembler@3a17acd4
12:24:27.075 [main] DEBUG org.hibernate.orm.sql.exec -- Skipping reading Query result cache data: cache-enabled = false, cache-mode = IGNORE
12:24:27.075 [main] DEBUG org.hibernate.orm.results -- Initializer list:
	  com.pdcgame.Models.InventorySave -> EntityResultInitializer(com.pdcgame.Models.InventorySave)@150309335 (SingleTableEntityPersister(com.pdcgame.Models.InventorySave))

12:24:27.075 [main] DEBUG org.hibernate.SQL -- select is1_0.product_name,is1_0.quantity,is1_0.sell_price from inventory_save is1_0 where is1_0.product_name=?
12:24:27.075 [main] DEBUG org.hibernate.orm.results.loading.entity -- (EntityResultInitializer) Hydrated EntityKey (com.pdcgame.Models.InventorySave): Salt
12:24:27.075 [main] DEBUG org.hibernate.orm.results.loading.entity -- (EntityResultInitializer) Created new entity instance [com.pdcgame.Models.InventorySave#Salt] : 972598720
12:24:27.075 [main] DEBUG org.hibernate.orm.results -- Extracted JDBC value [1] - [0]
12:24:27.075 [main] DEBUG org.hibernate.orm.results -- Extracted JDBC value [2] - [2.25]
12:24:27.075 [main] DEBUG org.hibernate.orm.results.loading.entity -- (EntityResultInitializer) Done materializing entityInstance : com.pdcgame.Models.InventorySave#Salt
12:24:27.075 [main] DEBUG org.hibernate.orm.results.loading -- Calling top-level assembler (0 / 1) : org.hibernate.sql.results.graph.entity.internal.EntityAssembler@c7269ad
12:24:27.076 [main] DEBUG org.hibernate.orm.sql.exec -- Skipping reading Query result cache data: cache-enabled = false, cache-mode = IGNORE
12:24:27.076 [main] DEBUG org.hibernate.orm.results -- Initializer list:
	  com.pdcgame.Models.InventorySave -> EntityResultInitializer(com.pdcgame.Models.InventorySave)@472114025 (SingleTableEntityPersister(com.pdcgame.Models.InventorySave))

12:24:27.076 [main] DEBUG org.hibernate.SQL -- select is1_0.product_name,is1_0.quantity,is1_0.sell_price from inventory_save is1_0 where is1_0.product_name=?
12:24:27.076 [main] DEBUG org.hibernate.orm.results.loading.entity -- (EntityResultInitializer) Hydrated EntityKey (com.pdcgame.Models.InventorySave): Hashbrowns
12:24:27.076 [main] DEBUG org.hibernate.orm.results.loading.entity -- (EntityResultInitializer) Created new entity instance [com.pdcgame.Models.InventorySave#Hashbrowns] : 1488311804
12:24:27.076 [main] DEBUG org.hibernate.orm.results -- Extracted JDBC value [1] - [0]
12:24:27.076 [main] DEBUG org.hibernate.orm.results -- Extracted JDBC value [2] - [10.0]
12:24:27.076 [main] DEBUG org.hibernate.orm.results.loading.entity -- (EntityResultInitializer) Done materializing entityInstance : com.pdcgame.Models.InventorySave#Hashbrowns
12:24:27.076 [main] DEBUG org.hibernate.orm.results.loading -- Calling top-level assembler (0 / 1) : org.hibernate.sql.results.graph.entity.internal.EntityAssembler@42536da6
12:24:27.076 [main] DEBUG org.hibernate.orm.sql.exec -- Skipping reading Query result cache data: cache-enabled = false, cache-mode = IGNORE
12:24:27.076 [main] DEBUG org.hibernate.orm.results -- Initializer list:
	  com.pdcgame.Models.InventorySave -> EntityResultInitializer(com.pdcgame.Models.InventorySave)@1972489169 (SingleTableEntityPersister(com.pdcgame.Models.InventorySave))

12:24:27.076 [main] DEBUG org.hibernate.SQL -- select is1_0.product_name,is1_0.quantity,is1_0.sell_price from inventory_save is1_0 where is1_0.product_name=?
12:24:27.076 [main] DEBUG org.hibernate.orm.results.loading.entity -- (EntityResultInitializer) Hydrated EntityKey (com.pdcgame.Models.InventorySave): Premium Soda
12:24:27.076 [main] DEBUG org.hibernate.orm.results.loading.entity -- (EntityResultInitializer) Created new entity instance [com.pdcgame.Models.InventorySave#Premium Soda] : 149111966
12:24:27.076 [main] DEBUG org.hibernate.orm.results -- Extracted JDBC value [1] - [0]
12:24:27.076 [main] DEBUG org.hibernate.orm.results -- Extracted JDBC value [2] - [6.0]
12:24:27.076 [main] DEBUG org.hibernate.orm.results.loading.entity -- (EntityResultInitializer) Done materializing entityInstance : com.pdcgame.Models.InventorySave#Premium Soda
12:24:27.076 [main] DEBUG org.hibernate.orm.results.loading -- Calling top-level assembler (0 / 1) : org.hibernate.sql.results.graph.entity.internal.EntityAssembler@3023f157
12:24:27.076 [main] DEBUG org.hibernate.orm.sql.exec -- Skipping reading Query result cache data: cache-enabled = false, cache-mode = IGNORE
12:24:27.076 [main] DEBUG org.hibernate.orm.results -- Initializer list:
	  com.pdcgame.Models.InventorySave -> EntityResultInitializer(com.pdcgame.Models.InventorySave)@523938160 (SingleTableEntityPersister(com.pdcgame.Models.InventorySave))

12:24:27.076 [main] DEBUG org.hibernate.SQL -- select is1_0.product_name,is1_0.quantity,is1_0.sell_price from inventory_save is1_0 where is1_0.product_name=?
12:24:27.077 [main] DEBUG org.hibernate.orm.results.loading.entity -- (EntityResultInitializer) Hydrated EntityKey (com.pdcgame.Models.InventorySave): Emmental Cheese
12:24:27.077 [main] DEBUG org.hibernate.orm.results.loading.entity -- (EntityResultInitializer) Created new entity instance [com.pdcgame.Models.InventorySave#Emmental Cheese] : 628845656
12:24:27.077 [main] DEBUG org.hibernate.orm.results -- Extracted JDBC value [1] - [0]
12:24:27.077 [main] DEBUG org.hibernate.orm.results -- Extracted JDBC value [2] - [14.64]
12:24:27.077 [main] DEBUG org.hibernate.orm.results.loading.entity -- (EntityResultInitializer) Done materializing entityInstance : com.pdcgame.Models.InventorySave#Emmental Cheese
12:24:27.077 [main] DEBUG org.hibernate.orm.results.loading -- Calling top-level assembler (0 / 1) : org.hibernate.sql.results.graph.entity.internal.EntityAssembler@6ae32ff0
12:24:27.077 [main] DEBUG org.hibernate.orm.sql.exec -- Skipping reading Query result cache data: cache-enabled = false, cache-mode = IGNORE
12:24:27.077 [main] DEBUG org.hibernate.orm.results -- Initializer list:
	  com.pdcgame.Models.InventorySave -> EntityResultInitializer(com.pdcgame.Models.InventorySave)@475845354 (SingleTableEntityPersister(com.pdcgame.Models.InventorySave))

12:24:27.077 [main] DEBUG org.hibernate.SQL -- select is1_0.product_name,is1_0.quantity,is1_0.sell_price from inventory_save is1_0 where is1_0.product_name=?
12:24:27.077 [main] DEBUG org.hibernate.orm.results.loading.entity -- (EntityResultInitializer) Hydrated EntityKey (com.pdcgame.Models.InventorySave): Cola Bottle
12:24:27.077 [main] DEBUG org.hibernate.orm.results.loading.entity -- (EntityResultInitializer) Created new entity instance [com.pdcgame.Models.InventorySave#Cola Bottle] : 92565520
12:24:27.077 [main] DEBUG org.hibernate.orm.results -- Extracted JDBC value [1] - [0]
12:24:27.077 [main] DEBUG org.hibernate.orm.results -- Extracted JDBC value [2] - [3.6]
12:24:27.077 [main] DEBUG org.hibernate.orm.results.loading.entity -- (EntityResultInitializer) Done materializing entityInstance : com.pdcgame.Models.InventorySave#Cola Bottle
12:24:27.077 [main] DEBUG org.hibernate.orm.results.loading -- Calling top-level assembler (0 / 1) : org.hibernate.sql.results.graph.entity.internal.EntityAssembler@1ad9d5be
12:24:27.077 [main] DEBUG org.hibernate.orm.sql.exec -- Skipping reading Query result cache data: cache-enabled = false, cache-mode = IGNORE
12:24:27.077 [main] DEBUG org.hibernate.orm.results -- Initializer list:
	  com.pdcgame.Models.InventorySave -> EntityResultInitializer(com.pdcgame.Models.InventorySave)@1191049963 (SingleTableEntityPersister(com.pdcgame.Models.InventorySave))

12:24:27.077 [main] DEBUG org.hibernate.SQL -- select is1_0.product_name,is1_0.quantity,is1_0.sell_price from inventory_save is1_0 where is1_0.product_name=?
12:24:27.078 [main] DEBUG org.hibernate.orm.results.loading.entity -- (EntityResultInitializer) Hydrated EntityKey (com.pdcgame.Models.InventorySave): Cereal
12:24:27.078 [main] DEBUG org.hibernate.orm.results.loading.entity -- (EntityResultInitializer) Created new entity instance [com.pdcgame.Models.InventorySave#Cereal] : 1269530703
12:24:27.078 [main] DEBUG org.hibernate.orm.results -- Extracted JDBC value [1] - [0]
12:24:27.078 [main] DEBUG org.hibernate.orm.results -- Extracted JDBC value [2] - [5.0]
12:24:27.078 [main] DEBUG org.hibernate.orm.results.loading.entity -- (EntityResultInitializer) Done materializing entityInstance : com.pdcgame.Models.InventorySave#Cereal
12:24:27.078 [main] DEBUG org.hibernate.orm.results.loading -- Calling top-level assembler (0 / 1) : org.hibernate.sql.results.graph.entity.internal.EntityAssembler@eebd983
12:24:27.078 [main] DEBUG org.hibernate.orm.sql.exec -- Skipping reading Query result cache data: cache-enabled = false, cache-mode = IGNORE
12:24:27.078 [main] DEBUG org.hibernate.orm.results -- Initializer list:
	  com.pdcgame.Models.InventorySave -> EntityResultInitializer(com.pdcgame.Models.InventorySave)@2047820764 (SingleTableEntityPersister(com.pdcgame.Models.InventorySave))

12:24:27.078 [main] DEBUG org.hibernate.SQL -- select is1_0.product_name,is1_0.quantity,is1_0.sell_price from inventory_save is1_0 where is1_0.product_name=?
12:24:27.078 [main] DEBUG org.hibernate.orm.results.loading.entity -- (EntityResultInitializer) Hydrated EntityKey (com.pdcgame.Models.InventorySave): Fruit Yoghurt
12:24:27.078 [main] DEBUG org.hibernate.orm.results.loading.entity -- (EntityResultInitializer) Created new entity instance [com.pdcgame.Models.InventorySave#Fruit Yoghurt] : 528469698
12:24:27.078 [main] DEBUG org.hibernate.orm.results -- Extracted JDBC value [1] - [0]
12:24:27.078 [main] DEBUG org.hibernate.orm.results -- Extracted JDBC value [2] - [6.5]
12:24:27.078 [main] DEBUG org.hibernate.orm.results.loading.entity -- (EntityResultInitializer) Done materializing entityInstance : com.pdcgame.Models.InventorySave#Fruit Yoghurt
12:24:27.078 [main] DEBUG org.hibernate.orm.results.loading -- Calling top-level assembler (0 / 1) : org.hibernate.sql.results.graph.entity.internal.EntityAssembler@796cf2b5
12:24:27.078 [main] DEBUG org.hibernate.orm.sql.exec -- Skipping reading Query result cache data: cache-enabled = false, cache-mode = IGNORE
12:24:27.078 [main] DEBUG org.hibernate.orm.results -- Initializer list:
	  com.pdcgame.Models.InventorySave -> EntityResultInitializer(com.pdcgame.Models.InventorySave)@2054286321 (SingleTableEntityPersister(com.pdcgame.Models.InventorySave))

12:24:27.078 [main] DEBUG org.hibernate.SQL -- select is1_0.product_name,is1_0.quantity,is1_0.sell_price from inventory_save is1_0 where is1_0.product_name=?
12:24:27.079 [main] DEBUG org.hibernate.orm.results.loading.entity -- (EntityResultInitializer) Hydrated EntityKey (com.pdcgame.Models.InventorySave): Pasta
12:24:27.079 [main] DEBUG org.hibernate.orm.results.loading.entity -- (EntityResultInitializer) Created new entity instance [com.pdcgame.Models.InventorySave#Pasta] : 475871084
12:24:27.079 [main] DEBUG org.hibernate.orm.results -- Extracted JDBC value [1] - [0]
12:24:27.079 [main] DEBUG org.hibernate.orm.results -- Extracted JDBC value [2] - [4.05]
12:24:27.079 [main] DEBUG org.hibernate.orm.results.loading.entity -- (EntityResultInitializer) Done materializing entityInstance : com.pdcgame.Models.InventorySave#Pasta
12:24:27.079 [main] DEBUG org.hibernate.orm.results.loading -- Calling top-level assembler (0 / 1) : org.hibernate.sql.results.graph.entity.internal.EntityAssembler@42f2cae8
12:24:27.079 [main] DEBUG org.hibernate.orm.sql.exec -- Skipping reading Query result cache data: cache-enabled = false, cache-mode = IGNORE
12:24:27.079 [main] DEBUG org.hibernate.orm.results -- Initializer list:
	  com.pdcgame.Models.InventorySave -> EntityResultInitializer(com.pdcgame.Models.InventorySave)@1002194889 (SingleTableEntityPersister(com.pdcgame.Models.InventorySave))

12:24:27.079 [main] DEBUG org.hibernate.SQL -- select is1_0.product_name,is1_0.quantity,is1_0.sell_price from inventory_save is1_0 where is1_0.product_name=?
12:24:27.079 [main] DEBUG org.hibernate.orm.results.loading.entity -- (EntityResultInitializer) Hydrated EntityKey (com.pdcgame.Models.InventorySave): Chicken
12:24:27.079 [main] DEBUG org.hibernate.orm.results.loading.entity -- (EntityResultInitializer) Created new entity instance [com.pdcgame.Models.InventorySave#Chicken] : 426212061
12:24:27.079 [main] DEBUG org.hibernate.orm.results -- Extracted JDBC value [1] - [0]
12:24:27.079 [main] DEBUG org.hibernate.orm.results -- Extracted JDBC value [2] - [5.0]
12:24:27.079 [main] DEBUG org.hibernate.orm.results.loading.entity -- (EntityResultInitializer) Done materializing entityInstance : com.pdcgame.Models.InventorySave#Chicken
12:24:27.079 [main] DEBUG org.hibernate.orm.results.loading -- Calling top-level assembler (0 / 1) : org.hibernate.sql.results.graph.entity.internal.EntityAssembler@b548f51
12:24:27.079 [main] DEBUG org.hibernate.orm.sql.exec -- Skipping reading Query result cache data: cache-enabled = false, cache-mode = IGNORE
12:24:27.079 [main] DEBUG org.hibernate.orm.results -- Initializer list:
	  com.pdcgame.Models.InventorySave -> EntityResultInitializer(com.pdcgame.Models.InventorySave)@1911860918 (SingleTableEntityPersister(com.pdcgame.Models.InventorySave))

12:24:27.079 [main] DEBUG org.hibernate.SQL -- select is1_0.product_name,is1_0.quantity,is1_0.sell_price from inventory_save is1_0 where is1_0.product_name=?
12:24:27.079 [main] DEBUG org.hibernate.orm.results.loading.entity -- (EntityResultInitializer) Hydrated EntityKey (com.pdcgame.Models.InventorySave): Gruyere Cheese
12:24:27.079 [main] DEBUG org.hibernate.orm.results.loading.entity -- (EntityResultInitializer) Created new entity instance [com.pdcgame.Models.InventorySave#Gruyere Cheese] : 265347352
12:24:27.079 [main] DEBUG org.hibernate.orm.results -- Extracted JDBC value [1] - [0]
12:24:27.079 [main] DEBUG org.hibernate.orm.results -- Extracted JDBC value [2] - [18.0]
12:24:27.079 [main] DEBUG org.hibernate.orm.results.loading.entity -- (EntityResultInitializer) Done materializing entityInstance : com.pdcgame.Models.InventorySave#Gruyere Cheese
12:24:27.079 [main] DEBUG org.hibernate.orm.results.loading -- Calling top-level assembler (0 / 1) : org.hibernate.sql.results.graph.entity.internal.EntityAssembler@62f6185a
12:24:27.079 [main] DEBUG org.hibernate.orm.sql.exec -- Skipping reading Query result cache data: cache-enabled = false, cache-mode = IGNORE
12:24:27.079 [main] DEBUG org.hibernate.orm.results -- Initializer list:
	  com.pdcgame.Models.InventorySave -> EntityResultInitializer(com.pdcgame.Models.InventorySave)@884237024 (SingleTableEntityPersister(com.pdcgame.Models.InventorySave))

12:24:27.079 [main] DEBUG org.hibernate.SQL -- select is1_0.product_name,is1_0.quantity,is1_0.sell_price from inventory_save is1_0 where is1_0.product_name=?
12:24:27.079 [main] DEBUG org.hibernate.orm.results.loading.entity -- (EntityResultInitializer) Hydrated EntityKey (com.pdcgame.Models.InventorySave): Sugar
12:24:27.079 [main] DEBUG org.hibernate.orm.results.loading.entity -- (EntityResultInitializer) Created new entity instance [com.pdcgame.Models.InventorySave#Sugar] : 158203067
12:24:27.079 [main] DEBUG org.hibernate.orm.results -- Extracted JDBC value [1] - [0]
12:24:27.079 [main] DEBUG org.hibernate.orm.results -- Extracted JDBC value [2] - [5.96]
12:24:27.079 [main] DEBUG org.hibernate.orm.results.loading.entity -- (EntityResultInitializer) Done materializing entityInstance : com.pdcgame.Models.InventorySave#Sugar
12:24:27.079 [main] DEBUG org.hibernate.orm.results.loading -- Calling top-level assembler (0 / 1) : org.hibernate.sql.results.graph.entity.internal.EntityAssembler@34ede267
12:24:27.080 [main] DEBUG org.hibernate.orm.sql.exec -- Skipping reading Query result cache data: cache-enabled = false, cache-mode = IGNORE
12:24:27.080 [main] DEBUG org.hibernate.orm.results -- Initializer list:
	  com.pdcgame.Models.InventorySave -> EntityResultInitializer(com.pdcgame.Models.InventorySave)@113211374 (SingleTableEntityPersister(com.pdcgame.Models.InventorySave))

12:24:27.080 [main] DEBUG org.hibernate.SQL -- select is1_0.product_name,is1_0.quantity,is1_0.sell_price from inventory_save is1_0 where is1_0.product_name=?
12:24:27.080 [main] DEBUG org.hibernate.orm.results.loading.entity -- (EntityResultInitializer) Hydrated EntityKey (com.pdcgame.Models.InventorySave): Rice
12:24:27.080 [main] DEBUG org.hibernate.orm.results.loading.entity -- (EntityResultInitializer) Created new entity instance [com.pdcgame.Models.InventorySave#Rice] : 292579826
12:24:27.080 [main] DEBUG org.hibernate.orm.results -- Extracted JDBC value [1] - [0]
12:24:27.080 [main] DEBUG org.hibernate.orm.results -- Extracted JDBC value [2] - [4.35]
12:24:27.080 [main] DEBUG org.hibernate.orm.results.loading.entity -- (EntityResultInitializer) Done materializing entityInstance : com.pdcgame.Models.InventorySave#Rice
12:24:27.080 [main] DEBUG org.hibernate.orm.results.loading -- Calling top-level assembler (0 / 1) : org.hibernate.sql.results.graph.entity.internal.EntityAssembler@77ebc9e6
12:24:27.080 [main] DEBUG org.hibernate.orm.sql.exec -- Skipping reading Query result cache data: cache-enabled = false, cache-mode = IGNORE
12:24:27.080 [main] DEBUG org.hibernate.orm.results -- Initializer list:
	  com.pdcgame.Models.InventorySave -> EntityResultInitializer(com.pdcgame.Models.InventorySave)@45621272 (SingleTableEntityPersister(com.pdcgame.Models.InventorySave))

12:24:27.080 [main] DEBUG org.hibernate.SQL -- select is1_0.product_name,is1_0.quantity,is1_0.sell_price from inventory_save is1_0 where is1_0.product_name=?
12:24:27.080 [main] DEBUG org.hibernate.orm.results.loading.entity -- (EntityResultInitializer) Hydrated EntityKey (com.pdcgame.Models.InventorySave): Milk
12:24:27.080 [main] DEBUG org.hibernate.orm.results.loading.entity -- (EntityResultInitializer) Created new entity instance [com.pdcgame.Models.InventorySave#Milk] : 2113229982
12:24:27.080 [main] DEBUG org.hibernate.orm.results -- Extracted JDBC value [1] - [0]
12:24:27.080 [main] DEBUG org.hibernate.orm.results -- Extracted JDBC value [2] - [2.73]
12:24:27.080 [main] DEBUG org.hibernate.orm.results.loading.entity -- (EntityResultInitializer) Done materializing entityInstance : com.pdcgame.Models.InventorySave#Milk
12:24:27.080 [main] DEBUG org.hibernate.orm.results.loading -- Calling top-level assembler (0 / 1) : org.hibernate.sql.results.graph.entity.internal.EntityAssembler@cbdc0f4
12:24:27.080 [main] DEBUG org.hibernate.engine.transaction.internal.TransactionImpl -- committing
12:24:27.080 [main] DEBUG org.hibernate.event.internal.AbstractFlushingEventListener -- Processing flush-time cascades
12:24:27.080 [main] DEBUG org.hibernate.event.internal.AbstractFlushingEventListener -- Dirty checking collections
12:24:27.081 [main] DEBUG org.hibernate.event.internal.AbstractFlushingEventListener -- Flushed: 0 insertions, 0 updates, 0 deletions to 21 objects
12:24:27.081 [main] DEBUG org.hibernate.event.internal.AbstractFlushingEventListener -- Flushed: 0 (re)creations, 0 updates, 0 removals to 0 collections
12:24:27.081 [main] DEBUG org.hibernate.internal.util.EntityPrinter -- Listing entities:
12:24:27.081 [main] DEBUG org.hibernate.internal.util.EntityPrinter -- com.pdcgame.Models.InventorySave{quantity=0, sellPrice=4.05, productName=Pasta}
12:24:27.081 [main] DEBUG org.hibernate.internal.util.EntityPrinter -- com.pdcgame.Models.InventorySave{quantity=0, sellPrice=18.0, productName=Gruyere Cheese}
12:24:27.081 [main] DEBUG org.hibernate.internal.util.EntityPrinter -- com.pdcgame.Models.InventorySave{quantity=0, sellPrice=8.0, productName=Dino Nuggets}
12:24:27.081 [main] DEBUG org.hibernate.internal.util.EntityPrinter -- com.pdcgame.Models.InventorySave{quantity=0, sellPrice=14.64, productName=Emmental Cheese}
12:24:27.081 [main] DEBUG org.hibernate.internal.util.EntityPrinter -- com.pdcgame.Models.InventorySave{quantity=0, sellPrice=5.4, productName=Cola Pack}
12:24:27.081 [main] DEBUG org.hibernate.internal.util.EntityPrinter -- com.pdcgame.Models.InventorySave{quantity=0, sellPrice=6.3, productName=Soda Pack}
12:24:27.081 [main] DEBUG org.hibernate.internal.util.EntityPrinter -- com.pdcgame.Models.InventorySave{quantity=0, sellPrice=3.5, productName=Popsicles}
12:24:27.081 [main] DEBUG org.hibernate.internal.util.EntityPrinter -- com.pdcgame.Models.InventorySave{quantity=0, sellPrice=6.0, productName=Premium Soda}
12:24:27.081 [main] DEBUG org.hibernate.internal.util.EntityPrinter -- com.pdcgame.Models.InventorySave{quantity=0, sellPrice=6.5, productName=Fruit Yoghurt}
12:24:27.081 [main] DEBUG org.hibernate.internal.util.EntityPrinter -- com.pdcgame.Models.InventorySave{quantity=0, sellPrice=3.0, productName=Soda Bottle}
12:24:27.081 [main] DEBUG org.hibernate.internal.util.EntityPrinter -- com.pdcgame.Models.InventorySave{quantity=0, sellPrice=3.6, productName=Cola Bottle}
12:24:27.081 [main] DEBUG org.hibernate.internal.util.EntityPrinter -- com.pdcgame.Models.InventorySave{quantity=0, sellPrice=18.8, productName=Edam Cheese}
12:24:27.081 [main] DEBUG org.hibernate.internal.util.EntityPrinter -- com.pdcgame.Models.InventorySave{quantity=0, sellPrice=10.0, productName=Hashbrowns}
12:24:27.081 [main] DEBUG org.hibernate.internal.util.EntityPrinter -- com.pdcgame.Models.InventorySave{quantity=0, sellPrice=5.0, productName=Chicken}
12:24:27.081 [main] DEBUG org.hibernate.internal.util.EntityPrinter -- com.pdcgame.Models.InventorySave{quantity=0, sellPrice=4.35, productName=Rice}
12:24:27.081 [main] DEBUG org.hibernate.internal.util.EntityPrinter -- com.pdcgame.Models.InventorySave{quantity=0, sellPrice=5.0, productName=Vanilla IceCream}
12:24:27.081 [main] DEBUG org.hibernate.internal.util.EntityPrinter -- com.pdcgame.Models.InventorySave{quantity=0, sellPrice=5.0, productName=Cereal}
12:24:27.081 [main] DEBUG org.hibernate.internal.util.EntityPrinter -- com.pdcgame.Models.InventorySave{quantity=0, sellPrice=2.73, productName=Milk}
12:24:27.081 [main] DEBUG org.hibernate.internal.util.EntityPrinter -- com.pdcgame.Models.InventorySave{quantity=0, sellPrice=5.96, productName=Sugar}
12:24:27.081 [main] DEBUG org.hibernate.internal.util.EntityPrinter -- com.pdcgame.Models.InventorySave{quantity=0, sellPrice=2.67, productName=Water Bottle}
12:24:27.082 [main] DEBUG org.hibernate.internal.util.EntityPrinter -- com.pdcgame.Models.InventorySave{quantity=0, sellPrice=2.25, productName=Salt}
12:24:27.082 [main] DEBUG org.hibernate.resource.jdbc.internal.LogicalConnectionManagedImpl -- Initiating JDBC connection release from afterTransaction
12:24:27.082 [main] DEBUG org.hibernate.resource.jdbc.internal.LogicalConnectionManagedImpl -- Initiating JDBC connection release from afterTransaction
12:24:27.082 [main] DEBUG org.hibernate.engine.transaction.internal.TransactionImpl -- On TransactionImpl creation, JpaCompliance#isJpaTransactionComplianceEnabled == false
12:24:27.082 [main] DEBUG org.hibernate.engine.transaction.internal.TransactionImpl -- begin
12:24:27.082 [main] DEBUG org.hibernate.orm.sql.ast.create -- Created new SQL alias : sis1_0
12:24:27.082 [main] DEBUG org.hibernate.orm.sql.ast.create -- Registration of TableGroup [StandardTableGroup(com.pdcgame.Models.StorageItemSave(356300552777700))] with identifierForTableGroup [com.pdcgame.Models.StorageItemSave] for NavigablePath [com.pdcgame.Models.StorageItemSave] 
12:24:27.082 [main] DEBUG org.hibernate.SQL -- delete from storage_save sis1_0
12:24:27.082 [main] DEBUG org.hibernate.engine.transaction.internal.TransactionImpl -- committing
12:24:27.082 [main] DEBUG org.hibernate.resource.jdbc.internal.LogicalConnectionManagedImpl -- Initiating JDBC connection release from afterTransaction
12:24:27.082 [main] DEBUG org.hibernate.resource.jdbc.internal.LogicalConnectionManagedImpl -- Initiating JDBC connection release from afterTransaction
12:24:27.083 [main] DEBUG org.hibernate.engine.transaction.internal.TransactionImpl -- On TransactionImpl creation, JpaCompliance#isJpaTransactionComplianceEnabled == false
12:24:27.083 [main] DEBUG org.hibernate.engine.transaction.internal.TransactionImpl -- begin
12:24:27.083 [main] DEBUG org.hibernate.orm.sql.exec -- Skipping reading Query result cache data: cache-enabled = false, cache-mode = IGNORE
12:24:27.083 [main] DEBUG org.hibernate.orm.results -- Initializer list:
	  com.pdcgame.Models.GameSave -> EntityResultInitializer(com.pdcgame.Models.GameSave)@283920161 (SingleTableEntityPersister(com.pdcgame.Models.GameSave))

12:24:27.083 [main] DEBUG org.hibernate.SQL -- select gs1_0.id,gs1_0.actions,gs1_0.balance,gs1_0.day,gs1_0.difficulty,gs1_0.gameSeed,gs1_0.rating,gs1_0.totalActions from game_save gs1_0 where gs1_0.id=?
12:24:27.083 [main] DEBUG org.hibernate.orm.results.loading.entity -- (EntityResultInitializer) Hydrated EntityKey (com.pdcgame.Models.GameSave): 1
12:24:27.083 [main] DEBUG org.hibernate.orm.results.loading.entity -- (EntityResultInitializer) Created new entity instance [com.pdcgame.Models.GameSave#1] : 968448640
12:24:27.083 [main] DEBUG org.hibernate.orm.results -- Extracted JDBC value [1] - [3]
12:24:27.083 [main] DEBUG org.hibernate.orm.results -- Extracted JDBC value [2] - [5000.0]
12:24:27.083 [main] DEBUG org.hibernate.orm.results -- Extracted JDBC value [3] - [0]
12:24:27.083 [main] DEBUG org.hibernate.orm.results -- Extracted JDBC value [4] - [Easy]
12:24:27.083 [main] DEBUG org.hibernate.orm.results -- Extracted JDBC value [5] - [512527164]
12:24:27.083 [main] DEBUG org.hibernate.orm.results -- Extracted JDBC value [6] - [2.5]
12:24:27.083 [main] DEBUG org.hibernate.orm.results -- Extracted JDBC value [7] - [3]
12:24:27.083 [main] DEBUG org.hibernate.orm.results.loading.entity -- (EntityResultInitializer) Done materializing entityInstance : com.pdcgame.Models.GameSave#1
12:24:27.083 [main] DEBUG org.hibernate.orm.results.loading -- Calling top-level assembler (0 / 1) : org.hibernate.sql.results.graph.entity.internal.EntityAssembler@3ec62141
12:24:27.083 [main] DEBUG org.hibernate.engine.transaction.internal.TransactionImpl -- committing
12:24:27.083 [main] DEBUG org.hibernate.event.internal.AbstractFlushingEventListener -- Processing flush-time cascades
12:24:27.083 [main] DEBUG org.hibernate.event.internal.AbstractFlushingEventListener -- Dirty checking collections
12:24:27.083 [main] DEBUG org.hibernate.event.internal.AbstractFlushingEventListener -- Flushed: 0 insertions, 0 updates, 0 deletions to 1 objects
12:24:27.083 [main] DEBUG org.hibernate.event.internal.AbstractFlushingEventListener -- Flushed: 0 (re)creations, 0 updates, 0 removals to 0 collections
12:24:27.083 [main] DEBUG org.hibernate.internal.util.EntityPrinter -- Listing entities:
12:24:27.083 [main] DEBUG org.hibernate.internal.util.EntityPrinter -- com.pdcgame.Models.GameSave{difficulty=Easy, balance=5000.0, rating=2.5, id=1, totalActions=3, actions=3, day=0, gameSeed=512527164}
12:24:27.084 [main] DEBUG org.hibernate.resource.jdbc.internal.LogicalConnectionManagedImpl -- Initiating JDBC connection release from afterTransaction
12:24:27.084 [main] DEBUG org.hibernate.resource.jdbc.internal.LogicalConnectionManagedImpl -- Initiating JDBC connection release from afterTransaction
12:24:27.084 [main] DEBUG org.hibernate.engine.transaction.internal.TransactionImpl -- On TransactionImpl creation, JpaCompliance#isJpaTransactionComplianceEnabled == false
12:24:27.084 [main] DEBUG org.hibernate.engine.transaction.internal.TransactionImpl -- begin
12:24:27.084 [main] DEBUG org.hibernate.orm.sql.ast.create -- Created new SQL alias : bs1_0
12:24:27.084 [main] DEBUG org.hibernate.orm.sql.ast.create -- Registration of TableGroup [StandardTableGroup(com.pdcgame.Models.BoardSave(356300506446800))] with identifierForTableGroup [com.pdcgame.Models.BoardSave] for NavigablePath [com.pdcgame.Models.BoardSave] 
12:24:27.084 [main] DEBUG org.hibernate.SQL -- delete from board_save bs1_0
12:24:27.084 [main] DEBUG org.hibernate.engine.transaction.internal.TransactionImpl -- committing
12:24:27.084 [main] DEBUG org.hibernate.resource.jdbc.internal.LogicalConnectionManagedImpl -- Initiating JDBC connection release from afterTransaction
12:24:27.084 [main] DEBUG org.hibernate.resource.jdbc.internal.LogicalConnectionManagedImpl -- Initiating JDBC connection release from afterTransaction
12:24:27.084 [main] DEBUG org.hibernate.engine.transaction.internal.TransactionImpl -- On TransactionImpl creation, JpaCompliance#isJpaTransactionComplianceEnabled == false
12:24:27.084 [main] DEBUG org.hibernate.engine.transaction.internal.TransactionImpl -- begin
12:24:27.084 [main] DEBUG org.hibernate.orm.sql.exec -- Skipping reading Query result cache data: cache-enabled = false, cache-mode = IGNORE
12:24:27.084 [main] DEBUG org.hibernate.orm.results -- Initializer list:
	  com.pdcgame.Models.InventorySave -> EntityResultInitializer(com.pdcgame.Models.InventorySave)@18758920 (SingleTableEntityPersister(com.pdcgame.Models.InventorySave))

12:24:27.084 [main] DEBUG org.hibernate.SQL -- select is1_0.product_name,is1_0.quantity,is1_0.sell_price from inventory_save is1_0 where is1_0.product_name=?
12:24:27.084 [main] DEBUG org.hibernate.orm.results.loading.entity -- (EntityResultInitializer) Hydrated EntityKey (com.pdcgame.Models.InventorySave): Water Bottle
12:24:27.085 [main] DEBUG org.hibernate.orm.results.loading.entity -- (EntityResultInitializer) Created new entity instance [com.pdcgame.Models.InventorySave#Water Bottle] : 1461464792
12:24:27.085 [main] DEBUG org.hibernate.orm.results -- Extracted JDBC value [1] - [0]
12:24:27.085 [main] DEBUG org.hibernate.orm.results -- Extracted JDBC value [2] - [2.67]
12:24:27.085 [main] DEBUG org.hibernate.orm.results.loading.entity -- (EntityResultInitializer) Done materializing entityInstance : com.pdcgame.Models.InventorySave#Water Bottle
12:24:27.085 [main] DEBUG org.hibernate.orm.results.loading -- Calling top-level assembler (0 / 1) : org.hibernate.sql.results.graph.entity.internal.EntityAssembler@5810772a
12:24:27.085 [main] DEBUG org.hibernate.orm.sql.exec -- Skipping reading Query result cache data: cache-enabled = false, cache-mode = IGNORE
12:24:27.085 [main] DEBUG org.hibernate.orm.results -- Initializer list:
	  com.pdcgame.Models.InventorySave -> EntityResultInitializer(com.pdcgame.Models.InventorySave)@1319941841 (SingleTableEntityPersister(com.pdcgame.Models.InventorySave))

12:24:27.085 [main] DEBUG org.hibernate.SQL -- select is1_0.product_name,is1_0.quantity,is1_0.sell_price from inventory_save is1_0 where is1_0.product_name=?
12:24:27.085 [main] DEBUG org.hibernate.orm.results.loading.entity -- (EntityResultInitializer) Hydrated EntityKey (com.pdcgame.Models.InventorySave): Cola Pack
12:24:27.085 [main] DEBUG org.hibernate.orm.results.loading.entity -- (EntityResultInitializer) Created new entity instance [com.pdcgame.Models.InventorySave#Cola Pack] : 2052185144
12:24:27.085 [main] DEBUG org.hibernate.orm.results -- Extracted JDBC value [1] - [0]
12:24:27.085 [main] DEBUG org.hibernate.orm.results -- Extracted JDBC value [2] - [5.4]
12:24:27.085 [main] DEBUG org.hibernate.orm.results.loading.entity -- (EntityResultInitializer) Done materializing entityInstance : com.pdcgame.Models.InventorySave#Cola Pack
12:24:27.085 [main] DEBUG org.hibernate.orm.results.loading -- Calling top-level assembler (0 / 1) : org.hibernate.sql.results.graph.entity.internal.EntityAssembler@31a4db4f
12:24:27.085 [main] DEBUG org.hibernate.orm.sql.exec -- Skipping reading Query result cache data: cache-enabled = false, cache-mode = IGNORE
12:24:27.085 [main] DEBUG org.hibernate.orm.results -- Initializer list:
	  com.pdcgame.Models.InventorySave -> EntityResultInitializer(com.pdcgame.Models.InventorySave)@675475202 (SingleTableEntityPersister(com.pdcgame.Models.InventorySave))

12:24:27.085 [main] DEBUG org.hibernate.SQL -- select is1_0.product_name,is1_0.quantity,is1_0.sell_price from inventory_save is1_0 where is1_0.product_name=?
12:24:27.085 [main] DEBUG org.hibernate.orm.results.loading.entity -- (EntityResultInitializer) Hydrated EntityKey (com.pdcgame.Models.InventorySave): Dino Nuggets
12:24:27.085 [main] DEBUG org.hibernate.orm.results.loading.entity -- (EntityResultInitializer) Created new entity instance [com.pdcgame.Models.InventorySave#Dino Nuggets] : 583765599
12:24:27.085 [main] DEBUG org.hibernate.orm.results -- Extracted JDBC value [1] - [0]
12:24:27.085 [main] DEBUG org.hibernate.orm.results -- Extracted JDBC value [2] - [8.0]
12:24:27.086 [main] DEBUG org.hibernate.orm.results.loading.entity -- (EntityResultInitializer) Done materializing entityInstance : com.pdcgame.Models.InventorySave#Dino Nuggets
12:24:27.086 [main] DEBUG org.hibernate.orm.results.loading -- Calling top-level assembler (0 / 1) : org.hibernate.sql.results.graph.entity.internal.EntityAssembler@45753c22
12:24:27.086 [main] DEBUG org.hibernate.orm.sql.exec -- Skipping reading Query result cache data: cache-enabled = false, cache-mode = IGNORE
12:24:27.086 [main] DEBUG org.hibernate.orm.results -- Initializer list:
	  com.pdcgame.Models.InventorySave -> EntityResultInitializer(com.pdcgame.Models.InventorySave)@1933687459 (SingleTableEntityPersister(com.pdcgame.Models.InventorySave))

12:24:27.086 [main] DEBUG org.hibernate.SQL -- select is1_0.product_name,is1_0.quantity,is1_0.sell_price from inventory_save is1_0 where is1_0.product_name=?
12:24:27.086 [main] DEBUG org.hibernate.orm.results.loading.entity -- (EntityResultInitializer) Hydrated EntityKey (com.pdcgame.Models.InventorySave): Vanilla IceCream
12:24:27.086 [main] DEBUG org.hibernate.orm.results.loading.entity -- (EntityResultInitializer) Created new entity instance [com.pdcgame.Models.InventorySave#Vanilla IceCream] : 1895167357
12:24:27.086 [main] DEBUG org.hibernate.orm.results -- Extracted JDBC value [1] - [0]
12:24:27.086 [main] DEBUG org.hibernate.orm.results -- Extracted JDBC value [2] - [5.0]
12:24:27.086 [main] DEBUG org.hibernate.orm.results.loading.entity -- (EntityResultInitializer) Done materializing entityInstance : com.pdcgame.Models.InventorySave#Vanilla IceCream
12:24:27.086 [main] DEBUG org.hibernate.orm.results.loading -- Calling top-level assembler (0 / 1) : org.hibernate.sql.results.graph.entity.internal.EntityAssembler@691eb389
12:24:27.086 [main] DEBUG org.hibernate.orm.sql.exec -- Skipping reading Query result cache data: cache-enabled = false, cache-mode = IGNORE
12:24:27.086 [main] DEBUG org.hibernate.orm.results -- Initializer list:
	  com.pdcgame.Models.InventorySave -> EntityResultInitializer(com.pdcgame.Models.InventorySave)@806842585 (SingleTableEntityPersister(com.pdcgame.Models.InventorySave))

12:24:27.086 [main] DEBUG org.hibernate.SQL -- select is1_0.product_name,is1_0.quantity,is1_0.sell_price from inventory_save is1_0 where is1_0.product_name=?
12:24:27.086 [main] DEBUG org.hibernate.orm.results.loading.entity -- (EntityResultInitializer) Hydrated EntityKey (com.pdcgame.Models.InventorySave): Soda Bottle
12:24:27.086 [main] DEBUG org.hibernate.orm.results.loading.entity -- (EntityResultInitializer) Created new entity instance [com.pdcgame.Models.InventorySave#Soda Bottle] : 149474995
12:24:27.086 [main] DEBUG org.hibernate.orm.results -- Extracted JDBC value [1] - [0]
12:24:27.086 [main] DEBUG org.hibernate.orm.results -- Extracted JDBC value [2] - [3.0]
12:24:27.086 [main] DEBUG org.hibernate.orm.results.loading.entity -- (EntityResultInitializer) Done materializing entityInstance : com.pdcgame.Models.InventorySave#Soda Bottle
12:24:27.086 [main] DEBUG org.hibernate.orm.results.loading -- Calling top-level assembler (0 / 1) : org.hibernate.sql.results.graph.entity.internal.EntityAssembler@2699b656
12:24:27.086 [main] DEBUG org.hibernate.orm.sql.exec -- Skipping reading Query result cache data: cache-enabled = false, cache-mode = IGNORE
12:24:27.086 [main] DEBUG org.hibernate.orm.results -- Initializer list:
	  com.pdcgame.Models.InventorySave -> EntityResultInitializer(com.pdcgame.Models.InventorySave)@1567077043 (SingleTableEntityPersister(com.pdcgame.Models.InventorySave))

12:24:27.086 [main] DEBUG org.hibernate.SQL -- select is1_0.product_name,is1_0.quantity,is1_0.sell_price from inventory_save is1_0 where is1_0.product_name=?
12:24:27.087 [main] DEBUG org.hibernate.orm.results.loading.entity -- (EntityResultInitializer) Hydrated EntityKey (com.pdcgame.Models.InventorySave): Edam Cheese
12:24:27.087 [main] DEBUG org.hibernate.orm.results.loading.entity -- (EntityResultInitializer) Created new entity instance [com.pdcgame.Models.InventorySave#Edam Cheese] : 205343703
12:24:27.087 [main] DEBUG org.hibernate.orm.results -- Extracted JDBC value [1] - [0]
12:24:27.087 [main] DEBUG org.hibernate.orm.results -- Extracted JDBC value [2] - [18.8]
12:24:27.087 [main] DEBUG org.hibernate.orm.results.loading.entity -- (EntityResultInitializer) Done materializing entityInstance : com.pdcgame.Models.InventorySave#Edam Cheese
12:24:27.087 [main] DEBUG org.hibernate.orm.results.loading -- Calling top-level assembler (0 / 1) : org.hibernate.sql.results.graph.entity.internal.EntityAssembler@2626aa35
12:24:27.087 [main] DEBUG org.hibernate.orm.sql.exec -- Skipping reading Query result cache data: cache-enabled = false, cache-mode = IGNORE
12:24:27.087 [main] DEBUG org.hibernate.orm.results -- Initializer list:
	  com.pdcgame.Models.InventorySave -> EntityResultInitializer(com.pdcgame.Models.InventorySave)@1554565380 (SingleTableEntityPersister(com.pdcgame.Models.InventorySave))

12:24:27.087 [main] DEBUG org.hibernate.SQL -- select is1_0.product_name,is1_0.quantity,is1_0.sell_price from inventory_save is1_0 where is1_0.product_name=?
12:24:27.087 [main] DEBUG org.hibernate.orm.results.loading.entity -- (EntityResultInitializer) Hydrated EntityKey (com.pdcgame.Models.InventorySave): Popsicles
12:24:27.087 [main] DEBUG org.hibernate.orm.results.loading.entity -- (EntityResultInitializer) Created new entity instance [com.pdcgame.Models.InventorySave#Popsicles] : 595245714
12:24:27.087 [main] DEBUG org.hibernate.orm.results -- Extracted JDBC value [1] - [0]
12:24:27.087 [main] DEBUG org.hibernate.orm.results -- Extracted JDBC value [2] - [3.5]
12:24:27.087 [main] DEBUG org.hibernate.orm.results.loading.entity -- (EntityResultInitializer) Done materializing entityInstance : com.pdcgame.Models.InventorySave#Popsicles
12:24:27.087 [main] DEBUG org.hibernate.orm.results.loading -- Calling top-level assembler (0 / 1) : org.hibernate.sql.results.graph.entity.internal.EntityAssembler@65b19e5c
12:24:27.087 [main] DEBUG org.hibernate.orm.sql.exec -- Skipping reading Query result cache data: cache-enabled = false, cache-mode = IGNORE
12:24:27.087 [main] DEBUG org.hibernate.orm.results -- Initializer list:
	  com.pdcgame.Models.InventorySave -> EntityResultInitializer(com.pdcgame.Models.InventorySave)@1769513770 (SingleTableEntityPersister(com.pdcgame.Models.InventorySave))

12:24:27.087 [main] DEBUG org.hibernate.SQL -- select is1_0.product_name,is1_0.quantity,is1_0.sell_price from inventory_save is1_0 where is1_0.product_name=?
12:24:27.087 [main] DEBUG org.hibernate.orm.results.loading.entity -- (EntityResultInitializer) Hydrated EntityKey (com.pdcgame.Models.InventorySave): Soda Pack
12:24:27.087 [main] DEBUG org.hibernate.orm.results.loading.entity -- (EntityResultInitializer) Created new entity instance [com.pdcgame.Models.InventorySave#Soda Pack] : 1717136460
12:24:27.087 [main] DEBUG org.hibernate.orm.results -- Extracted JDBC value [1] - [0]
12:24:27.087 [main] DEBUG org.hibernate.orm.results -- Extracted JDBC value [2] - [6.3]
12:24:27.087 [main] DEBUG org.hibernate.orm.results.loading.entity -- (EntityResultInitializer) Done materializing entityInstance : com.pdcgame.Models.InventorySave#Soda Pack
12:24:27.087 [main] DEBUG org.hibernate.orm.results.loading -- Calling top-level assembler (0 / 1) : org.hibernate.sql.results.graph.entity.internal.EntityAssembler@15ce261
12:24:27.088 [main] DEBUG org.hibernate.orm.sql.exec -- Skipping reading Query result cache data: cache-enabled = false, cache-mode = IGNORE
12:24:27.088 [main] DEBUG org.hibernate.orm.results -- Initializer list:
	  com.pdcgame.Models.InventorySave -> EntityResultInitializer(com.pdcgame.Models.InventorySave)@1422124678 (SingleTableEntityPersister(com.pdcgame.Models.InventorySave))

12:24:27.088 [main] DEBUG org.hibernate.SQL -- select is1_0.product_name,is1_0.quantity,is1_0.sell_price from inventory_save is1_0 where is1_0.product_name=?
12:24:27.088 [main] DEBUG org.hibernate.orm.results.loading.entity -- (EntityResultInitializer) Hydrated EntityKey (com.pdcgame.Models.InventorySave): Salt
12:24:27.088 [main] DEBUG org.hibernate.orm.results.loading.entity -- (EntityResultInitializer) Created new entity instance [com.pdcgame.Models.InventorySave#Salt] : 965190120
12:24:27.088 [main] DEBUG org.hibernate.orm.results -- Extracted JDBC value [1] - [0]
12:24:27.088 [main] DEBUG org.hibernate.orm.results -- Extracted JDBC value [2] - [2.25]
12:24:27.088 [main] DEBUG org.hibernate.orm.results.loading.entity -- (EntityResultInitializer) Done materializing entityInstance : com.pdcgame.Models.InventorySave#Salt
12:24:27.088 [main] DEBUG org.hibernate.orm.results.loading -- Calling top-level assembler (0 / 1) : org.hibernate.sql.results.graph.entity.internal.EntityAssembler@20d65767
12:24:27.088 [main] DEBUG org.hibernate.orm.sql.exec -- Skipping reading Query result cache data: cache-enabled = false, cache-mode = IGNORE
12:24:27.088 [main] DEBUG org.hibernate.orm.results -- Initializer list:
	  com.pdcgame.Models.InventorySave -> EntityResultInitializer(com.pdcgame.Models.InventorySave)@621709074 (SingleTableEntityPersister(com.pdcgame.Models.InventorySave))

12:24:27.088 [main] DEBUG org.hibernate.SQL -- select is1_0.product_name,is1_0.quantity,is1_0.sell_price from inventory_save is1_0 where is1_0.product_name=?
12:24:27.088 [main] DEBUG org.hibernate.orm.results.loading.entity -- (EntityResultInitializer) Hydrated EntityKey (com.pdcgame.Models.InventorySave): Hashbrowns
12:24:27.088 [main] DEBUG org.hibernate.orm.results.loading.entity -- (EntityResultInitializer) Created new entity instance [com.pdcgame.Models.InventorySave#Hashbrowns] : 1282990092
12:24:27.088 [main] DEBUG org.hibernate.orm.results -- Extracted JDBC value [1] - [0]
12:24:27.088 [main] DEBUG org.hibernate.orm.results -- Extracted JDBC value [2] - [10.0]
12:24:27.088 [main] DEBUG org.hibernate.orm.results.loading.entity -- (EntityResultInitializer) Done materializing entityInstance : com.pdcgame.Models.InventorySave#Hashbrowns
12:24:27.088 [main] DEBUG org.hibernate.orm.results.loading -- Calling top-level assembler (0 / 1) : org.hibernate.sql.results.graph.entity.internal.EntityAssembler@22b3b5d0
12:24:27.088 [main] DEBUG org.hibernate.orm.sql.exec -- Skipping reading Query result cache data: cache-enabled = false, cache-mode = IGNORE
12:24:27.088 [main] DEBUG org.hibernate.orm.results -- Initializer list:
	  com.pdcgame.Models.InventorySave -> EntityResultInitializer(com.pdcgame.Models.InventorySave)@726690425 (SingleTableEntityPersister(com.pdcgame.Models.InventorySave))

12:24:27.088 [main] DEBUG org.hibernate.SQL -- select is1_0.product_name,is1_0.quantity,is1_0.sell_price from inventory_save is1_0 where is1_0.product_name=?
12:24:27.089 [main] DEBUG org.hibernate.orm.results.loading.entity -- (EntityResultInitializer) Hydrated EntityKey (com.pdcgame.Models.InventorySave): Premium Soda
12:24:27.089 [main] DEBUG org.hibernate.orm.results.loading.entity -- (EntityResultInitializer) Created new entity instance [com.pdcgame.Models.InventorySave#Premium Soda] : 1413679210
12:24:27.089 [main] DEBUG org.hibernate.orm.results -- Extracted JDBC value [1] - [0]
12:24:27.089 [main] DEBUG org.hibernate.orm.results -- Extracted JDBC value [2] - [6.0]
12:24:27.089 [main] DEBUG org.hibernate.orm.results.loading.entity -- (EntityResultInitializer) Done materializing entityInstance : com.pdcgame.Models.InventorySave#Premium Soda
12:24:27.089 [main] DEBUG org.hibernate.orm.results.loading -- Calling top-level assembler (0 / 1) : org.hibernate.sql.results.graph.entity.internal.EntityAssembler@5740ad76
12:24:27.089 [main] DEBUG org.hibernate.orm.sql.exec -- Skipping reading Query result cache data: cache-enabled = false, cache-mode = IGNORE
12:24:27.089 [main] DEBUG org.hibernate.orm.results -- Initializer list:
	  com.pdcgame.Models.InventorySave -> EntityResultInitializer(com.pdcgame.Models.InventorySave)@1084772008 (SingleTableEntityPersister(com.pdcgame.Models.InventorySave))

12:24:27.089 [main] DEBUG org.hibernate.SQL -- select is1_0.product_name,is1_0.quantity,is1_0.sell_price from inventory_save is1_0 where is1_0.product_name=?
12:24:27.089 [main] DEBUG org.hibernate.orm.results.loading.entity -- (EntityResultInitializer) Hydrated EntityKey (com.pdcgame.Models.InventorySave): Emmental Cheese
12:24:27.089 [main] DEBUG org.hibernate.orm.results.loading.entity -- (EntityResultInitializer) Created new entity instance [com.pdcgame.Models.InventorySave#Emmental Cheese] : 1705173326
12:24:27.089 [main] DEBUG org.hibernate.orm.results -- Extracted JDBC value [1] - [0]
12:24:27.089 [main] DEBUG org.hibernate.orm.results -- Extracted JDBC value [2] - [14.64]
12:24:27.089 [main] DEBUG org.hibernate.orm.results.loading.entity -- (EntityResultInitializer) Done materializing entityInstance : com.pdcgame.Models.InventorySave#Emmental Cheese
12:24:27.089 [main] DEBUG org.hibernate.orm.results.loading -- Calling top-level assembler (0 / 1) : org.hibernate.sql.results.graph.entity.internal.EntityAssembler@5e9f1a4c
12:24:27.089 [main] DEBUG org.hibernate.orm.sql.exec -- Skipping reading Query result cache data: cache-enabled = false, cache-mode = IGNORE
12:24:27.089 [main] DEBUG org.hibernate.orm.results -- Initializer list:
	  com.pdcgame.Models.InventorySave -> EntityResultInitializer(com.pdcgame.Models.InventorySave)@1274584381 (SingleTableEntityPersister(com.pdcgame.Models.InventorySave))

12:24:27.089 [main] DEBUG org.hibernate.SQL -- select is1_0.product_name,is1_0.quantity,is1_0.sell_price from inventory_save is1_0 where is1_0.product_name=?
12:24:27.089 [main] DEBUG org.hibernate.orm.results.loading.entity -- (EntityResultInitializer) Hydrated EntityKey (com.pdcgame.Models.InventorySave): Cola Bottle
12:24:27.089 [main] DEBUG org.hibernate.orm.results.loading.entity -- (EntityResultInitializer) Created new entity instance [com.pdcgame.Models.InventorySave#Cola Bottle] : 508881152
12:24:27.089 [main] DEBUG org.hibernate.orm.results -- Extracted JDBC value [1] - [0]
12:24:27.089 [main] DEBUG org.hibernate.orm.results -- Extracted JDBC value [2] - [3.6]
12:24:27.089 [main] DEBUG org.hibernate.orm.results.loading.entity -- (EntityResultInitializer) Done materializing entityInstance : com.pdcgame.Models.InventorySave#Cola Bottle
12:24:27.089 [main] DEBUG org.hibernate.orm.results.loading -- Calling top-level assembler (0 / 1) : org.hibernate.sql.results.graph.entity.internal.EntityAssembler@7c8689e
12:24:27.090 [main] DEBUG org.hibernate.orm.sql.exec -- Skipping reading Query result cache data: cache-enabled = false, cache-mode = IGNORE
12:24:27.090 [main] DEBUG org.hibernate.orm.results -- Initializer list:
	  com.pdcgame.Models.InventorySave -> EntityResultInitializer(com.pdcgame.Models.InventorySave)@1034296050 (SingleTableEntityPersister(com.pdcgame.Models.InventorySave))

12:24:27.090 [main] DEBUG org.hibernate.SQL -- select is1_0.product_name,is1_0.quantity,is1_0.sell_price from inventory_save is1_0 where is1_0.product_name=?
12:24:27.090 [main] DEBUG org.hibernate.orm.results.loading.entity -- (EntityResultInitializer) Hydrated EntityKey (com.pdcgame.Models.InventorySave): Cereal
12:24:27.090 [main] DEBUG org.hibernate.orm.results.loading.entity -- (EntityResultInitializer) Created new entity instance [com.pdcgame.Models.InventorySave#Cereal] : 147043892
12:24:27.090 [main] DEBUG org.hibernate.orm.results -- Extracted JDBC value [1] - [0]
12:24:27.090 [main] DEBUG org.hibernate.orm.results -- Extracted JDBC value [2] - [5.0]
12:24:27.090 [main] DEBUG org.hibernate.orm.results.loading.entity -- (EntityResultInitializer) Done materializing entityInstance : com.pdcgame.Models.InventorySave#Cereal
12:24:27.090 [main] DEBUG org.hibernate.orm.results.loading -- Calling top-level assembler (0 / 1) : org.hibernate.sql.results.graph.entity.internal.EntityAssembler@65259737
12:24:27.090 [main] DEBUG org.hibernate.orm.sql.exec -- Skipping reading Query result cache data: cache-enabled = false, cache-mode = IGNORE
12:24:27.090 [main] DEBUG org.hibernate.orm.results -- Initializer list:
	  com.pdcgame.Models.InventorySave -> EntityResultInitializer(com.pdcgame.Models.InventorySave)@505920393 (SingleTableEntityPersister(com.pdcgame.Models.InventorySave))

12:24:27.090 [main] DEBUG org.hibernate.SQL -- select is1_0.product_name,is1_0.quantity,is1_0.sell_price from inventory_save is1_0 where is1_0.product_name=?
12:24:27.090 [main] DEBUG org.hibernate.orm.results.loading.entity -- (EntityResultInitializer) Hydrated EntityKey (com.pdcgame.Models.InventorySave): Fruit Yoghurt
12:24:27.090 [main] DEBUG org.hibernate.orm.results.loading.entity -- (EntityResultInitializer) Created new entity instance [com.pdcgame.Models.InventorySave#Fruit Yoghurt] : 518137704
12:24:27.090 [main] DEBUG org.hibernate.orm.results -- Extracted JDBC value [1] - [0]
12:24:27.090 [main] DEBUG org.hibernate.orm.results -- Extracted JDBC value [2] - [6.5]
12:24:27.090 [main] DEBUG org.hibernate.orm.results.loading.entity -- (EntityResultInitializer) Done materializing entityInstance : com.pdcgame.Models.InventorySave#Fruit Yoghurt
12:24:27.090 [main] DEBUG org.hibernate.orm.results.loading -- Calling top-level assembler (0 / 1) : org.hibernate.sql.results.graph.entity.internal.EntityAssembler@38a52072
12:24:27.090 [main] DEBUG org.hibernate.orm.sql.exec -- Skipping reading Query result cache data: cache-enabled = false, cache-mode = IGNORE
12:24:27.090 [main] DEBUG org.hibernate.orm.results -- Initializer list:
	  com.pdcgame.Models.InventorySave -> EntityResultInitializer(com.pdcgame.Models.InventorySave)@812381379 (SingleTableEntityPersister(com.pdcgame.Models.InventorySave))

12:24:27.090 [main] DEBUG org.hibernate.SQL -- select is1_0.product_name,is1_0.quantity,is1_0.sell_price from inventory_save is1_0 where is1_0.product_name=?
12:24:27.091 [main] DEBUG org.hibernate.orm.results.loading.entity -- (EntityResultInitializer) Hydrated EntityKey (com.pdcgame.Models.InventorySave): Pasta
12:24:27.091 [main] DEBUG org.hibernate.orm.results.loading.entity -- (EntityResultInitializer) Created new entity instance [com.pdcgame.Models.InventorySave#Pasta] : 767266208
12:24:27.091 [main] DEBUG org.hibernate.orm.results -- Extracted JDBC value [1] - [0]
12:24:27.091 [main] DEBUG org.hibernate.orm.results -- Extracted JDBC value [2] - [4.05]
12:24:27.091 [main] DEBUG org.hibernate.orm.results.loading.entity -- (EntityResultInitializer) Done materializing entityInstance : com.pdcgame.Models.InventorySave#Pasta
12:24:27.091 [main] DEBUG org.hibernate.orm.results.loading -- Calling top-level assembler (0 / 1) : org.hibernate.sql.results.graph.entity.internal.EntityAssembler@3130ca39
12:24:27.091 [main] DEBUG org.hibernate.orm.sql.exec -- Skipping reading Query result cache data: cache-enabled = false, cache-mode = IGNORE
12:24:27.091 [main] DEBUG org.hibernate.orm.results -- Initializer list:
	  com.pdcgame.Models.InventorySave -> EntityResultInitializer(com.pdcgame.Models.InventorySave)@402346372 (SingleTableEntityPersister(com.pdcgame.Models.InventorySave))

12:24:27.091 [main] DEBUG org.hibernate.SQL -- select is1_0.product_name,is1_0.quantity,is1_0.sell_price from inventory_save is1_0 where is1_0.product_name=?
12:24:27.091 [main] DEBUG org.hibernate.orm.results.loading.entity -- (EntityResultInitializer) Hydrated EntityKey (com.pdcgame.Models.InventorySave): Chicken
12:24:27.091 [main] DEBUG org.hibernate.orm.results.loading.entity -- (EntityResultInitializer) Created new entity instance [com.pdcgame.Models.InventorySave#Chicken] : 327193443
12:24:27.091 [main] DEBUG org.hibernate.orm.results -- Extracted JDBC value [1] - [0]
12:24:27.091 [main] DEBUG org.hibernate.orm.results -- Extracted JDBC value [2] - [5.0]
12:24:27.091 [main] DEBUG org.hibernate.orm.results.loading.entity -- (EntityResultInitializer) Done materializing entityInstance : com.pdcgame.Models.InventorySave#Chicken
12:24:27.091 [main] DEBUG org.hibernate.orm.results.loading -- Calling top-level assembler (0 / 1) : org.hibernate.sql.results.graph.entity.internal.EntityAssembler@564d3940
12:24:27.091 [main] DEBUG org.hibernate.orm.sql.exec -- Skipping reading Query result cache data: cache-enabled = false, cache-mode = IGNORE
12:24:27.091 [main] DEBUG org.hibernate.orm.results -- Initializer list:
	  com.pdcgame.Models.InventorySave -> EntityResultInitializer(com.pdcgame.Models.InventorySave)@1487734150 (SingleTableEntityPersister(com.pdcgame.Models.InventorySave))

12:24:27.091 [main] DEBUG org.hibernate.SQL -- select is1_0.product_name,is1_0.quantity,is1_0.sell_price from inventory_save is1_0 where is1_0.product_name=?
12:24:27.091 [main] DEBUG org.hibernate.orm.results.loading.entity -- (EntityResultInitializer) Hydrated EntityKey (com.pdcgame.Models.InventorySave): Gruyere Cheese
12:24:27.091 [main] DEBUG org.hibernate.orm.results.loading.entity -- (EntityResultInitializer) Created new entity instance [com.pdcgame.Models.InventorySave#Gruyere Cheese] : 1256871900
12:24:27.091 [main] DEBUG org.hibernate.orm.results -- Extracted JDBC value [1] - [0]
12:24:27.091 [main] DEBUG org.hibernate.orm.results -- Extracted JDBC value [2] - [18.0]
12:24:27.092 [main] DEBUG org.hibernate.orm.results.loading.entity -- (EntityResultInitializer) Done materializing entityInstance : com.pdcgame.Models.InventorySave#Gruyere Cheese
12:24:27.092 [main] DEBUG org.hibernate.orm.results.loading -- Calling top-level assembler (0 / 1) : org.hibernate.sql.results.graph.entity.internal.EntityAssembler@66abc325
12:24:27.092 [main] DEBUG org.hibernate.orm.sql.exec -- Skipping reading Query result cache data: cache-enabled = false, cache-mode = IGNORE
12:24:27.092 [main] DEBUG org.hibernate.orm.results -- Initializer list:
	  com.pdcgame.Models.InventorySave -> EntityResultInitializer(com.pdcgame.Models.InventorySave)@960510275 (SingleTableEntityPersister(com.pdcgame.Models.InventorySave))

12:24:27.092 [main] DEBUG org.hibernate.SQL -- select is1_0.product_name,is1_0.quantity,is1_0.sell_price from inventory_save is1_0 where is1_0.product_name=?
12:24:27.092 [main] DEBUG org.hibernate.orm.results.loading.entity -- (EntityResultInitializer) Hydrated EntityKey (com.pdcgame.Models.InventorySave): Sugar
12:24:27.092 [main] DEBUG org.hibernate.orm.results.loading.entity -- (EntityResultInitializer) Created new entity instance [com.pdcgame.Models.InventorySave#Sugar] : 78372190
12:24:27.092 [main] DEBUG org.hibernate.orm.results -- Extracted JDBC value [1] - [0]
12:24:27.092 [main] DEBUG org.hibernate.orm.results -- Extracted JDBC value [2] - [5.96]
12:24:27.092 [main] DEBUG org.hibernate.orm.results.loading.entity -- (EntityResultInitializer) Done materializing entityInstance : com.pdcgame.Models.InventorySave#Sugar
12:24:27.092 [main] DEBUG org.hibernate.orm.results.loading -- Calling top-level assembler (0 / 1) : org.hibernate.sql.results.graph.entity.internal.EntityAssembler@66d61298
12:24:27.092 [main] DEBUG org.hibernate.orm.sql.exec -- Skipping reading Query result cache data: cache-enabled = false, cache-mode = IGNORE
12:24:27.092 [main] DEBUG org.hibernate.orm.results -- Initializer list:
	  com.pdcgame.Models.InventorySave -> EntityResultInitializer(com.pdcgame.Models.InventorySave)@2074077713 (SingleTableEntityPersister(com.pdcgame.Models.InventorySave))

12:24:27.092 [main] DEBUG org.hibernate.SQL -- select is1_0.product_name,is1_0.quantity,is1_0.sell_price from inventory_save is1_0 where is1_0.product_name=?
12:24:27.092 [main] DEBUG org.hibernate.orm.results.loading.entity -- (EntityResultInitializer) Hydrated EntityKey (com.pdcgame.Models.InventorySave): Rice
12:24:27.092 [main] DEBUG org.hibernate.orm.results.loading.entity -- (EntityResultInitializer) Created new entity instance [com.pdcgame.Models.InventorySave#Rice] : 70820563
12:24:27.092 [main] DEBUG org.hibernate.orm.results -- Extracted JDBC value [1] - [0]
12:24:27.092 [main] DEBUG org.hibernate.orm.results -- Extracted JDBC value [2] - [4.35]
12:24:27.092 [main] DEBUG org.hibernate.orm.results.loading.entity -- (EntityResultInitializer) Done materializing entityInstance : com.pdcgame.Models.InventorySave#Rice
12:24:27.092 [main] DEBUG org.hibernate.orm.results.loading -- Calling top-level assembler (0 / 1) : org.hibernate.sql.results.graph.entity.internal.EntityAssembler@6fe9c048
12:24:27.093 [main] DEBUG org.hibernate.orm.sql.exec -- Skipping reading Query result cache data: cache-enabled = false, cache-mode = IGNORE
12:24:27.093 [main] DEBUG org.hibernate.orm.results -- Initializer list:
	  com.pdcgame.Models.InventorySave -> EntityResultInitializer(com.pdcgame.Models.InventorySave)@88950472 (SingleTableEntityPersister(com.pdcgame.Models.InventorySave))

12:24:27.093 [main] DEBUG org.hibernate.SQL -- select is1_0.product_name,is1_0.quantity,is1_0.sell_price from inventory_save is1_0 where is1_0.product_name=?
12:24:27.093 [main] DEBUG org.hibernate.orm.results.loading.entity -- (EntityResultInitializer) Hydrated EntityKey (com.pdcgame.Models.InventorySave): Milk
12:24:27.093 [main] DEBUG org.hibernate.orm.results.loading.entity -- (EntityResultInitializer) Created new entity instance [com.pdcgame.Models.InventorySave#Milk] : 317366989
12:24:27.093 [main] DEBUG org.hibernate.orm.results -- Extracted JDBC value [1] - [0]
12:24:27.093 [main] DEBUG org.hibernate.orm.results -- Extracted JDBC value [2] - [2.73]
12:24:27.093 [main] DEBUG org.hibernate.orm.results.loading.entity -- (EntityResultInitializer) Done materializing entityInstance : com.pdcgame.Models.InventorySave#Milk
12:24:27.093 [main] DEBUG org.hibernate.orm.results.loading -- Calling top-level assembler (0 / 1) : org.hibernate.sql.results.graph.entity.internal.EntityAssembler@52ccf197
12:24:27.093 [main] DEBUG org.hibernate.engine.transaction.internal.TransactionImpl -- committing
12:24:27.093 [main] DEBUG org.hibernate.event.internal.AbstractFlushingEventListener -- Processing flush-time cascades
12:24:27.093 [main] DEBUG org.hibernate.event.internal.AbstractFlushingEventListener -- Dirty checking collections
12:24:27.093 [main] DEBUG org.hibernate.event.internal.AbstractFlushingEventListener -- Flushed: 0 insertions, 0 updates, 0 deletions to 21 objects
12:24:27.093 [main] DEBUG org.hibernate.event.internal.AbstractFlushingEventListener -- Flushed: 0 (re)creations, 0 updates, 0 removals to 0 collections
12:24:27.093 [main] DEBUG org.hibernate.internal.util.EntityPrinter -- Listing entities:
12:24:27.093 [main] DEBUG org.hibernate.internal.util.EntityPrinter -- com.pdcgame.Models.InventorySave{quantity=0, sellPrice=4.05, productName=Pasta}
12:24:27.093 [main] DEBUG org.hibernate.internal.util.EntityPrinter -- com.pdcgame.Models.InventorySave{quantity=0, sellPrice=18.0, productName=Gruyere Cheese}
12:24:27.093 [main] DEBUG org.hibernate.internal.util.EntityPrinter -- com.pdcgame.Models.InventorySave{quantity=0, sellPrice=8.0, productName=Dino Nuggets}
12:24:27.093 [main] DEBUG org.hibernate.internal.util.EntityPrinter -- com.pdcgame.Models.InventorySave{quantity=0, sellPrice=14.64, productName=Emmental Cheese}
12:24:27.093 [main] DEBUG org.hibernate.internal.util.EntityPrinter -- com.pdcgame.Models.InventorySave{quantity=0, sellPrice=5.4, productName=Cola Pack}
12:24:27.093 [main] DEBUG org.hibernate.internal.util.EntityPrinter -- com.pdcgame.Models.InventorySave{quantity=0, sellPrice=6.3, productName=Soda Pack}
12:24:27.093 [main] DEBUG org.hibernate.internal.util.EntityPrinter -- com.pdcgame.Models.InventorySave{quantity=0, sellPrice=3.5, productName=Popsicles}
12:24:27.093 [main] DEBUG org.hibernate.internal.util.EntityPrinter -- com.pdcgame.Models.InventorySave{quantity=0, sellPrice=6.0, productName=Premium Soda}
12:24:27.093 [main] DEBUG org.hibernate.internal.util.EntityPrinter -- com.pdcgame.Models.InventorySave{quantity=0, sellPrice=6.5, productName=Fruit Yoghurt}
12:24:27.093 [main] DEBUG org.hibernate.internal.util.EntityPrinter -- com.pdcgame.Models.InventorySave{quantity=0, sellPrice=3.0, productName=Soda Bottle}
12:24:27.093 [main] DEBUG org.hibernate.internal.util.EntityPrinter -- com.pdcgame.Models.InventorySave{quantity=0, sellPrice=3.6, productName=Cola Bottle}
12:24:27.094 [main] DEBUG org.hibernate.internal.util.EntityPrinter -- com.pdcgame.Models.InventorySave{quantity=0, sellPrice=18.8, productName=Edam Cheese}
12:24:27.094 [main] DEBUG org.hibernate.internal.util.EntityPrinter -- com.pdcgame.Models.InventorySave{quantity=0, sellPrice=10.0, productName=Hashbrowns}
12:24:27.094 [main] DEBUG org.hibernate.internal.util.EntityPrinter -- com.pdcgame.Models.InventorySave{quantity=0, sellPrice=5.0, productName=Chicken}
12:24:27.094 [main] DEBUG org.hibernate.internal.util.EntityPrinter -- com.pdcgame.Models.InventorySave{quantity=0, sellPrice=4.35, productName=Rice}
12:24:27.094 [main] DEBUG org.hibernate.internal.util.EntityPrinter -- com.pdcgame.Models.InventorySave{quantity=0, sellPrice=5.0, productName=Vanilla IceCream}
12:24:27.094 [main] DEBUG org.hibernate.internal.util.EntityPrinter -- com.pdcgame.Models.InventorySave{quantity=0, sellPrice=5.0, productName=Cereal}
12:24:27.094 [main] DEBUG org.hibernate.internal.util.EntityPrinter -- com.pdcgame.Models.InventorySave{quantity=0, sellPrice=2.73, productName=Milk}
12:24:27.094 [main] DEBUG org.hibernate.internal.util.EntityPrinter -- com.pdcgame.Models.InventorySave{quantity=0, sellPrice=5.96, productName=Sugar}
12:24:27.094 [main] DEBUG org.hibernate.internal.util.EntityPrinter -- com.pdcgame.Models.InventorySave{quantity=0, sellPrice=2.67, productName=Water Bottle}
12:24:27.094 [main] DEBUG org.hibernate.internal.util.EntityPrinter -- com.pdcgame.Models.InventorySave{quantity=0, sellPrice=2.25, productName=Salt}
12:24:27.094 [main] DEBUG org.hibernate.resource.jdbc.internal.LogicalConnectionManagedImpl -- Initiating JDBC connection release from afterTransaction
12:24:27.094 [main] DEBUG org.hibernate.resource.jdbc.internal.LogicalConnectionManagedImpl -- Initiating JDBC connection release from afterTransaction
12:24:27.094 [main] DEBUG org.hibernate.engine.transaction.internal.TransactionImpl -- On TransactionImpl creation, JpaCompliance#isJpaTransactionComplianceEnabled == false
12:24:27.094 [main] DEBUG org.hibernate.engine.transaction.internal.TransactionImpl -- begin
12:24:27.094 [main] DEBUG org.hibernate.orm.sql.ast.create -- Created new SQL alias : sis1_0
12:24:27.094 [main] DEBUG org.hibernate.orm.sql.ast.create -- Registration of TableGroup [StandardTableGroup(com.pdcgame.Models.StorageItemSave(356300552777700))] with identifierForTableGroup [com.pdcgame.Models.StorageItemSave] for NavigablePath [com.pdcgame.Models.StorageItemSave] 
12:24:27.094 [main] DEBUG org.hibernate.SQL -- delete from storage_save sis1_0
12:24:27.095 [main] DEBUG org.hibernate.engine.transaction.internal.TransactionImpl -- committing
12:24:27.095 [main] DEBUG org.hibernate.resource.jdbc.internal.LogicalConnectionManagedImpl -- Initiating JDBC connection release from afterTransaction
12:24:27.095 [main] DEBUG org.hibernate.resource.jdbc.internal.LogicalConnectionManagedImpl -- Initiating JDBC connection release from afterTransaction
]]></system-out>
  </testcase>
  <testcase name="testShowProductInfoDisplaysDescription" classname="com.pdcgame.Panels.ProductInfoPanelTest" time="0.008">
    <system-out><![CDATA[showing product info for: Banana
]]></system-out>
  </testcase>
  <testcase name="testShowProductInfoDisplaysStorageType" classname="com.pdcgame.Panels.ProductInfoPanelTest" time="0.01">
    <system-out><![CDATA[showing product info for: Ice Cream
]]></system-out>
  </testcase>
</testsuite>